*** Life<Cell> 20x20 ***

Generation = 0, Population = 25.
--------------------
---------------...--
-------3-------.*.--
------**-------.*.--
-------3-------.*.--
---------------...--
---------**---------
---------11---------
---------22---------
--------9009--------
--------0000--------
--------9119--------
---------..---------
--------------------
--------------------
--------------------
--------------------
--------------------
--------------------
--------------------

Generation = 1, Population = 39.
--------------------
-------0-------...--
-------40------...--
-----0**0------***--
-------40------...--
-------0-00----...--
--------0**0--------
--------0**0--------
---------33---------
-------0----0-------
-------01--10-------
-------0-**-0-------
--------0**0--------
--------------------
--------------------
--------------------
--------------------
--------------------
--------------------
--------------------

Generation = 2, Population = 47.
-------0------------
------01-------...--
-----0-5-0-----.*.--
----01..10----0.*.0-
-----0-5--0----.*.--
------01-------...--
---------..-0-------
-------0-..-0-------
-------0----0-------
------01-00-10------
------01*--*10------
------01-..-10------
--------1..1--------
--------0000--------
--------------------
--------------------
--------------------
--------------------
--------------------
--------------------

Generation = 3, Population = 75.
-------10-----------
------1*00-----...--
-----106010---0*.*0-
---01*.**----0-.*.-0
-----106---0--0*.*0-
------1-0-0-0--...--
------0--..010------
------010..0-0------
--------0330--------
-----0-*9119*-0-----
-----01-.--.-10-----
-----0--9..9--0-----
------0-*..*-0------
-------0----0-------
--------0000--------
--------------------
--------------------
--------------------
--------------------
--------------------

Generation = 4, Population = 93.
--------------------
-------.------0...0-
---0--1--*10--1***1-
--01-....-000-0...0-
---0--1-0-----1***1-
-------1----1-0...0-
-----0---**-*-0-----
-----0---..-010-----
-----0001441-00-----
----010*+**+*010----
----01*-.00.-*10----
----0101+..+1010----
-------0*..*0-------
--------0000--------
--------1--1--------
--------0000--------
--------------------
--------------------
--------------------
--------------------

Generation = 5, Population = 110.
--------------0---0-
---0--1.-000-01.*.10
---101-60**--0*.*.*0
-01*1..*.--11--...-0
---101-6-000-0*.*.*0
---0-0---000*--.*.10
----01000..-*0-0--0-
----0--10..--*10----
-----111*55--11-----
---0---.+..+.---0---
---01-.1.--.1.-10---
---0-*1*-..-*1*-0---
----00--....--00----
--------1--1--------
-------0-00-0-------
-------0----0-------
--------0000--------
--------------------
--------------------
--------------------

==440==
==440== HEAP SUMMARY:
==440==     in use at exit: 122,880 bytes in 6 blocks
==440==   total heap usage: 6,416,460 allocs, 6,416,454 frees, 196,307,720 bytes allocated
==440==
==440== LEAK SUMMARY:
==440==    definitely lost: 0 bytes in 0 blocks
==440==    indirectly lost: 0 bytes in 0 blocks
==440==      possibly lost: 0 bytes in 0 blocks
==440==    still reachable: 122,880 bytes in 6 blocks
==440==         suppressed: 0 bytes in 0 blocks
==440== Rerun with --leak-check=full to see details of leaked memory
==440==
==440== For counts of detected and suppressed errors, rerun with: -v
==440== ERROR SUMMARY: 0 errors from 0 contexts (suppressed: 4 from 4)