==440== Memcheck, a memory error detector
==440== Copyright (C) 2002-2011, and GNU GPL'd, by Julian Seward et al.
==440== Using Valgrind-3.7.0 and LibVEX; rerun with -h for copyright info
==440== Command: ./RunLife.app
==440==
*** Life<ConwayCell> 109x69 ***

Generation = 0, Population = 35.
.....................................................................
.....................................................................
.....................................................................
.....................................................................
.....................................................................
.....................................................................
.....................................................................
.....................................................................
.....................................................................
.....................................................................
.....................................................................
.....................................................................
.....................................................................
.....................................................................
.....................................................................
.....................................................................
.....................................................................
.....................................................................
.....................................................................
.....................................................................
.....................................................................
.....................................................................
.....................................................................
.....................................................................
.....................................................................
.....................................................................
.....................................................................
.....................................................................
.....................................................................
.....................................................................
.....................................................................
.....................................................................
.....................................................................
.....................................................................
..................................*..................................
..................................*..................................
..................................*..................................
..................................*..................................
..................................*..................................
.....................................................................
..................................*..................................
..................................*..................................
..................................*..................................
..................................*..................................
..................................*..................................
.....................................................................
..................................*..................................
..................................*..................................
..................................*..................................
..................................*..................................
..................................*..................................
.....................................................................
..................................*..................................
..................................*..................................
..................................*..................................
..................................*..................................
..................................*..................................
.....................................................................
..................................*..................................
..................................*..................................
..................................*..................................
..................................*..................................
..................................*..................................
.....................................................................
..................................*..................................
..................................*..................................
..................................*..................................
..................................*..................................
..................................*..................................
.....................................................................
..................................*..................................
..................................*..................................
..................................*..................................
..................................*..................................
..................................*..................................
.....................................................................
.....................................................................
.....................................................................
.....................................................................
.....................................................................
.....................................................................
.....................................................................
.....................................................................
.....................................................................
.....................................................................
.....................................................................
.....................................................................
.....................................................................
.....................................................................
.....................................................................
.....................................................................
.....................................................................
.....................................................................
.....................................................................
.....................................................................
.....................................................................
.....................................................................
.....................................................................
.....................................................................
.....................................................................
.....................................................................
.....................................................................
.....................................................................
.....................................................................
.....................................................................
.....................................................................
.....................................................................
.....................................................................
.....................................................................

Generation = 283, Population = 492.
.....................................................................
.....................................................................
.....................................................................
.....................................................................
....................**.........................**....................
....................**.*.**...............**.*.**....................
....................*..*.*.*.............*.*.*..*....................
.....................*...*.*.............*.*...*.....................
.....................*.**.*...............*.**.*.....................
.......................*.....................*.......................
...................*.**.......................**.*...................
.....................................................................
...................**...........................**...................
.....................................................................
.....................................................................
.....................................................................
.....................................................................
.....................................................................
.....................................................................
.....................................................................
.........*..............***...............***..............*.........
........***...*..........*.................*..........*...***........
.......*..***..*.**...............................**.*..***..*.......
......**...**......*.............................*......**...**......
.....**.*.***.......*......*..*.......*..*......*.......***.*.**.....
.....***.**....***.**......*..*.......*..*......**.***....**.***.....
........*.*....*.....****.*....*.....*....*.****.....*....*.*........
................*****.**..**...*.....*...**..**.*****................
.....**......**.*..**...**....*.......*....**...**..*.**......**.....
....*.......****........**...*.........*...**........****.......*....
....*.*.....**.........................................**.....*.*....
....*.*.......................................................*.*....
...**...........................................................**...
....*.*.......................................................*.*....
.....*.........................................................*.....
............................*...........*............................
...........................*.*.........*.*...........................
...........................*.*.........*.*...........................
............................*...........*............................
.....................................................................
.....................................................................
.....................................................................
.....................................................................
.....................................................................
.....................................................................
.....................................................................
.....................................................................
.....................................................................
.....................................................................
.....................................................................
.....................................................................
.....................................................................
.....................................................................
.....................................................................
.......................***...***.....***...***.......................
.....................................................................
.....................................................................
.....................................................................
.....................................................................
.....................................................................
.....................................................................
.....................................................................
.....................................................................
.....................................................................
.....................................................................
.....................................................................
.....................................................................
.....................................................................
.....................................................................
.....................................................................
............................*...........*............................
...........................*.*.........*.*...........................
...........................*.*.........*.*...........................
............................*...........*............................
.....*.........................................................*.....
....*.*.......................................................*.*....
...**...........................................................**...
....*.*.......................................................*.*....
....*.*.....**.........................................**.....*.*....
....*.......****........**...*.........*...**........****.......*....
.....**......**.*..**...**....*.......*....**...**..*.**......**.....
................*****.**..**...*.....*...**..**.*****................
........*.*....*.....****.*....*.....*....*.****.....*....*.*........
.....***.**....***.**......*..*.......*..*......**.***....**.***.....
.....**.*.***.......*......*..*.......*..*......*.......***.*.**.....
......**...**......*.............................*......**...**......
.......*..***..*.**...............................**.*..***..*.......
........***...*..........*.................*..........*...***........
.........*..............***...............***..............*.........
.....................................................................
.....................................................................
.....................................................................
.....................................................................
.....................................................................
.....................................................................
.....................................................................
...................**...........................**...................
.....................................................................
...................*.**.......................**.*...................
.......................*.....................*.......................
.....................*.**.*...............*.**.*.....................
.....................*...*.*.............*.*...*.....................
....................*..*.*.*.............*.*.*..*....................
....................**.*.**...............**.*.**....................
....................**.........................**....................
.....................................................................
.....................................................................
.....................................................................
.....................................................................

Generation = 323, Population = 192.
.....................................................................
.....................................................................
.....................................................................
....................**.........................**....................
....................**...*.................*...**....................
........................*.*...............*.*........................
........................*..*.............*..*........................
.........................**...............**.........................
.....................................................................
.....................................................................
.....................................................................
.....................................................................
.....................................................................
.....................................................................
.........*.................................................*.........
........*.*...............................................*.*........
........*..*.............................................*..*........
.........**...............................................**.........
.....................................................................
.....................................................................
.............*.........................................*.............
............*.*.......................................*.*............
............*.*.......................................*.*............
.............*.........................................*.............
............................***.......***............................
.....................................................................
..........................*.....*...*.....*..........................
..........................*.....*...*.....*..........................
..........................*.....*...*.....*..........................
.....*.........................................................*.....
.....*......................***.......***......................*.....
.....*.........................................................*.....
.....................................................................
.....................................................................
.....................................................................
............................*...........*............................
...........................*.*.........*.*...........................
...........................*.*.........*.*...........................
............................*...........*............................
.....................................................................
.....................................................................
.....................................................................
.....................................................................
.....................................................................
.....................................................................
.....................................................................
.....................................................................
.....................................................................
.....................................................................
.....................................................................
.....................................................................
.....................................................................
.....................................................................
.....................................................................
.......................***...***.....***...***.......................
.....................................................................
.....................................................................
.....................................................................
.....................................................................
.....................................................................
.....................................................................
.....................................................................
.....................................................................
.....................................................................
.....................................................................
.....................................................................
.....................................................................
.....................................................................
.....................................................................
.....................................................................
............................*...........*............................
...........................*.*.........*.*...........................
...........................*.*.........*.*...........................
............................*...........*............................
.....................................................................
.....................................................................
.....................................................................
.....*.........................................................*.....
.....*......................***.......***......................*.....
.....*.........................................................*.....
..........................*.....*...*.....*..........................
..........................*.....*...*.....*..........................
..........................*.....*...*.....*..........................
.....................................................................
............................***.......***............................
.............*.........................................*.............
............*.*.......................................*.*............
............*.*.......................................*.*............
.............*.........................................*.............
.....................................................................
.....................................................................
.........**...............................................**.........
........*..*.............................................*..*........
........*.*...............................................*.*........
.........*.................................................*.........
.....................................................................
.....................................................................
.....................................................................
.....................................................................
.....................................................................
.....................................................................
.........................**...............**.........................
........................*..*.............*..*........................
........................*.*...............*.*........................
....................**...*.................*...**....................
....................**.........................**....................
.....................................................................
.....................................................................
.....................................................................

Generation = 2823, Population = 192.
.....................................................................
.....................................................................
.....................................................................
....................**.........................**....................
....................**...*.................*...**....................
........................*.*...............*.*........................
........................*..*.............*..*........................
.........................**...............**.........................
.....................................................................
.....................................................................
.....................................................................
.....................................................................
.....................................................................
.....................................................................
.........*.................................................*.........
........*.*...............................................*.*........
........*..*.............................................*..*........
.........**...............................................**.........
.....................................................................
.....................................................................
.............*.........................................*.............
............*.*.......................................*.*............
............*.*.......................................*.*............
.............*.........................................*.............
............................***.......***............................
.....................................................................
..........................*.....*...*.....*..........................
..........................*.....*...*.....*..........................
..........................*.....*...*.....*..........................
.....*.........................................................*.....
.....*......................***.......***......................*.....
.....*.........................................................*.....
.....................................................................
.....................................................................
.....................................................................
............................*...........*............................
...........................*.*.........*.*...........................
...........................*.*.........*.*...........................
............................*...........*............................
.....................................................................
.....................................................................
.....................................................................
.....................................................................
.....................................................................
.....................................................................
.....................................................................
.....................................................................
.....................................................................
.....................................................................
.....................................................................
.....................................................................
.....................................................................
.....................................................................
.....................................................................
.......................***...***.....***...***.......................
.....................................................................
.....................................................................
.....................................................................
.....................................................................
.....................................................................
.....................................................................
.....................................................................
.....................................................................
.....................................................................
.....................................................................
.....................................................................
.....................................................................
.....................................................................
.....................................................................
.....................................................................
............................*...........*............................
...........................*.*.........*.*...........................
...........................*.*.........*.*...........................
............................*...........*............................
.....................................................................
.....................................................................
.....................................................................
.....*.........................................................*.....
.....*......................***.......***......................*.....
.....*.........................................................*.....
..........................*.....*...*.....*..........................
..........................*.....*...*.....*..........................
..........................*.....*...*.....*..........................
.....................................................................
............................***.......***............................
.............*.........................................*.............
............*.*.......................................*.*............
............*.*.......................................*.*............
.............*.........................................*.............
.....................................................................
.....................................................................
.........**...............................................**.........
........*..*.............................................*..*........
........*.*...............................................*.*........
.........*.................................................*.........
.....................................................................
.....................................................................
.....................................................................
.....................................................................
.....................................................................
.....................................................................
.........................**...............**.........................
........................*..*.............*..*........................
........................*.*...............*.*........................
....................**...*.................*...**....................
....................**.........................**....................
.....................................................................
.....................................................................
.....................................................................
*** Life<FredkinCell> 20x20 ***

Generation = 0, Population = 4.
--------------------
--------------------
--------------------
--------------------
--------------------
--------------------
--------------------
--------------------
--------------------
---------00---------
---------00---------
--------------------
--------------------
--------------------
--------------------
--------------------
--------------------
--------------------
--------------------
--------------------

Generation = 1, Population = 8.
--------------------
--------------------
--------------------
--------------------
--------------------
--------------------
--------------------
--------------------
---------00---------
--------0--0--------
--------0--0--------
---------00---------
--------------------
--------------------
--------------------
--------------------
--------------------
--------------------
--------------------
--------------------

Generation = 2, Population = 16.
--------------------
--------------------
--------------------
--------------------
--------------------
--------------------
--------------------
---------00---------
---------11---------
-------01--10-------
-------01--10-------
---------11---------
---------00---------
--------------------
--------------------
--------------------
--------------------
--------------------
--------------------
--------------------
*** Life<Cell> 20x20 ***

Generation = 0, Population = 6.
--------------------
--------------------
--------------------
--------------------
--------------------
--------------------
--------------------
--------------------
--------------------
---------00---------
--------0000--------
--------------------
--------------------
--------------------
--------------------
--------------------
--------------------
--------------------
--------------------
--------------------

Generation = 1, Population = 12.
--------------------
--------------------
--------------------
--------------------
--------------------
--------------------
--------------------
--------------------
---------00---------
--------------------
-------011110-------
--------0000--------
--------------------
--------------------
--------------------
--------------------
--------------------
--------------------
--------------------
--------------------

Generation = 2, Population = 24.
--------------------
--------------------
--------------------
--------------------
--------------------
--------------------
--------------------
---------00---------
--------0110--------
-------00--00-------
------01****10------
---------11---------
--------0000--------
--------------------
--------------------
--------------------
--------------------
--------------------
--------------------
--------------------

Generation = 3, Population = 32.
--------------------
--------------------
--------------------
--------------------
--------------------
--------------------
---------00---------
--------------------
---------**---------
--------1001--------
-----01*....*10-----
------000**000------
-------011110-------
--------0000--------
--------------------
--------------------
--------------------
--------------------
--------------------
--------------------

Generation = 4, Population = 28.
--------------------
--------------------
--------------------
--------------------
--------------------
---------00---------
--------0110--------
--------------------
---------..---------
-----00-*11*-00-----
----01*......*10----
--------1..1--------
--------------------
---------11---------
--------0000--------
--------------------
--------------------
--------------------
--------------------
--------------------

Generation = 5, Population = 52.
--------------------
--------------------
--------------------
--------------------
---------00---------
--------------------
-------01**10-------
--------0000--------
-----00-0**0-00-----
--------.--.--------
---01**.*..*.**10---
----0000-..-0000----
--------1111--------
--------------------
-------011110-------
--------0000--------
--------------------
--------------------
--------------------
--------------------
*** Life<Cell> 20x20 ***

Generation = 0, Population = 25.
--------------------
---------------...--
-------3-------.*.--
------**-------.*.--
-------3-------.*.--
---------------...--
---------**---------
---------11---------
---------22---------
--------9009--------
--------0000--------
--------9119--------
---------..---------
--------------------
--------------------
--------------------
--------------------
--------------------
--------------------
--------------------

Generation = 1, Population = 39.
--------------------
-------0-------...--
-------40------...--
-----0**0------***--
-------40------...--
-------0-00----...--
--------0**0--------
--------0**0--------
---------33---------
-------0----0-------
-------01--10-------
-------0-**-0-------
--------0**0--------
--------------------
--------------------
--------------------
--------------------
--------------------
--------------------
--------------------

Generation = 2, Population = 47.
-------0------------
------01-------...--
-----0-5-0-----.*.--
----01..10----0.*.0-
-----0-5--0----.*.--
------01-------...--
---------..-0-------
-------0-..-0-------
-------0----0-------
------01-00-10------
------01*--*10------
------01-..-10------
--------1..1--------
--------0000--------
--------------------
--------------------
--------------------
--------------------
--------------------
--------------------

Generation = 3, Population = 75.
-------10-----------
------1*00-----...--
-----106010---0*.*0-
---01*.**----0-.*.-0
-----106---0--0*.*0-
------1-0-0-0--...--
------0--..010------
------010..0-0------
--------0330--------
-----0-*9119*-0-----
-----01-.--.-10-----
-----0--9..9--0-----
------0-*..*-0------
-------0----0-------
--------0000--------
--------------------
--------------------
--------------------
--------------------
--------------------

Generation = 4, Population = 93.
--------------------
-------.------0...0-
---0--1--*10--1***1-
--01-....-000-0...0-
---0--1-0-----1***1-
-------1----1-0...0-
-----0---**-*-0-----
-----0---..-010-----
-----0001441-00-----
----010*+**+*010----
----01*-.00.-*10----
----0101+..+1010----
-------0*..*0-------
--------0000--------
--------1--1--------
--------0000--------
--------------------
--------------------
--------------------
--------------------

Generation = 5, Population = 110.
--------------0---0-
---0--1.-000-01.*.10
---101-60**--0*.*.*0
-01*1..*.--11--...-0
---101-6-000-0*.*.*0
---0-0---000*--.*.10
----01000..-*0-0--0-
----0--10..--*10----
-----111*55--11-----
---0---.+..+.---0---
---01-.1.--.1.-10---
---0-*1*-..-*1*-0---
----00--....--00----
--------1--1--------
-------0-00-0-------
-------0----0-------
--------0000--------
--------------------
--------------------
--------------------
*** Life<ConwayCell> 4x4 ***

Generation = 0, Population = 8.
*..*
*..*
*..*
*..*

Generation = 1, Population = 8.
....
****
****
....

Generation = 2, Population = 8.
.**.
*..*
*..*
.**.

Generation = 3, Population = 8.
.**.
*..*
*..*
.**.

Generation = 4, Population = 8.
.**.
*..*
*..*
.**.

Generation = 5, Population = 8.
.**.
*..*
*..*
.**.
*** Life<ConwayCell> 10x80 ***

Generation = 0, Population = 10.
................................................................................
......*.........................................................................
......**........................................................................
.....*.*........................................................................
................................................................................
..............................*.................................................
..............................**................................................
.............................*.*................................................
................................................................................
................................................................................

Generation = 1, Population = 10.
................................................................................
......**........................................................................
.....*.*........................................................................
.......*........................................................................
................................................................................
..............................**................................................
.............................*.*................................................
...............................*................................................
................................................................................
................................................................................

Generation = 2, Population = 10.
................................................................................
......**........................................................................
.......**.......................................................................
......*.........................................................................
................................................................................
..............................**................................................
...............................**...............................................
..............................*.................................................
................................................................................
................................................................................

Generation = 4, Population = 10.
.......*........................................................................
.......**.......................................................................
......*.*.......................................................................
................................................................................
...............................*................................................
...............................**...............................................
..............................*.*...............................................
................................................................................
................................................................................
................................................................................

Generation = 6, Population = 10.
.......**.......................................................................
........**......................................................................
.......*........................................................................
................................................................................
...............................**...............................................
................................**..............................................
...............................*................................................
................................................................................
................................................................................
................................................................................

Generation = 8, Population = 9.
........**......................................................................
.......*.*......................................................................
................................................................................
................................*...............................................
................................**..............................................
...............................*.*..............................................
................................................................................
................................................................................
................................................................................
................................................................................
*** Life<ConwayCell> 10x80 ***

Generation = 0, Population = 27.
.....*..*............................................*..*.......................
.........*...............................................*......................
.....*...*...........................................*...*......................
......****............................................****......................
...........................*..*.................................................
...............................*................................................
...........................*...*................................................
............................****................................................
................................................................................
................................................................................

Generation = 1, Population = 36.
................................................................................
........**..............................................**......................
......**.**...........................................**.**.....................
......****............................................****......................
.......**..............................................**.......................
..............................**................................................
............................**.**...............................................
............................****................................................
.............................**.................................................
................................................................................

Generation = 2, Population = 27.
................................................................................
.......****............................................****.....................
......*...*...........................................*...*.....................
..........*...............................................*.....................
......*..*............................................*..*......................
.............................****...............................................
............................*...*...............................................
................................*...............................................
............................*..*................................................
................................................................................

Generation = 4, Population = 27.
.......*..*............................................*..*.....................
...........*...............................................*....................
.......*...*...........................................*...*....................
........****............................................****....................
.............................*..*...............................................
.................................*..............................................
.............................*...*..............................................
..............................****..............................................
................................................................................
................................................................................

Generation = 6, Population = 27.
................................................................................
.........****............................................****...................
........*...*...........................................*...*...................
............*...............................................*...................
........*..*............................................*..*....................
...............................****.............................................
..............................*...*.............................................
..................................*.............................................
..............................*..*..............................................
................................................................................

Generation = 8, Population = 27.
.........*..*............................................*..*...................
.............*...............................................*..................
.........*...*...........................................*...*..................
..........****............................................****..................
...............................*..*.............................................
...................................*............................................
...............................*...*............................................
................................****............................................
................................................................................
................................................................................
*** Life<FredkinCell> 10x80***

Generation = 0, Population = 42.
00------------------------------------------------------------------------------
00----------------------0------------------------------------------8------------
00---------------------201----------------------------------------7-------------
------------------------0---------------12-----------------------6--------------
----------------------------------------872--------------------25---------------
----------------------------------------56--------------------22----------------
-------------------------------------------------------------11-----------------
--------------------------------------------------------------------------------
--------------------------------------------------------------------------------
010101010101010-----------------------------------------------------------------

Generation = 10, Population = 277.
---11-3-3-01---010-------------010------241---------------01122-----------0-----
6-3--2-2-1--0-21--1-----5-----1--00---020101----00----------1---1------------0--
21-122---110-012-423---524---3243--0--115-412---110----0----2----0-----0----0---
-5000--2--000-41--1---2-5-2----1-1-2--041502--010000--0-------1-------0---------
-602-21-11-----010---115-511--0--1423---+86---324-210----0---012----1----0------
-2--01000000101-1-----1-8-1---01-102----------01000000--0-----32----2---0-------
2-31-------------------323------110-----531-----11001------12-----012-----------
--------001001500110001-3-------00----030201----00----10----00--0-----10--------
-110----------------------------------125-620--------00----------01--00---------
-231--12--15433542232--11-------------02--00------------------4------0----------

Generation = 20, Population = 280.
-------04-2-4-0-5-1-40-6--2---------01037+--22011-1-----1--36----2-00---------01
8435-432---217--6-7--0---0--5--------3---4---00----0---100---2---1---0---0---01-
4-72-----361-63-4-76-------835-----233--84545---------2------3-05-----0---0--1--
4-21-2-----8-586236--2--8----2------3-------02------2-------04-2---1---1---0-1--
8-3-32-------00-41--344758--322---------++926------3-14-----6422+-2--------1-2--
483-3322-61--04920-1--559222--0----------904------1-03------0242----------00--2-
5-8-12-202---02-04-----454-------------19-5------1----------------1------11----1
7-4-23--2-------3210-152--20-12---------0--------3------12----4--3-1---1-------2
-74-11-------------013-4--1311-----------------02-------2----3---1----0--------0
--+-4176634-955----76----2-3-124310-----------10--------1010-5----1--3--------10

Generation = 25, Population = 289.
7---3-----2-----6221-1--+4313202-211-------455-1443122---2-687-----13---2--012--
-4--4-----3----68---9222-23---5-------------0--11----00-----1--5----0200----1---
47-------6721734--87-899---+------------+-----22241----04-34----70-5------------
4-5-1--2--1--7+--6---5--+2----2--------73-------0-----------1-------0--2-3--0--2
8---3-24-3--1--0-35-5659--5444231-63--93--+----3--34-----0-385-2+-45-------2----
--4----2----414+321---65-------3-------66----404----1---------------3-------122-
65-6-5423-1-1--32--0221-84-------1--24-2+68233--42-124--42-245---2-123----------
+---541-415---915------3--------2----21----------------2----0-------------340---
--5-2-----0-0-23-1-----5-4--23--2--01143-7+2----5--102-03-2235--5--432-------1--
7-+--4+-74--+-676-4-----5-------4-----1--------0----1--------693----3--1----1--3

Generation = 30, Population = 385.
---362-----78221--247426+5-3--------4--4-+-6---19----2--74-7+8475-4---24250-6-1-
+5-779-3-444-8-6+-77-2--+24-7--32-3---1-----13-----22---6373---6---+05--1--3--20
-79-4-22-88--+------99+9-84---5-535-557--8----753443-34-9--6-65-+3---4--4-032---
--632+64-34+-8-+4-+0666-+--4+-5---43----3-23--03-10--1-5-33347----23-2-2-33-1--2
+-5-67---3-0-12--------98----4-824+-+-+5++--868-7-8---7-906--+-5----------1--4--
--5-84-25-42624---2----6--2--4447-0-23----3-14-4-3-4-5--35-224--32---2--1-2-32--
-887---442--4--43---2--7---3-1-35-027-53-68-4-1-77-2-5-29-5577--53---5--43-----2
+-----1---+---+-6-20--6-+3--114--25-2-46----01-3-41---23--542-73--41-03---64--4-
5-82-414------4--2---58--4-4-----31-1----9-34452-3-----3-5444---5-65--1----4---5
-7---5-+9-9++6---7---32-5-6-62-76--36-3----11-613-------3334569-5------1121-1---

Generation = 130, Population = 277.
+-++---+++-----------++-+-++-++---+-++++-+-++------------++++--+-+--+-----------
+-++---++-+-----------+---+--++-+-++++++--++------------+++--+--+----+----++----
+-++-+--++++-----------+++----++--++++--+++------------++++--+-+--+-------+++---
++++--+-+--++++-------------+--++-++----++--------------+-+-+-+++-------++++++--
+-++++++--+------------+++------+-++---------------------+++--+---+-----+++-+++-
--------+-+++--++-----+-+--+--+---------++----------------+---+--++--+--++++++--
-+++--+++------------+++---+------------+++--------------------+--+++-----+++---
-+++++--+++++--++-++++-+-+-+--+++-++++------+++++-------------+++---------++----
++---------------------+++-++---------+++-+++----------------++-+---------------
+++++++++++++++-++--++++-++++++-+-+-++--++--+++--++---------+++++---------------
*** Life<FredkinCell> 10x8 ***

Generation = 0, Population = 40.
--------
-01--01-
-01--01-
-01--01-
-42--42-
95699569
-11--11-
1--11--1
-11--11-
1--11--1

Generation = 1, Population = 50.
-00--00-
0--00--0
01200120
01200120
-53--53-
+------+
0--00--0
-002200-
02200220
---22---

Generation = 2, Population = 42.
-11--11-
101--011
123--231
---11---
0------0
+-6995-+
1------1
1-1--1-1
133--331
10----01

Generation = 3, Population = 36.
---00---
--2001--
-3----4-
-1-22-2-
153--531
--7--6--
-1-00-1-
-022220-
24-00-42
--------

Generation = 4, Population = 38.
--------
--3112--
14----51
--2331--
26----42
+58--76+
12----21
-1----1-
3-3--3-3
10-22-01

Generation = 5, Population = 42.
--1001--
1-4--3-1
253--262
-13--22-
--3005--
+-9998-+
-3----3-
12----21
4------4
-103301-

Generation = 6, Population = 44.
01----10
20----12
-640037-
--4--3--
2-4116-2
-5-++-6-
14-00-41
--2--2--
54300345
-2----2-

Generation = 7, Population = 44.
--1--1--
-1-11-2-
--5--4--
0--33--0
-6-22-4-
+69++87+
2-1--1-2
-232232-
654--456
-3-33-3-

Generation = 8, Population = 38.
--------
2--22--2
2--00--2
--------
27433652
-7+++98-
3--00--3
1------1
7--00--7
-404404-

Generation = 9, Population = 42.
0--00--0
314--323
365--473
-14--32-
38544763
+-+--+-+
4------4
-2----2-
8------8
-5-55-5-

Generation = 10, Population = 38.
1--11--1
42----34
--6005--
025--430
-9----7-
-7+--+8-
5-1--1-5
1-3--3-1
-5-00-5-
---66---
*** Life<Cell> 12x80 ***

Generation = 0, Population = 436.
.1---.123.--....-.00---.1..123--123-..1...*..12.123...23..3.13.74---.-123.8*6.12
.123.6.100---2..123--12***3.74---.-123.8*..1...*..123-..123....1---.123.--....-.
.8*..1...*..123-..123....1---.123.*-....-..1..23--123.13.*..123-..123.3.--....-.
3....1---.12..1231233.--....-.00-**.---.-123.8*..1...*.6.12..1.74-..12...1---.12
.12..123--123.13.74---.-12312123.13.700---.123.64-..123----.-123.8*.00---.123.6.
1...*..123-..123....1---..123--123.13.74.00--2---.-123.8*..12-.123.6.13.--....-.
12..123--123.13.74---.-123.8*..1..**..123-..123....1---.123.--....-.00---.123.6.
13.74---.-1*****6.12..123-*..1...**.123-..123....1-00---.123-123.--.123.--....-.
..123--123-.3.13.74---.-123.8*..1...*..12.123....1---.123.--....-.00---.123.6.12
00---.123.6.12..123--12***3.74---.-.1...*..123-..123....1---.123.--....-.123.8*.
3-..123....1--.6.12..123--.1200---.1233.--1--.-123.8*..1...*..12-....-23.13.74-.
.8*.00---.123.6..12..13.700---.123.64-..123----.-12123--123.13.74---.****...**.3

Generation = 1, Population = 393.
.*-0-.*3-*--....0.-1000.*.**3-00*-4-**-*.....*3**--...34*.4**4*-50--.---4.9*7.*3
**34*7.-1-0--3*.*-40-*-*..4.---0-.0*-4*9..****....*3-0..*3-....*--0.--4.0-.*..0.
*-.*.-...*.**3--..*3-.**.*--0.-34.*-*...0*.-.*--0--3-.*-...**340*.*-4.4.-0....0.
-...*--0-*--..*3-*-4-.--*..*0.110...000.0*-4.-...-*....7.-3..-.-5-..*-*..--00*-3
**3.*------34.*4.-----.0*-4*3-34.*-.------.--4.75-.*--40000*---4.-*.-1---.*-4*7*
*.***..---0..---..*.-0-0..--4--*--.--.8-.11-0--00.0-3-.9*.**3-.---.-.*4.--....-.
*-*.*-4---3-.*4.-5-00.--34.-.***......*34-..-34....-00-*-3-.00....-*-10--.*-4.-.
--.-5-00.0-.....-.-3..*34-...**.***.---0..-34....*--1000.-34-*-4.-0.-34.00..*.-*
..*3-0--340.-.--.-5--0.0*34.-.*.-*..*.**-.--4...*---0.*--.00*...-.11-00.*3-.-.-3
-1-0-.-3-.-.-3..*-400-3...-.85--0.-.-.*.*..-340..*--*.*.*0-0.*3-.-0....0.*-4.-.*
40**-3-..*.*00*-.*3***--0-.*311-00*---4*--*-0.0*-4.9.*.-..**..-3-....---.--.-5-.
.9.*-----.*34.-.*--..--.8-1-00**-4*---..*--0---.---*340-*-4**4.-50--.*..**.****-

Generation = 2, Population = 418.
**01-**43*--...*1*---11*.***4-11*-50**1*...*.*-*.23...4-*.5**-*761--.-125*+*8**4
*.--.8*-------**.--10.-...5.----0.1.--.-.***....***---..*4-.....0-1*125.1-.**.-.
*-...1...*.**-30*..43.**.*--1*-4-.*0....-..-.*23-0143.*-*****--1*..-5.-.--**..1*
-.*.*10--.1-...--.253.00....1.---..*--1*-*--*-***1**...8.-4..1.760..*2*..1-11.-4
*.-.*1-3-0-45**-*740-0*-*-5.4--5..3.70--0-.1--*--0**-25-1--.--2-.8..-*0--..2-.-*
*...*..--31.*1-3..**---1..1-5-0.23.--.9-***--2---*-14-.+....--.1--.6..-.--..*.0.
.-*.*-5---43..5.7-0-1*01-5.-*....*....*45-*.145***.11-0.1-3.--*...-.-*100*.-5.-.
1-*-60-1.11.....-.-4.**450*.....***.1-3-..14-.....00*11-*----*--.01.145.--**..0.
..*-3--1451.-.--.760--.-.-5.8.*.1.*..**.-.---...*1-0-..-3.--....-***---..43.6.1-
-*--0.1--.6*-4*..251---...3.--001.0.1...*..14--..*2-*.**.1--.*4-.01*..*-.*--.8*.
5-.*--3.....11*6*.4..*-310..---0-1*1-3-.00.01.-*-5.+...-*.....---*...0-3.--*-6-.
*+.*00---.*4-.6..-2**1-.9--0-1.*2-*6--.*.2----0.-12*-51-.--.*5.-610-........***3

Generation = 3, Population = 395.
**-*-*.--.0-..**-.01-*-..***5-*-*---**-....**.-..--...--*.6*.-.-7*-0*---6*-.9**5
*.34.9.-1--003...24--.-...6.-4001.-.24*9..**.*.....-3-...-3..**.-0***--.*-....-.
.8...-....**.--1*..54.***.-0-*---**-....-*.1**3--1-54..3...**-4-..*--.-*0-...***
-*.*.-1--*-2...3-.---.1-.*..-.---...--**0.2-*8...-.....-.-5.*-.-7-..*3*..-0**.--
.*3..-2--1-56.*4*--101.-*-6.-1--**-*810-10.---*--1..136--00.---4.9*.-.-0-.*34*-*
.*..*.*12--..---....--0*..*----*3-*-3.+4..*--300-.0*--.-**..--*-23.-*.-.00.***-.
.2..*2---154**-*--1-*.1*36.8.*.*......*--0..*5-***.**01.*--.--*...0*-.*--**-6.-.
--*-710*.-*.....6.15...5-1*..*.**.**-2--.*-5-**...1-.---*13-0.--.--.*5-.00..*.1.
..*------6*.-.1-.-7100*0*--.-**.-.*.*.**2.1-4...*--10..-4*--.**.0...-0-..--.-.-3
-*--1.*-3.-*1-...---01-.*.4*85-1-.-.-.*****--4-...3-*..*.-0-..53*1***.*-**-4.-*.
60.*1-4.....**.-*.-..*-4*1*.-1---*.-2-4*--.--*-.--.+...-*...*.1--..*.-2-.13.7-0*
*+**-1---..5-.7..1-**-3*+-1---**34.-40...33000-.0--*-6*0.--..6.77*10........***4

Generation = 4, Population = 414.
**0*-..-3.--***.1*-*-.1..***63*1*2-0*.-...***.-..--...-4.*-*.4.78*0-*0-2-*+.+**6
*.4-.+.1-00--4...3-10*2**.7.--1--.1*-5*+......*....-40...44..***--..*2-..-..*.-.
*9.**1...*...33-***65*****---*-4-*.0....-*.-..430--6-..-..*.*351..*--.-*-0.****.
3*...1*00*1-...-3.---.*-.**.-.--0..*0-*.-.-4.-...-**..*8.-6.*1.---**.-*.*1-...1-
**4*.1---*--7.*5*74*-*.-*27.4-3-**3*9-1--1*-24.-5-***-70---*0---.-**-.---..--.-.
**.**.*-331..12-*...---...*---0*-3*14.+5..*0--1--.1.4-.+*.*.-0*13-.-..4*1-....0.
.3*..-5--*6-*.-.-5*0.*-.--.-*.....*.*.*-51.*.6-.**..*-*..33.00.*.*1*0..00..2-.6.
--*--*-.*1..****-.*-...---*..*.*****1-30.*1--.*...-0.110.*4--.--.-1**--.1-**.*-.
.**3-0-1-7*.3.-3.7-*11.1.--.-...1**.*...-.*2-.*..10*-..--.0-.**.1.*.01-*.--.6*1-
-*--*..--*-*--...-5--*-...-*-60-1.0*-.....*1-50...--*..*.--0..6-*-***.*-**2-.8*.
-1..-35*.....*.6..-*..2-.-..-*---*.133-.--.0-*0.2-*+.*.1*.....*3-....033*-4.861.
*+.*0----..--*-..--.*14.-0*0--**--.6-1*..4----0.-12.-7*1.--..-*8-*--.......**..-

Generation = 5, Population = 403.
*.1*0..--*00***.**-*-.*.****--*-*35-**1....*..3..--...4-**6.*5.--*1-*----.+*-**7
..54.+*-1-10--...-4*1.-...8.74*01.*.26*+..**.**....-51..*--.....-0*.*-5..-....-*
.-.*.*.......-4-*..76.....0-1.1-4*.-...*0..1..--11-7-**3..*..-6-..*-5*-*01***.*.
4....*.--.*2...--.--3..-...*1*1-1...--..-*--*8*.*1...**-.17..-.7-0...3.**-0.*.*4
..-*.*230.15-.*-.--.-..0*38.--45..4.+---1*.-35.7--..*--1--0.-124.9**0.-0-*.--.-.
....*.*-4--.**-3....---...*2-0-*3-.*5.+6...--3-0-.*.-3.-*.*.3-.*4-.-*.5.-0....1.
*-..*-600.--*.-.-6*1..1.--.8.*.........-6-.**-5*.**.*0...-4.1-.*.**.-**-1.*36*7.
-3.-7*-*.*..*.**6..5.**5-1.....*....*--1..-5-****.-1.**1*.540.24*-*..--.*-**..1.
.*.431--48..4.-4*--*--*-.-5.-*..*...**..-..-4.**.*-*-*.--*1-.**.*...1*0*.4-.7.-3
0*--*..-3*6*-4*.*--1-*-...4.--1-*.-.1*.....*--1...-3*.***---..-3*-*....-..-4.9.*
--.*14-.....*.*-..-*..34.1.*3*10-*.*---.-0.1-.1.-5*+.*.**....*.--****14-*15.-7-.
*-*.1-00-..-4.7..--.*--.+1*10-*.34*74-*..-30--1*-*-*3-.-*--..6*--.1-..**...**..-

Generation = 15, Population = 345.
.......4-.1-*.**..-.-**...**--...--..*-**.....-.*2-.**5-.*-..-*++.*0***-7.-.-..-
.*--.-...****9**.--.*.7**.-*+-.**...--.-*.......**.5-**..-7*.*..0*...-7.*.....-.
.+.......*..*55....+-.......**.7-..*....1.....67-..-6.*-...*.-91***--.5.........
5..*.....*.-*..3-.--5*.-........**...*..-.-7.+**.**.**.-..-*...+-1.**-.......*.-
.*-*..3-**1++*.-.76..*...--*-.-7.*5.-..*..**--*-9....-+-.-..*.-8*+..0.-.-..--*9*
*.....*.--.*.*-7***...-***.4-..*-6..-.+9....0-.1.*..--*-.*..6...--.-..-.-......*
*8...-+.**66.*-.-9*...*.6-*-*....*.....69*...-5*.**..**..8-.*0.***.**..-...67.-.
.5*--*..***.*...-**-*..9-....**......56-**.--*...*...***.*--*.69.*..*8-....*....
..*--.*.-+..-*-6*79..***.--.9.*****...**2.*-4*.**...**.5-.*..*......*.*..8-*8..-
..1*.**-6*9**7*..39*-*-..*-.--......**......6-**..-5..***10***--*......-..-5.-..
-....-6.**....*9..6..*--*.**9.1*1**.5-7*0-......--.-*..*...**..4-**.*.77..+.8-..
.-..***.-.*--*-...-...6.-......*9-.-9****--.-1....-.89...--..6.89..-**..*.*****-

Generation = 115, Population = 316.
.......+-.**.*********......-+*..--*****......-..--...-+..+*.+.++*.....--.+*-..-
..--.-.......-.**+-***-..*+*+-.*****--*+**......**.-+****-+***......*--...*..*..
.-......*....--*...-+..***.....--...........**+-.*.-+..-*...*+-*...++.+.*.......
-..........+...-+*-+-*.*....**...***......+-*+....***..-..-**..++...*-..*.....*+
.*-*..++...-+..-*++*.....+-.-.+-..-.-..*...*+-.++*..*+-**..*..-+.+.*.*..**.++.+.
*....**.--..*.-+...........--***--*.-.+-.....-.....*+-*+....-...++*-*.-..*..*..*
*-...-+*..-+*.+*+-*....*+-.+..**..***..-+....++...*.**...+-...*******.**.**-+.+*
*-*++.*...**.*..+..+...--*.****....**--**.*++.*.....**....-+*.++.*...--....*....
.**--...++*.+..-.+-*.....--.-...*......*+.*--*...**.**.++...****.........--*+..-
..*...*--.-..-...-+...-..*-.-+.*........***.-+*.*.-+*.*......*--*........*-+.+..
-..**-+*.....*.+*.-*..-+....-..*....--+.******..--.+***.......*-*.....--..-*+-*.
.-..*.**...+-.-.*.-*..+*-..**...-+.-+....+-.....*.+.--...+-..-.--..........*..*+

Generation = 615, Population = 341.
..***..--........*******.**.++***+-........*..-..+-.*.--.*-.*+*++......--.+.+*.-
**+-.+.......-**.-+.*.-.**+.+-...*..--.-..*.*.**.*.--*...--......*.*.++..*..*.**
*-.**........++*...++*****.....+-*...........*++.**--.*-.....--*.*.--.-...*.*.**
-.**......*-.*.-+.---....**....*.**.....*.+-.-...*.....+..+....--.*..-****.....-
*.+..*++..*+-.*-*+-....*.+-.+.++**+*+*..*.**+-.++**.*-+*......-+.-.*..****.--.-.
***.....--....+-****.......--..*--*.+.++....*-.**...-+*-....-.*.++.+..-..**.....
*+.*.-+.*.++.*-.-+*.....-+.+.....*...*.-+****+-......**..+-.*......*..*.***+-*+.
.+.+-...*...*.*.+..+...--......*...*.--..*.+-........***..-+*.--.....-+***....*.
..*++...+-..-.*+.++...**.-+*-.*.*..****.+*.++*..**.****--..***...***.....-+*-*.-
..*....++.-..+..*--..*-.**+.--.**.*.....**..--...*--.*..*...*.++.**..***..++.-..
-..*.+-..***.**+..+...++..*.-..*....++-***.....*++.-.*.......**-*.*..*--*.+.+-..
.-..**...**++*+..*-...+*-..*....--.++.*..-+.....**-*+-...-+..-.--.*...***.*..*.-

==440==
==440== HEAP SUMMARY:
==440==     in use at exit: 122,880 bytes in 6 blocks
==440==   total heap usage: 6,416,460 allocs, 6,416,454 frees, 196,307,720 bytes allocated
==440==
==440== LEAK SUMMARY:
==440==    definitely lost: 0 bytes in 0 blocks
==440==    indirectly lost: 0 bytes in 0 blocks
==440==      possibly lost: 0 bytes in 0 blocks
==440==    still reachable: 122,880 bytes in 6 blocks
==440==         suppressed: 0 bytes in 0 blocks
==440== Rerun with --leak-check=full to see details of leaked memory
==440==
==440== For counts of detected and suppressed errors, rerun with: -v
==440== ERROR SUMMARY: 0 errors from 0 contexts (suppressed: 4 from 4)