*** Conway15x15 ***

Generation = 0, Population = 15.
*..............
.*.............
..*............
...*...........
....*..........
.....*.........
......*........
.......*.......
........*......
.........*.....
..........*....
...........*...
............*..
.............*.
..............*

Generation = 1, Population = 13.
...............
.*.............
..*............
...*...........
....*..........
.....*.........
......*........
.......*.......
........*......
.........*.....
..........*....
...........*...
............*..
.............*.
...............

Generation = 2, Population = 11.
...............
...............
..*............
...*...........
....*..........
.....*.........
......*........
.......*.......
........*......
.........*.....
..........*....
...........*...
............*..
...............
...............

Generation = 3, Population = 9.
...............
...............
...............
...*...........
....*..........
.....*.........
......*........
.......*.......
........*......
.........*.....
..........*....
...........*...
...............
...............
...............

Generation = 4, Population = 7.
...............
...............
...............
...............
....*..........
.....*.........
......*........
.......*.......
........*......
.........*.....
..........*....
...............
...............
...............
...............

Generation = 5, Population = 5.
...............
...............
...............
...............
...............
.....*.........
......*........
.......*.......
........*......
.........*.....
...............
...............
...............
...............
...............

Generation = 6, Population = 3.
...............
...............
...............
...............
...............
...............
......*........
.......*.......
........*......
...............
...............
...............
...............
...............
...............

Generation = 7, Population = 1.
...............
...............
...............
...............
...............
...............
...............
.......*.......
...............
...............
...............
...............
...............
...............
...............

Generation = 8, Population = 0.
...............
...............
...............
...............
...............
...............
...............
...............
...............
...............
...............
...............
...............
...............
...............

Generation = 9, Population = 0.
...............
...............
...............
...............
...............
...............
...............
...............
...............
...............
...............
...............
...............
...............
...............

Generation = 10, Population = 0.
...............
...............
...............
...............
...............
...............
...............
...............
...............
...............
...............
...............
...............
...............
...............

