*** Cell3x3 ***

Generation = 0, Population = 8.
000
0-0
000

Generation = 1, Population = 0.
---
---
---

Generation = 2, Population = 0.
---
---
---

Generation = 3, Population = 0.
---
---
---

Generation = 4, Population = 0.
---
---
---

Generation = 5, Population = 0.
---
---
---

Generation = 6, Population = 0.
---
---
---

Generation = 7, Population = 0.
---
---
---

Generation = 8, Population = 0.
---
---
---

Generation = 9, Population = 0.
---
---
---

Generation = 10, Population = 0.
---
---
---

