*** My10x10 ***

Generation = 0, Population = 50.
**********
..........
**********
..........
**********
..........
**********
..........
**********
..........

Generation = 1, Population = 48.
.********.
..........
.********.
..........
.********.
..........
.********.
..........
.********.
.********.

Generation = 2, Population = 28.
..******..
..........
..******..
..........
..******..
..........
..******..
..........
.*......*.
.*......*.

Generation = 3, Population = 22.
...****...
..........
...****...
..........
...****...
..........
...****...
..******..
..........
..........

Generation = 4, Population = 14.
....**....
..........
....**....
..........
....**....
..........
..*....*..
..*....*..
...****...
..........

Generation = 5, Population = 10.
..........
..........
..........
..........
..........
..........
..........
..*.**.*..
...****...
....**....

Generation = 6, Population = 2.
..........
..........
..........
..........
..........
..........
..........
..........
..........
...*..*...

Generation = 7, Population = 0.
..........
..........
..........
..........
..........
..........
..........
..........
..........
..........

Generation = 8, Population = 0.
..........
..........
..........
..........
..........
..........
..........
..........
..........
..........

Generation = 9, Population = 0.
..........
..........
..........
..........
..........
..........
..........
..........
..........
..........

Generation = 10, Population = 0.
..........
..........
..........
..........
..........
..........
..........
..........
..........
..........

