*** My12x12 ***

Generation = 0, Population = 87.
*-*-0-*-*-*-
************
000-000-000-
*----*------
0*-0*0*-**-0
-0*0--0*--0-
------------
******000000
--00****--00
***--000--**
0*-0*0*-**-0
-0*0--0*--0-

Generation = 3, Population = 64.
.-*-10.-.-.0
*.**........
*110---00--0
*-*--.01-0--
-.-1*.*0***0
-1.-001.-1-1
0----*--**10
.*.....--0*1
0-11...*--.1
.**---1-1-.*
-.00*-.-*.1.
--.11-1.-101

Generation = 6, Population = 62.
.-****.-.-.-
..*..*......
.----0001-0-
*..-0.1*-1-1
-*-....*.**1
1-.1-.-.--0*
00---.1-..*1
......**--.*
-1-*...*00*1
..*1*1-0**.*
-.11*-.-...*
--***11.1***

Generation = 9, Population = 50.
.*.**..-.-.-
.......*....
.-.0111*.111
...1-.1*-.0.
..-.....*...
.-.--.-.---.
0-0-1..-*.*.
....****-0.*
-1-*.*****.*
..*1..--*..*
1..*..*-...*
1-*..**...**

