*** Fredkin40x40 ***

Generation = 0, Population = 15.
----------------------------------------
----------------------------------------
----------------------------------------
----------------------------------------
----------------------------------------
---------0-0----------------------------
---------00-----------------------------
----------------------------------------
----------------------------------------
----------------------------------------
----------------------------------------
----------------------------------------
----------------------------------------
------------0-00-0000-0-----------------
----------------------------------------
----------------------------------------
-----------------------000--------------
----------------------------------------
----------------------------------------
----------------------------------------
----------------------------------------
----------------------------------------
----------------------------------------
----------------------------------------
----------------------------------------
----------------------------------------
----------------------------------------
----------------------------------------
----------------------------------------
----------------------------------------
----------------------------------------
----------------------------------------
----------------------------------------
----------------------------------------
----------------------------------------
----------------------------------------
----------------------------------------
----------------------------------------
----------------------------------------
----------------------------------------

Generation = 4, Population = 56.
----------------------------------------
---------0-0----------------------------
---------10-----------------------------
----------------------------------------
----------------------------------------
-----0-2-----0-0------------------------
-----01------00-------------------------
----------------------------------------
----------------------------------------
---------1-00-00-0000-0-----------------
---------00-----------------------------
----------------------------------------
-----------------------010--------------
--------0-00-024---2-2212-0-------------
----------------------------------------
----------------------------------------
-------------------102-----210----------
------------0-00-0000-1-----------------
----------------------------------------
----------------------------------------
-----------------------000--------------
----------------------------------------
----------------------------------------
----------------------------------------
----------------------------------------
----------------------------------------
----------------------------------------
----------------------------------------
----------------------------------------
----------------------------------------
----------------------------------------
----------------------------------------
----------------------------------------
----------------------------------------
----------------------------------------
----------------------------------------
----------------------------------------
----------------------------------------
----------------------------------------
----------------------------------------

Generation = 8, Population = 52.
---------12-----------------------------
---------4-2----------------------------
----------------------------------------
----------------------------------------
----------------------------------------
-0-2--------1-12--1-0-0-----------------
-01--------------11---------------------
----------------------------------------
-----------------------010--------------
----------------------------------------
----------------------------------------
----------------------------------------
----------------------------------------
----0-00--4-2-3-----1-25-3002-0---------
---------10-----------------------------
----------------------------------------
---------------111-------------210------
----------------------------------------
----------------------------------------
----------------------------------------
----------------------------------------
------------0-00-0000-1-----------------
----------------------------------------
----------------------------------------
-----------------------000--------------
----------------------------------------
----------------------------------------
----------------------------------------
----------------------------------------
----------------------------------------
----------------------------------------
----------------------------------------
----------------------------------------
----------------------------------------
----------------------------------------
----------------------------------------
----------------------------------------
----------------------------------------
----------------------------------------
----------------------------------------

Generation = 12, Population = 167.
-----01------00-------------------------
-0-0-0-3-6-4101---0-0-0-----------------
-10------43------01---------------------
----------------------------------------
---------43------------010--------------
-4---3-3050---5----0--0-2-0-------------
11---02------12------11-----------------
----------------------------------------
-------------------102-----210----------
-1-00-01--2----3--2----0-0110-0---------
-00------02------00---------------------
----------------------------------------
---------------010-----123-----010------
0-00--4----3--3----2-349---2-2212-0-----
-----11------11-------------------------
----------------------------------------
-----------102-----315-----615-----210--
----0-00--1----3-114---0-0000-1---------
---------00-----------------------------
----------------------------------------
---------------001-----313-----000------
--------0-00-024---2-2312-0-------------
----------------------------------------
----------------------------------------
-------------------102-----210----------
------------0-00-0000-1-----------------
----------------------------------------
----------------------------------------
-----------------------000--------------
----------------------------------------
----------------------------------------
----------------------------------------
----------------------------------------
----------------------------------------
----------------------------------------
----------------------------------------
----------------------------------------
----------------------------------------
----------------------------------------
----------------------------------------

Generation = 16, Population = 54.
-----------------------010--------------
------------3-13-0401-0-----------------
----------------------------------------
----------------------------------------
----------------------------------------
---3-5-------------------1-0------------
----61-------------------31-------------
----------------------------------------
---------44-----------------------------
---------5-3----------------------------
----------------------------------------
----------------------------------------
----------------------------------------
10-11-5---------------------3-25-3002-0-
----------------------------------------
----------------------------------------
-------002------------------------------
----------------------------------------
----------------------------------------
----------------------------------------
----------------------------------------
---------2-4----------------------------
---------10-----------------------------
----------------------------------------
----------------------------------------
----------------------------------------
----------------------------------------
----------------------------------------
----------------------------------------
------------0-00-0000-1-----------------
----------------------------------------
----------------------------------------
-----------------------000--------------
----------------------------------------
----------------------------------------
----------------------------------------
----------------------------------------
----------------------------------------
----------------------------------------
----------------------------------------

Generation = 20, Population = 179.
-------------------110-----210----------
---0-1--0-1552---26-20-12011------------
----02-----------------32-1-------------
----------------------------------------
---------53------------336--------------
-5-----6---42-63-0302142-----0-0--------
31------41-----------42------10---------
----------------------------------------
-----03------02-------------------------
04--3-44-----0-3---------2-40-00-0000-0-
----30-------------------20-------------
----------------------------------------
-------01-4-----------------------------
54--31-23163------------2-13-349---2-2-1
----------------------------------------
----------------------------------------
---102-----613--------------------------
00-01-3--0-1----------------0-10-0000-0-
---------11-----------------------------
----------------------------------------
-------113------------------------------
-----0-2-----1-5------------------------
-----01------00-------------------------
----------------------------------------
----------------------------------------
---------1-01-23-1030-1-----------------
---------00-----------------------------
----------------------------------------
-----------------------313--------------
--------0-00-024---2-2312-0-------------
----------------------------------------
----------------------------------------
-------------------102-----210----------
------------0-00-0000-1-----------------
----------------------------------------
----------------------------------------
-----------------------000--------------
----------------------------------------
----------------------------------------
----------------------------------------

