*** Life<FredkinCell> 40x40 ***

Generation = 0, Population = 15.
----------------------------------------
----------------------------------------
----------------------------------------
----------------------------------------
----------------------------------------
---------0-0----------------------------
---------00-----------------------------
----------------------------------------
----------------------------------------
----------------------------------------
----------------------------------------
----------------------------------------
----------------------------------------
------------0-00-0000-0-----------------
----------------------------------------
----------------------------------------
-----------------------000--------------
----------------------------------------
----------------------------------------
----------------------------------------
----------------------------------------
----------------------------------------
----------------------------------------
----------------------------------------
----------------------------------------
----------------------------------------
----------------------------------------
----------------------------------------
----------------------------------------
----------------------------------------
----------------------------------------
----------------------------------------
----------------------------------------
----------------------------------------
----------------------------------------
----------------------------------------
----------------------------------------
----------------------------------------
----------------------------------------
----------------------------------------

Generation = 1, Population = 42.
----------------------------------------
----------------------------------------
----------------------------------------
----------------------------------------
---------0-0----------------------------
--------010-0---------------------------
--------0-1-----------------------------
---------00-----------------------------
----------------------------------------
----------------------------------------
----------------------------------------
----------------------------------------
------------0-00-0000-0-----------------
-----------0--11-1--1--0----------------
------------0-00-0000-0-----------------
-----------------------000--------------
----------------------01-10-------------
-----------------------000--------------
----------------------------------------
----------------------------------------
----------------------------------------
----------------------------------------
----------------------------------------
----------------------------------------
----------------------------------------
----------------------------------------
----------------------------------------
----------------------------------------
----------------------------------------
----------------------------------------
----------------------------------------
----------------------------------------
----------------------------------------
----------------------------------------
----------------------------------------
----------------------------------------
----------------------------------------
----------------------------------------
----------------------------------------
----------------------------------------

Generation = 2, Population = 54.
----------------------------------------
----------------------------------------
----------------------------------------
---------0-0----------------------------
---------10-----------------------------
-------0-2-0-0--------------------------
-------01--00---------------------------
---------1-0----------------------------
---------00-----------------------------
----------------------------------------
----------------------------------------
------------0-00-0000-0-----------------
----------------------------------------
----------0-0022--00-00-0---------------
-----------------------000--------------
------------0-00-0000-0-----------------
---------------------012-210------------
----------------------------------------
-----------------------000--------------
----------------------------------------
----------------------------------------
----------------------------------------
----------------------------------------
----------------------------------------
----------------------------------------
----------------------------------------
----------------------------------------
----------------------------------------
----------------------------------------
----------------------------------------
----------------------------------------
----------------------------------------
----------------------------------------
----------------------------------------
----------------------------------------
----------------------------------------
----------------------------------------
----------------------------------------
----------------------------------------
----------------------------------------

Generation = 3, Population = 110.
----------------------------------------
----------------------------------------
---------0-0----------------------------
--------010-0---------------------------
-------00210-0--------------------------
------0103010-0-------------------------
------0-20111---------------------------
-------0-201----------------------------
--------0-1-----------------------------
---------00-----------------------------
------------0-00-0000-0-----------------
-----------0--11-1--1--0----------------
----------0--0---0--00--0---------------
---------0--1--30111-1101---------------
----------0--0---0--0001110-------------
-----------0--11-1--10100-00------------
------------0-00-000-123-3-10-----------
---------------------00-0-00------------
----------------------01-10-------------
-----------------------000--------------
----------------------------------------
----------------------------------------
----------------------------------------
----------------------------------------
----------------------------------------
----------------------------------------
----------------------------------------
----------------------------------------
----------------------------------------
----------------------------------------
----------------------------------------
----------------------------------------
----------------------------------------
----------------------------------------
----------------------------------------
----------------------------------------
----------------------------------------
----------------------------------------
----------------------------------------
----------------------------------------

Generation = 4, Population = 56.
----------------------------------------
---------0-0----------------------------
---------10-----------------------------
----------------------------------------
----------------------------------------
-----0-2-----0-0------------------------
-----01------00-------------------------
----------------------------------------
----------------------------------------
---------1-00-00-0000-0-----------------
---------00-----------------------------
----------------------------------------
-----------------------010--------------
--------0-00-024---2-2212-0-------------
----------------------------------------
----------------------------------------
-------------------102-----210----------
------------0-00-0000-1-----------------
----------------------------------------
----------------------------------------
-----------------------000--------------
----------------------------------------
----------------------------------------
----------------------------------------
----------------------------------------
----------------------------------------
----------------------------------------
----------------------------------------
----------------------------------------
----------------------------------------
----------------------------------------
----------------------------------------
----------------------------------------
----------------------------------------
----------------------------------------
----------------------------------------
----------------------------------------
----------------------------------------
----------------------------------------
----------------------------------------

Generation = 5, Population = 142.
---------0-0----------------------------
--------010-0---------------------------
--------0-1-----------------------------
---------10-----------------------------
-----0-0-----0-0------------------------
----010-0---010-0-----------------------
----0-2-----1-1-------------------------
-----00------00-------------------------
---------0-00-00-0000-0-----------------
--------02011-11-1--1--0----------------
--------0-1-0-00-0000-0-----------------
---------00------------000--------------
--------0-00-000---0-0--21--------------
-------0--11-1-50-1--3-2-0-0------------
--------0-00-000---0-0011-0-------------
-------------------010-----000----------
------------0-00-0--13----13-10---------
-----------0--11-1-1-0-0---000----------
------------0-00-0000-0-----------------
-----------------------000--------------
----------------------01-10-------------
-----------------------000--------------
----------------------------------------
----------------------------------------
----------------------------------------
----------------------------------------
----------------------------------------
----------------------------------------
----------------------------------------
----------------------------------------
----------------------------------------
----------------------------------------
----------------------------------------
----------------------------------------
----------------------------------------
----------------------------------------
----------------------------------------
----------------------------------------
----------------------------------------
----------------------------------------

Generation = 6, Population = 178.
---------10-----------------------------
-------0-2-0-0--------------------------
-------01--00---------------------------
-----0-0-2-0-0-0------------------------
-----10--21--10-------------------------
---0-2-2-3-1-2-0-0----------------------
---01--02--12--00-----------------------
-----1-0-2-1011--0000-0-----------------
-----00--11--01-------------------------
-------0-3122-22--00-00-0---------------
-------01--01----------000--------------
--------011-00---10-10-11-0-------------
---------01----------100-200------------
------0-0022---61--21-23-10-0-----------
-------------------101-221-000----------
--------0-0000---10-21-00-0-------------
-----------------101-423-324-210--------
----------0-0022--02-11-0---------------
-------------------110-101-000----------
------------0-00-0000-0-----------------
---------------------012-210------------
----------------------------------------
-----------------------000--------------
----------------------------------------
----------------------------------------
----------------------------------------
----------------------------------------
----------------------------------------
----------------------------------------
----------------------------------------
----------------------------------------
----------------------------------------
----------------------------------------
----------------------------------------
----------------------------------------
----------------------------------------
----------------------------------------
----------------------------------------
----------------------------------------
----------------------------------------

Generation = 7, Population = 272.
-------00-1--0--------------------------
------0103010-0-------------------------
-----001211110-0------------------------
----01010301010-0-----------------------
---0021003200210-0----------------------
--010303040203010-0---------------------
--0-20213012-0--10000-0-----------------
---0-201030-12---1--1--0----------------
----0-1002-00-2--0--00--0---------------
-----0-10-23-0-30111-1101---------------
------0--01-2-00-0-00----1--------------
---------2-0-11-021-2-02--1-------------
------0-012-00-000000-112--1------------
-----0--11331-27211----422--1-----------
------0--0--00-000----033--1110---------
-------0--1--11-0----211--100-00--------
--------0--0--000---153--435-3-10-------
---------0--1--30--302--100-0-00--------
----------0--0---0022--212-1-10---------
-----------0--11-1-1--100-0-00----------
------------0-00-000-123-3-10-----------
---------------------00-0-00------------
----------------------01-10-------------
-----------------------000--------------
----------------------------------------
----------------------------------------
----------------------------------------
----------------------------------------
----------------------------------------
----------------------------------------
----------------------------------------
----------------------------------------
----------------------------------------
----------------------------------------
----------------------------------------
----------------------------------------
----------------------------------------
----------------------------------------
----------------------------------------
----------------------------------------

Generation = 8, Population = 52.
---------12-----------------------------
---------4-2----------------------------
----------------------------------------
----------------------------------------
----------------------------------------
-0-2--------1-12--1-0-0-----------------
-01--------------11---------------------
----------------------------------------
-----------------------010--------------
----------------------------------------
----------------------------------------
----------------------------------------
----------------------------------------
----0-00--4-2-3-----1-25-3002-0---------
---------10-----------------------------
----------------------------------------
---------------111-------------210------
----------------------------------------
----------------------------------------
----------------------------------------
----------------------------------------
------------0-00-0000-1-----------------
----------------------------------------
----------------------------------------
-----------------------000--------------
----------------------------------------
----------------------------------------
----------------------------------------
----------------------------------------
----------------------------------------
----------------------------------------
----------------------------------------
----------------------------------------
----------------------------------------
----------------------------------------
----------------------------------------
----------------------------------------
----------------------------------------
----------------------------------------
----------------------------------------

Generation = 9, Population = 146.
--------0-3-----------------------------
--------050-0---------------------------
---------1-1----------------------------
----------------------------------------
-0-0--------0-10--0-0-0-----------------
010-0------2--230-2----0----------------
0-2---------2-1012-00-0-----------------
-00--------------10----000--------------
----------------------01-10-------------
-----------------------010--------------
----------------------------------------
----------------------------------------
----0-00--2-0-0-----0-11-2010-0---------
---0--111-5----7---2--36-4--3--0--------
----0-0002-00-0-----0-03-1011-0---------
---------01----101-------------000------
--------------02-20-----------13-10-----
---------------301-------------000------
----------------------------------------
----------------------------------------
------------0-00-0000-2-----------------
-----------0--11-1--1--0----------------
------------0-00-0000-0-----------------
-----------------------000--------------
----------------------01-10-------------
-----------------------000--------------
----------------------------------------
----------------------------------------
----------------------------------------
----------------------------------------
----------------------------------------
----------------------------------------
----------------------------------------
----------------------------------------
----------------------------------------
----------------------------------------
----------------------------------------
----------------------------------------
----------------------------------------
----------------------------------------

Generation = 10, Population = 184.
-------011400---------------------------
-------1-6-2-0--------------------------
---------21-----------------------------
-0-0-----3-10-00--0-0-0-----------------
-10--------------01---------------------
-2-2-3----0-133--03---0-0---------------
1--02----------12--11--000--------------
-1-0--------1-10--1-1-0-----------------
-00--------------00--012-210------------
----------------------------------------
-----------------------001--------------
----0-00--1-0-1-----2-02-0100-0---------
---------13-----------------------------
--0-002--16---3-2-1-1347--00-00-0-------
-------11--11--000-------------000------
----0-00--2-0-1-----2-11-0100-0---------
---------00--013-311---------324-210----
----------------------------------------
---------------000-------------000------
------------0-11-1010-1-----------------
----------------------------------------
----------0-0022--00-01-0---------------
-----------------------101--------------
------------0-00-0000-0-----------------
---------------------012-210------------
----------------------------------------
-----------------------000--------------
----------------------------------------
----------------------------------------
----------------------------------------
----------------------------------------
----------------------------------------
----------------------------------------
----------------------------------------
----------------------------------------
----------------------------------------
----------------------------------------
----------------------------------------
----------------------------------------
----------------------------------------

Generation = 11, Population = 323.
------0--2-11---------------------------
------020--30-0-------------------------
-0-0---123211000--0-0-0-----------------
010-0---04021-110-1----0----------------
0210-2---320-2-00-200---0---------------
-3030-0--4--2-4-----00-01---------------
-0213-----1--01-3-12-001110-------------
-201-------1--2---2020100-00------------
0-1---------0-2001-0-123-3-10-----------
-00--------------11--11-1-00------------
----0-00--1-2-0-----0------00-0---------
---0--110-2----1---0--1-1---1--0--------
--0--0-00-400---0-0--1---2--00--0-------
-0--1-3-----21-731--2--82411-1101-------
--0--00-2-02-00111---1---1--1101110-----
---0--1---3011210-0---22-1--10100-00----
----0-0001-0-124-4-2--33-435-435-3-10---
---------00--02-0-03---------00-0-00----
------------0------22-0-------01-10-----
-----------0--2-0---1--0-------000------
----------0--0---0--01--0---------------
---------0--1--30111-1201---------------
----------0--0---0--0002120-------------
-----------0--11-1--10100-00------------
------------0-00-000-123-3-10-----------
---------------------00-0-00------------
----------------------01-10-------------
-----------------------000--------------
----------------------------------------
----------------------------------------
----------------------------------------
----------------------------------------
----------------------------------------
----------------------------------------
----------------------------------------
----------------------------------------
----------------------------------------
----------------------------------------
----------------------------------------
----------------------------------------

Generation = 12, Population = 167.
-----01------00-------------------------
-0-0-0-3-6-4101---0-0-0-----------------
-10------43------01---------------------
----------------------------------------
---------43------------010--------------
-4---3-3050---5----0--0-2-0-------------
11---02------12------11-----------------
----------------------------------------
-------------------102-----210----------
-1-00-01--2----3--2----0-0110-0---------
-00------02------00---------------------
----------------------------------------
---------------010-----123-----010------
0-00--4----3--3----2-349---2-2212-0-----
-----11------11-------------------------
----------------------------------------
-----------102-----315-----615-----210--
----0-00--1----3-114---0-0000-1---------
---------00-----------------------------
----------------------------------------
---------------001-----313-----000------
--------0-00-024---2-2312-0-------------
----------------------------------------
----------------------------------------
-------------------102-----210----------
------------0-00-0000-1-----------------
----------------------------------------
----------------------------------------
-----------------------000--------------
----------------------------------------
----------------------------------------
----------------------------------------
----------------------------------------
----------------------------------------
----------------------------------------
----------------------------------------
----------------------------------------
----------------------------------------
----------------------------------------
----------------------------------------

Generation = 13, Population = 376.
-0-00-2--2-1---0--0-0-0-----------------
010--10--705-1-0--1----0----------------
0-1--0-12-4-100-01-00-0-----------------
-10--------------01----000--------------
-2---2-0---0--1----0---121--------------
-50-0404-6-2--63--3-0-1030-0------------
2-2-3-3-301-22-1---212-11-0-------------
02---20------22----02-1----000----------
-0-00-10--1----0---2-323-3--21----------
02011-120-33--2-0-3-111--1-2-0-0--------
0-1-0-0011-0---001-0---0-1000-0---------
-00------22----10-1----210-----000------
0-00--0----0---1-100-1---401-0--21------
--111-51--6-2-4-311--4---41--3-2-0-0----
0-0002-1---212-1---1-103---1-1011-0-----
-----01----01-2----022-----010-----000--
----0-00---2-324-4---633-4--26----13-10-
---0--110-2-102--2---21--1-1-0-0---000--
----0-0001-0---0-002---2-2010-0---------
---------00----101-----000-----000------
--------0-00-0---200-1--24----01-10-----
-------0--11-1---11--3-2-0-0---000------
--------0-00-000---0-0021-0-------------
-------------------010-----000----------
------------0-00-0--13----13-10---------
-----------0--11-1-1-0-0---000----------
------------0-00-0000-0-----------------
-----------------------000--------------
----------------------01-10-------------
-----------------------000--------------
----------------------------------------
----------------------------------------
----------------------------------------
----------------------------------------
----------------------------------------
----------------------------------------
----------------------------------------
----------------------------------------
----------------------------------------
----------------------------------------

Generation = 14, Population = 462.
-101103013421001001---------------------
-2--------1-1211--2---0-0---------------
1--00102345121101--11--000--------------
---0----0-0211----200---1-0-------------
0-1--3110431022--02----2-200------------
-----51-0703----00--102---0-0-----------
3-3-4--141223--23----3---1-000----------
---1031-03----30--21--2000-11-0---------
0-1--02--22--02----3---4-412-200--------
-3122-2--3--20--11--22-01-13-10-0-------
1--01--12--12----2---0-102-110-000------
011-0--1--30--12--20-01--11-10-11-0-----
-01--01--14----2---1-211-512-100-200----
-02--0--11--31--42-22--92--23-23-10-0---
---11--22----3---1-202-431-212-221-000--
0-000--0--31--31-10--32--11-21-00-0-----
-----01----3---5-513-744-536-735-324-210
--0-002--0--21-30--40--01-02-11-0-------
-------11----0-101-320-313-211-101-000--
----0-000--0-02--20--01-11-00-0---------
---------01--100-311-223-511-012-210----
------0-0022---40--21-33-10-0-----------
---------------100-101-322-000-000------
--------0-0000---10-21-00-0-------------
-----------------101-423-324-210--------
----------0-0022--02-11-0---------------
-------------------110-101-000----------
------------0-00-0000-0-----------------
---------------------012-210------------
----------------------------------------
-----------------------000--------------
----------------------------------------
----------------------------------------
----------------------------------------
----------------------------------------
----------------------------------------
----------------------------------------
----------------------------------------
----------------------------------------
----------------------------------------

Generation = 15, Population = 450.
0---------5-2112---0--0-0---------------
-3-------7--2--20-3-00-01---------------
--1-----4--2--21211--0-1-1--------------
---1---1--1--2110--1-0-02-1-------------
----0-2--5--1330-----0--23-1------------
--------1--4236----0213--01-1-----------
---15032--3342----12-411-20--1----------
--0214-1-4011----13-2-31-102--1---------
-0200-30-330----01-4-3----232--1--------
0423-03--4-----32-3-3--1---402--1-------
201-20--3-----00-3-0--0-1---210--1------
-2-01--2-----12-0-3--1-2-2---102--1-----
-120--2-----00-3-1--0-2-2-2---112--1----
0----1-----34-4-5--3-4-+-4-3---422--1---
000---1---02-4-1--0-1-0-4-0---033--1110-
--11---1-04-1-4--2-0-4-2-2---211--100-00
0--00----1-4-3--1-2-1-5-0---284--435-3-1
-0--11----2-3--4-2-5-2-1---302--100-0-00
--0--00----0--0-1-0-3-0---032--212-1-10-
---0--11-----1-1-3-1-1---201--100-0-00--
----0--00--00-1-0-2-0---262--123-3-10---
-----0--113311-5-1-3---422--100-0-00----
------0--0--000-1-0---043--111-1-10-----
-------0--1--111-2---211--100-0-00------
--------0--0--000---153--435-3-10-------
---------0--1--30--302--100-0-00--------
----------0--0---0022--212-1-10---------
-----------0--11-1-1--100-0-00----------
------------0-00-000-123-3-10-----------
---------------------00-0-00------------
----------------------01-10-------------
-----------------------000--------------
----------------------------------------
----------------------------------------
----------------------------------------
----------------------------------------
----------------------------------------
----------------------------------------
----------------------------------------
----------------------------------------
