*** Life<ConwayCell> 40x60 ***

Generation = 0, Population = 13.
............................................................
............................................................
............................................................
............................................................
............................................................
............................................................
............................................................
............................................................
............................................................
............................................................
............................................................
............................................................
............................................................
............................................................
............................................................
............................................................
............................................................
................***.*.......................................
................*...........................................
...................**.......................................
.................**.*.......................................
................*.*.*.......................................
............................................................
............................................................
............................................................
............................................................
............................................................
............................................................
............................................................
............................................................
............................................................
............................................................
............................................................
............................................................
............................................................
............................................................
............................................................
............................................................
............................................................
............................................................

Generation = 25, Population = 42.
............................................................
............................................................
............................................................
............................................................
............................................................
............................................................
............................................................
............................................................
............................................................
...............*............................................
..............***...........................................
.............**..*..........................................
.............*...**.........................................
.............*.*.*..........................................
...............*............................................
............................................................
............................................................
.............*..............................................
............***......***....................................
...........*..*.....*...*...................................
..........*..**....*....**..................................
...........*........*.***...................................
...........*..*.....*...*...................................
..............*....*........................................
............................................................
............................................................
............................................................
............................................................
............................................................
............................................................
............................................................
............................................................
............................................................
............................................................
............................................................
............................................................
............................................................
............................................................
............................................................
............................................................

Generation = 50, Population = 55.
............................................................
............................................................
............................................................
............................................................
............................................................
...............*............................................
.............*..*...........................................
............*...*...........................................
..........*.**..............................................
..........*...*..*..........................................
..........*.....**..........................................
............................................................
............................................................
............................................................
..................*.........................................
..........*......*.*.......**...............................
.........*......*...*.....*.................................
...............**..*....*......*............................
...............**.*.....*...*...*...........................
..........*.....**......*....*..*...........................
..........**..................*.*...........................
...........****..............***............................
.............**.............................................
..............*.............................................
............................................................
............................................................
............................................................
............................................................
............................................................
............................................................
............................................................
............................................................
............................................................
............................................................
............................................................
............................................................
............................................................
............................................................
............................................................
............................................................

Generation = 75, Population = 57.
............................................................
............................................................
............................................................
..............*.............................................
.............**.............................................
.............*..............................................
.................**.........................................
.................***........................................
...............*..*.........................................
................**..........................................
............................................................
............................................................
............................................................
.................**.........................................
................*.*.....****................................
..................*....***..*...............................
............*........**......*..............................
............*.*......*..**...*.*............................
...............*.....****.*****.............................
...............***..............*...........................
...............***..........................................
............................*...............................
.............................*.*............................
............................................................
............................................................
............................................................
............................................................
............................................................
............................................................
............................................................
............................................................
............................................................
............................................................
............................................................
............................................................
............................................................
............................................................
............................................................
............................................................
............................................................

Generation = 100, Population = 72.
............................................................
............................................................
............................................................
.............**.............................................
............*..*............................................
.............**.............................................
............................................................
............................................................
............................................................
............................................................
............................................................
...................*...**...................................
..................*.*..*.*..................................
...................*...*..*.................................
............................................................
..................**....*.*.................................
.................****.......................................
................***.**.**...................................
................**...*.***..................................
...............***.....*..*.................................
.............*****.*******..................................
.............***.********...................................
................**.*****....................................
............................................................
............................................................
............................................................
............................................................
............................................................
............................................................
............................................................
............................................................
............................................................
............................................................
............................................................
............................................................
............................................................
............................................................
............................................................
............................................................
............................................................

Generation = 125, Population = 66.
............................................................
............................................................
............................................................
.............**.............................................
............*..*............................................
.............**.............................................
.........................*..................................
........................**..................................
......................**..*.................................
.....................*...*..................................
.....................**.**..................................
.....................*..*..*................................
.........................**.*...............................
............................**..............................
.........................**.*...............................
..............**..*.......*.................................
..............****..*.......................................
.....................*......................................
.................*..**......................................
............................................................
....................******..................................
................*...*.*.**..................................
................*.......**..................................
................*....*...*.*................................
....................*.*...*.................................
....................*.*.....................................
.....................*......................................
............................................................
............................................................
............................................................
............................................................
............................................................
............................................................
............................................................
............................................................
............................................................
............................................................
............................................................
............................................................
............................................................

Generation = 150, Population = 95.
............................................................
........................*...................................
........................**..................................
.............**.......*...**................................
............*..*....*....*..................................
.............**.....*....*..................................
...................*....*..*................................
...................*....*..*................................
...................**......**...............................
......................**.***................................
........................****................................
..........................*.................................
............................................................
................**.......*...*.***..........................
...............*..*....*.*..***.............................
................*.*...***.*.................................
.................*...*......................................
..................*.*.....*.................................
..................**....**..................................
.................*..........................................
..................*....*....................................
...................****.....................................
.....................*......................................
........................***.................................
.........................**.................................
......................*.....................................
..........................*.................................
..................*...**.*..................................
.................*.*....*...................................
................*...........................................
.................*...*......................................
.................*...*......................................
..................*...*.....................................
...................*........................................
............................................................
............................................................
............................................................
............................................................
............................................................
............................................................

Generation = 175, Population = 64.
.......................*....................................
...............*......*.*...................................
..............*.*....*..*...................................
.............*..*.....**....................................
..............****..........................................
...............*...*........................................
.........................*..................................
................*..*....*.*.................................
.................*......*..*................................
...................*.*...**.................................
...................*.*......................................
....................*.......................................
............................................................
.................*..........................................
.................*..............*...........................
.........................****...*...........................
.......................**....*..*...........................
.....................***.*..*...............................
......................*.****................................
.......................*....................................
............................................................
............................................................
............................................................
............................................................
.....................**.....................................
.....................**.....................................
............................................................
............................................................
............................................................
............................................................
............................................................
.................**.........................................
.................**.........................................
............................................................
............................................................
............................................................
............................................................
............................................................
............................................................
............................................................

Generation = 200, Population = 83.
.......................***..................................
...........*..........*...*.................................
..........***...***........*................................
.........**.**..***..***....................................
..........***..*......**.***................................
...........*...........**...................................
.......................***..*...............................
............................................................
............................................................
............................................................
............................................................
............................................................
............................................................
............................................................
.............................*..............................
..............................**............................
........................****.*......*.......................
.......................****.**.....**.......................
......................****..*.....*..*......................
.......................**.........*.*.......................
........................****.......**.......................
.........................**.................................
............................................................
............................................................
.....................**.....................................
.....................**.....................................
............................................................
............................................................
............................................................
............................................................
............................................................
.................**.........................................
.................**.........................................
............................................................
............................................................
............................................................
............................................................
............................................................
............................................................
............................................................

Generation = 225, Population = 88.
.................................**.........................
................................**.*........................
........*.......................**.**.......................
........*...........**.***.....**.**........................
........*...........**..**......*.*.........................
...........*.............*.......*..........................
..........*.*...............***.............................
...........*................................................
............................................................
............................................................
............................................................
............................................................
............................................................
............................................................
............................................................
...............................***..........................
....................*..........**.**........................
...................*.*......................................
..................*..*.....**..**..*........................
...................**.....***..*.**.........................
...........................*..**............................
..............................**............................
..............................**............................
..................................*.........................
.....................**...........**........................
.....................**..........*.*........................
..................................**........................
...................................*.*......................
......................................*.....................
....................................**......................
............................................................
.................**.........................................
.................**.........................................
............................................................
............................................................
............................................................
............................................................
............................................................
............................................................
............................................................

Generation = 250, Population = 92.
............................................................
....................................***.....................
...................................*...**...................
.......***..........................****.*..................
..........................*****.......*..*..................
...........*..............**..........*..*..................
..........*.*.........................*.*...................
...........*...........................*....................
..........................*....*..*.........................
...........................***...***........................
................................*..**.......................
................................**.**.......................
...............................***..........................
................................**.*........................
.................................*..*.......................
.................................*..........................
....................*.............*.*.......................
...................*.*.............*........................
..................*..*......................................
...................**.......................................
............................................................
............................................................
...............................**...........................
...............................**...........................
.....................**.....................................
.....................**........**...........................
...............................**...*.......................
............................................................
..................................***.......................
.................................*.**.......................
...................................**.......................
.................**.........................................
.................**.........................................
............................................................
............................................................
............................................................
............................................................
............................................................
............................................................
............................................................

Generation = 275, Population = 132.
...............................*.**.........***.............
.............................**.*.*.........*.*.............
........*..................**...*.**.....***..*.............
........*.................*..***.***............*...........
........*...................*.*..***..........***...........
...........*.............*.*.....**.........................
..........*.*........*.*.*......*...........................
...........*.........***.*.*....*...........................
......................**....*......***......................
.......................***.*.......**.*.....................
........................**.*.**....**.**....................
........................**.**...*...........................
..........................**.**.*...........................
...............................*............................
..................................**........................
..................................**........................
....................*............*..*.......................
...................*.*............**........................
..................*..*......................................
...................**.......................................
............................................................
............................................................
............................................................
............................................................
.....................**.....................................
.....................**..............*......................
....................................*.*.....................
................................**..........................
................................**..........................
................................**.....***..................
............................................................
.................**.................**......................
.................**................*..*.....................
....................................**......................
............................................................
............................................................
............................................................
............................................................
............................................................
............................................................

Generation = 300, Population = 148.
.......................................*.....*..............
......................................**.....*..............
.......................***...............**.................
.......***............*****.........**...**.................
......................**..**......****...*..*...............
...........*...............**.....**......******............
..........*.*...........****.....*.*..*....*................
...........*............***.......*.*.......***.............
.........................*........*.*........*..............
....................................*.......................
.........................**........**.*.....................
........................*.*..........*......................
...............*........*..*..*..........**.................
...............*.*.......***...**....*.*....................
...............**........*..*....*.*.*.**.*.................
...........................**.**.**.**...*..................
....................*......****.**..*.......................
...................*.*......................................
..................*..*............**........................
...................**.......................................
............................................................
............................................................
............................................................
............................................................
.....................**.....................................
.....................**.....................................
............................................................
................................**..........................
...............................*..*.....*...................
................................**......*...................
........................................*...................
.................**.................**......................
.................**................*..*.....................
....................................**......................
............................................................
............................................................
............................................................
............................................................
............................................................
............................................................

Generation = 325, Population = 114.
.............................................***............
........................................**...***............
........*...............................**...**.*...........
........*................***.........*...**.*...............
........*............................*....***...............
...........*...............................*................
..........*.*..........................**.....**............
...........*..........................***....***....*.......
......................................**....****....**......
...........................................**....*..*.......
.................................***......**..**.**.*.......
..........................................**.**...**........
..........................**...............*..*.............
..........................**................**..............
............................................................
............................................................
....................*.......................................
...................*.*......................................
..........*.......*..*......................................
........**.........**.......................................
.........**.................................................
............................................................
............................................................
............................................................
.....................**.....................................
.....................**.....................................
............................................................
................................**..........................
...............................*..*.........................
................................**.....***..................
............................................................
.................**.................**......................
.................**................*..*.....................
....................................**......................
............................................................
............................................................
............................................................
............................................................
............................................................
............................................................

Generation = 350, Population = 83.
............................................*...............
...................................*.......*................
..........................*......*..*.......*...*...........
.......***................*......*...*......**...*..........
..........................*.....*....*...........**.........
...........*.........................*......*...**..........
..........*.*.....................**..*......*..............
...........*.......................*.*......................
............................................................
..................................*.........................
..................................*.........................
..................................*.........................
..........................**................................
..........................**.....................*..........
................................................*.*.........
.................................................**.........
....................*.......................................
...................*.*......................................
..................*..*......................................
...................**.......................................
............................................................
............................................................
............................................................
............................................................
...*.................**.....................................
..*..................**.....................................
..***.......................................................
................................**..........................
...............................*..*.....*...................
................................**......*...................
........................................*...................
.................**.................**......................
.................**................*..*.....................
....................................**......................
............................................................
............................................................
............................................................
............................................................
............................................................
............................................................

Generation = 375, Population = 92.
....................................**......................
...................................*..*.....................
........*..........................*..*.....................
........*................***........**......................
........*...................................................
...........*...................................*****........
..........*.*........................**.......******........
...........*.........................**.....................
...............................................*****........
...................................................**.......
.................................................*..**......
............................................................
..........................**...................*...*........
..........................**..................*....*........
..............................................*....*........
...............................................*...*........
....................*...........................***.........
...................*.*......................................
..................*..*......................................
...................**.......................................
............................................................
............................................................
............................................................
............................................................
.....................**.....................................
.....................**.....................................
............................................................
................................**..........................
**.............................*..*.........................
**..............................**.....***..................
............................................................
.................**.................**......................
.................**................*..*.....................
....................................**......................
............................................................
............................................................
............................................................
............................................................
............................................................
............................................................

Generation = 400, Population = 84.
....................................**......................
...................................*..*.....................
..........................*........*..*.........**..........
.......***................*.........**.........*............
..........................*....................*....*.......
...........*....................................*....**.....
..........*.*........................**...........**.**.....
...........*.........................**.......*.....**......
..............................................*.............
.............................................*.*............
..............................................*.............
..............................................*.............
..........................**................................
..........................**................................
..............................................**............
..............................................**............
....................*.......................................
...................*.*......................................
..................*..*......................................
...................**.......................................
............................................................
............................................................
............................................................
............................................................
.....................**.....................................
.....................**.....................................
............................................................
................................**..........................
**.............................*..*.....*...................
**..............................**......*...................
........................................*...................
.................**.................**......................
.................**................*..*.....................
....................................**......................
............................................................
............................................................
............................................................
............................................................
............................................................
............................................................

Generation = 425, Population = 87.
....................................**......................
...................................*..*.....................
........*..........................*..*..........*..........
........*................***........**..........***.........
........*..........................................*........
...........*..............................*.*......*........
..........*.*........................**...*.*.*..*..*.......
...........*.........................**...***...*.*.**......
.....................................................*......
...................................................***......
...............................................*............
...............................................**...........
..........................**................................
..........................**................................
............................................................
............................................................
....................*.......................................
...................*.*......................................
..................*..*......................................
...................**.......................................
............................................................
............................................................
............................................................
............................................................
.....................**.....................................
.....................**.....................................
............................................................
................................**..........................
**.............................*..*.........................
**..............................**.....***..................
............................................................
.................**.................**......................
.................**................*..*.....................
....................................**......................
............................................................
............................................................
............................................................
............................................................
............................................................
............................................................

Generation = 450, Population = 117.
............................................*...............
...................................***....*.................
..........................*........*.....*...*..............
.......***................*........***....*.......**........
..........................*........................**.......
...........*............................*****...............
..........*.*..........................*******.*............
...........*..........................*.......*.*...........
......................................*.*.***...**..........
.......................................*....*....*...***....
........................................*..*.***.....*.*....
..........................................*.................
..........................**..........*.**........**..*.....
..........................**..........*.*.........**...**...
.................................................*..*.......
..................................................**........
....................*.......................................
...................*.*......................................
..................*..*......................................
...................**.......................................
............................................................
............................................................
............................................................
............................................................
.....................**.....................................
.....................**.....................................
............................................................
................................**..........................
**.............................*..*.....*...................
**..............................**......*...................
........................................*...................
.................**.................**......................
.................**................*..*.....................
....................................**......................
............................................................
............................................................
............................................................
............................................................
............................................................
............................................................

Generation = 475, Population = 103.
............................................................
............................................................
........*.....................**.***.............**.........
........*..................*.***.****............*.*........
........*..................*.*........*..........***........
...........*...............*.....*....*..........*..........
..........*.*...............*..*.*.**............***........
...........*................*.**...*.................*......
...............................****.......***....*...*......
................................***.........................
............................................................
..................................................*.*.......
..........................**.........................*......
..........................**.......................**.......
...................................................*........
............................................................
....................*.......................................
...................*.*......................................
..................*..*......................................
...................**.......................................
............................................................
............................................................
............................................................
............................................................
.....................**.....................................
.....................**.....................................
............................................................
................................**..........................
**.............................*..*.........................
**..............................**.....***..................
............................................................
.................**.................**......................
.................**................*..*.....................
....................................**......................
............................................................
............................................................
............................................................
............................................................
............................................................
............................................................

Generation = 500, Population = 67.
............................................................
............................................................
............................**..............................
.......***.................*..*.............................
...........................*.*..............................
...........*................*...............................
..........*.*...............................................
...........*...............................*................
................................**.........*................
...............................*.*.........*................
...............................*............................
..............................**............................
..........................**........................*.......
..........................**.......................*.*......
...................................................**.......
............................................................
....................*.......................................
...................*.*......................................
..................*..*......................................
...................**.......................................
............................................................
............................................................
............................................................
............................................................
.....................**.....................................
.....................**.....................................
............................................................
................................**..........................
**.............................*..*.....*...................
**..............................**......*...................
........................................*...................
.................**.................**......................
.................**................*..*.....................
....................................**......................
............................................................
............................................................
............................................................
............................................................
............................................................
............................................................
