*** Life<Cell> 50x50 ***

Generation = 0, Population = 30.
--------------------------------------------------
--------------------------------------------------
--------------------------------------------------
--------------------------------------------------
--------------------------------------------------
--------------------------------------------------
--------------------------------------------------
--------------------------------------------------
--------------------------------------------------
--------------------------------------------------
--------------------------------------------------
--------------------------------------------------
--------------------------------------------------
--------------------------------------------------
--------------------------------------------------
--------------------------------------------------
--------------------------------------------------
--------------------------------------------------
--------------------------------------------------
--------------------------------------------------
----------------------0-0-0-----------------------
----------------------0-0-0-----------------------
----------------------0-0-0-----------------------
----------------------0-0-0-----------------------
----------------------0-0-0-----------------------
----------------------0-0-0-----------------------
----------------------0-0-0-----------------------
----------------------0-0-0-----------------------
----------------------0-0-0-----------------------
----------------------0-0-0-----------------------
--------------------------------------------------
--------------------------------------------------
--------------------------------------------------
--------------------------------------------------
--------------------------------------------------
--------------------------------------------------
--------------------------------------------------
--------------------------------------------------
--------------------------------------------------
--------------------------------------------------
--------------------------------------------------
--------------------------------------------------
--------------------------------------------------
--------------------------------------------------
--------------------------------------------------
--------------------------------------------------
--------------------------------------------------
--------------------------------------------------
--------------------------------------------------
--------------------------------------------------

Generation = 1, Population = 32.
--------------------------------------------------
--------------------------------------------------
--------------------------------------------------
--------------------------------------------------
--------------------------------------------------
--------------------------------------------------
--------------------------------------------------
--------------------------------------------------
--------------------------------------------------
--------------------------------------------------
--------------------------------------------------
--------------------------------------------------
--------------------------------------------------
--------------------------------------------------
--------------------------------------------------
--------------------------------------------------
--------------------------------------------------
--------------------------------------------------
--------------------------------------------------
----------------------0-0-0-----------------------
---------------------01-1-10----------------------
---------------------0-----0----------------------
---------------------0-----0----------------------
---------------------0-----0----------------------
---------------------0-----0----------------------
---------------------0-----0----------------------
---------------------0-----0----------------------
---------------------0-----0----------------------
---------------------0-----0----------------------
---------------------01-1-10----------------------
----------------------0-0-0-----------------------
--------------------------------------------------
--------------------------------------------------
--------------------------------------------------
--------------------------------------------------
--------------------------------------------------
--------------------------------------------------
--------------------------------------------------
--------------------------------------------------
--------------------------------------------------
--------------------------------------------------
--------------------------------------------------
--------------------------------------------------
--------------------------------------------------
--------------------------------------------------
--------------------------------------------------
--------------------------------------------------
--------------------------------------------------
--------------------------------------------------
--------------------------------------------------

Generation = 2, Population = 48.
--------------------------------------------------
--------------------------------------------------
--------------------------------------------------
--------------------------------------------------
--------------------------------------------------
--------------------------------------------------
--------------------------------------------------
--------------------------------------------------
--------------------------------------------------
--------------------------------------------------
--------------------------------------------------
--------------------------------------------------
--------------------------------------------------
--------------------------------------------------
--------------------------------------------------
--------------------------------------------------
--------------------------------------------------
--------------------------------------------------
----------------------0-0-0-----------------------
----------------------1-1-1-----------------------
--------------------0---*---0---------------------
--------------------0---0---0---------------------
--------------------0-0---0-0---------------------
--------------------0-0---0-0---------------------
--------------------0-0---0-0---------------------
--------------------0-0---0-0---------------------
--------------------0-0---0-0---------------------
--------------------0-0---0-0---------------------
--------------------0---0---0---------------------
--------------------0---*---0---------------------
----------------------1-1-1-----------------------
----------------------0-0-0-----------------------
--------------------------------------------------
--------------------------------------------------
--------------------------------------------------
--------------------------------------------------
--------------------------------------------------
--------------------------------------------------
--------------------------------------------------
--------------------------------------------------
--------------------------------------------------
--------------------------------------------------
--------------------------------------------------
--------------------------------------------------
--------------------------------------------------
--------------------------------------------------
--------------------------------------------------
--------------------------------------------------
--------------------------------------------------
--------------------------------------------------

Generation = 3, Population = 98.
--------------------------------------------------
--------------------------------------------------
--------------------------------------------------
--------------------------------------------------
--------------------------------------------------
--------------------------------------------------
--------------------------------------------------
--------------------------------------------------
--------------------------------------------------
--------------------------------------------------
--------------------------------------------------
--------------------------------------------------
--------------------------------------------------
--------------------------------------------------
--------------------------------------------------
--------------------------------------------------
--------------------------------------------------
----------------------0-0-0-----------------------
---------------------01-1-10----------------------
--------------------00*---*00---------------------
-------------------01010*01010--------------------
-------------------0-0001000-0--------------------
-------------------0--10001--0--------------------
-------------------0---0-0---0--------------------
-------------------0---0-0---0--------------------
-------------------0---0-0---0--------------------
-------------------0---0-0---0--------------------
-------------------0--10001--0--------------------
-------------------0-0001000-0--------------------
-------------------01010*01010--------------------
--------------------00*---*00---------------------
---------------------01-1-10----------------------
----------------------0-0-0-----------------------
--------------------------------------------------
--------------------------------------------------
--------------------------------------------------
--------------------------------------------------
--------------------------------------------------
--------------------------------------------------
--------------------------------------------------
--------------------------------------------------
--------------------------------------------------
--------------------------------------------------
--------------------------------------------------
--------------------------------------------------
--------------------------------------------------
--------------------------------------------------
--------------------------------------------------
--------------------------------------------------
--------------------------------------------------

Generation = 4, Population = 70.
--------------------------------------------------
--------------------------------------------------
--------------------------------------------------
--------------------------------------------------
--------------------------------------------------
--------------------------------------------------
--------------------------------------------------
--------------------------------------------------
--------------------------------------------------
--------------------------------------------------
--------------------------------------------------
--------------------------------------------------
--------------------------------------------------
--------------------------------------------------
--------------------------------------------------
--------------------------------------------------
----------------------0-0-0-----------------------
----------------------1-1-1-----------------------
----------------------*-*-*-----------------------
----------------------.---.-----------------------
------------------0-*--1.1--*-0-------------------
------------------0-0-------0-0-------------------
------------------0-0---1---0-0-------------------
------------------0-0---0---0-0-------------------
------------------0-0-0---0-0-0-------------------
------------------0-0-0---0-0-0-------------------
------------------0-0---0---0-0-------------------
------------------0-0---1---0-0-------------------
------------------0-0-------0-0-------------------
------------------0-*--1.1--*-0-------------------
----------------------.---.-----------------------
----------------------*-*-*-----------------------
----------------------1-1-1-----------------------
----------------------0-0-0-----------------------
--------------------------------------------------
--------------------------------------------------
--------------------------------------------------
--------------------------------------------------
--------------------------------------------------
--------------------------------------------------
--------------------------------------------------
--------------------------------------------------
--------------------------------------------------
--------------------------------------------------
--------------------------------------------------
--------------------------------------------------
--------------------------------------------------
--------------------------------------------------
--------------------------------------------------
--------------------------------------------------

Generation = 5, Population = 114.
--------------------------------------------------
--------------------------------------------------
--------------------------------------------------
--------------------------------------------------
--------------------------------------------------
--------------------------------------------------
--------------------------------------------------
--------------------------------------------------
--------------------------------------------------
--------------------------------------------------
--------------------------------------------------
--------------------------------------------------
--------------------------------------------------
--------------------------------------------------
--------------------------------------------------
----------------------0-0-0-----------------------
---------------------01-1-10----------------------
---------------------0-----0----------------------
---------------------0.-.-.0----------------------
------------------0-0-.010.-0-0-------------------
-----------------01-.01-.-10.-10------------------
-----------------0---0-010-0---0------------------
-----------------0---0-0*0-0---0------------------
-----------------0---0001000---0------------------
-----------------0----10001----0------------------
-----------------0----10001----0------------------
-----------------0---0001000---0------------------
-----------------0---0-0*0-0---0------------------
-----------------0---0-010-0---0------------------
-----------------01-.01-.-10.-10------------------
------------------0-0-.010.-0-0-------------------
---------------------0.-.-.0----------------------
---------------------0-----0----------------------
---------------------01-1-10----------------------
----------------------0-0-0-----------------------
--------------------------------------------------
--------------------------------------------------
--------------------------------------------------
--------------------------------------------------
--------------------------------------------------
--------------------------------------------------
--------------------------------------------------
--------------------------------------------------
--------------------------------------------------
--------------------------------------------------
--------------------------------------------------
--------------------------------------------------
--------------------------------------------------
--------------------------------------------------
--------------------------------------------------

Generation = 6, Population = 136.
--------------------------------------------------
--------------------------------------------------
--------------------------------------------------
--------------------------------------------------
--------------------------------------------------
--------------------------------------------------
--------------------------------------------------
--------------------------------------------------
--------------------------------------------------
--------------------------------------------------
--------------------------------------------------
--------------------------------------------------
--------------------------------------------------
--------------------------------------------------
----------------------0-0-0-----------------------
----------------------1-1-1-----------------------
--------------------0---*---0---------------------
--------------------0---1---0---------------------
------------------0--1*0*0*1--0-------------------
------------------1--0.1-1.0--1-------------------
----------------0--0*-*1.1*-*0--0-----------------
----------------0---0-0-*-0-0---0-----------------
----------------0-0-0-11.11-0-0-0-----------------
----------------0-0-0-1---1-0-0-0-----------------
----------------0-0---*---*---0-0-----------------
----------------0-0---*---*---0-0-----------------
----------------0-0-0-1---1-0-0-0-----------------
----------------0-0-0-11.11-0-0-0-----------------
----------------0---0-0-*-0-0---0-----------------
----------------0--0*-*1.1*-*0--0-----------------
------------------1--0.1-1.0--1-------------------
------------------0--1*0*0*1--0-------------------
--------------------0---1---0---------------------
--------------------0---*---0---------------------
----------------------1-1-1-----------------------
----------------------0-0-0-----------------------
--------------------------------------------------
--------------------------------------------------
--------------------------------------------------
--------------------------------------------------
--------------------------------------------------
--------------------------------------------------
--------------------------------------------------
--------------------------------------------------
--------------------------------------------------
--------------------------------------------------
--------------------------------------------------
--------------------------------------------------
--------------------------------------------------
--------------------------------------------------

Generation = 7, Population = 186.
--------------------------------------------------
--------------------------------------------------
--------------------------------------------------
--------------------------------------------------
--------------------------------------------------
--------------------------------------------------
--------------------------------------------------
--------------------------------------------------
--------------------------------------------------
--------------------------------------------------
--------------------------------------------------
--------------------------------------------------
--------------------------------------------------
----------------------0-0-0-----------------------
---------------------01-1-10----------------------
--------------------00*---*00---------------------
-------------------01010*01010--------------------
------------------001-1---1-100-------------------
-----------------010--.1.1.--010------------------
----------------00*--1.-1-.1--*00-----------------
---------------010-1*0.-.-.0*1-010----------------
---------------0-00-----.-----00-0----------------
---------------0--1---*****---1--0----------------
---------------0----1-------1----0----------------
---------------0---000*0-0*000---0----------------
---------------0---000*0-0*000---0----------------
---------------0----1-------1----0----------------
---------------0--1---*****---1--0----------------
---------------0-00-----.-----00-0----------------
---------------010-1*0.-.-.0*1-010----------------
----------------00*--1.-1-.1--*00-----------------
-----------------010--.1.1.--010------------------
------------------001-1---1-100-------------------
-------------------01010*01010--------------------
--------------------00*---*00---------------------
---------------------01-1-10----------------------
----------------------0-0-0-----------------------
--------------------------------------------------
--------------------------------------------------
--------------------------------------------------
--------------------------------------------------
--------------------------------------------------
--------------------------------------------------
--------------------------------------------------
--------------------------------------------------
--------------------------------------------------
--------------------------------------------------
--------------------------------------------------
--------------------------------------------------
--------------------------------------------------

Generation = 8, Population = 170.
--------------------------------------------------
--------------------------------------------------
--------------------------------------------------
--------------------------------------------------
--------------------------------------------------
--------------------------------------------------
--------------------------------------------------
--------------------------------------------------
--------------------------------------------------
--------------------------------------------------
--------------------------------------------------
--------------------------------------------------
----------------------0-0-0-----------------------
----------------------1-1-1-----------------------
----------------------*-*-*-----------------------
----------------------.---.-----------------------
---------------------1--*--1----------------------
---------------------0*010*0----------------------
---------------------1*-*-*1----------------------
------------------.0-**---**-0.-------------------
--------------0-*1-**-.-.-.-**-1*-0---------------
--------------0-0---0000*0000---0-0---------------
--------------0-0-*000.***.000*-0-0---------------
--------------0-0-0-*---1---*-0-0-0---------------
--------------0-0-0--1.---.1--0-0-0---------------
--------------0-0-0--1.---.1--0-0-0---------------
--------------0-0-0-*---1---*-0-0-0---------------
--------------0-0-*000.***.000*-0-0---------------
--------------0-0---0000*0000---0-0---------------
--------------0-*1-**-.-.-.-**-1*-0---------------
------------------.0-**---**-0.-------------------
---------------------1*-*-*1----------------------
---------------------0*010*0----------------------
---------------------1--*--1----------------------
----------------------.---.-----------------------
----------------------*-*-*-----------------------
----------------------1-1-1-----------------------
----------------------0-0-0-----------------------
--------------------------------------------------
--------------------------------------------------
--------------------------------------------------
--------------------------------------------------
--------------------------------------------------
--------------------------------------------------
--------------------------------------------------
--------------------------------------------------
--------------------------------------------------
--------------------------------------------------
--------------------------------------------------
--------------------------------------------------

Generation = 9, Population = 188.
--------------------------------------------------
--------------------------------------------------
--------------------------------------------------
--------------------------------------------------
--------------------------------------------------
--------------------------------------------------
--------------------------------------------------
--------------------------------------------------
--------------------------------------------------
--------------------------------------------------
--------------------------------------------------
----------------------0-0-0-----------------------
---------------------01-1-10----------------------
---------------------0-----0----------------------
---------------------0.-.-.0----------------------
---------------------0.---.0----------------------
--------------------1*--*--*1---------------------
--------------------11.---.11---------------------
-------------------00*.1*1.*00--------------------
--------------0-00*10.*111*.01*00-0---------------
-------------01-**-*.0.1*1.0.*-**-10--------------
-------------0----0011-1.1-1100----0--------------
-------------0----*---.....---*----0--------------
-------------0-----0.0--*--0.0-----0--------------
-------------0-----0-*.-0-.*-0-----0--------------
-------------0-----0-*.-0-.*-0-----0--------------
-------------0-----0.0--*--0.0-----0--------------
-------------0----*---.....---*----0--------------
-------------0----0011-1.1-1100----0--------------
-------------01-**-*.0.1*1.0.*-**-10--------------
--------------0-00*10.*111*.01*00-0---------------
-------------------00*.1*1.*00--------------------
--------------------11.---.11---------------------
--------------------1*--*--*1---------------------
---------------------0.---.0----------------------
---------------------0.-.-.0----------------------
---------------------0-----0----------------------
---------------------01-1-10----------------------
----------------------0-0-0-----------------------
--------------------------------------------------
--------------------------------------------------
--------------------------------------------------
--------------------------------------------------
--------------------------------------------------
--------------------------------------------------
--------------------------------------------------
--------------------------------------------------
--------------------------------------------------
--------------------------------------------------
--------------------------------------------------

Generation = 10, Population = 192.
--------------------------------------------------
--------------------------------------------------
--------------------------------------------------
--------------------------------------------------
--------------------------------------------------
--------------------------------------------------
--------------------------------------------------
--------------------------------------------------
--------------------------------------------------
--------------------------------------------------
----------------------0-0-0-----------------------
----------------------1-1-1-----------------------
--------------------0---*---0---------------------
--------------------0---1---0---------------------
--------------------0-*-.-*-0---------------------
----------------------*-1-*-----------------------
-------------------0-.10.01.-0--------------------
--------------------**.0-0.**---------------------
--------------0-00---..-.-..---00-0---------------
--------------1--1.--..---..--.1--1---------------
------------0---*.-..1.*.*.1..-.*---0-------------
------------0---0--1---*.*---1--0---0-------------
------------0-0--0*00-*.*.*-00*0--0-0-------------
------------0-0----1.110.011.1----0-0-------------
------------0-0---0--**0-0**--0---0-0-------------
------------0-0---0--**0-0**--0---0-0-------------
------------0-0----1.110.011.1----0-0-------------
------------0-0--0*00-*.*.*-00*0--0-0-------------
------------0---0--1---*.*---1--0---0-------------
------------0---*.-..1.*.*.1..-.*---0-------------
--------------1--1.--..---..--.1--1---------------
--------------0-00---..-.-..---00-0---------------
--------------------**.0-0.**---------------------
-------------------0-.10.01.-0--------------------
----------------------*-1-*-----------------------
--------------------0-*-.-*-0---------------------
--------------------0---1---0---------------------
--------------------0---*---0---------------------
----------------------1-1-1-----------------------
----------------------0-0-0-----------------------
--------------------------------------------------
--------------------------------------------------
--------------------------------------------------
--------------------------------------------------
--------------------------------------------------
--------------------------------------------------
--------------------------------------------------
--------------------------------------------------
--------------------------------------------------
--------------------------------------------------

Generation = 11, Population = 312.
--------------------------------------------------
--------------------------------------------------
--------------------------------------------------
--------------------------------------------------
--------------------------------------------------
--------------------------------------------------
--------------------------------------------------
--------------------------------------------------
--------------------------------------------------
----------------------0-0-0-----------------------
---------------------01-1-10----------------------
--------------------00*---*00---------------------
-------------------01010*01010--------------------
-------------------0-010*010-0--------------------
-------------------01-.0.0.-10--------------------
-------------------000*0-0*000--------------------
------------------0--.--.--.--0-------------------
--------------0-00--**.1-1.**--00-0---------------
-------------01-1-1-0..1.1..0-1-1-10--------------
------------00*00*.--..1-1..--.*00*00-------------
-----------01010**-..-*...*-..-**01010------------
-----------0-0001--*-1-*.*-1-*--1000-0------------
-----------0--10-1.-10.....01-.1-01--0------------
-----------0---0-00*.---.---.*00-0---0------------
-----------0---0-01-0..1-1..0-10-0---0------------
-----------0---0-01-0..1-1..0-10-0---0------------
-----------0---0-00*.---.---.*00-0---0------------
-----------0--10-1.-10.....01-.1-01--0------------
-----------0-0001--*-1-*.*-1-*--1000-0------------
-----------01010**-..-*...*-..-**01010------------
------------00*00*.--..1-1..--.*00*00-------------
-------------01-1-1-0..1.1..0-1-1-10--------------
--------------0-00--**.1-1.**--00-0---------------
------------------0--.--.--.--0-------------------
-------------------000*0-0*000--------------------
-------------------01-.0.0.-10--------------------
-------------------0-010*010-0--------------------
-------------------01010*01010--------------------
--------------------00*---*00---------------------
---------------------01-1-10----------------------
----------------------0-0-0-----------------------
--------------------------------------------------
--------------------------------------------------
--------------------------------------------------
--------------------------------------------------
--------------------------------------------------
--------------------------------------------------
--------------------------------------------------
--------------------------------------------------
--------------------------------------------------

Generation = 12, Population = 274.
--------------------------------------------------
--------------------------------------------------
--------------------------------------------------
--------------------------------------------------
--------------------------------------------------
--------------------------------------------------
--------------------------------------------------
--------------------------------------------------
----------------------0-0-0-----------------------
----------------------1-1-1-----------------------
----------------------*-*-*-----------------------
----------------------.---.-----------------------
------------------0-*--1.1--*-0-------------------
------------------0---*-.-*---0-------------------
------------------01-0.-.-.0-10-------------------
--------------------1-*---*-1---------------------
--------------0-0----.1-.-1.----0-0---------------
--------------1--100****-****001--1---------------
--------------*0----1*.-.-.*1----0*---------------
--------------.1-.*-0.**-**.0-*.-1.---------------
----------0-*---..1..-**.**-..1..---*-0-----------
----------0-0----00.1*0...0*1.00----0-0-----------
----------0-0--10*.0*-*...*-*0.*01--0-0-----------
----------0-0----11..1-0.0-1..11----0-0-----------
----------0-0-0--1*01..*-*..10*1--0-0-0-----------
----------0-0-0--1*01..*-*..10*1--0-0-0-----------
----------0-0----11..1-0.0-1..11----0-0-----------
----------0-0--10*.0*-*...*-*0.*01--0-0-----------
----------0-0----00.1*0...0*1.00----0-0-----------
----------0-*---..1..-**.**-..1..---*-0-----------
--------------.1-.*-0.**-**.0-*.-1.---------------
--------------*0----1*.-.-.*1----0*---------------
--------------1--100****-****001--1---------------
--------------0-0----.1-.-1.----0-0---------------
--------------------1-*---*-1---------------------
------------------01-0.-.-.0-10-------------------
------------------0---*-.-*---0-------------------
------------------0-*--1.1--*-0-------------------
----------------------.---.-----------------------
----------------------*-*-*-----------------------
----------------------1-1-1-----------------------
----------------------0-0-0-----------------------
--------------------------------------------------
--------------------------------------------------
--------------------------------------------------
--------------------------------------------------
--------------------------------------------------
--------------------------------------------------
--------------------------------------------------
--------------------------------------------------

Generation = 13, Population = 298.
--------------------------------------------------
--------------------------------------------------
--------------------------------------------------
--------------------------------------------------
--------------------------------------------------
--------------------------------------------------
--------------------------------------------------
----------------------0-0-0-----------------------
---------------------01-1-10----------------------
---------------------0-----0----------------------
---------------------0.-.-.0----------------------
------------------0-0-.010.-0-0-------------------
-----------------01-.0--.--0.-10------------------
-----------------0--0-*-.-*-0--0------------------
-----------------0-*1-*-.-*-1*-0------------------
--------------0-0-0--0*0-0*0--0-0-0---------------
-------------01---00-.--.--.-00---10--------------
-------------0---*--...*-*...--*---0--------------
-------------0*-10--*..-.-..*--01-*0--------------
----------0-0-**0..-1..*-*..1-..0**-0-0-----------
---------01-.0-0..-.*-.....-*.-..0-0.-10----------
---------0---0-0---.-.1...1.-.---0-0---0----------
---------0---01*-..1.-.*.*.-.1..-*10---0----------
---------0---000-*-..-11.11-..-*-000---0----------
---------0----100*.1-*.*-*.*-1.*001----0----------
---------0----100*.1-*.*-*.*-1.*001----0----------
---------0---000-*-..-11.11-..-*-000---0----------
---------0---01*-..1.-.*.*.-.1..-*10---0----------
---------0---0-0---.-.1...1.-.---0-0---0----------
---------01-.0-0..-.*-.....-*.-..0-0.-10----------
----------0-0-**0..-1..*-*..1-..0**-0-0-----------
-------------0*-10--*..-.-..*--01-*0--------------
-------------0---*--...*-*...--*---0--------------
-------------01---00-.--.--.-00---10--------------
--------------0-0-0--0*0-0*0--0-0-0---------------
-----------------0-*1-*-.-*-1*-0------------------
-----------------0--0-*-.-*-0--0------------------
-----------------01-.0--.--0.-10------------------
------------------0-0-.010.-0-0-------------------
---------------------0.-.-.0----------------------
---------------------0-----0----------------------
---------------------01-1-10----------------------
----------------------0-0-0-----------------------
--------------------------------------------------
--------------------------------------------------
--------------------------------------------------
--------------------------------------------------
--------------------------------------------------
--------------------------------------------------
--------------------------------------------------

Generation = 14, Population = 356.
--------------------------------------------------
--------------------------------------------------
--------------------------------------------------
--------------------------------------------------
--------------------------------------------------
--------------------------------------------------
----------------------0-0-0-----------------------
----------------------1-1-1-----------------------
--------------------0---*---0---------------------
--------------------0---1---0---------------------
------------------0--1*0*0*1--0-------------------
------------------1--0*1-1*0--1-------------------
----------------0--0*--1*1--*0--0-----------------
----------------0---10*0.0*01---0-----------------
--------------0--10*-0.-.-.0-*01--0---------------
--------------1--010-1*1-1*1-010--1---------------
------------0--00--11.1-.-1.11--00--0-------------
------------0-1--*-0....-....0-*--1-0-------------
----------0---.0--10...-.-...01--0.---0-----------
----------1---..-*.1-*..-..*-1.*-..---1-----------
--------0--0*11-..-..1.....1..-..-11*0--0---------
--------0---0-0-1--.1.-...-.1.--1-0-0---0---------
--------0-0-01*.0..-.-.*.*.-.-..0.*10-0-0---------
--------0-0-0--10*1.*-**.**-*.1*01--0-0-0---------
--------0-0---*-1..*-*.*-*.*-*..1-*---0-0---------
--------0-0---*-1..*-*.*-*.*-*..1-*---0-0---------
--------0-0-0--10*1.*-**.**-*.1*01--0-0-0---------
--------0-0-01*.0..-.-.*.*.-.-..0.*10-0-0---------
--------0---0-0-1--.1.-...-.1.--1-0-0---0---------
--------0--0*11-..-..1.....1..-..-11*0--0---------
----------1---..-*.1-*..-..*-1.*-..---1-----------
----------0---.0--10...-.-...01--0.---0-----------
------------0-1--*-0....-....0-*--1-0-------------
------------0--00--11.1-.-1.11--00--0-------------
--------------1--010-1*1-1*1-010--1---------------
--------------0--10*-0.-.-.0-*01--0---------------
----------------0---10*0.0*01---0-----------------
----------------0--0*--1*1--*0--0-----------------
------------------1--0*1-1*0--1-------------------
------------------0--1*0*0*1--0-------------------
--------------------0---1---0---------------------
--------------------0---*---0---------------------
----------------------1-1-1-----------------------
----------------------0-0-0-----------------------
--------------------------------------------------
--------------------------------------------------
--------------------------------------------------
--------------------------------------------------
--------------------------------------------------
--------------------------------------------------

Generation = 15, Population = 474.
--------------------------------------------------
--------------------------------------------------
--------------------------------------------------
--------------------------------------------------
--------------------------------------------------
----------------------0-0-0-----------------------
---------------------01-1-10----------------------
--------------------00*---*00---------------------
-------------------01010*01010--------------------
------------------001-1---1-100-------------------
-----------------010--.1.1.--010------------------
----------------00*---.*-*.---*00-----------------
---------------010-1.01*.*10.1-010----------------
--------------001-00-1.-.-.1-00-100---------------
-------------010--1.1-.-.-.-1.1--010--------------
------------00*---*11-.*-*.-11*---*00-------------
-----------0101110-**.*-.-*.**-0111010------------
----------001--0-*0-....-....-0*-0--100-----------
---------0100-.-10*1...-.-...1*01-.-0010----------
--------00*-00*.0..*-...-...-*..0.*00-*00---------
-------010-1*--0..-..*.....*..-..0--*1-010--------
-------0-00-----*0-.-.-...-.-.-0*-----00-0--------
-------0--1-1-*.-..-.-**.**-.-..-.*-1-1--0--------
-------0----1-0*-.***1.*.*.1***.-*0-1----0--------
-------0---000*0-..*1*.*-*.*1*..-0*000---0--------
-------0---000*0-..*1*.*-*.*1*..-0*000---0--------
-------0----1-0*-.***1.*.*.1***.-*0-1----0--------
-------0--1-1-*.-..-.-**.**-.-..-.*-1-1--0--------
-------0-00-----*0-.-.-...-.-.-0*-----00-0--------
-------010-1*--0..-..*.....*..-..0--*1-010--------
--------00*-00*.0..*-...-...-*..0.*00-*00---------
---------0100-.-10*1...-.-...1*01-.-0010----------
----------001--0-*0-....-....-0*-0--100-----------
-----------0101110-**.*-.-*.**-0111010------------
------------00*---*11-.*-*.-11*---*00-------------
-------------010--1.1-.-.-.-1.1--010--------------
--------------001-00-1.-.-.1-00-100---------------
---------------010-1.01*.*10.1-010----------------
----------------00*---.*-*.---*00-----------------
-----------------010--.1.1.--010------------------
------------------001-1---1-100-------------------
-------------------01010*01010--------------------
--------------------00*---*00---------------------
---------------------01-1-10----------------------
----------------------0-0-0-----------------------
--------------------------------------------------
--------------------------------------------------
--------------------------------------------------
--------------------------------------------------
--------------------------------------------------
