*** [3] Life<Cell> 16x16 aged squares ***

Generation = 0, Population = 20.
22------------22
32------------23
----------------
----------------
----------------
----------------
----------------
-------22-------
-------22-------
----------------
----------------
----------------
----------------
----------------
22------------22
32------------23

Generation = 1, Population = 24.
--0----------0--
--0----------0--
00------------00
----------------
----------------
----------------
-------00-------
------0--0------
------0--0------
-------00-------
----------------
----------------
----------------
00------------00
--0----------0--
--0----------0--

Generation = 2, Population = 56.
-*10--------01*-
3-10--------01-3
11------------11
00------------00
----------------
-------00-------
-------11-------
-----01--10-----
-----01--10-----
-------11-------
-------00-------
----------------
00------------00
11------------11
*-10--------01-*
-*10--------01*-

Generation = 3, Population = 56.
-**-0------0-**-
4---0------0---4
*--0--------0--*
--0----------0--
00-----00-----00
------0--0------
-----0----0-----
----0------0----
----0------0----
-----0----0-----
------0--0------
00-----00-----00
--0----------0--
*--0--------0--*
*---0------0---*
-**-0------0-**-

Generation = 4, Population = 64.
-*.-10----01-.*-
5-1-10----01-1-5
.1------------1.
-------00-------
11-----11-----11
00------------00
----------------
---01------10---
---01------10---
----------------
00------------00
11-----11-----11
-------00-------
.1------------1.
*-1-10----01-1-*
-*.-10----01-.*-

Generation = 5, Population = 78.
-*.0--0--0--0.*-
------0--0------
.---00-00-00---.
0-----0--0-----0
--0---0--0---0--
--0----00----0--
00-00------00-00
--0--0----0--0--
--0--0----0--0--
00-00------00-00
--0----00----0--
--0---0--0---0--
0-----0--0-----0
.---00-00-00---.
*-----0--0-----*
-*.0--0--0--0.*-
