*** [2] Life<Cell> 16x16 squares ***

Generation = 0, Population = 20.
00------------00
00------------00
----------------
----------------
----------------
----------------
----------------
-------00-------
-------00-------
----------------
----------------
----------------
----------------
----------------
00------------00
00------------00

Generation = 1, Population = 24.
--0----------0--
--0----------0--
00------------00
----------------
----------------
----------------
-------00-------
------0--0------
------0--0------
-------00-------
----------------
----------------
----------------
00------------00
--0----------0--
--0----------0--

Generation = 2, Population = 56.
-010--------010-
0-10--------01-0
11------------11
00------------00
----------------
-------00-------
-------11-------
-----01--10-----
-----01--10-----
-------11-------
-------00-------
----------------
00------------00
11------------11
0-10--------01-0
-010--------010-

Generation = 3, Population = 56.
-1*-0------0-*1-
1---0------0---1
*--0--------0--*
--0----------0--
00-----00-----00
------0--0------
-----0----0-----
----0------0----
----0------0----
-----0----0-----
------0--0------
00-----00-----00
--0----------0--
*--0--------0--*
1---0------0---1
-1*-0------0-*1-

Generation = 4, Population = 64.
-*.-10----01-.*-
*-1-10----01-1-*
.1------------1.
-------00-------
11-----11-----11
00------------00
----------------
---01------10---
---01------10---
----------------
00------------00
11-----11-----11
-------00-------
.1------------1.
*-1-10----01-1-*
-*.-10----01-.*-

Generation = 5, Population = 80.
-*.0--0--0--0.*-
*-----0--0-----*
.---00-00-00---.
0-----0--0-----0
--0---0--0---0--
--0----00----0--
00-00------00-00
--0--0----0--0--
--0--0----0--0--
00-00------00-00
--0----00----0--
--0---0--0---0--
0-----0--0-----0
.---00-00-00---.
*-----0--0-----*
-*.0--0--0--0.*-
