*** [3] Life<FredkinCell> 16x16 aged squares ***

Generation = 0, Population = 20.
22------------22
32------------23
----------------
----------------
----------------
----------------
----------------
-------22-------
-------22-------
----------------
----------------
----------------
----------------
----------------
22------------22
32------------23

Generation = 1, Population = 24.
--0----------0--
--0----------0--
00------------00
----------------
----------------
----------------
-------00-------
------0--0------
------0--0------
-------00-------
----------------
----------------
----------------
00------------00
--0----------0--
--0----------0--

Generation = 2, Population = 56.
-210--------012-
3-10--------01-3
11------------11
00------------00
----------------
-------00-------
-------11-------
-----01--10-----
-----01--10-----
-------11-------
-------00-------
----------------
00------------00
11------------11
2-10--------01-2
-210--------012-

Generation = 3, Population = 56.
-32-0------0-23-
4---0------0---4
2--0--------0--2
--0----------0--
00-----00-----00
------0--0------
-----0----0-----
----0------0----
----0------0----
-----0----0-----
------0--0------
00-----00-----00
--0----------0--
2--0--------0--2
3---0------0---3
-32-0------0-23-

Generation = 4, Population = 72.
-43-10----01-34-
5-1-10----01-1-5
31------------13
-------00-------
11-----11-----11
00------------00
----------------
---01------10---
---01------10---
----------------
00------------00
11-----11-----11
-------00-------
31------------13
4-1-10----01-1-4
-43-10----01-34-

Generation = 5, Population = 80.
-5----0--0----5-
6-2---0--0---2-6
-2--00-00-00--2-
------0--0------
--0---0--0---0--
--0----00----0--
00-00------00-00
--0--0----0--0--
--0--0----0--0--
00-00------00-00
--0----00----0--
--0---0--0---0--
------0--0------
-2--00-00-00--2-
5-2---0--0---2-5
-5----0--0----5-
