==2038== Memcheck, a memory error detector
==2038== Copyright (C) 2002-2011, and GNU GPL'd, by Julian Seward et al.
==2038== Using Valgrind-3.7.0 and LibVEX; rerun with -h for copyright info
==2038== Command: ./RunDarwin
==2038== 
*** Darwin 8x8 ***
Turn = 0.
  01234567
0 f.......
1 ........
2 ........
3 ...hh...
4 ...hh...
5 ........
6 ........
7 .......f

Turn = 1.
  01234567
0 f.......
1 ........
2 ...h....
3 .....h..
4 ..h.....
5 ....h...
6 ........
7 .......f

Turn = 2.
  01234567
0 f.......
1 ...h....
2 ........
3 ......h.
4 .h......
5 ........
6 ....h...
7 .......f

Turn = 3.
  01234567
0 f..h....
1 ........
2 ........
3 .......h
4 h.......
5 ........
6 ........
7 ....h..f

Turn = 4.
  01234567
0 f..h....
1 ........
2 ........
3 .......h
4 h.......
5 ........
6 ........
7 ....h..f

Turn = 5.
  01234567
0 f..h....
1 ........
2 ........
3 .......h
4 h.......
5 ........
6 ........
7 ....h..f

*** Darwin 8x8 (2) ***
Turn = 0.
  01234567
0 ........
1 .t....r.
2 ........
3 .t....r.
4 ........
5 .t....r.
6 ........
7 .t....r.

Turn = 1.
  01234567
0 ........
1 .t...r..
2 ........
3 .t...r..
4 ........
5 .t...r..
6 ........
7 .t...r..

Turn = 2.
  01234567
0 ........
1 .t..r...
2 ........
3 .t..r...
4 ........
5 .t..r...
6 ........
7 .t..r...

Turn = 3.
  01234567
0 ........
1 .t.r....
2 ........
3 .t.r....
4 ........
5 .t.r....
6 ........
7 .t.r....

Turn = 4.
  01234567
0 ........
1 .tr.....
2 ........
3 .tr.....
4 ........
5 .tr.....
6 ........
7 .tr.....

Turn = 5.
  01234567
0 ........
1 .rr.....
2 ........
3 .rr.....
4 ........
5 .tt.....
6 ........
7 .rr.....

*** Darwin 8x8 (3) ***
Turn = 0.
  01234567
0 ........
1 .r....t.
2 ........
3 .r....t.
4 ........
5 .r....t.
6 ........
7 .r....t.

Turn = 1.
  01234567
0 ........
1 ..r...t.
2 ........
3 ..r...t.
4 ........
5 ..r...t.
6 ........
7 ..r...t.

Turn = 2.
  01234567
0 ........
1 ...r..t.
2 ........
3 ...r..t.
4 ........
5 ...r..t.
6 ........
7 ...r..t.

Turn = 3.
  01234567
0 ........
1 ....r.t.
2 ........
3 ....r.t.
4 ........
5 ....r.t.
6 ........
7 ....r.t.

Turn = 4.
  01234567
0 ........
1 .....tt.
2 ........
3 .....rt.
4 ........
5 .....rt.
6 ........
7 .....rt.

*** Darwin 7x9 ***
Turn = 0.
  012345678
0 t........
1 .........
2 .........
3 ..h......
4 .........
5 ....r....
6 ........t

Turn = 1.
  012345678
0 t........
1 .........
2 .........
3 ...h.....
4 ....r....
5 .........
6 ........t

Turn = 2.
  012345678
0 t........
1 .........
2 .........
3 ....r....
4 ....r....
5 .........
6 ........t

Turn = 3.
  012345678
0 t........
1 .........
2 .........
3 ....rr...
4 .........
5 .........
6 ........t

Turn = 4.
  012345678
0 t........
1 .........
2 ....r....
3 ......r..
4 .........
5 .........
6 ........t

Turn = 5.
  012345678
0 t........
1 ....r....
2 .........
3 .......r.
4 .........
5 .........
6 ........t

*** Darwin 3x3 ***
Turn = 0.
  012
0 r..
1 ...
2 ...

Turn = 1.
  012
0 .r.
1 ...
2 ...

Turn = 2.
  012
0 ..r
1 ...
2 ...

Turn = 3.
  012
0 ..r
1 ...
2 ...

Turn = 4.
  012
0 ...
1 ..r
2 ...

Turn = 5.
  012
0 ...
1 ...
2 ..r

Turn = 6.
  012
0 ...
1 ...
2 ..r

Turn = 7.
  012
0 ...
1 ...
2 ..r

Turn = 8.
  012
0 ...
1 ...
2 ..r

Turn = 9.
  012
0 ...
1 ...
2 .r.

Turn = 10.
  012
0 ...
1 ...
2 r..

*** Darwin 3x3 (2) ***
Turn = 0.
  012
0 .f.
1 ftf
2 .f.

Turn = 1.
  012
0 .f.
1 ftt
2 .f.

Turn = 2.
  012
0 .f.
1 ftt
2 .f.

Turn = 3.
  012
0 .t.
1 ftt
2 .f.

Turn = 4.
  012
0 .t.
1 ftt
2 .f.

Turn = 5.
  012
0 .t.
1 ttt
2 .f.

Turn = 6.
  012
0 .t.
1 ttt
2 .f.

Turn = 7.
  012
0 .t.
1 ttt
2 .t.

*** Darwin 5x5 ***
Turn = 0.
  01234
0 ..h..
1 .....
2 h.t.h
3 .....
4 ..h..

Turn = 1.
  01234
0 .....
1 ..h..
2 .hth.
3 ..h..
4 .....

Turn = 2.
  01234
0 .....
1 ..t..
2 .hth.
3 ..h..
4 .....

Turn = 3.
  01234
0 .....
1 ..t..
2 .hth.
3 ..h..
4 .....

Turn = 4.
  01234
0 .....
1 ..t..
2 .tth.
3 ..h..
4 .....

Turn = 5.
  01234
0 .....
1 ..t..
2 .tth.
3 ..h..
4 .....

Turn = 6.
  01234
0 .....
1 ..t..
2 .tth.
3 ..t..
4 .....

Turn = 7.
  01234
0 .....
1 ..t..
2 .tth.
3 ..t..
4 .....

Turn = 8.
  01234
0 .....
1 ..t..
2 .ttt.
3 ..t..
4 .....

*** Darwin 10x10 ***
Turn = 0.
  0123456789
0 h....hhhhh
1 h.........
2 h.........
3 h.........
4 h.........
5 ..........
6 ..........
7 ..........
8 ..........
9 ..........

Turn = 1.
  0123456789
0 .h........
1 .h...hhhhh
2 .h........
3 .h........
4 .h........
5 ..........
6 ..........
7 ..........
8 ..........
9 ..........

Turn = 2.
  0123456789
0 ..h.......
1 ..h.......
2 ..h..hhhhh
3 ..h.......
4 ..h.......
5 ..........
6 ..........
7 ..........
8 ..........
9 ..........

Turn = 3.
  0123456789
0 ...h......
1 ...h......
2 ...h......
3 ...h.hhhhh
4 ...h......
5 ..........
6 ..........
7 ..........
8 ..........
9 ..........

Turn = 4.
  0123456789
0 ....h.....
1 ....h.....
2 ....h.....
3 ....h.....
4 ....hhhhhh
5 ..........
6 ..........
7 ..........
8 ..........
9 ..........

Turn = 5.
  0123456789
0 .....h....
1 .....h....
2 .....h....
3 .....h....
4 ....h.....
5 .....hhhhh
6 ..........
7 ..........
8 ..........
9 ..........

Turn = 6.
  0123456789
0 ......h...
1 ......h...
2 ......h...
3 ......h...
4 .....h....
5 ..........
6 .....hhhhh
7 ..........
8 ..........
9 ..........

Turn = 7.
  0123456789
0 .......h..
1 .......h..
2 .......h..
3 .......h..
4 ......h...
5 ..........
6 ..........
7 .....hhhhh
8 ..........
9 ..........

Turn = 8.
  0123456789
0 ........h.
1 ........h.
2 ........h.
3 ........h.
4 .......h..
5 ..........
6 ..........
7 ..........
8 .....hhhhh
9 ..........

Turn = 9.
  0123456789
0 .........h
1 .........h
2 .........h
3 .........h
4 ........h.
5 ..........
6 ..........
7 ..........
8 ..........
9 .....hhhhh

Turn = 10.
  0123456789
0 .........h
1 .........h
2 .........h
3 .........h
4 .........h
5 ..........
6 ..........
7 ..........
8 ..........
9 .....hhhhh

*** Darwin 4x4 ***
Turn = 0.
  0123
0 .t..
1 ....
2 ....
3 tf.r

Turn = 1.
  0123
0 .t..
1 ....
2 ....
3 tfr.

Turn = 2.
  0123
0 .t..
1 ....
2 ....
3 trr.

Turn = 3.
  0123
0 .t..
1 ....
2 .r..
3 tr..

Turn = 4.
  0123
0 .t..
1 .r..
2 ....
3 tt..

Turn = 5.
  0123
0 .t..
1 .t..
2 ....
3 tt..

*** Darwin 72x72 without Best ***
Turn = 0.
  012345678901234567890123456789012345678901234567890123456789012345678901
0 .................................t..........................f...........
1 ...................r....................................................
2 ........................................................................
3 ......................................t.................................
4 ........................................................................
5 ........................................................................
6 ........................................................................
7 ........................................................................
8 ..............r.........................................................
9 ........................................................................
0 ........................................................................
1 ....................................t...................................
2 ....................................................f...................
3 ..t.....................................................................
4 ........................................................................
5 ........................................................................
6 ........................................................................
7 ........................................................................
8 ........................................................................
9 ........................................................................
0 ...........r.........................................................r..
1 ...........................................................f............
2 ........................................................................
3 ......................................................................t.
4 ........................................................................
5 ......................................................t.................
6 ........................................................................
7 ........................................................................
8 .........................................h..............................
9 ........................................................................
0 ......................................................h.................
1 ........................................................................
2 ........................................................................
3 .....h..................................................................
4 ........................................................................
5 ...............h........................................................
6 ........................................................................
7 ........................................................................
8 ........................................................................
9 ...................................h....................................
0 ........................................................................
1 ........................................................................
2 ........................................................................
3 .............................................r..........................
4 .........f..............................................................
5 ........................................................................
6 .......................................................f................
7 ...................................................t..........h.........
8 ........................................................................
9 ........................................................................
0 ..............r.........................................................
1 ....................................................................t...
2 ...................h...............................................h....
3 ........................................................................
4 .............................r..........................................
5 ................................r.......................................
6 ..........f.......................................f.....................
7 .................................f................f.....................
8 ........................................................................
9 ........................................................................
0 ........................................................................
1 ............................................r...........................
2 .h......................................................................
3 ........................................................t...............
4 ........................................................................
5 ........................................................................
6 .................................................t......................
7 ........................................................................
8 ........................................................................
9 .........................................f..............................
0 ....r.........................................................h.........
1 ........................................................................

Turn = 100.
  012345678901234567890123456789012345678901234567890123456789012345678901
0 ................................r.......r.r..........r..................
1 ........................................................................
2 ........................................................................
3 ......................................t.................................
4 ........................................................................
5 ........................................................................
6 ........................................................................
7 ........................................................................
8 ........................................................................
9 ........................................................................
0 ........................................................................
1 ...................................tt...................................
2 ....................................................f...................
3 ..t.....................................................................
4 ........................................................................
5 ........................................................................
6 ........................................................................
7 ........................................................................
8 ........................r....................................r..........
9 ........................................................................
0 ........................................................................
1 ...........................................................f............
2 ........................................................................
3 ......................................................................t.
4 .................r......................................................
5 ...............r......................................t.................
6 ................r.......................................................
7 ........................................................................
8 ...r.........................................r..........................
9 ............................................r...........................
0 ........................................................................
1 .........................................r..............................
2 ........................................................................
3 ........................................................................
4 ........................................................................
5 ........................................................................
6 ........................................................................
7 ........................................................................
8 ........................................................................
9 ........................................................................
0 ........................................................................
1 ........................................................................
2 ........................................................................
3 ........................................................................
4 .........f..............................................................
5 ........................................................................
6 .......................................................f................
7 ...................................................t....................
8 ........................................................................
9 ........................................................................
0 ........................................................................
1 ....................................................................t...
2 ........................................................................
3 .................r......................................................
4 ........................................................................
5 ........................................................................
6 ..........f.......................................f.....................
7 .................................f................f.....................
8 ........................................................................
9 ........................................................................
0 ........................................................................
1 ........................................r...............................
2 ........................................r...............................
3 ........................................................t...............
4 ........................................................................
5 ........................................................................
6 .................................................t......................
7 ........................................................................
8 ........................................................................
9 .........................................f..............................
0 ........................................................................
1 .r...h.............h..........r.................r.......................

Turn = 200.
  012345678901234567890123456789012345678901234567890123456789012345678901
0 ..................r.....r...........r............................r......
1 ........................................................................
2 ........................................................................
3 ......................................t.................................
4 ........................................................................
5 ........................................................................
6 ........................................................................
7 .................................r......................................
8 ..................................r.....................................
9 ........................................................................
0 ........................................................................
1 ...................................tt...................................
2 ....................................................f...................
3 ..t.....................................................................
4 ........................................................................
5 ........................................................................
6 ........................................................................
7 ........................................................................
8 ........................................................................
9 ........................................................................
0 ........................................................................
1 ...........................................................f............
2 ........................................................................
3 ......................................................................t.
4 ........................................................................
5 ......................................................t.................
6 ........................r...............................................
7 ........................................................................
8 ........................................................................
9 ........................................................................
0 ........................................................r...............
1 ........................................................................
2 ........................................................................
3 ........................................................................
4 .................................................r......................
5 .rr...............................................r.....................
6 ........................................................................
7 ........................................................................
8 ........................................................................
9 ........................................................................
0 ........................................................................
1 ........................................................................
2 r.......................................................................
3 ........................................................................
4 .........f..............................................................
5 ........................................................................
6 .......................................................f................
7 ...................................................t...................r
8 ........................................................................
9 ............................................r..........................r
0 ........................................................................
1 ....................................................................t...
2 ........................................................................
3 ........................................................................
4 ........................................................................
5 ........................................................................
6 ..........f.......................................f.....................
7 .................................f................f.....................
8 ........................................................................
9 ........................................................................
0 ........................................................................
1 ........................................................................
2 ........................................................................
3 .......................r................................................
4 ........................................................................
5 ........................................................................
6 .............................rr..................t......................
7 ........................................................................
8 ........................................................................
9 .........................................f..............................
0 ........................................................................
1 ...........................................................r...r..r.....

Turn = 300.
  012345678901234567890123456789012345678901234567890123456789012345678901
0 ......................r..................................r..............
1 ........................................................................
2 ....................................................r...................
3 rr....................................t............r....................
4 ........................................................................
5 ........................................................................
6 ........................................................................
7 ........................................................................
8 ..........r.............................................................
9 ........................................................................
0 ........................................................................
1 ...................................tt...................................
2 ....................................................f...................
3 ..t....................................................r................
4 ..t...................................................r.................
5 ........................................................................
6 ........................................................................
7 .....................................r..................................
8 ........................................................................
9 ........................................................................
0 ........................................................................
1 ...........................................................f............
2 ........................................................................
3 .......................................................................t
4 .......................................................................t
5 rr......................................................................
6 ..............................r.........................................
7 ........................................................................
8 ........................................................................
9 ........................................................................
0 ...........................r............................................
1 ........................................................................
2 .........r..............................................................
3 ........................................................................
4 ........................................................................
5 ........................................................................
6 ........................................................................
7 ........................................................................
8 ........................................................................
9 ........................................................................
0 ........................................................................
1 r.......................................................................
2 ........................................................................
3 ........................................................................
4 ........................................................................
5 ........................................................................
6 ........................................................................
7 .............r..........................................................
8 .....r..................................................................
9 ....................................................................r...
0 .....................................................................r..
1 ....................................................................t...
2 ........................................................................
3 ........................................................................
4 ........................................................................
5 ........................................................................
6 ........r.f.......................................f.....................
7 .................................f................f.....................
8 ........................................................................
9 ........................................................................
0 ........................................................................
1 ........................................................................
2 ........................................................................
3 ........................................................................
4 ........................................................................
5 .......................................................................r
6 .................................................t......................
7 ........................................................................
8 ........................................................................
9 .........................................f..............................
0 ....................................................................r...
1 ............r...........................................................

Turn = 400.
  012345678901234567890123456789012345678901234567890123456789012345678901
0 ......................................r.............r...............r...
1 ........................................................................
2 ........................................................................
3 ...............................................r.......................r
4 .......................................................................r
5 ........................................................................
6 ........................................................................
7 ........................................................................
8 ........................................................................
9 ........................................................................
0 ........................................................................
1 ...................................tt...................................
2 ....................................................f...................
3 .........................................................r..........r...
4 ........................................................................
5 ........................................................................
6 ........................................................................
7 ........................................................................
8 ........................................................................
9 ........................................................................
0 ........................................................................
1 ...........................................................f............
2 ........................................................................
3 .........................r..............................................
4 ........................................................................
5 ........................................................................
6 .......................................................................r
7 .......................................................................r
8 ........................................................................
9 ........................................................................
0 ........................................................................
1 ........................................................................
2 ........................................................................
3 ........................................................................
4 .......................................................................r
5 ........................................................................
6 ........................................................................
7 ........................................................................
8 ........................................................................
9 ........................................................................
0 ........................................................................
1 ...............................................................r........
2 ........................................................................
3 .............................................................r..........
4 ................................................................r.......
5 ........................................................................
6 ........................................................................
7 ........................................................................
8 r.......................................................................
9 r.......................................................................
0 ........................................................................
1 r.......................................................................
2 .............r..........................................................
3 .......................r................................................
4 ........................r...............................................
5 ........................................................................
6 ..........f.......................................f.....................
7 .................................f................f.....................
8 ............r....r......................................................
9 ........................................................................
0 ........................................................................
1 ........................................................................
2 ....r...................................................................
3 ........................................................................
4 ........................................................................
5 ........................................................................
6 .................................................t......................
7 ........................................................r...............
8 r.......................................................................
9 ........................................................................
0 r.......................................................................
1 .r....................rr..............................r.................

Turn = 500.
  012345678901234567890123456789012345678901234567890123456789012345678901
0 ............rr............r......r........................r.............
1 r......................r.......r........................................
2 r.........................r.............................................
3 .r......................................................................
4 ..................................................r.....................
5 ..................................................r.....................
6 ................r.......................................................
7 r.......................................................................
8 ........................................................................
9 .....................................r..................................
0 ........................................................................
1 r..................................tt...................................
2 ...................................r................f...................
3 ........................................................................
4 ..................................r....r................................
5 ........................................................................
6 ......r.................................................................
7 ........................................................................
8 ........................................................................
9 ........................................................................
0 ........................................................................
1 ...........................................................f............
2 ........................................................................
3 ........................................................................
4 ........................................................................
5 ........................................................................
6 ........................................................................
7 ........................................................................
8 ........................................................................
9 ........................................................................
0 ........................................................................
1 ........................................................................
2 ........................................................................
3 ........................................................................
4 ........................................................................
5 ........................................................................
6 ........................................................................
7 ........................................................................
8 ........................................................................
9 ........................................................................
0 .................................................r......................
1 ........................................................................
2 ....................................r...................................
3 ........................................................................
4 ........................................................................
5 ........................................................................
6 ........................................................................
7 ........................................................................
8 ........................................................................
9 ........................................................................
0 ........................................................................
1 .............................................................r..........
2 .............................................r..........................
3 ........................................................................
4 ........................................................................
5 ........................................................................
6 ..........f.......................................f.....................
7 .................................f................f.....................
8 ........................................................................
9 ........................................................................
0 ........................................................................
1 ......................................................................r.
2 .......................................................................r
3 ........................................................................
4 ........................................................................
5 ........................................................................
6 ............................................................r.r.........
7 ...............................r........................................
8 ........................................................................
9 ........................................................................
0 ........................................................................
1 ...r.................................................r..................

Turn = 600.
  012345678901234567890123456789012345678901234567890123456789012345678901
0 r..r..............r.....................................r...............
1 ........................................................................
2 r.................r.....................................................
3 ......r..........................r...............r......................
4 ........................................................................
5 ........................................................................
6 ........................................................................
7 ........................................................................
8 ........................................................................
9 ........................................................................
0 .......................................................................r
1 ..................................ttt...................................
2 ...................................t................f...................
3 ........................................................................
4 ........................................................................
5 ........................................................................
6 ........................................................................
7 ........................................................................
8 ........................................................................
9 ........................................................................
0 ........................................................................
1 ...........................................................f............
2 ........................................................................
3 ........................................................................
4 ........................................................................
5 ............................................r...........................
6 ........................................................................
7 ........................................................................
8 ........................................................................
9 ........................................................................
0 ..................r.....................................................
1 ........................................................................
2 ........................................................................
3 ........................r....................................r..........
4 ........................................................................
5 ........................................................................
6 ............................r...........................................
7 ...........................r............................................
8 ........................................................................
9 .......................................................................r
0 ........................................................................
1 ........................................................................
2 ......r.......................................................r.........
3 .....r..................................................................
4 ........................................................................
5 ........................................................................
6 .............................................r..........................
7 ........................................................................
8 ........................................................................
9 ........................................................................
0 ........................................................................
1 ........................................................................
2 ........................................................................
3 ........................................................................
4 .......................................................................r
5 ........................................................................
6 ..........f.......................................f.....................
7 .................................f................f.....................
8 ........................................................................
9 ........................................................................
0 ........................................................................
1 ........................................................................
2 ...................................................r....................
3 ........r...............................................................
4 ..................................................rr....................
5 r.......................................................................
6 ........................................................................
7 ........................................................................
8 ........................................................................
9 ........................................................................
0 ........................................................................
1 .................r.......r...................r..........................

Turn = 700.
  012345678901234567890123456789012345678901234567890123456789012345678901
0 ...............r.............................................r..........
1 ................................................r.......................
2 ........................................................................
3 .................................................r......................
4 ..................................................r.....................
5 ........................................................................
6 ........................................................................
7 .....................................................................r..
8 ....................................................................r...
9 ........................................................................
0 ........................................................................
1 ..................................ttt...................................
2 ...................................tt...............f...................
3 ...................................t......................r.............
4 ...........................................................r............
5 ......................................................................r.
6 .......................................................................r
7 ........................................................................
8 ........................................................................
9 ........................................................................
0 ........................................................................
1 ...................................................................r....
2 ........................................................................
3 ........................................................................
4 .......................................................................r
5 ........................................................................
6 .......................................................................r
7 r..........r............................................................
8 ...........r............................................................
9 ........................................................................
0 ........................................................................
1 ........................................................................
2 .......................................................................r
3 ........................................................................
4 ........................................................................
5 ........................................................................
6 .......r...............................................................r
7 ........................................................................
8 ........................................................................
9 ........................................................................
0 ........................................................................
1 ........................................................................
2 .....r..................................................................
3 ........................................................................
4 ........................................................................
5 ........................................................................
6 ........................................................................
7 ........................................................................
8 ........................................................................
9 ..............r.........................................................
0 ........................................................................
1 ........................................................................
2 .............r.........................................................r
3 ......r.....r...........................................................
4 .....r..................................................................
5 ........................................................................
6 ..........f.............................................................
7 ........................................................................
8 ........................................................................
9 ........................................................................
0 ........................................................................
1 .............................................r..........................
2 ........................................................................
3 ........................................................................
4 ........................................................................
5 ........................................................................
6 ........................................................................
7 ........................................................................
8 ........................................................................
9 ........................................................................
0 ........................................................................
1 ........r..............r..r....r........................................

Turn = 800.
  012345678901234567890123456789012345678901234567890123456789012345678901
0 .....................................................r..................
1 ...........................................................r.r...r......
2 ........................................................................
3 ........................................................................
4 ........................................................................
5 ........................................................................
6 ........................................................................
7 ........................................................................
8 ........................................................................
9 ........................................................................
0 r......................................................................r
1 ..................................tttt..................................
2 ...................................tt...............f...................
3 ........................................................................
4 .......................................................................r
5 r........r..............................................................
6 ........r...............................................................
7 ........................................................................
8 r.................r.....................................................
9 ...................r....................................................
0 ........................................................................
1 ...........r............................................................
2 ........................................................................
3 ........................................................................
4 ........................................................................
5 ........................................................................
6 ..................r......r.............................................r
7 r.........................r.............................................
8 ........................................................................
9 ........................................................................
0 r.......................r...............................................
1 ........................................................................
2 ........................................................................
3 ........................................................................
4 .......................................................................r
5 ........................................................................
6 ........................................................................
7 ........................................................................
8 ........................................................................
9 ........................................................................
0 ........................................................................
1 ........................................................................
2 ..........................................r.............................
3 ........................................................................
4 ........................................................................
5 ........................................................................
6 ..................................................r.....................
7 ........................................................................
8 ................................................r.......................
9 ........................................................................
0 ........................................................................
1 ........................................................................
2 ...................................r....................................
3 ........................................................................
4 ........................................................................
5 ........................................................................
6 ..........f.............................................................
7 ........................................................................
8 ........................................................................
9 ........................................................................
0 ........................................................................
1 .......................r......................................r.........
2 ..............................................................r.........
3 ........................................................................
4 ........................................................................
5 ........................................................................
6 ........................................................................
7 ........................................................................
8 ........................r...............................................
9 ........................................................................
0 ........................................................................
1 ..................................................................r..r..

Turn = 900.
  012345678901234567890123456789012345678901234567890123456789012345678901
0 .........rr.....................................r.r.....................
1 .......r................................................................
2 r.......................................................................
3 r.......................................................................
4 ........................................................................
5 ........................................................................
6 ........................................................................
7 ........................................................................
8 ........................................................................
9 r.......................................................................
0 r.......................................................................
1 ..................................tttt..................................
2 ...................................tt...................................
3 ........................................................................
4 ........................................................................
5 ........................................................................
6 ........................................................................
7 ........................................................................
8 ........................................................................
9 .........................r..r..r........................................
0 ........................................................................
1 ........................................................................
2 ........................................................................
3 ........................................................................
4 ........................................................................
5 ........................................................................
6 .r......................................................................
7 ........................................................................
8 ...................r....................................................
9 ..................r.....................................................
0 ........................................................................
1 ........................................................................
2 ........................................................................
3 ........................................................................
4 ........................................................................
5 ........................................................................
6 ........................................................................
7 ........................................................................
8 ........................................................................
9 ........................................................................
0 ........................................................................
1 ........................................................................
2 ........r...............................................................
3 ........................................................................
4 ........................................................................
5 ........................................................................
6 r.......................................................................
7 ........................................................................
8 ....................................................r...................
9 ........................................................................
0 ........................................................................
1 ........................................................................
2 ........................................................................
3 ........................................................................
4 ........................................................................
5 ........................................................................
6 ..........f.............................................................
7 ........................................................................
8 ........................................................................
9 ........................................................................
0 .......................................................................r
1 ....................................................................r...
2 .....................................................................r..
3 ...............................r........................................
4 ................................r.r.....................................
5 ........................................................................
6 ......................................r.................................
7 ...........................................................r............
8 ......................................r....................r............
9 .....................................................r..................
0 ........................................................................
1 ...r..r......r...............................................r..........

Turn = 1000.
  012345678901234567890123456789012345678901234567890123456789012345678901
0 .........................................r.......r..r.............r.....
1 ...............................................r........................
2 ........................................................................
3 .....................................r..................................
4 ....................................r...................................
5 ........................................................................
6 ........................................................................
7 ..............................................................r.........
8 ........................................................................
9 ........................................................................
0 ...................................t....................................
1 ..................................tttt..................................
2 ...................................ttt.....rr.r.........................
3 ......................................................................r.
4 .......................................................................r
5 ........................................................................
6 .......................................................................r
7 .....................................................................r..
8 ........................................................................
9 ........................................................................
0 ......................................................................r.
1 ........................................................................
2 .....................................................................r..
3 .....................................................................r..
4 ........................................................................
5 ........................................................................
6 ........................................................................
7 r.......................................................................
8 ........................................................................
9 ........................................................................
0 ........................................................................
1 ........................................................................
2 ........................................................................
3 ........................................................................
4 ........................................................................
5 ........................................................................
6 ........................................................................
7 ........................................................................
8 ........................................................................
9 ........................................................................
0 ........................................................................
1 ........................................................................
2 .....r..................................................................
3 ........................................................................
4 ........................................................................
5 ........................................................................
6 ........................................................................
7 ........................................................................
8 r.......................................................................
9 ........................................................................
0 ........................................................................
1 ........................................................................
2 ........................................................................
3 ........................................................................
4 r.......................................................................
5 ........................................................................
6 ..........f.............................................................
7 r.......................................................................
8 ........................................................................
9 ........................................................................
0 ........................................................................
1 ........................................................................
2 ........................................................................
3 ........................................................................
4 ........................................................................
5 ........................................................................
6 ........................................................................
7 ........................................................................
8 ..............r.r.......................................................
9 ........................................................................
0 .r........r.............................................................
1 ...............r......r............r.....r..............................

*** Darwin 72x72 with Best ***
==2038== 
==2038== HEAP SUMMARY:
==2038==     in use at exit: 122,880 bytes in 6 blocks
==2038==   total heap usage: 233,960 allocs, 233,954 frees, 6,881,820 bytes allocated
==2038== 
==2038== LEAK SUMMARY:
==2038==    definitely lost: 0 bytes in 0 blocks
==2038==    indirectly lost: 0 bytes in 0 blocks
==2038==      possibly lost: 0 bytes in 0 blocks
==2038==    still reachable: 122,880 bytes in 6 blocks
==2038==         suppressed: 0 bytes in 0 blocks
==2038== Rerun with --leak-check=full to see details of leaked memory
==2038== 
==2038== For counts of detected and suppressed errors, rerun with: -v
==2038== ERROR SUMMARY: 0 errors from 0 contexts (suppressed: 4 from 4)
