*** [2] Life<FredkinCell> 16x16 squares ***

Generation = 0, Population = 20.
00------------00
00------------00
----------------
----------------
----------------
----------------
----------------
-------00-------
-------00-------
----------------
----------------
----------------
----------------
----------------
00------------00
00------------00

Generation = 1, Population = 24.
--0----------0--
--0----------0--
00------------00
----------------
----------------
----------------
-------00-------
------0--0------
------0--0------
-------00-------
----------------
----------------
----------------
00------------00
--0----------0--
--0----------0--

Generation = 2, Population = 56.
-010--------010-
0-10--------01-0
11------------11
00------------00
----------------
-------00-------
-------11-------
-----01--10-----
-----01--10-----
-------11-------
-------00-------
----------------
00------------00
11------------11
0-10--------01-0
-010--------010-

Generation = 3, Population = 56.
-12-0------0-21-
1---0------0---1
2--0--------0--2
--0----------0--
00-----00-----00
------0--0------
-----0----0-----
----0------0----
----0------0----
-----0----0-----
------0--0------
00-----00-----00
--0----------0--
2--0--------0--2
1---0------0---1
-12-0------0-21-

Generation = 4, Population = 72.
-23-10----01-32-
2-1-10----01-1-2
31------------13
-------00-------
11-----11-----11
00------------00
----------------
---01------10---
---01------10---
----------------
00------------00
11-----11-----11
-------00-------
31------------13
2-1-10----01-1-2
-23-10----01-32-

Generation = 5, Population = 80.
-3----0--0----3-
3-2---0--0---2-3
-2--00-00-00--2-
------0--0------
--0---0--0---0--
--0----00----0--
00-00------00-00
--0--0----0--0--
--0--0----0--0--
00-00------00-00
--0----00----0--
--0---0--0---0--
------0--0------
-2--00-00-00--2-
3-2---0--0---2-3
-3----0--0----3-
