*** Life<ConwayCell> 10x10 ***
Generation = 0, Population = 6.
..........
..........
....*.....
....*.....
....*.....
....*.....
....*.....
....*.....
..........
..........

Generation = 1, Population = 12.
..........
..........
..........
...***....
...***....
...***....
...***....
..........
..........
..........

Generation = 2, Population = 10.
..........
..........
....*.....
...*.*....
..*...*...
..*...*...
...*.*....
....*.....
..........
..........

Generation = 3, Population = 16.
..........
..........
....*.....
...***....
..**.**...
..**.**...
...***....
....*.....
..........
..........

Generation = 4, Population = 10.
..........
..........
...***....
..*...*...
..........
..........
..*...*...
...***....
..........
..........

Generation = 104, Population = 0.
..........
..........
..........
..........
..........
..........
..........
..........
..........
..........

