*** Life<FredkinCell> 44x103 ***
Generation = 0, Population = 44.
-------------------------------------------------------------------------------------------------------
-------------------------------------------------------------------------------------------------------
-------------------------------------------------------------------------------------------------------
-------------------------------------------------------------------------------------------------------
--------------------------------00000000---------------------------------------------------------------
-------------------------------------------------------------------------------------------------------
-------------------------------------------------------------------------------------------------------
-------------------------------------------------------------------------------------------------------
-------------------------------------------------------------------------------------------------------
-------------------------------------------------------------------------------------------------------
-------------------------------------------------------------------------------------------------------
--------------------------------------------------------000--------------------------------------------
----000-------------------------------------------------00-00------------------------------------------
-------00-------------------------------------------------000------------------------------------------
----00-------------------------------------------------------------------------------------------------
-------------------------------------------------------------------------------------------------------
-------------------------------------------------------------------------------------------------------
-------------------------------------------------------------------------------------------------------
------------------------00-----------------------------------------------------------------------------
-------------------------------------------------------------------------------------------------------
-------------------------------------------------------------------------------------------------------
---------------------00--------------------------------------------------------------------------------
---------------------------------------------------------------------------------------------00--------
--------------------------------------------------------------------------------------------00---------
-------------------------------------------------------------------------------------------------------
-----------------00------------------------------------------------------------------------------------
-------------------------------------------------------------------------------------------------------
-------------------------------------------------------------------------------------------------------
-------------------------------------------------------------------------------------------------------
-------------------------------------------------------------------------------------------------------
---------------------------------------------000000000-------------------------------------------------
-------------------------------------------------------------------------------------------------------
-------------------------------------------------------------------------------------------------------
-------------------------------------------------------------------------------------------------------
-------------------------------------------------------------------------------------------------------
-------------------------------------------------------------------------------------------------------
-------------------------------------------------------------------------------------------------------
-------------------------------------------------------------------------------------------------------
-------------------------------------------------------------------------------------------------------
-------------------------------------------------------------------------------------------------------
-------------------------------------------------------------------------------------------------------
-------------------------------------------------------------------------------------------------------
-------------------------------------------------------------------------------------------------------
-------------------------------------------------------------------------------------------------------

Generation = 1, Population = 108.
-------------------------------------------------------------------------------------------------------
-------------------------------------------------------------------------------------------------------
-------------------------------------------------------------------------------------------------------
--------------------------------00000000---------------------------------------------------------------
-------------------------------01------10--------------------------------------------------------------
--------------------------------00000000---------------------------------------------------------------
-------------------------------------------------------------------------------------------------------
-------------------------------------------------------------------------------------------------------
-------------------------------------------------------------------------------------------------------
-------------------------------------------------------------------------------------------------------
--------------------------------------------------------000--------------------------------------------
----000------------------------------------------------0-11-0------------------------------------------
---01-1-0----------------------------------------------0-----0-----------------------------------------
-------110----------------------------------------------0-11-0-----------------------------------------
---011000-------------------------------------------------000------------------------------------------
----00-------------------------------------------------------------------------------------------------
-------------------------------------------------------------------------------------------------------
------------------------00-----------------------------------------------------------------------------
-----------------------0110----------------------------------------------------------------------------
------------------------00-----------------------------------------------------------------------------
---------------------00--------------------------------------------------------------------------------
--------------------0110---------------------------------------------------------------------00--------
---------------------00-----------------------------------------------------------------------10-------
-------------------------------------------------------------------------------------------01----------
-----------------00-------------------------------------------------------------------------00---------
----------------0110-----------------------------------------------------------------------------------
-----------------00------------------------------------------------------------------------------------
-------------------------------------------------------------------------------------------------------
-------------------------------------------------------------------------------------------------------
---------------------------------------------000000000-------------------------------------------------
--------------------------------------------01-------10------------------------------------------------
---------------------------------------------000000000-------------------------------------------------
-------------------------------------------------------------------------------------------------------
-------------------------------------------------------------------------------------------------------
-------------------------------------------------------------------------------------------------------
-------------------------------------------------------------------------------------------------------
-------------------------------------------------------------------------------------------------------
-------------------------------------------------------------------------------------------------------
-------------------------------------------------------------------------------------------------------
-------------------------------------------------------------------------------------------------------
-------------------------------------------------------------------------------------------------------
-------------------------------------------------------------------------------------------------------
-------------------------------------------------------------------------------------------------------
-------------------------------------------------------------------------------------------------------

Generation = 6, Population = 392.
------------------------------01--0000--10-------------------------------------------------------------
-------------------------------------------------------------------------------------------------------
----------------------------0000--------0000-----------------------------------------------------------
-------------------------------------------------------------------------------------------------------
--------------------------0121------------1210---------------------------------------------------------
--------------------------------------------------------000--------------------------------------------
----000---------------------0000--------0000------------11-00------------------------------------------
-------00---------------------------------------------010----------------------------------------------
--01-0201---------------------0120----0210------------01-1-0-10----------------------------------------
-----00--10-----------------------------------------000------------------------------------------------
00-142-1100---------------------00000000------------11-0-1-2-1-00--------------------------------------
---01--01--00-------------------------------------010--------------------------------------------------
2142-032-0301-----------00------------------------01-1-1-1-1-1-1-10------------------------------------
-00--20--21--10-------------------------------------------------010------------------------------------
-3-232-323-1----------01--10------------------------00-1-2-1-0-11--------------------------------------
---01--02--00--------00---------------------------------------000--------------------------------------
0001-230-0----------01--11--00------------------------01-0-1-10------------------------------00--------
-----00--10--------00--10-----------------------------------010-----------------------------01---------
--0122-1----------01--02--22--10------------------------00-11------------------------------00--10------
-------00------------20--00-------------------------------000-----------------------------01--00-------
----00--------------00--02--00-----------------------------------------------------------00--11--00----
-----------------------20--10-----------------------------------------------------------01--01--01-----
----------------------01--00-----------------------------------------------------------00--10--11--10--
-------------00----------10-----------------------------------------------------------01--11--01--00---
------------------------00-------------------000000000-----------------------------------10--10--10----
-----------01--22-----------------------------------------------------------------------00--11--00-----
-------------------------------------------0120-----0210-----------------------------------00--10------
-------------00--11-----------------------------------------------------------------------01--00-------
-----------------------------------------0000----0----0000-----------------------------------10--------
---------------01--10-----------------------------------------------------------------------00---------
---------------------------------------0121----1---1----1210-------------------------------------------
-----------------00------------------------------------------------------------------------------------
-----------------------------------------0000----0----0000---------------------------------------------
-------------------------------------------------------------------------------------------------------
-------------------------------------------0120-----0210-----------------------------------------------
-------------------------------------------------------------------------------------------------------
---------------------------------------------000000000-------------------------------------------------
-------------------------------------------------------------------------------------------------------
-------------------------------------------------------------------------------------------------------
-------------------------------------------------------------------------------------------------------
-------------------------------------------------------------------------------------------------------
-------------------------------------------------------------------------------------------------------
-------------------------------------------------------------------------------------------------------
-------------------------------------------------------------------------------------------------------

Generation = 11, Population = 942.
-------------------------------22------22---------------000--------------------------------------------
----000-----------------000000----0000----000000-------0-11-0------------------------------------------
---01-1-0--------------01----101510--015101----10-----0-2-0110-----------------------------------------
--000-0--0------------00--00000000000000000000--00---0-2-1--000----------------------------------------
-012--31--0----------01--22--344222--222443--22--10--0--1---0--0---------------------------------------
-----1-1-210----------00--0000----0000----0000--00----000--1-2-0---------------------------------------
-01---12-00------------01------21------12------10------0320-3-0----------------------------------------
--00--0-10----------------000000--------00000000--------0-21-0-----------------------------------------
---221311--------------0110---------------------000-------000---000------------------------------------
000-01------000-------000000----00000000-------0-11-0----------0-11-0----------------------------------
--11-------01-1-0------211210--02------20-----0-2-0131--------0-3-0110---------------------------------
20011-----000-0--0--01--0000--00--0000--00---0-2-2--021------2-2-2--000----------------------00--------
4-7420---053--41--00000--20--01--10--01--10--0--0---1--1-----1--1---0--0----------------------10-------
--11---------3-2-2--2122------00--0000--00----000--2-2-2------120--2-2-0-----------------------00------
185-52---31---02---000021------01------10------0110-3-0--------1310-2-0-------------------------10-----
-0-11-----00--0-11100110----------000000--------0-11-0----------0-11-0-------------------01------------
-111-------011001--0010--------0110---------------000---000-------000---------------------00-----------
-00-010-----00------10--------000000-------------------0-12-0------------------------------01----------
---13-1-0----------------------321210-----------------0-3-0230------------------------------00---------
--000-0--0--01--------------01--0000---------00000000--2-1--000----------------------00--------------00
-012--41--00000------------0010--10---------01--------1-0---1--0----------------------10--------------1
-----1-1-2--2112----------122112-----------00--00000----0--1-2-0-----------------------00-------------0
-01---02---000000--------00000000---------01--10---01----10-2-0-------------------------10-----------13
--00--0---100220----------100110-----------00--00000--000-11-0-------------------01--------------01----
---0110--000000------------0000-------------02-------20---000---------------------00--------------00---
----0001212331--------------10---------------000000000-----------------------------01--------------01--
-------000000-----------------------------------------------------------------------00--------------00-
--------0110--------01---------------000000000-------000000000-------------------------------00--------
---------00--------0000-------------01-------20-----02-------10-------------------------------10-------
------------------133212-----------00--00000--00---00--00000--00-------------------------------00------
-----------------00000000---------01--22---32--21-12--23---22--10-------------------------------10-----
----------------02200110-----------00--00000--00---00--00000--00-------------------------01------------
---------------00000000-------------01-------20-----02-------10---------------------------00-----------
--------------01211210---------------000000000-------000000000-----------------------------01----------
---------------000000-----------------------------------------------------------------------00---------
----------------0110-------------------------000000000-------------------------------------------------
-----------------00-------------------------02-------20------------------------------------------------
-------------------------------------------00--00000--00-----------------------------------------------
------------------------------------------01--10---01--10----------------------------------------------
-------------------------------------------00--00000--00-----------------------------------------------
--------------------------------------------01-------10------------------------------------------------
---------------------------------------------000000000-------------------------------------------------
-------------------------------------------------------------------------------------------------------
-------------------------------------------------------------------------------------------------------

Generation = 26, Population = 1511.
---46-----02---3--200253----------100103----------2--023--------10-11----------------------012410------
3-0----------113001----12---------------000---------211-328---------010-000----------------------------
-2-4-36---3-3----02122-3423254336330--28224--1023--2-5-3363--2---1-1-10-11-00----------------01--------
1-----1-1----001001--1210----11-------102-----102-----333-----501-----010------------------------------
43-5-2554--4-5-333--7----893--79533003347--4--6----07-234--3-4-5---00-01-1-0-10------00--------------00
----1-2-2-231--00----00--3111--00-----------310-322---------522-000---------110-----01--------------01-
--36----3----321--1266-3--211134----------120--3----1224--1--211--------21-22------00--10----------11-2
------21-11--01--------1121--00-----------100-----------------------------100-----01--11----------01--0
--43---34-3---------03----202112----------000---511001--11-33------------------------10--------------10
-----32647321----------23--01---000-------------013---------210-013-------------000-00--------------00-
12-2-5--6-53532----12133313264-4532--3141344--44231--3---2-3-30-42-23-----------21-00------------------
4----122411---3-2----41--11---0------12-------222-----421-----331-------------211----------------------
-3-6-2+-73+6-1746--62-8444--4------1--4-------032--2--2-141--203-3-3-30------1-2-1-1-10------21-00-----
6-535--43---2-5-4-527--51----11--000-1313-----------333-212---------133-----03------010-----12---20----
-+765-----467+--1----316--2532-3--430--6----2623--235--5----321232-24------12--2-0-11------10-3-3-11---
013--21-------0-243--11--------000-0022-----------310-------------310-----32--11--000-----12--0-1--10--
1-5---------42--3-2---------13----301---430101--00---123120112---------------10--------------21-12-----
2--20----------11--21----------22--23---202-------------014-------------001-00--------------12---10----
2-52652-464---23--24432-113441254142--02123--3----23----43-33-----------22-00--------------------------
2-0---1-3----10--20----02----31--12---302----11-------131-------------011------------------------------
4234-2---2-21---0101-3---4---6--------321--3--2-11020222-1-2---101100--1-0-1-21------11-00-----------01
2-223-4-3-125--30----11--0232--31----------0-0311-----------122-----10------020-----02---30---------13-
--1387---4230-----2222-4422----3----1543--331--1----253333---30----0-10--0-21------21-3-3-33-------24-5
12--333-232--22--------0011--32----------1-0011-----------410-----10--11--111-----12--1-2--21-----23--5
----67--0-1---------11--23---300312112--11---200000003-------00100001-0--------------20-03-----------31
--35--5-6--43----------00--22----------00--10---000-------------000-00--------------11---00---------10-
221---13--00000-------23--12----122323----01----11-04-----------21-01----------------------------------
2---1-0--22----00----10--20----------11--10---010-------------011--------------------------------------
-4-43---2042-0301----210--10220125---5--12001201-1-1---121012313-1-1---001000-0--------------21-01-----
3-304--44----21--2134--21----------12--11-----------103-------------001-----20--------------12---21----
-3343-----0323-1---0105-----2444223----6----464330---84-----463532---41----2-10-0----------10-3-3-11---
032--00--------0022--22----------02--11-----------000-------------000-----10--00----------12--0-1--10--
-22---------00--01---100321101--03---21002001-0000000-22010104-------11001001-0--------------21-02-----
1--10----------33--31----------00--10-------------------001-----------------00--------------12---00----
----220-------01--11----------11--01-------1342-----243122-01------------------------------------------
-00----01----11--32----------00--10-------------------011----------------------------------------------
--01-2301-------00-----------120--0002----------------01-0-1---0000001---------------00--------------00
-----00--1001--2211--------11--01---------------------------001---------------------01--------------01-
--0122-1-------------------0102-----0211---3364-----463322---20-----0210-----------00--10----------11-2
-------0000--1101--10----10--11---------------------------000---------------------01--11----10----01--0
----00------------------11---00000000-0002001-0010100-1002000-00000000---------------10------20------10
-------01--22----12--0000--10-------------------------------------------------------00----01--00----00-
----------------------11--00-------0121-----4742---2474-----1210---------------------------01--20------
---------00--------12321110-----------------------------------------------------------------31---------

Generation = 46, Population = 1993.
---59--96---34--30----84-4---4366-6-----73-6-+-7-2-5-9+--96---65--33--------11--10----0--236---246421--
-------56------74-----5---5----------11--22-------------------------------------------0-122---------11-
-287-7-676-442--1122633-765-8774--360-5+6-75-9-4-0-27-2--+68----94--------4621--10000-21--1-2-7--01--13
-----034322--12--35-1-32--42-------25--15--10-------------623-----------------------2-22----------12--0
97-9+-++8---+--------77+5-+73---8---259-986-69-5-83-8--7--9--9----------8843-------0----11--4-6-12102-3
---22565775----63-2+-5--87--23---23--13--21--30-------------833-------------------1-32--13------13--2-1
9-7-+4--874--------48+5-759---57--4---594-376-25-0-34-775-3-6--554----2663-------2----22--54--33--51--4
---12161-3-32---03-0--52--32--3-30300--03--02--11----02-------110---------------1-82--22--93--23--5-3-4
33----+7--68-----4281-446---66--62--4---241-351-63-2---8-23-6586-6001434-------152--02--42--14--424125-
-21--7-8-+-4-5--43--33--35--7-33--23252--13--11--2614--43---45--427---------211-1-5-23--43--36--33--5-1
---5----+36-64-3545-575---+5--++--84--3---672-886-1-5-1--6--3614932------------2------20--23--83--2222-
7--2-2-5-4-3--4-6-53--31--4-36--33--9--22--02--35--4466--4-1--55--433-----301--43-5-1-62--43--42--30--0
-6+++-+++-+++2--+-++3---99--+8----5+--975---7--8-44-773-2+----4755365--------5-72-------22--53--24----1
9--3-+-+5-7-6-9-7-+-9+--1-79--+5--5-3-6-8----54--45--467-6-4-5--43--445------45--44-2-3-12--56--25----0
7++---------+-----5-68-9--87----5+97---------+---3---5--7+86----5826720-34--414--44-------42--64--42---
-26--3-57-4-8-2-7-5-3-45-3--31--5-3-2-4----03--28--40-31-3-3-1-2--63--121--21--12--11-2-6-94--32--52---
-6----9535898--56362-651-8----5586--88985523236-2--215----2346----3353--2---1----20--0------14--42--112
---56-7--96-6-4-45--4-96-3-1--5-3-2-5----25--23--13-71--43-5-7-2-2--36--3----12--13--12-1-3-46--22--021
5563+836-894---44------8468-5377--9788-------94--4+-5333----+637------3354--14-4303-0--2------73--111--
----4--27--17-33--32-2-2-3-3--3-3-3----35-2----12-33--47--51-3-3-0-2--6-2--12--11--37--23-7--220--323--
-------493----613--37---7----+--6964----6666264-4-643-4232----441433--23-3-2-4--1-211-3--0---43-122----
--+5887--78-----13-3-6-6-3--65--5----11--40-7---31--75--56--96-3-8-0--0-2-1--42--33--31--4-23--3041----
-----937----2347-----4-665-454-9--645+--85----75--2-6+8-9736----74--45-1-2--6-4---6-657-6---6--2-------
5541+--26---------22-3-11343--211--010022--01---2-42--34--+4--44-0--3-5-3-7-2--46--55--5-2-2-33-42-----
---6+8----6135---3--775--4---423-2--25--22---5--44--1-363-4333----22-4-1--0-3---0---0-2136-------40----
-56--79-------------33422645412----31014324-------0-43--23--93--42--5-0-1-2--24--14--2-0-2-34-11--10---
-437----5245---1--3-1556-3-5---886-648--743----3--75--4-757-7673---4-5--2-2---4---1---74-200246-4--10--
---05---------------252453201--------231123---------3-13--65--13--43--1-1--14--22--2-0-1-16-75--02--40-
74--879355---1---2---65132-3--038-32-7---6423---2-21--434-3334---1-3262-0---1---2---151-022--4-01-1--20
-------66---------75--43---------------21--00---------5----3-3--51--34---01--11--2-0-0-1-1-2--11--21--0
665785-----7---4--8----+---8--78366-675----898-456-4----7567---7-5385--9--6---3---557-363---6--6-54-2-2
---11447333-----43--43-------------------11--01-------20--5140-2--31-------41--3-2-3-3-2-3--42--41--2-3
4-51----2----5--5---1-225-232225-----3463---3---2----3---4----2----10----2--2---221-021---1--4-02-0-0-2
---21--463345-54--24-------------21--------11--31---311---1-3130-0-----------2-0-3-3-1-2--22--12--2-1-3
3--3764---3---2---5-55-5----------14---772-557-2424-----333-4--11--1242----2--322-123---3--3-56-4-3-3-5
-21433354102--3-14-------------02--10--------00--3-11-----31--13211------------2-1-1-3--11--63--02--3-0
-10--3522----4--1-02-0----42337555--26--6---2----234150110---50------2000----2--011---1--0-01-2--03-2-2
2323442464--56--4------------23--00------------0-2301-------94----100------------1-0--11--23--00--11--0
---87--762-5---7--5-33456333--------543742-5485-40347745---------------2342----1----2--5-33-0--32--13-5
--2034556331--24654--14----11--01-------------01001-----------------210-------------21--52--33--31--11-
-----71--100-0---1------------345200----33---2----1012-------------------1000----1---2-01-0------20--11
----445692345235224----2012--01-------------111-----------------------000-------------22--223422--00---
-------51--452-5--13235685453321--12----12136844---------------------------0120-----132-0----------10--
------435888454546425--432311-------------012---------------------------210-------------0234760002-----

