*** Life<ConwayCell> 100x100 ***
Generation = 0, Population = 311.
....................................................................................................
....................................................................................................
....................................................................................................
....................................................................................................
....................................................................................................
....................................................................................................
....................................................................................................
....................................................................................................
....................................................................................................
.....********...............********..........********..............................................
....................................................................................................
....................................................................................................
............*.......................................................................................
...........*..................*.....................................................................
..........*..................*......................................................................
...........*...............**.......................................................................
............*..........***..........................................................................
.............*.......*..............................................................................
..............*...*.....................********....................................................
...............*....................................................................................
....................................................................................................
....................................................................................................
....................................................................................................
....................................................................................................
....................................................................................................
....................................................................................................
....................................................................................................
....................................................................................********........
....................................................................................................
...********...............................********..................................................
..................................................********..........................................
....................................................................................................
....................................................................................................
....................................................................................................
......................................................................********......................
....................................................................................................
....................................................................................................
....................................................................................................
...***********......................................................................................
..*.........*.......................................................................................
.*.........*........................................................................................
*.........*........................................................................................*
.........*........................................................................................**
*********...........................................................................................
....................................................................................................
....................................................................................................
....................................................................................................
....................................................................................................
....................................................................................................
....................................................................................................
....................................................................................................
....................................................................................................
....................................................................................................
....................................................................................................
....................................................................................................
....................................................................................................
....................................................................................................
....................................................................................................
....................................................................................................
....................................................................................................
....................................................................................................
....................................................................................................
..............................................**********************................................
............................................................***********************.................
..............................................................................**********************
....................................................................................................
....................................................................................................
...................................................................****************.................
....................................................................................................
.............................................*****************......................................
....................................................................................................
....................................................................................................
...........................................................************************************.....
....................................................................................................
....................................................................................................
....................................................................................................
....................................................................................................
....................................................................................................
....................................................................................................
....................................................................................................
....................................................................................................
....................................................................................................
....................................................................................................
....................................................................................................
....................................................................................................
....................................................................................................
....................................................................................................
....................................................................................................
....................................................................................................
....................................................................................................
.....................********************************************************.......................
....................................................................................................
....................................................................................................
....................................................................................................
....................................................................................................
....................................................................................................
....................................................................................................
....................................................................................................
....................................................................................................
....................................................................................................

Generation = 1, Population = 725.
....................................................................................................
....................................................................................................
....................................................................................................
....................................................................................................
....................................................................................................
....................................................................................................
....................................................................................................
....................................................................................................
......******.................******............******...............................................
......******.................******............******...............................................
......******.................******............******...............................................
....................................................................................................
....................................................................................................
...........*........................................................................................
..........**................**......................................................................
...........*............*...*.......................................................................
............*...........*...........................................................................
.............*..........*................******.....................................................
..............*..........................******.....................................................
.........................................******.....................................................
....................................................................................................
....................................................................................................
....................................................................................................
....................................................................................................
....................................................................................................
....................................................................................................
.....................................................................................******.........
.....................................................................................******.........
....******.................................******....................................******.........
....******.................................**************...........................................
....******.................................**************...........................................
...................................................******...........................................
....................................................................................................
.......................................................................******.......................
.......................................................................******.......................
.......................................................................******.......................
....................................................................................................
....*********.......................................................................................
...***********......................................................................................
..********...*......................................................................................
.*.........*........................................................................................
..........*.......................................................................................**
*.********........................................................................................**
.********...........................................................................................
.*******............................................................................................
....................................................................................................
....................................................................................................
....................................................................................................
....................................................................................................
....................................................................................................
....................................................................................................
....................................................................................................
....................................................................................................
....................................................................................................
....................................................................................................
....................................................................................................
....................................................................................................
....................................................................................................
....................................................................................................
....................................................................................................
....................................................................................................
...............................................********************.................................
...............................................*************.........*************..................
...............................................************.........**********......***************.
.............................................................****************......****************.
...............................................................................********************.
....................................................................**************..................
....................................................................**************..................
..............................................***************.......**************..................
..............................................***************.......................................
..............................................***************.......................................
............................................................**********************************......
............................................................**********************************......
............................................................**********************************......
....................................................................................................
....................................................................................................
....................................................................................................
....................................................................................................
....................................................................................................
....................................................................................................
....................................................................................................
....................................................................................................
....................................................................................................
....................................................................................................
....................................................................................................
....................................................................................................
....................................................................................................
....................................................................................................
....................................................................................................
......................******************************************************........................
......................******************************************************........................
......................******************************************************........................
....................................................................................................
....................................................................................................
....................................................................................................
....................................................................................................
....................................................................................................
....................................................................................................
....................................................................................................
....................................................................................................

Generation = 2, Population = 523.
....................................................................................................
....................................................................................................
....................................................................................................
....................................................................................................
....................................................................................................
....................................................................................................
....................................................................................................
.......****...................****..............****................................................
......*....*.................*....*............*....*...............................................
.....*......*...............*......*..........*......*..............................................
......*....*.................*....*............*....*...............................................
.......****...................****..............****................................................
....................................................................................................
..........**........................................................................................
..........***...............**......................................................................
..........***...............**......................................................................
............*..........***................****......................................................
.............*...........................*....*.....................................................
........................................*......*....................................................
.........................................*....*.....................................................
..........................................****......................................................
....................................................................................................
....................................................................................................
....................................................................................................
....................................................................................................
......................................................................................****..........
.....................................................................................*....*.........
.....****...................................****....................................*......*........
....*....*.................................*......******.............................*....*.........
...*......*...............................*.............*.............................****..........
....*....*.................................*.............*..........................................
.....****...................................******......*...........................................
....................................................****................****........................
.......................................................................*....*.......................
......................................................................*......*......................
.......................................................................*....*.......................
.....*******............................................................****........................
...*.........*......................................................................................
..*..........*......................................................................................
..*..........*......................................................................................
..*********.........................................................................................
.**********.......................................................................................**
.........*........................................................................................**
*........*..........................................................................................
.*......*...........................................................................................
..*****.............................................................................................
....................................................................................................
....................................................................................................
....................................................................................................
....................................................................................................
....................................................................................................
....................................................................................................
....................................................................................................
....................................................................................................
....................................................................................................
....................................................................................................
....................................................................................................
....................................................................................................
....................................................................................................
....................................................................................................
................................................******************..................................
...............................................*............******....***********...................
..............................................*..............*****..*.........***....*************..
...............................................*...........*..*****............**..*..............*.
................................................**********....******.........*..**.................*
..............................................................*****...............................*.
....................................................................*..............***************..
...............................................*************.......*..............*.................
..............................................*.............*.......*............*..................
.............................................*...............*.......************...................
..............................................*...............*******************************.......
...............................................************..................................*......
...........................................................*..................................*.....
............................................................*................................*......
.............................................................********************************.......
....................................................................................................
....................................................................................................
....................................................................................................
....................................................................................................
....................................................................................................
....................................................................................................
....................................................................................................
....................................................................................................
....................................................................................................
....................................................................................................
....................................................................................................
....................................................................................................
....................................................................................................
.......................****************************************************.........................
......................*....................................................*........................
.....................*......................................................*.......................
......................*....................................................*........................
.......................****************************************************.........................
....................................................................................................
....................................................................................................
....................................................................................................
....................................................................................................
....................................................................................................
....................................................................................................
....................................................................................................

Generation = 12, Population = 614.
....................................................................................................
....................................................................................................
....................................................................................................
....................................................................................................
....................................................................................................
....................................................................................................
....................................................................................................
....**.....**.......................................................................................
......*...*..*.............**......*.*......*.*......*.*............................................
...*..*....*.*............*.......*..*......*..*....*..*............................................
..*...*.....*..............**......*.*......*.*......*.*............................................
...*.*......................*.......................................................................
...***..............................................................................................
....................................................................................................
....................................................................................................
............**......................................................................................
............**.........***..........................................................................
......................................*.*......*.*..................................................
......................................*..*....*..*..................................................
......................................*.*......*.*..................................................
....................................................................................................
....................................................................................................
....................................................................................................
....................................................................................................
....................................................................................................
....................................................................................................
..........................................*........**.............................*.*......*.*......
........................................***.......*.**............................*..*....*..*......
.*.*..............................................*****...........................*.*......*.*......
.*..*......*...................................*...***..............................................
.*.*......***.................................***...*...............................................
..........***................................*****..................................................
...........**.................................**.*.......***........................................
...**..........................................**........*..........*.*......*.*....................
..**................................................................*..*....*..*....................
.***................................................................*.*......*.*....................
.*.*................................................................................................
.*...*.......**.....................................................................................
.*..**.......**.....................................................................................
...**...............................................................................................
...........*........................................................................................
..........*.*.....................................................................................**
.........*..*.....................................................................................**
..........**........................................................................................
....................................................................................................
.....*.**...........................................................................................
....*...*...........................................................................................
.....*.*............................................................................................
....................................................................................................
....................................................................................................
....................................................................................................
....................................................................................................
.......................................................**...........................................
......................................................*.*...........................................
......................................................*.....*.......................................
......................................................*.*....*......................................
..................................................**...**...**......................................
................................................*....*.........*..........***..............*........
..............................................*......*......*..**..........................*****....
..............................................*......*..*....*.*.*..................................
..............................................*....*...*.*..**...**.....*.............**.....**.....
................................................*..*..*..*..**.***.......**..........*.**...........
................................................***....**...........****.............*....*.........
................................................**............***....*.....*...........**.*.........
..............................................................**.*.....*.***.............*..........
..............................................................**..*.........*...................*...
................................................................**.......*.**................*..*...
......................................................................*..*.*.................*..*...
...........................................**..**...............*......****.................*...*...
...........................................****..........**....*.*...........................**.**..
...........................................**..**.....**.......*.*.................***........***...
......................................................**.*......**......*....*....*...*.............
...................................................*..**....*.....................*...*.............
..................................................***..***.*.***..................*...*.............
....................................................*........***........*....*.....***...*..........
.................................................**....................................*..*.........
.............................................................*....*............****....*..*.........
.....................................................***.....*....*..**.............*..*............
.................................********************...*********.........**.........*...**.........
...............................*................................*...*....****.........*.............
..............................*................................*......*...............*.............
.............................*.................................*..*..*..*.............*.............
.............................*...................................*......*............*..............
.............................*.....................................*...*............*...............
.........................**...*........................................************.................
............................*..*..................................*..*..............................
..........................***....********************************....***............................
...........................*..........................................*.............................
....................................................................................................
...................**..**................................................**..**.....................
...................****....................................................****.....................
...................**..**................................................**..**.....................
....................................................................................................
...........................*..........................................*.............................
..........................***....********************************....***............................
............................*..*..................................*..*..............................
.........................**...*....................................*...**...........................
.............................*......................................*...............................
.............................**.**********************************.**...............................
....................................................................................................

Generation = 62, Population = 583.
....................................................................................................
....................................................................................................
....................................***.............................................................
...................................****.............................................................
..................................*...*.............................................................
...................................**.....*.........................................................
...................................**.....**.............**.........................................
...........**........................*....................*.........................................
..........*..*.......................***......**.......*..*.*.......................................
...........*.*.................................**...........*.......................................
............*..........................*......***.....*..*..*.......................................
........................................*..............*.*..........................................
........................................................**..........................................
.........................................................*..........................................
....................................................................................................
............**.....................................*.................................*..............
............**.........***............****.......*...*..............................***.............
....................................**..........*.....*...........................**...*............
....................................**...........*...*............................*..**.............
..........................................*........*..............................****....**........
................................**..**...**....................................*..........**........
...............................***...*.**.....................................**..............***...
................................*.*..........................................*......................
.................................**...........................................**......***...*.....*.
...............................................................................*........*...*.....*.
...............................................**......................................*....*.....*.
.....................................**........**.....................*................*............
.....................................**...............................*................**.....***...
......................................................................*...............*..*..........
.........................................**...............**...........................**...........
......**...***...........................**..............*..*..........................*............
.**...**...*..*...........................................*.*.............*.........................
.**............*...........................................*.............**.........................
...........*..*.........................................................*..*...............*........
...........***...................................................***.....**................*........
..........................................................................*................*........
...............................................................*.....*....*.........................
...............................................................*.....*...*........*.................
...............................................................*.....*...***......**................
.......***..........................................................................*...............
.......*..*......................................................***..............**................
......*...*...........................................................**..........*...............**
.......*..*...........................................................**....****..................**
.......*.*.................................................................**..*....................
..........................................................................*...**....................
...........................................................................***......................
.......................................................**...................*.......................
.......................................................**...........................................
....................................................................................................
..........................................................................*..*......................
..........................................................*................*...*....................
.................................................****.....**...........**.......*...................
.................................................*...*....*.*..........**...**..*...................
.................................................**...*....***...........*.....**...................
..................................................*........**.......................................
...................................................***.......................................*......
....................................................**....*.**...............................*......
....................................................**..*...**...............................*......
....................................................***....*..*..............**.....................
.....................................................*.....***...............**..........***...***..
..................................................*.*......***......................................
...................................................*.***...*.................................*......
...........................................................*.................................*......
...........................................................................*.*...............*......
...........................................................**..............*..*.....................
........................................................**.*.......**.*....*..*.....................
.......................................................*...............*..***.......................
.......................................................*....*....*.......***........................
.......................................................*.....*...*....*...**........*.*...***.......
............................................**..............*....*..*...**..........*****.***.......
............................................**.............*........**..*..............**...........
.......................................................*...........**............*..***.*....***....
..........................................**..........*.*........................*..***.**..........
...........................................***........*..*.......................*...*****.....*....
..................................*.........*.*........**................................*....*.*...
............................*....*.*.........*.........................................**..***...*..
...........................*.*...*.*........................................................***..*..
...........................*..*...*.....................................................*...*..***..
............................**...........................................................*.*..*.*...
......................................................*...................................***.**....
......................................................*.................**....................*.....
.............................*.......................**............*..**.*..........................
............................*.*....................*...............*.**.............................
............................*.*..................**.....***.......*...*.............................
.............................*...................***...............**.*.**..........................
....................................................................*.**.**.........................
.................................................*....................**.**.........................
.................................**...............**....................*...........................
........................*........**.................................................................
.......................**...........................................................................
......................**.............................*..............................................
.....................**..............................*...................**.........................
.....................*..*..*............................................*..*........................
......................***.*.................*............................**.........................
..........................................**.**.*...................................................
.........................................*...**....................**.**............................
.........................................**..**.*..................*...*............................
........................................*.***..*....................***.............................
........................................**.*........................................................
............................................*.*.....................................................

Generation = 462, Population = 278.
.........................................*..........................................................
.........................................*..............**..........................................
.........................................*.............*..*.........................................
........................................................**..........................................
..............................***...................................................................
....................................................................................................
...............................................*....................................................
...............................................*.....................*..............................
...............................................*....................*.*.............................
....................................................................*.*.............................
.....................................................................*..............................
....................................................................................................
....................................................................................................
....................................................................................................
....................................................................................................
....................................................................................................
....................................................**..............................................
....................................................**..............................................
....................................................................................................
....................................................................................................
.............................*......................................................................
.............................*......................***.............................................
........................*....*.....................***..............................................
........................*............*..............................................................
........................*......***..*.*.............................................................
.......*............................*.*........**...................................................
.......*............***...***........*.........**...................................................
.......*............................................................................................
........................*...........................................................................
........................*...............................................**..........................
........................*...............................................**..........................
.....................................***............................................................
....................................................................................................
....................................................................**..............................
...................................................................*..*.............................
...................................................................*..*.............................
..**................................................................**..............................
.*.*........................................................................**......................
..*.........................................................................*.*.....**..............
.............................................................................*......**..............
....................................................................................................
....**..............................................................................................
....**..............................................................................................
....................................................................................................
...................................................*....................................**..........
.**..............................................**.....................................**..........
.**...............................................**.......................*........................
...........................................................................*........................
...........................................................................*........................
....................................................................................................
..........*.........................................................................................
.........*.*........................................................................................
.........*.*...............................................**....*..................................
..........*................................................**....*..................................
.................................................................*..................................
....................................................................................................
....................................................................................................
....................................................................................................
....................................................................................................
....................................................................................................
....................................................................................................
....................................................................................................
....................................................................................................
....................................................................................................
....................................................................................................
..........................................................................**........................
..........................................................................**...........*............
..................................................................**...................*............
..................................................................**.............*.....*............
.................................................................................*..................
.................................................................................*.......***........
...................................................**...............................................
...................................................**........................***...***..............
.............................**..............................................................**.....
............................*..*..**.............................................*...........**.....
.............................**...**.............................................*..................
.................................................................................*..................
.......................................................................*............................
....................................................................................................
...................................................................*.........**.....................
........................................................***.......**...*....*..*....................
....................................................**...........***.**.*....**.....................
..............................................*.....**..***.......**....*...........................
......................................................*...........****..**..........................
............................................**......................*.*..**.........................
..............................................*...................*..**.*..*........................
............................................................*..****..**.*.*.........................
.................................**.........................*...*.*.**...*..........................
.................................**.........................*......**...............................
...............................................................*....................................
............................................................****....................................
.........*.................................................*..*.....................................
.........*.*................................................**......................................
.........**............**...........**..............................................................
.......................**...**......**..............................................................
............................**.............................**...........**..........................
...........................................................**...........**..........................
............................**......................................................................
............................**......................................................................
....................................................................................................

