*** Life<FredkinCell> 30x25 ***
Generation = 0, Population = 11.
-------------------------
-------------------------
-------------------------
-------------------------
-------------------------
-------------------------
-------------------------
-------------------------
-------------------------
-------------------------
-------------------------
-------------------------
-------------------------
-------000---------------
-------00----------------
-------------------------
-------------------------
-------------------------
-------------------------
-------------------------
-------------------------
-----------------00------
----00-----------00------
-------------------------
-------------------------
-------------------------
-------------------------
-------------------------
-------------------------
-------------------------

Generation = 1, Population = 26.
-------------------------
-------------------------
-------------------------
-------------------------
-------------------------
-------------------------
-------------------------
-------------------------
-------------------------
-------------------------
-------------------------
-------------------------
-------000---------------
------0-110--------------
------0------------------
-------00----------------
-------------------------
-------------------------
-------------------------
-------------------------
-----------------00------
----00----------0--0-----
---0110---------0--0-----
----00-----------00------
-------------------------
-------------------------
-------------------------
-------------------------
-------------------------
-------------------------

Generation = 6, Population = 167.
-------------------------
-------------------------
-------------------------
-------------------------
-------------------------
-------------------------
-------------------------
-------000---------------
-------11----------------
-----010-210-------------
-----01--00--------------
---000-121-000-----------
---11--21--11------------
-010-230-232-210---------
-01--01--11--00----------
---110-120-110---00------
---0-0-11--00----11------
-----111-210---01--10----
--01-2-0-00----01--10----
-------110---00--11--00--
00--11-0-0---11--11--11--
-----------01--11--11--10
2-22--22--1-1--11--11--10
-------------11--11--11--
00--11--00---00--11--00--
---------------01--10----
--01--10-------01--10----
-----------------11------
----00-----------00------
-------------------------

Generation = 11, Population = 193.
-------------------------
-------------------------
-------000---------------
------0-110--------------
-----0-2-000-------------
----0-2-1-210------------
----0--1-1---------------
-----0--3----------------
------0------------------
-------01----------------
00-------------00-0------
-10-10--------0--010-----
--0-210------0---1200----
--4--240----2---2-3010---
---223310---0-21-2---0---
21011101-----0-22---0----
1--1110-------0-1--0-----
0---02---------0100------
-------00-0-------------0
-00---0--11000---------01
1210-2---22--21-------10-
0000----1-----11-----11--
-355-255--106-321----11--
000000-22-20-110------10-
1210--0-2---110--------01
-00----0000-00----------0
-----------------00------
----------------0220-----
---------------00--00----
--------------01----10---

Generation = 16, Population = 39.
-------13----------------
-------022---------------
-------------------------
-------------------------
-------------------------
-----------------00------
----12-----------01------
-------------------------
-------------------------
-------------------------
-------------------------
-------------------------
-------------------------
-----572---------------12
------32---------------12
-------------------------
-------------------------
-------------------------
-------------------------
-------------------------
-------------------------
-11-------------40-------
-66-15---62-----6-1-51---
-----------------23------
-------------------------
-------------------------
-------------------------
-------------------------
-------------------------
-------111---------------

Generation = 26, Population = 214.
---14343-----11----10----
1-20---------22-312-0----
1---02---------2212------
00---10-4-0----00-1----0-
-10---2-302-12---------1-
---03-51--9-5--------1---
3--4--5-4---5-21-----1---
-----122-31------------1-
-10--2--2---00---------2-
-----454-851-------------
-------34----------------
2-1----542---11----0-----
224------01---2--32531---
--+-6------27--33-7--2---
--247--24--1---4-55-3422-
4-2----------0324---4----
110------02---1--34200---
-----------------34------
-------------------------
----1-1--12------------2-
----352314-------33--4221
--3-8-7-4-543--------6--2
--7856--++43---2+----584-
----21--7---1---------424
----340342-------54--3104
-------21-3-------------3
-------------------------
0-1------------1-75------
-------------------------
1---2--------4--1-522----

