*** Life<Cell> 30x30 ***
Generation = 0, Population = 39.
------------------------------
-00---------------------------
00----------------------------
---------------------00-------
--------------------00--------
------------------------------
------------------------------
------------------------------
-----------------------------0
00-------------------------000
0-----------------------------
------------------------------
------------------------------
------------------------------
------00----------------------
-----00-----------------------
------------------------------
------------------------------
------------------00----------
----------------00------------
----------------000-----------
------------------------------
------------------------------
-----------0000000------------
------------------------------
------------------------------
-------------------------00000
0-----------------------------
------------------------------
------------------------------

Generation = 1, Population = 87.
-00---------------------------
--10--------------------------
1--------------------00-------
00--------------------10------
-------------------01---------
--------------------00--------
------------------------------
-----------------------------0
00-------------------------0-1
-10-----------------------01--
1--------------------------000
0-----------------------------
------------------------------
------00----------------------
-------10---------------------
----01------------------------
-----00-----------------------
------------------00----------
----------------0-110---------
---------------0--00----------
---------------0-110----------
----------------000-----------
-----------0000000------------
----------01-----10-----------
-----------0000000------------
-------------------------00000
0-----------------------01---1
-0-----------------------00000
0-----------------------------
------------------------------

Generation = 2, Population = 125.
01----------------------------
0--10----------------00-------
*-00----------------01--------
-10----------------00--10-----
00----------------01--00------
---------------------10-------
--------------------00-------0
00-------------------------001
1--------------------------1-*
0-10---------------------01*--
*-0--------------------------1
10-------------------------000
0-----00----------------------
-----01-----------------------
----00--10--------------------
---01--00---------------------
------10----------00----------
-----00---------00------------
------------------*-10--------
--------------01--11----------
--------------010---0---------
-----------00000--------------
----------------110-----------
---------01*0---0*10----------
-------------------------00000
0----------0000000------------
-----------------------01*0-0-
0-0---------------------------
-------------------------00000
0-----------------------------

Generation = 12, Population = 363.
*.1*-.---.--11---0-**...--11-*
*...*.--1-1--**-0---1*10-0..--
..*-*1--*10-01--1*--0*0-1-1.--
*.0--.---10--------.01...-.--.
*..0----0*------11--*------.-.
*-*11-.00-1--------0-.*0*-.*0-
-*------*011------0111----0**.
0.-1*.*---1--10-00---*.-1*--0*
.-.-101.1---00--1-.--.101.-..*
-..-**-...1-10-100*-..1*-**.-*
...-*..-.---0-----.*-*---0-.*.
.*-*-..1-000-1-.0---1-.110*.--
.***1--.*0--101---*-.0-1-.0--*
-.-*-0.010---0-0-1--01*--11.--
..*.1-0-1--1*.**-1.1.-*--1-01.
.*1----0-.1-11-*1**.1-.0--1.*0
1*--------1--0--...*-*..---.**
-*.0-1-100.---*.*.*00-*10-..--
*-000-*-*1*-0*..*0*.*.*1.*011-
*.0*1---.0--...*1...**..-.*-.1
.---1---10-..0...-*....*.0-.1*
-1----*.-.-*1.**-*-*-*.---000-
0-10*1-10-0*.-.*...1-**.-..---
--...1..*....*0***..1.1***-*1-
----0*-.-0111*.-.*.-..*1.11---
--*-*-0-1--1----1-0--.-.-.1.-*
-----001110*-11-.1*-*.*....**.
--01---0---*..1--..1*0.1*.-*--
---------1-*-*10*1*-----1.-..*
0-----00--1.0-**-*-00-11-.*01-

Generation = 62, Population = 94.
...............-........-.....
..*......**.**................
.**.**....***...........-.....
*......*...*..................
*.***...*.....................
*..***..*...........-.........
**...........*................
.....*..*....***..............
.-..*.....**.***..............
.....*.*..*****...............
............*.................
......................**......
......................**......
..............................
..............................
....*.........................
....*..................**.....
....*................**..*....
....................*...**....
...................*....**....
...................***........
....................***.......
....................*.**......
.....................***....**
......................*.*...**
.......................*......
......*................*......
....*.*...........**..........
.....**...........**..........
...........................-..

Generation = 462, Population = 48.
........**..............-.....
........**....................
........................-.....
..............................
..............................
....................-.........
..............................
..............................
..........**..................
.........*..*.................
..........**..................
...*..................**......
..*.*.................**......
.*..*.........................
..**..........................
..............................
..................***.........
..............................
................*.....*.......
................*.....*.......
................*.....*.......
.........................*....
..................***...*.*...
........................*.*...
.........................*....
..............................
..............................
........................*.....
.......**..............*.*....
.......**..............**..-..

