*** Life<ConwayCell> 30x25 ***
Generation = 0, Population = 9.
.........................
.........................
.........................
.................*.......
.................*.......
.........................
.........................
................***......
.........................
.........................
.........................
.........................
.........................
.........................
........*...*............
........*...*............
.........................
.........................
.........................
.........................
.........................
.........................
.........................
.........................
.........................
.........................
.........................
.........................
.........................
.........................

Generation = 1, Population = 3.
.........................
.........................
.........................
.........................
.........................
.........................
.................*.......
.................*.......
.................*.......
.........................
.........................
.........................
.........................
.........................
.........................
.........................
.........................
.........................
.........................
.........................
.........................
.........................
.........................
.........................
.........................
.........................
.........................
.........................
.........................
.........................

Generation = 11, Population = 3.
.........................
.........................
.........................
.........................
.........................
.........................
.................*.......
.................*.......
.................*.......
.........................
.........................
.........................
.........................
.........................
.........................
.........................
.........................
.........................
.........................
.........................
.........................
.........................
.........................
.........................
.........................
.........................
.........................
.........................
.........................
.........................

Generation = 21, Population = 3.
.........................
.........................
.........................
.........................
.........................
.........................
.................*.......
.................*.......
.................*.......
.........................
.........................
.........................
.........................
.........................
.........................
.........................
.........................
.........................
.........................
.........................
.........................
.........................
.........................
.........................
.........................
.........................
.........................
.........................
.........................
.........................

Generation = 22, Population = 3.
.........................
.........................
.........................
.........................
.........................
.........................
.........................
................***......
.........................
.........................
.........................
.........................
.........................
.........................
.........................
.........................
.........................
.........................
.........................
.........................
.........................
.........................
.........................
.........................
.........................
.........................
.........................
.........................
.........................
.........................

Generation = 23, Population = 3.
.........................
.........................
.........................
.........................
.........................
.........................
.................*.......
.................*.......
.................*.......
.........................
.........................
.........................
.........................
.........................
.........................
.........................
.........................
.........................
.........................
.........................
.........................
.........................
.........................
.........................
.........................
.........................
.........................
.........................
.........................
.........................

