*** Life<Cell> 54x100 ***
Generation = 0, Population = 578.
----------------------------------------------------------------------------------------------------
----00---------------------------------------------------0000---------------------------------------
-0---00----------------------------------------------000000000----------------------------------0--0
-----0------------------------------------------------0000-------------------------------------0-0--
--000------------------------------------------------00-------------------------------------00000---
---------------------------------------------------0---------------------------------------0---00---
--------------------------------------------------0---------------------------------------0-----00--
--------0000000000-----------------------------000----------------------------------00000000-----000
000---0--------0-------------------------------000000-----------------------00000-------0---------00
------0------0000000000000000000---------------------------------------------------------------000--
------0----0----------------------0000------------------------------------------------------000-----
-------00--------------------------------------------00000000000000----------------------------000--
------00----------------------------------------------------------------------------------------0000
0000000-------------------------------------------------------------------------------------------00
0-------------------------------------------------------------------------------------------00000---
-----------------------------------------------------------------------------------------000--------
--------------------------------------------------------------------------------------00------------
-----------------------------------------------------------------------------------00---------------
---------------------00000000000----------0------------0---------------00----------000--------------
--------------------0---------0--------000--00000000000----------------0------------00000-----------
-------------------0---------0----------0---------00000----------------0----------------00000-------
---------------00000000000000000-------------------00----------------0----------------------000-----
-----------------0--0---0--0-----------------------0---------------0-------------------------0------
-----------------0---0---0---------------------------------------0----------------------0000--------
----------------0--000--0--00----------------------------------0----------------------000-----------
----------------0000000----0----------------------------------0-00----------------000---------------
---00-----------------------------------------------------------000---------------------------------
-----------------------------------------------------------------------------00---------------------
------------------------------0000----------------------------------------0---00--------------------
--------------------------000000000----------------------------------0--0-----0---------------------
---------------------------0000-------------------------------------0-0----000----------------------
--------------------------00-------------------------------------00000------------------------------
------------------------0---------------------------------------0---00------------------------------
-----------------------0---------------------------------------0-----00----------0000000000---------
--------------------000----------------------------------00000000-----000000---0--------0-----------
--------------------000000-----------------------00000-------0---------00------0------00000000000000
00000---------------------------------------------------------------000--------0----0---------------
-------0000------------------------------------------------------000------------00------------------
--------------------------00000000000000----------------------------000--------00-------------------
---------------------------------------------------------------------00000000000--------------------
-----------------------------------------------------------------------000--------------------------
-----------------------------------------------------------------00000------------------------------
--------------------------------------------------------------000-----------------------------------
-----------------------------------------------------------00---------------------------------------
--------------------------------------------------------00------------------------------------000000
00000----------0------------0---------------00----------000----------------------------------0------
---0--------000--00000000000----------------0------------00000------------------------------0-------
--0----------0---------00000----------------0----------------00000----------------------000000000000
00000-------------------00----------------0----------------------000----------------------0--0---0--
0-----------------------0---------------0-------------------------0-----------------------0---0---0-
--------------------------------------0----------------------0000------------------------0--000--0--
00----------------------------------0----------------------000---------------------------0000000----
0----------------------------------0-00----------------000------------------00----------------------
-------------------------------------000------------------------------------------------------------

Generation = 1, Population = 1058.
----00---------------------------------------------------0000---------------------------------------
-0-01------------------------------------------------000--11------------------------------------0--0
0-0--110--------------------------------------------01111-11110-----------------------------------0-
-000-1-----------------------------------------------0111--000------------------------------00-1--00
-01-1----------------------------------------------001--00----------------------------------1-------
--000-----------------------------------------------000--------------------------------------0--1---
--------0000000000-----------------------------00-----------------------------------00000-10-------0
000---001------1-10---------------------------0-1-000-----------------------00000--01---1-110-----1-
1-10-01000000-0-0-00000000000000--------------0-11--10---------------------01---10--000-1-00---000--
000--0-0---001-1---------------10-0000---------000000-----------------------00000-------0---00-1-1-0
-----01-0-0-00000000000000000000-01--10--------------00000000000000------------------------01-10----
------0-10-0----------------------0000--------------01------------10------------------------00-11--0
00000------------------------------------------------00000000000000------------------------------11-
--------------------------------------------------------------------------------------------0000----
1-00000----------------------------------------------------------------------------------00-1---1000
0-------------------------------------------------------------------------------------0001-1-0000---
-----------------------------------------------------------------------------------000110000--------
---------------------00000000000----------0------------0---------------00---------0---00------------
---------------------1--------110------00--00000000000--0-------------0-10--------0----00-----------
----------------------000000001-------0111-01-----1111----------------0--------------1----000-------
---------------000-100000000-100--------1---00000----1-0-------------0010-----------000-------0-----
--------------01-1-11---1--1-1-10-------0----------1--0------------00-00----------------000--110----
---------------0----100-10-1-000------------------01-------------00-00------------------0000-1------
-----------------100010-0-0-0----------------------0-----------00-00------------------0----100------
---------------010--11-0--0-10----------------------------------------------------00001---00--------
---00----------0---111100-01---------------------------------0-0-----------------01-10000-----------
--0110----------0000000----0----------------------------------00-110---------00---000---------------
---00-------------------------0000------------------------------000-------0-01----------------------
--------------------------000--11------------------------------------0--00-0--110-------------------
-------------------------01111-11110-----------------------------------0-0000-1---------------------
--------------------------0111--000------------------------------00-1--00-01-1----------------------
------------------------001--00----------------------------------1---------000----------------------
-------------------------000--------------------------------------0--1-----------0000000000---------
--------------------00-----------------------------------00000-10-------0000---001------1-10--------
-------------------0-1-000-----------------------00000--01---1-110-----11--10-01000000-0-0-000000000
00000--------------0-11--10---------------------01---10--000-1-00---000---00--0-0---001-1----------1
1---10-0000---------000000-----------------------00000-------0---00-1-1-0-----01-0-0-000000000000000
00000-01--10--------------00000000000000------------------------01-10----------0-10-0---------------
-------0000--------------01------------10------------------------00-11--000000----------------------
--------------------------00000000000000------------------------------1111--------------------------
-----------------------------------------------------------------0000---1--00000--------------------
--------------------------------------------------------------00-1---10000--------------------------
-----------------------------------------------------------0001-1-0000------------------------------
--------------------------------------------------------000110000-----------------------------000000
00000----------0------------0---------------00---------0---00---------------------------------1----1
1--110------00--00000000000--0-------------0-10--------0----00---------------------------------00000
0001-------0111-01-----1111----------------0--------------1----000----------------------000-10000000
0-100--------1---00000----1-0-------------0010-----------000-------0-------------------01-1-11---1-1
--1-10-------0----------1--0------------00-00----------------000--110-------------------0----100-100
1-000------------------01-------------00-00------------------0000-1-----------------------100010-0-0
-0----------------------0-----------00-00------------------0----100---------------------010--11-0---
-10----------------------------------------------------00001---00-----------00----------0---111100--
1---------------------------------0-0-----------------01-10000-------------0110----------0000000----
0----------------------------------00-110--------------000------------------00----------------------

Generation = 2, Population = 1374.
-0---10----------------------------------------------000011110----------------------------------0--0
--01-000----------------------------------------------1---**000--------------------------------0-0--
--10---10------------------------------------------01-------**10----------------------------00-00010
---10*-0-------------------------------------------001***---1------------------------------0-1--00-1
0-*-*---------------------------------------------011*0--10000-----------------------------0*0-00-00
-----0--0000000000-----------------------------00----11000--------------------------00000-00--00-0-0
00-00-0--------1-------------------------------1-000-00---------------------00000------------0--0---
-------1*0---00*----000000000000-------------010-01-------------------------------01*0----*-10-00---
--*1--*-1--1-0---0----------------0000-------010*-00*10-------------------01*0-0*10---1-----000----0
----0--1000----*00------------0*10-------------111---00000000000000-----------------00001000-10-0*--
000-0--010---1-1----------------01*00*10-------000000-----------------------00000-------0-01*-*1-0--
00000-1--10--0000000000000000000-------------------01*0----------0*10------------------------10-*---
1---100-00-0----------------------0000--------------------------------------------------------0--**-
-0---00----------------------------------------------00000000000000----------------------000---1---0
*-1---10------------------------------------------------------------------------------00--10*0-0---1
1000000----------------------------------------------------------------------------00--11*-*01----00
0--------------------00000000000----------0------------0---------------00----------1----11--00000---
--------------------0---------1--------000--00000000000----------------1---------01-0--10000--------
--------------------0*0------0**10----------1-----111-0--0-----------010-10------010-0--10000-------
---------------000-000-11111-1*00----01*-*--*0-----***000----------------0--------0--*-0001-100-----
--------------------1-11-1110*1-------0---------100--*0-0----------0-1-*10---------0111000-00-1-----
-------------01*0*--*0---0-----*10-----010--00000--*0------------0-1----------------0000-1--0-*10---
---------------10-00*1--*10*0-----------0--------01*0-0--------0-1---1-0--------------00-11-0--0----
-----------------------010101000-------------------10---------0110-1-0------------000-10000*--0-----
---00---------0----0**-100-0-10--------------------0---------0--0-00----------------11*-001--0------
--------------010-----*11----0------------------------------0-010000---------00-01*-*11-1000--------
-01--10---------1--111--0--10-0000----------------------------1-0-*10-----0---10------000-----------
----------------0000000---0-0011110---------------------------0-11---0--0--01-000-000---------------
---00----------------------1---**000----------------------------000-0-0-1--10---10------------------
------------------------01-------**10----------------------------00-0001--1-10*-0-------------------
------------------------001***---1------------------------------0-1--00-10-*-*----------------------
-----------------------011*0--10000-----------------------------0*0-00-00-----0--0000000000---------
--------------------00----11000--------------------------00000-00--00-0-000-00-0--------1-----------
--------------------1-000-00---------------------00000------------0--0----------1*0---00*----0000000
00000-------------010-01-------------------------------01*0----*-10-00-*--0*1--*-1--1-0---0---------
-------0000-------010*-00*10-------------------01*0-0*10---1-----000-----01--0--1000----*00-------0-
-0-0*10-------------111---00000000000000-----------------00001000-10-0*--000-0--010---1-1-----------
-----01*00*10-------000000-----------------------00000-------0-01*-*1-0--00000-1--10--00000000000000
00000-------------------01*0----------0*10------------------------10-*---1---100-00-0---------------
-------0000--------------------------------------------------------0--*-------00--------------------
--------------------------00000000000000----------------------000---1--0-001---10-------------------
-----------------------------------------------------------00--10*0-0---11000000--------------------
--------------------------------------------------------00--11*-*01----000--------------------000000
00000----------0------------0---------------00----------1----11--00000-----------------------0------
---1--------000--00000000000----------------1---------01-0--10000----------------------------0*0--0-
-00**10----------1-----111-0--0-----------010-10------010-0--10000----------------------000-000-1111
1-1*00----01*-*--*0-----***000----------------0--------0--*-0001-100-------------------------1-11-11
10*1-------0---------100--*0-0----------0-1-*10---------0111000-00-1------------------01*0*--*0-----
-0--*10-----010--00000--*0------------0-1----------------0000-1--0-*10------------------10-00*1--*-1
-0-----------0--------01*0-0--------0-1---1-0--------------00-11-0--0---------------------------0101
-1000-------------------10---------0110-1-0------------000-10000*--0--------00---------0----0**-10-0
--10--------------------0---------0--0-00----------------11*-001--0--------------------010-----*110-
*-0------------------------------0-010000------------01*-*11-1000---------01--10---------1--111--0--
10---------------------------------1--*-10-----------------000---------------------------0000000----

Generation = 3, Population = 1797.
0--00-----------------------------------------------011---***-------------------------------------0-
------1--------------------------------------------00-*-0-..--------------------------------0001-1--
-0-1---*10----------------------------------------0----11-1-..*10---------------------------1---1---
0-0-1*-1-------------------------------------------1-*.**-0--000--------------------------01--011---
--.0.0-00000000000-----------------------------0001**.100---110---------------------00000--1.-0---11
-0000--01------1-10---------------------------0-1----*-----000--------------00000--01---1-1--01---01
11-110----000-0--0--000000000000-------------0--0-11----00-----------------01---1000--000--0-1-01--0
000-0-0**1000--*01-01----------10-0000------0-*11-*00---------------------00--0-----*1---0.--101-0-0
-0.*-0*--0---1---10-0000000000--0-1--10-----0-*-.---**--00000000000------01-*1-1*----0*-10-------00-
00--10---11---0*--0----------01**-0---00-----0-*--0-0-1-----------10------00--0--0001-1-*-1---111*00
-1-0-0--*10-0*0-0-000000000000-0-**--*-10-----0-11-1-0-0000000000--00------01---10--000-10-*.-.*-10-
111-10*-1*1-0--1---------------1-0----00-------000--**10--------01*-10------00000-------0-00-*11*00-
*00--11-1-0-00000000000000000000-01--10------------00--0000000000--00--------------------000--1--**-
0-----1-00-0----------------------0000--------------01------------10------------------00011--0-*00-1
*-*-00*10--------------------------------------------00000000000000----------------0001--0--.--11---
*-1------------------00000000000----------0------------0---------------00---------0-10--*.0.-*--001-
1-00000--------------1--------110------00--00000000000--0-------------0-10-------0-*0--1**-0-1--1000
0------------------010-0000000-000----01-1-0------111----0-----------0---00-----0-----0*--1-00000---
---------------000--1.1-00000-..*10--00-0--0-0000---*-----0---------01----10----0--10100*--1--0-----
--------------01-1-1-----**-0*.1----01**-.00*10-001...-------------0--0-----------10-.0-----*--0----
-------------00-------*-0***-.-0-0----101-----0---100.-010-------001---.--0--------1*-*-110110--0---
------------01-.1*--.--0--0--1-*-10----1*1001----00.----0------001-*0---00-----------1-10-----**10--
-------------0---01-.-0-.-1.--0-00------1---0000-1-.1--0-------10-0-0*--0---------00--110*-01101----
---00---------000-0---0---*-*1110-------0--------0-*-00-------1**-0*-100---------01--0*11--.--------
--0110-------01-1-01**0*--011*--------------------01----------00---100-------00-00--**.01-*00-------
-000000------0---0---1.**----10000-----------------0-------0-0-----1------0-01-01-.-***0*11100------
01*11*10------0-----*-0-10-*---11---------------------------00-0--.*1---00--0-*-00-0------00--------
-000000--------0---1111000----*------------------------------01-*-000--010-----1-01-10000-----------
--0110----------0000000-00---0-..-----------------------------00----1-10*0--1---*1-00---------------
---00------------------0----11-1-..*10--------------------------0-1--1-*0----1*-1-------------------
------------------------1-*.**-0--000--------------------------01--011---10*0.0-00000000000---------
--------------------0001**.100---110---------------------00000--1.-0---1100000--01------1-10--------
-------------------0-1----*-----000--------------00000--01---1-1--01---0--1-110----000-0--0--0000000
00000-------------0--0-11----00-----------------01---1000--000--0-1-01-000-0-0-0**1000--*01-01-----1
1---10-0000------0-*11-*00---------------------00--0-----*1---0.--101--.1--**-0*--0---1---10-00000-0
0-0--0-1--10-----0-*-.---**--00000000000------01-*1-1*----0*-10-------000-*0-10---11---0*--0-----0-1
1--1**-0---00-----0-*--0-0-1-----------10------00--0--0001-1-*-1---111*001--0-0--*10-0*0-0-0000000-0
0-0-0-**--*-10-----0-11-1-0-0000000000--00------01---10--000-10-*.-.*-100111-10*-1*1-0--1----------1
1---1-0----00-------000--**10--------01*-10------00000-------0-00-*11*0-0*-0--11-1-0-000000000000000
00000-01--10------------00--0000000000--00--------------------000--1--*---00---1-00-0---------------
-------0000--------------01------------10------------------00011--0-*0--1-1--00*10------------------
--------------------------00000000000000----------------0001--0--.--11-0--11------------------000000
00000----------0------------0---------------00---------0-10--*.0.-*--0011--00000--------------1----1
1--110------00--00000000000--0-------------0-10-------0-*0--1**-0-1--10000------------------010-00-0
0-0-000----01-1-0------111----0-----------0---00-----0-----0*--1-00000------------------000--1.1--1-
-11..*10--00-0--0-0000---*-----0---------01----10----0--10100*--1--0-------------------01-1-1-------
*-*.1----01**-.00*10-001...-------------0--0-----------10-.0-----*--0-----------------00-------*-0--
-1.-0-0----101-----0---100.-010-------001---.--0--------1*-*-110110--0---------------01-.1*--.--010-
----*-10----1*1001----00.----0------001-*0---00-----------1-10-----**10---------------0---01-.-0-*0*
1--0-00------1---0000-1-.1--0-------10-0-0*--0---------00--110*-01101-------00---------000-0---0---*
0-1110-------0--------0-*-00-------1**-0*-100---------01--0*11--.----------0110-------01-1-01**0*1-1
0-*--------------------01----------00---100----------00--**.01-*00--------000000------0---0---1.*-1-
*01---------------------0-------0-0--1111-----------01-.-***0*11100------01*11*10------0-----*-0-1--
-1-------------------------------00*--*1-10----------000-0-----00---------00--00--------0---111100--

Generation = 4, Population = 1538.
-001110------------------------------------------------001.*.0------------------------------0000---0
00--10--00-----------------------------------------1-0*010*.0-000--------------------------0---*0---
--1--1-*-10--------------------------------------0-011--*-*1.*.*10------------------------0-*--0*---
-0--**--0-00000000-----------------------------0000*0*...-10------------------------0000001--1---001
00.1.1-11------1-------------------------------11--*..*1-10-----------------00000--------00**---00--
-----00------00*0*10000000000000---------------0-----*-0-0011--------------------------0---00---10-*
-*---1-----1---1------------------0000--------0------0-0110000----------------------0-1---------*---
--1-1--***11---*-*01*0---------------------010*---*1------000000000---------0----00-*-0011*11---0111
1-.*--.---01-------0-----------0-----------010.0*---..-01---------------01*-**-**-000-*------0---1-0
1100*1---*-001-*------------01-..0-0-0---------*---01-----------------------0---0-------.----1**-.-1
0-0----0.-1--.----------------0-0.*00*-*10--------0--1------------0---------------------*1-**0..-*1-
---0*-.-*.*--00*00----------------0--0---------11-00..-10------01-*-*10-------------00001--1-***.-10
.1-0--*---10---1-------------------------------0000110------------0---------00000-----000---00*00..-
----00-0110--0000000000000000000---------------------------------------------------00-------0-0.1-0-
*-.-1-*----0---------00000000000--0000----0------------1---------------00----------111--011-.-0-*001
*------00-----------0---------1--------000--000000000--100000000000----1------------*---..-.0.0-11--
------10-----------0---------0----------1---------11110----------------0----------0*----..--0---*111
1000000--------00001*-011111111--------------------**----------------1---------01------.0---111---00
0-----------------00*.-0---110...*10--1-----1-1-----*0-----0--------1------10--010-----1*0--0-100---
----------------0*------1..--***--001*..1*11.*10---.*.-0000------0-1---0---0----00*10.---010.-------
----------------0--1-0.11...-*1--1--0---------1010*-1.01*10----0---*--0.1--0--------*1*0----*1-01---
-----------01*-.**--.-0-----0-0*1*10----.------00--.---01-----0-1--.---0-1--------0-----110--1..*10-
---00--------1-10--0.11-.1-.001-----------0----1---*-----------*111--.--1----------100---*-1--1--0--
-------------0---1--0----0*0.**--------010--0000010*011------0-..--.-*-1-----00-------.-*-0.-000----
------------0--0*0--*.1.-0--*.0--0------0---------1*000----0-------*---0--0---10---0...1*0.1--------
------------010----11*...-0----1110----------------10-----0-01----0-00--0------1*1*-...1.---110-----
1-.--.-10--------0--.-1-*--.000--------------------0--------111---..-0-----010*---0-0--------0------
-----------------0---*---100--*-1-------------------------------*-1110---10------1*-----1000--------
----------------1--111----0--1-..--000-------------------------10---*0*-.-01--1-.-01--000-----------
----------------000000--0111-*-*1.*.*10-----------------------001---0*0.-0101**--00--000000---------
---00---------------0000*0*...-10------------------------0000001*0----0-1-1.-.1-11------1-----------
--------------------11--*..*1-10-----------------00000--------00**---00--1-1--00------00*0*100000000
00000---------------0-----*-0-0011--------------------------0---00---10-00*---1-----1---1-----------
-------0000--------0------0-0110000----------------------0-1---------*--1101-1--***11---*-*01*0-----
----------------010*---*1------000000000---------0----00-*-0011*11----0.---..--.---01-------0-------
----0-----------010.0*---..-01---------------01*-**-**-000-*------0----110*--*1---*-001-*-------0---
-00*..0-0-0---------*---01-----------------------0---0-------.----1**-.---00----0.-1--.-------------
---0-0.*00*-*10--------0--1------------0---------------------*1-**0..-*1----0*-.-*.*--00*00---------
-------0--0---------11-00..-10------01-*-*10-------------00001--1-***.10-.--0--*---10---1-----------
--------------------0000110------------0---------00000-----000---00*00*1----000-0110--00000000000000
00000---------------------------------------------------00-------0-0.------101-*----0---------000000
00000--0000----0------------1---------------00----------111--011-.-0-*0111------00-----------0------
---1--------000--000000000--100000000000----1------------*---..-.0.0-11--------10-----------0-------
--0----------1---------11110----------------0----------0*----..--0---*1111000000--------00001*-01101
1011--------------------**----------------1---------01------.0---111---000-----------------00*.-----
1**...*10--1-----1-1-----*0-----0--------1------10--010-----1*0--0-100-------------------0*------11-
*-*.*--001*..1*11.*10---.*.-0000------0-1---0---0----00*10.---010.-----------------------0--1-0.11--
--.1--1--0---------1010*-1.01*10----0---*--0.1--0--------*1*0----*1-01--------------01*-.**--.-01---
00--*1*10----.------00--.---01-----0-1--.---0-1--------0-----110--1..*10----00--------1-10--0.110.1*
*0-1-----------0----1---*-----------*111--.--1----------100---*-1--1--0---------------0---1--0-----*
---*--------010--0000010*011------0-..--.-*-1--------------.-*-0.-000----------------0--0*0--*.1.*0*
-1.-00-------0---------1*000----0----000*---0-----------0...1*0.1--------------------010----11*..---
*1-0--------------------10-----0-010-***-0---------01*1*0...1.---110----01-.**.-10--------0--.-1-*--
-*----------------------0--------11*0-.-1*10-----------1-1-000----0----------------------0-0**-*--0-

Generation = 5, Population = 2235.
----**1000-----------------------------------------0-1--1-.**--00---------------------------1-----0-
1-0--1--1----------------------------------------00*0-.1-1..--11----------------------------00-.-1-0
00-10--*----000000-----------------------------0-101**--*0.-.*..*10-----------------00000-10*-0-.-10
-1--.*0110-----1-10---------------------------0-11-.1..**-*-10-000----------00000--01----1*-0-011--*
1-*-.-0*-0000-0-0-00000000000000--------------0*---*...---101--------------01---10--000---1..--0-1--
0--0011-1--001-.-*-------------10-0000---------1---00*1-01-*----------------00000---1---10---0-0*--.
1.---*-000-*00--------0000000000-01--10----00-1---1101---*-----0000---------1----0001-*0001----0.00-
0--0--0.****0-0.-.-**10--------1--0000----0-*1.-10.*00-----111----10----00001--0-1-1*-1---*-*--1-*--
*-..00.010-*-1---1-1-0------000-00-0-1----0-*-.-*10-*.01*0000000000----01-.-**-**1----*-1000-1-0-*0-
*-11**010*---*-.0--0-------01*-**-01010000-0000*---1*--00---------1-----00001---10001-1-.0-0-*..1*-*
1110-01-*-*-0.0-00----------0----..1-*-.-10-----1111--000------00010000-----1---1---000-**-*.1..0*-0
11--*0.-..*-01-*-10-----------0-001--10000----0--01-.*1*10----01*-*-.-10----00000--01-11*-0*-....--1
.--11-*---*10-0-0-00000000000000--1--1--------0-1-1*-1000------00010000----01---10-0---1-0---1.1-.*0
00---1-1---001-1-----1111111111-0-0000----0----0000001-0----------1----00---00000-0---00-11010-.-01-
.0.0*0*1-0--000000000-11111111--001--1000--0000000000-0*-0000000000---0-10--------0--*101-*0.0--.11*
.0--0-0-10-0----------00000000*---00000111-01-----11--------------10--0-----------00.---.*0*1.1-**1-
-0000----------000-10-000000-11---------*---00000-----1-00000000000--0011------0001*----..-0---0***-
--------------01--1-.-1*---**-*0-000--0-0---0-0----..00----0----------01---00-0---10---*1--0*-------
1-00000--------0-0-1**-100--*1.*.**----0000--0*-----.10000--0----0-----0--1-100----10-0*.---10--1000
0--------------1-*--00-1*..1-..*00-1**..**-**.---01.*.--11-----00--*------0------1*--.0----1.00-----
-----------000-0-00---**-...-.*0-*001---1000----*-.-**1-.*-0-----00.01-.--010---00--*-*1----*--1--0-
---00-----01-*1..*0-.01-10-11-1.-*-1----.-0----1--0*0-----0--0--*-0.------00-----0----0-**1--*...*10
--0110-----0---*-01-**-0.*-.-1*-0000---01--000--01-*-0000----0-**-*0-.-0-----00----*-11-0.--11*--1--
---00--------10-0*0-1---11.1...1-0----01*1-01--1--1.1*-0---00-1.*00.0.-*--0-01------00.-.--*011100--
-----------010-1*-0-..-.010-*.1--1------1---00000--.-1-0-----------*--01-0-0-----0--...-.1*----0----
0------00--0--1-0-0**.**.--1-10*-*10----0----------*--0--0-0-----0-11-0--000010-*-*-...*.1--**10----
-1.--.1*10--000-1101.1--.--.1----00---------------01------00-**00-*.1-0-00-1--*-00---0-00000-1------
0------00--------101-*---*11-0*--1-000-------------0--------001-*-*-*1--1*-011--0*.-1-0----100------
---------------0*0--**0-00-10*-.*--11---------------------------100-.-.0.01---*1.11*0--110-0--------
---00----------0---1-1---*-*-.-*-*...*10-----------------0000---*--0-.1.-1-1-.*0----0111--10--------
--0110----------000-1---.1...*-*-10-000----------00000--01------.-1-11----*.0.-0*----0-0-0-000000000
000----------------0*---*...---101--------------01---10--000---1..0-0-111*--0011-1--001-.-*--------1
1---10-0000---------1---00*1-01-*----------------00000---1---10---0-0*----.0--*-000-*00--------00000
00000-01--10----00-1---1101---*-----0000---------1----0001-*0001----0*00-*1*---0.****0-0.-.-**10----
----1--0000----0-*1.-10.*00-----111----10----00001--0-1-1*-1---*-*-----.---**-0.010-*-1---1-1-0-0---
-00--00-0-1----0-*-.-*10-*.01*0000000000----01-.-**-**1----*-1000-1-0--*--*-0.*010*---*-.0--0--0-0--
11-*.*-01010000-0000*---1*--00---------1-----00001---10001-1-.0-0-*..1*-0--1--01-*-*-0.0-00-----0---
-0-1--..1-*-.-10-----1111--000------00010000-----1---1---000-**-*.1..0*-0-1--*0.-..*-01-*-10--------
---0-001--10000----0--01-.*1*10----01*-*-.-10----00000--01-11*-0*-....*10.-0-1-*---*10-0-0-000000000
00000--1--1--------0-1-1*-1000------00010000----01---10-0---1-0---1.1-.-1---111-1---001-1-----11111-
-111-0-0000----0----0000001-0----------1----00---00000-0---00-11010-.---101*1-0*1-0--000000000-1111-
-11--001--1000--0000000000-0*-0000000000---0-10--------0--*101-*0.0--*1--*1100-0-10-0----------00000
000*---00000111-01-----11--------------10--0-----------00.---.*0*1.1-**1--0000----------000-10-00001
1-11---------*---00000-----1-00000000000--0011------0001*----..-0---0*****-------------01--1-.-1---*
-1-*0-000--0-0---0-0----..00----0----------01---00-0---10---*1--0*------1--00000--------0-0-1**10--1
*.....**----0000--0*-----.10000--0----0-----0--1-100----10-0*.---10--10000--------------1-*--00---*1
*0*..00-1**..**-**.---01.*.--11-----00--*------0------1*--.0----1.00----------------000-0-00---.----
-1*-0-*001---1000----*-.-**1-.*-0-----00.01-.--010---00--*-*1----*--1--0----00-----01-*1..*0-.0-*-01
--10*-*-1----.-0----1--0*0-----0--0--*-0.------00-----0----0-**1--*...*10--0110-----0---*-01-***-***
*--*-0000---01--000--01-*-0000----0-**-*0-.-0-----------*-11-0.--11*--1-----00--------10-0*0-1--010.
0-1*-0-----01*1-01--1--1.1*-0---00-1*.--*0.-*------------00.-.--*011100-------------010-1*-0-..-..-*
-*.0110------1---00000--.-1-0------00-11*-0010-----0000-1...-.1*----0---00--00--00--0--1-0-0**.*.-10
**---0-------0----------*--0--0-0-*-1...-1-00-----01-*-.-*..-.1--**10--01*1....1*10--000-----.-*-.--
-*00-------------------01------00-*.1-*-**-10------000-*0--1110---1-----00--00--00------0-01*.-.0--0

Generation = 6, Population = 2305.
0-01**--110--------------------------------------0-10-1---...0--10-------------------------0*-------
*0--1*-0*---000000-----------------------------00-1.-0*--**.0-*-000-----------------00000-0-11-.0--1
--1*11-.11-01--1--------------------------------0*1*.*11.-*-**...*10--------00000-------10--.01-*-*1
0*-1**1----0-00*----000000000000-------------01-*--.**.**0*0---11-----------------01*0-0-*.11--**--*
*0*-.11.---1-0-1------------------0000-------0-.-01*..*1---1---000--------01*0-0*10-1-1000**.0----11
-0-1-*--*0-1---.-*-000--------0*10---------00-0*1--11.*-1-0*---0000---------1----00-------1-0--1.00.
-*---.-1--0.-----0-00----------101*00*10---1-0--0-*--*---*0-0001--------000---0----1*-*-11-0010-.-10
-01--0-.....---.-.0*.*--0000--0*-0-1-1---010.*.1--..---00---*----0*10-------*-010-0-*----1.1*-0--.1-
*0*.--.--10*0*------01-------11--1-----00-10.0.-.*1-..1*.--111----1---01*1.1.*-*.*---0*-*11-0*-10.1-
*1-*..1*-.-0-*-*100100----01-.1**01--------11--*1-0-*0111-00000--0--000-----*---*1---0-0.-1--*.*-.0*
***--1-0*1*-1.-1---0--------1-00-..*0.1.1*1-00--***-----1-------1-------000---0---001-10..0*.*..-*--
---0.-.-..*01*-.----00000000--111---0*-------0111-*0..-.-10--01-.-.1.1*10---1---1-0--0-*.-1*0.*.*0--
.-0*--*--0**1----0---111111111-10------0000--010*-*.1*1---------1------00-01*0-0*101--0-010--**-0*.-
1-0-0*-*11-----*00--0----------0101--1-000--000--1--1----000000--0--0001---------01----10-*1-10.1-*1
.-.1.1.-0100-1-1----10*------*00--*00*11----1--111---01*-1--------1--010-10-000000--1**1*-.1.1--.*-*
*--0-010*----00---0--01-----1-.00----11*-*--*0---------10--------0*10----0-----00-1-*001**1.**-0..*-
1----01-00-0-----10*1-1-1111--*--0--00--.---1-1-1011--*-1--1--------01-**0-00--1---.0--1**--0--1..*1
10---00------01*-0-1.--.1--..-.---1100-1--001---0--..-1----100000-0----*---1-01-1--1---**01-.--0---0
*-1---10---------10*..1*1101.*.....000-1-11-11*0-01-*-1-1-0--0-0--00---111*1---0-01-1--.*--1---0*--1
1000000----0000--*----0*.*.--*..-1--.*....-.**1--1***.---*000-0110-*-0-0-0---00---*--.-0--1-.-1-00-0
0--00---------01-1-110..1***0**-0.-----0-11-----*-.-..*1**0-00-001-.1*0.-01*10-011-1.-**-10-*1--1-1-
---------01*1***..11*---*--**1-.-.-----1.-10100-0-1.-0-01---010-*1-.00-0-1---00--1000--1***00...***1
-01--10----10-0*01*-*.1-..1*-**01---0-------11011*-.---11000-10..1.1-.011--0--10-00.0---1.1---.----0
--------------1--.1-*----*.-*..-0--0-01*.*--*0-*0--**.1---0110-.*--.-.-*0--01----0--1-*-.0-*1***--0-
0--11--00-0----*.0--**1.-*1-*.*00--0--0--------1101*-*0100--0-0-0--.00---1-10-1-----...1*-*---0--0--
----------0101*1-01.*****0---*1*-.*10--010--00000--*0---0-010101--0------1------*-*0..**.-1-**--0---
1-.--.*.-10-1----*-*.*-0.00.-0-111-000--0--------01*0-0---1-1..--1*.-01--10-10*-1-----0--1-----0----
------------00000*1-1.---*----*1-*0-110------------10-----0-11-0.1*-**---.0--*0--..-*0-0---*--0-----
0--11--00-----0-.--1..1-110*-*-**00--000-----------0-----000-001*---*0*-.1*11-.-.--.1-0--10--0------
--------------010----*---*-*-*0*1*....*10--------00000------10-0*-1--*-.0*---*.1-00--*-*-0*1-0000000
0--**10---------1-1-*---***...-*0*1-11-----------------01*0-0--1.0*0-*0011*.1.11.---0--1------------
-------0000-----00-1*1-1*...----1---000--------01*0-0*10-1-100--.*----*--*----*--*-0----.-*-000---0-
-0---10---------00-0*1--11.*-1-0*---0000---------1----00-------1-01-1.0-0-.1--.-1--0.-----0-00------
----101*00*10---1-0--0-*--*---*0-0001--------000---0----1*-*-11-0010-.-1-.-.--0-.....---.-.0*.*-0001
1---*-0-1-1---010.*.1--..---00---*----0*10-------*-010-0-*----1.1*---00*-00.*-1.--10*0*------01-----
--1---1-----00-10.0.-.*1-..1*.--111----1---01*1.1.*-*.*---0*-*11-0*----*-0*-1..1*-.-0-*-*10010----0-
**0*.*01--------11--*1-0-*0111-00000--0--000-----*---*1---0-0.-1--*.*-.0110---1-0*1*-1.-1---0-------
-1--0-..*0.1.1*1-00--***-----1-------1-------000---0---001-10..0*.*..-.1---10*-.-..*01*-.----000-001
1---11---0*-------0111-*0..-.-10--01-.-.1.1*10---1---1-0--0-*.-1*0.*..*-1.--0--*--0**1----0---111111
111-10------0000--010*-*.1*1---------1------00-01*0-0*101--0-010--**-0.---00-*--*11-----*00--0----*-
-*--0101--1-000--000--1--1----000000--0--0001---------01----10-*1-10.000-1*.*--.-0100-1-1----10*--*-
-**00--*00*11----1--111---01*-1--------1--010-10-000000--1**1*-.1.1-1*---.----010*----00---0--01----
-1-.00----11*-*--*0---------10--------0*10----0-----00-1-*001**1.**-0..--0-11-01-00-0-----10*1-1111*
*--*--0--00--.---1-1-1011--*-1--1--------01-**0-00--1---.0--1**--0--1....*----00------01*-0-1.--11-*
1-1*1--1100-1--001---0--..-1----100000-0----*---1-01-1--1---**01-.--0--0-001---10---------10*..*10--
*..**...000-1-11-11*0-01-*-1-1-0--0-0--00---111*1---0-01-1--.*--1---0*--11000000----0000--*-----11*-
*1**.11--.*....-.**1--1***.---*000-0110-*-0-0-0---00---*--.-0--1-.-1-00-00--00---------01-1-11-*1---
--.110.-----0-11-----*-.-..*1**0-00-001-.1*0.-01*10-011-1.-**-10-*1--1-1----------01*1***..11*10*1--
0--1.1.-----1.-10100-0-1.-0-01---010-*1-.00-0-1-------1000--1***00...***1001--10----10-0*01*-*..-...
.00.0-1--0-------11011*-.---11000-10.*-*--.011-00-----00.0---1.1---.----0--------------1--.1-*--1*-.
11*.1-000-01*.*--*0-*0--**.1---0110-..00.1*-.------0000-01-*-.0-*1***--000------00-0----*.0--**1*.0*
0..---10---0--------1101*-*0100--0--1-*-.-11-10------11--.*.-.-*---0--0----0110----0101*11--*.*..1*-
*.---1------010--00000--*0---0-01-*0-.*.1*011----01*-.-.0*..1.--1**--001-.**..**.-10-1---10--*1*-.0-
-*-100-------0--------01-0-0---1--..*-.-**---0---------.1-0*---0--*-0------0110------00---1-..-.-00-

Generation = 7, Population = 2523.
101-.*1---10000000-----------------------------0--0*11*0-1...--0--------------------00000--1*---0--0
*101*.-1.00----1-10---------------------------01--*.--.-1**.1-*-------------00000--01----0-0---*11-*
-0*.-*-.-*---00--0--000000000000-------------00-1.**..*-.0.1***...*10------01---1000--00---0.-*0*-**
-.--..-1100-0--*0--01----------10-0000------0-*-*1-......-.--00--000------00--0-----*101-..-*1-**00.
.-.1.*-*100--10*00-0--00000000--0-1--10----0-10.11-....-011-1-01---------01-*1-1**10*0*1-1...-0-0---
--0--*--*10*01-.0.--110------01.*-0---00--0-1-1*--0-*.*0-1-.-0-11110----00--*-00-------0-0*-10--.11.
1*-1-.0----.----0101-0--0000--0*1-.1-*-100--01-11-.--*-01.-0-------00--01-10-01-100**-.-*-1-----.-*1
-1-01-0..*..00-.-.1..*001--10--.0-0*0*---1*1.*.--0*.-0--1-0-.10001*-1000--0-*0-*11-1*---1-.-.-1-0.--
.-.*-0*01*-*-*0001-1-*0-00--0**0---0-10110-1.1.-.*-0..-..--------0*-----**.-.*0...----*0**-0-.0-1.--
.*-*..**-.11-*-*---*1-0--01*-.*..1*-0-00-00--00*----.-**--111110---01-----0-*-0-*--0-1-1.----*.*-.-*
*..00-1-*-.-*.0*-0-10-0000-0--110.**-.-.***0---0...-010-*--00--0---00-----10-0-0----*-*1**1..*.*-*-0
1111*0*0...1-*0.-1--1111111-0----0---*-0-----1***0.1**1.-*1001*1.-.-.***1---*-0-*0-0---..-*.1.*..11-
.1-.--*---..---1-10-0-******-*0*1-1-0-0-1110-1-1.0*.-**0---00--0---00-01--1-*1-1.*-*0-----10-..-1..0
--1-1*1***0-010*--0011-111111--1*----*011--0-1-00*-0*1-00-----10---0111*-0-0--0-01--000-11.--*-.*-.-
.-**.-.11*-1-*0*-000-1*1-----*-10-*--.**---0-0-*--0--1-*0*-0000--0*-0-*---1-1--11-01-..-.-.*.--1**-*
.011-1*-.00-0-1---1-0-*0000---.-1-000***-.00*1-0--11-00----0----01*--00----0-0-1-0--.11-..*..*-1**.0
---001*0-1--0--00-1.*1*----*-1.------1--*00--0-----*11*0*00*-00000---*-*.---1--*0-1.1--*..001-0-*.*-
*1--0-1-00-001-.----.--.-1-.*1.---**-1-*0---*---10-..0-0-----1-11-1-010.0---01*-----0-0..1*-.-1-----
.-*-00*10--00--00*-*..-.**-**......-11-*-*-0**.10--1*-*--01001--0---111*-*.-1-0-11-1-1-..-0-1---.-0-
*-111-----01----0*--0--....--...--01.*....-.*.----..*.-01.----1-*-0*01010-0---1001.-0.-1--*-*--01101
1-----0--00--01--*0-*1*.-...1.*--.---011-*-----0*-.0****..-01----*0*-.1*11-*-1-1---**1*.1-11**-1--*0
0000000-01-.*.....-*.-10*-0..*1.-.--0-0**---*1-1-0-.0-01*0-----0.*0*---10*-----0-*11-1--...--*..*..-
01*11*10-0---11.--.0*.-0.**.-.*--0----0--00-*-1*-.-*10--*-1--*-..**--*1---01---1-1-.-11-*.*1-1*10101
000000000-0001*00.*-*---1*.-*..1-00101**..00*-0.11-**.*0-0-**-1.*--.0*-.--01-1-001-0*-.-.--*-***0---
-00**0011-1-101*.101..-.-.*-*..1-1----101------*---.-.1-1100--10100.1101-*-----00000.*.-*1*--01-----
---00-000-1-1-*--1*......10--.*.1..----1*1001--1-00.----10----1*--111-0-0--0-1-1.-.1..*..-*-.*------
-1.--...1*-0-0---.-...11.11.11-*--------1---0000-1-.1--000-0-..-0-..--*00---*1*-*0000-100--001------
---00-000000--1--**--*10-.11-0.*-.-0----0--------0-*-00----0--11.-*-..0--.--1.-10..0*1--1--.0-------
-00**00110--0--0.0--**--*--*-*-..--1-------------0--00--0111-1--.--0.-*0*-.-*0.1.11**--11--001000000
-----0000----0---001-*--0.-*-*-.-..**..*10------01-1-1000-----01.0*--.1.-.111*.*-1100*1*--.*-------1
-00.*-1-000---0--0-0.0--..*...-.-.*---000------00--0-----*10-00*.-.1-*1-*-*.-.--.-0---0*10-00--000-0
00-00-01--10---01-0-.--*....-0-1--101---------01-*1-1**10*0*110-..000-.-1.-100*--.-1---0.0.--110-0-1
1-0----0---00--01-0-.*00-**.--1-.-0-11110----00--*-00-------0---01-1-*10--.-1-.0--01.----0101-0-00-0
00-0-1-.1-*-100--01-11-.--*-01.-0-------00--01-10-01-100**-.-*-1--*1-.0*-*1*0110..*..00-.-.1..*-1--*
-000*0-0*0*---1*1.*.--0*.-0--1-0-.10001*-1000--0-*0-*11-1*---1-.-.1011-*---..-*.01*-*-*0001-1--000-0
--*-0---0-10110-1.1.-.*-0..-..--------0*-----**.-.*0...----*0**-0-*000-.11.-*.***-.11-*-*---*----0-1
*.1***1*-0-00-00--00*----.-**--111110---01-----0-*-0-*--0-1-1.----*..1*1-*-----1-*-.-*.0*-0-1000-0-0
0*--10.**-.-.***0---0...-010-*--00--0---00-----10-0-0----*-*1**1..*..-**01-*1*-*0...1-*0.-1--11-0-1-
*000*-0---*-0-----1***0.1**1.-*1001*1.-.-.***1---*-0-*0-0---..-*.1.**.*1-.00111.---..---1-10-0-*-*--
-**-*1-1-0-0-1110-1-1.0*.-**0---00--0---00-01--1-*1-1.*-*0-----10-..-1.11--1-*1-***0-010*--0011-1-.-
-.1-1*----*011--0-1-00*-0*1-00-----10---0111*-0-0--0-01--000-11.--*-.1-1-**.*-0.11*-1-*0*-000-1*11.0
0*.-10-*--.**---0-0-*--0--1-*0*-0000--0*-0-*---1-1--11-01-..-.-.*.-0-.-1-*11-0-*-.00-0-1---1-0-*-0-0
-*-.-1-000***-.00*1-0--11-00----0----01*--00----0-0-1-0--.11-..*..*--..-11-**-1*0-1--0--00-1.*1-**-*
*--.1-----1--*00--0-----*11*0*00*-00000---*-*.---1--*0-1.1--*..001-0-*...*--00-1-00-001-.----.-1**0*
--*.-0-**-1-*0---*---10-..0-0-----1-11-1-010.0---01*-----0-0..1*-.-1--0-111--00*10--00--00*-*..*-1-1
*.....*.-11-*-*-0**.10--1*-*--01001--0---111*-*.-1-0-11-1-1-..-0-1---.----1111-----01----0*--0-0***1
*-...-*01.*....-.*.----..*.-01.----1-*-0*01010-0---1001.-0.-1--*-*--0110-------0--00--01--*0--0.*11-
-1.*-1.---011-*-----0*-.0****..-01----*0*-.1*11-*--01---**1*.1-11**-1--*0-000000-01-.*.....-*.-1.*0-
---*.**--0-0**---*1-1-0-.0-01*0-----0.--*---10*0-00-0-*11-1--...--*..*..*--*11*10-0---11.--.0...-...
.--.10*----0--00-*-1*-.-*10--*-1--*-.*-*0-.1**0110-00-1-.-11-*.*1-1*1010-000--0000-0001*00.*-*---*-.
-**.*-11101**..00*-0.11-**.*0-0-**--*.--**.0.-000-01-1111-0.1.--*-***0-11100110011-1-101..---..-..-*
-..-1------101------*---.-.1-110010---*-.0*-1*10-00----0-.**1.-*1-01--1000------00-1-1-**-00*....*.-
**-0-*-0----1*1001--1-00.----10-*0*11...-.1**00-01-.1.1*-...-.-1***--11*1.*....*.1*-0-00---0-***0.-0
-.-*--0------1---0000-1*11--000*--.*.0.1*.-1--0--000---.*11*--0---*---00----------000-10--*1..1.01-0

Generation = 8, Population = 2034.
-1--***--------1-------------------------------100-*--*11**..---1-----------00000-------1-0-*0--1-01
.---*.--*---0-0*0*10000000000000-----------------0..00.-*...*0*---000--------------------------.-*0*
--..-.1*-.0--111-1----------------0000-------110*.**...1*1.*...*.*.*10--------------0---1011.-.-.-.*
-.01*.1-*----00.-10---------------------------.-.--.....*-.01-1-111---------0------1.*-*0..-**-..--*
.-.-*.-.--1-0--.-1-10------------------------*1.---....-1**----------------1**--**--.1.*-***.0-011--
0--10*--.*1*---.-.10**---------.*-1--0-----0*--.1---.**--*-*--0-----------0-.---0----0-11-*-*1--.*-*
**0*-.110-0.---1--1*0-0--------.*1.*0*1---0---1-*-*--*0--.--0-0---0------0-1-----1-.*0.-*1*0010-.-**
-*-1*0-..**.1--.-.*...1-*0-----.1-1.-.--0*.-.*.1--*.010-*---.*---*.1----0-10.1-.*-0-*11---*1.1*-1*11
.-.*01.1-*0*0.-1-*0*0.10---0-.*1-111--1*-1-*.-.0**1-..1*.--11-----.--00-***-..-..*--0-*1.*--0*11*.-0
..-*....0.*-0.-.--0.-0--01-*-....*.--1---1-11--*11-1*-**-0***---00---0--0-10*-10.10-1---.-100*.*-.0.
*..1-1--*1*0..-*-1--101111-1-0--1..*-*1....10-0-...--*10*-01100-1-1---0000-1----10-0*0****-***.*-*11
-*-*.-.1...-1*-.0---*-----------1-10-*0-0---0-...-.*..*.-*----.**-.-....*0--.---.--11-1**-..-***.-*1
**0.-1.010**1-0*---0--......-*-.-0----1-------1-.1..1..--0----0-1-1---1*---1**--..-*--0-0--1-*.1*.*-
--*0***...101*1.0011*--******1-*.0---.-*-------1-.-1.*01--------00-----.----0------0--1-**.-1.0..-*-
.-...-.-*.---.-.-1----.*1--1-.--1-*-0...----1--*--10--1.1*--------.01-.-----------1*-..-.1*.*-0-..-.
.1**0-.0.11010*00--01-.1--1---*-*----...-.-1.*-100--01-1----------.1--------------10***-..*..*1-...1
1---1*.10------11-*.*-*-1--*0*.-0------0.---111010-*--.1*--*---1--0--.-*.---*0-*10-**-1*..1-*111*.*-
.*-----------*1.-011*01.-*1..-.--0.*0--*-10-.0---11..1-1------0-*0-----.---11-*--01-10-..*.-*1*00---
*-*01-*----1--011*-...-.**-***.....0**-*0.-1.*.*--1**1*0-1-------0--*--.-*.1*0-0-------..---*010*-1-
.------00----00--.--1-0....1-*..-11*...*..-***----....0-**0-----*0-.1*------0--11-.11.---0*1.-1-----
------10-----1*1-*11*-*.1...-.*0-.00--*-1.1--01-*-.1.....*01*000-.-.-.-.--1.--0----..***----.*-*1-.-
111111101*-.*.....-..--1*01*..**-.-1-01..110**0-0-1.---*.1-0010-..-.000-1.---00--*--0-0-...--......-
1-.--.---1-10--.0-*-**-1..**0.*-11-0---0-1-0.1-.-*1.-101.----*-*...--**-1---001-0--.--*-..*--*.*---*
---------0--1-.11..-*1--*..1.***-1----....--*-1.**-*..*1-1-.*0*..0-.-.0*-------11*1-.0*-*00*-...--00
--1..1--*--0*1-..--*..-.0.*-.***0*-00----------*--1*0**1-----0*1*--.**1*0*----1111-1.*.1.-*-01--0---
-----0-110*1*-.-0-.*....*-11-.*.-..-----.---------1.0-0-*1---1-.0----0--1-0-0*0*.-.-..*..-*-..------
1-*--...*.-11-0--.-..*--.-*.*-0*---0------0--------*---11--11..0-1*.10*--1--.*.-.----0---1-11-0-----
-----0-1--------0**1-.*--.--0-..1.011--010--00000--*--1-----1-**.1.-.*-0-.-0-.---..1.*-0-0-.-0000000
01-..1----------.-0-..--*1-*-*0..-0----0-0--------00110-------0-*00-.0*-.1.-.-.-.-*..0---10-1-------
---00--1100----101--0*001*-*-.0.-.***.*.*10--------*0----0---0--*1*0-.-.-.--**..---11.*.00..000-----
--1.*1-----------1-1.100....*.-.-.*0-111---------0-1----1.*-0--.*0.*1*--.-*.-.11.-100--.----1-------
---1-------------01-*--****.1-1-11*-------------1**--**--.1.**--**1-10.-**-*1-*--.0*0--1.-.-0**-----
---011-1--0------0-0**---***01--.110-----------0-.---0----0-110-1*--1**--0.1-1.110--*0001--1*0-0----
---11*1.*0*1---011*-*-0.--*-1-.--0-0---0------0-1-----1-.*0.-*----.*-.-.-.-*1-*-....*1--.-.*..*0-00*
--11.--1.-.--0*.-.*.1--*.010-*---.*---*.1----0-10.1-.*-0-*11---*1.*-*-0*--0..-..--*0*0.-1-*0*0-11---
0-.--0111--1*-1-*.-.0**1-..1*.--11-----.--00-***-..-..*--0-*1.*---.111-.*-.0.**..0.*-0.-.--0*-0-----
*.-...-.--1---1-11--*11-1*-**-0***---00---0--0-10*-10.10-1---.-100*..-.--.01-0---*1*0..-*-1--1110101
1.01*-..*-*1....10-0-...--*10*-01100-1-1---0000-1----10-0*0****-***.*-..--1.*.0*1...-1*-.0---*------
.-1-.--10-*0-0---0-...-.*..*.-*----.**-.-....*0--.---.--11-1**-..-***..*1.1-*--.-10**1-0*---0--.-*--
-..0.-0----1-------1-.1..1..--0----0-1-1---1*---1**--..-*--0-0--1-**-*.**-0*-.*-*..101*1.0011*--*1*0
0.*-*.0---.-*-------1-.-1.*01--------00-----.----0------0--1-**.-1.-**--1....-1.-*.---.-.-1----.*-.1
1**0-1-*-0...----1--*--10--1.1*--------.01-.-----------1*-..-.1*.*1-1.1*1.*----.0.11010*00--01-.----
0*0.0*----...-.-1.*-100--01-1----------.1--------------10***-..*..*1-..-**0..-*.10------11-*.**-..1*
.-1.-0------0.---111010-*--.1*--*---1--0--.-*.---*0-*10-**-1*..1-*11-..*..------------*1.-011*--..-*
-1..--0**0--*-10-.0---11..1-1------0-*0-----.---11-*--01-10-..*.-*1*0---**--01-*----1--011*-....----
.*...*..0**-*0.-1.*.*--1**1*0-1-------0--*--.-*.1*0-0-------..---*010.-01-------00----00--.---0-...-
*-...-*-*...*..-***----....0-**0-----*0-.1*------00*11-.11.---0*1.-1-----------10-----1*1-*1---..-*-
--*.-*.00--*-1.1--01-*-.1.....*01*000-*1.-.-.---*---*---..***----.*-*1-.--11111101*-.*.....-**--..-1
-01*...11-01..110**0-0-1.---*.1-0010-*10.0-0*-.---1---*--0-0-...--.......-0.**.---1-10--.0-*1*..-**.
.00.-1.-0---0-1-0.1-.-*1.-101.----.0**-*1-*-..--*----0-0.0**1..*--*.*-----11001---0--1-.-1..0.1-1.0.
1...*0-----....--*-1.**-*..*1-1-..01.*0-...1.01-----0****--.**-0.-...--**-11--11-*--0*1*..0-1..-..0.
0..-*-1-00----------*--1*0**1--------0.1*-.--.------011--**.-.1.*01--0----001100-10*1*-.*-11*****.*-
..-10*0-0----.----------.0-0-*1-.1.*****1.-..1101*1.-.**-...1.--...-0*-.-........-.-11-1--0-1**.-.01
1.0.0--------*-0-------.-*00111*-1.*.-.*..-*--10---1--0**--.11--0-*0------0----0--------00*-***.-*-1

Generation = 9, Population = 2322.
1-11**.01---0--*-000000000000000--------------0*---.--*-**...000-0000------01---10-----0----.100-0--
.1-1*.--.000-0-.-*-------------10-0000-------00-01..11.1...**-*-0-11--------00000---1----0-011-.-*1.
--..-.-.1*-0----0-00000000000000-01--10-----0*--*****..*.***...*....*10-----1--------------**0.-.0.*
-.1-*.*1.0-----*0*1-1-------------0000--------.0.-0......0.-*--1***-00------1---000-.*-*-..1.*0.*00.
.-*1..1.1-*1--0.0*--------------0-1--1-----0-**.1--....1-..11---000--------***01**10.-..-.*..--1--1-
1---1*-0*.-.---.-*--..---------.*0---1-----1*--.*00-.**0-*0*-011--1--------0.0-010--------.-.*-1.*1*
*.-.1.*-1--.0-0-01*.-01000-----***.*-**10---0--1*-.1-.101.---011-----------*10--1--*.1.-*-.11--0*0..
-*1*.--.....*0-.-.....-0*101--0.*-*.0.--1*.1...*1-*.1*10.0-1.*--0.*-10001---*-0.*---.*--11.-.*.1-.**
.0..1-*-1.-.1*0--*-.1.-10-010..*0-**0-**1--*.1.1..--..*..0------0-*00-1-*..1.*0*..00-0**.*10-.**..11
..1*.***1..-1.-.-01.1100---*1.**.*.-0*000*-*-0-.*-0**0..11...-10-1--110----1*-*1.*10----.0*1-...-.1.
...---1-*-*1.*0.0--1-1--*--*--11*..*-.-*..*-1---*.*--.-1.--**-10-0-0--1---1*--0-*-0-.-...*1....*-*--
1.1*.-.*...1-*-.----*-1111-0---1*0*--.1--0--11...0..*.*.-*-001..*1.-.....-0-.0--.00*-0*..-**-....-.-
*.-.-*.---..*--.01-10-..****-*0.-1-0--*-1---01--.-**-..0010--0-0-0-0-0**-01***0-..0*-0-1--1-0..-*.*-
1-*-***...-1*.-.11-**11*.***.--..1--0.-.1---0--*0.-*.*1*------10-1-01-1.----1-------00*-*..-*.1..0.1
.0...1*-*.---.-.0*----*.--1*-*0-*0.--...------0*--*--1*.*.0-----00*-*0.-----1----0-.-.*-*-*.*1-1..1.
.***--*1.*----*1---1-0**00-01-.-*00-0...-.0-..0*1--11*0*00-0---0--**---1----00-10---..*-..*...*-...-
-00--**-1-000-0--1...1*0--1*-*.11--00-01*00-*--1*11*--.**00.0--------.0..---*10*---..--*.**-.--***.-
**-0-0100--00*-.0-*-*--.1.*..-.---**--0*0*1-.------..*1--0-1-1-1*---0--.-00-*-.0--*1-1-....0.-.-10--
.0*-*-.-0-0-001--*-...-***0*.*...*.1.*-*1*-*.*..0--***.-1*----0-0-00*--.1.*-.101-111-1-..-0-.1-1*--1
.-111-0-10-10-110.0-*-1.****0*..0**..*...*-*..-00-*...10..--001-*-0.-*0--00-1---*1.***0101**.0*0--0-
10000--100----.*-.--*-*.*..*-*.-0*-11-*1-.*001--.0.-...*..1*.111-.-.-.1.11-.1-1-11-*..**1111..1**0.-
------*1-*1**.***.-..0--.-*.*...-*---1-..-*1..--10**-0-*.*0-1--0..-.11--**0---10-.11-1--...--..**..1
*-*11*10---*11-*1-.-**-*....1..-*--100---*01.*1.1.-*1*1*.--00.-*...--..1*0-111-1110.0-*1..*-1...0--*
0-0--0---100--.*-*.-.-0-*..*....--0-0-....--*0-**.-....*--0.*-...-0.0.1.00--110--.*-*-.1*--.-**.001-
-0-..*0-.0--.*1**-0*..-*-.*1....-*-110------0--*---.1..------1.-*--.*.*.1*--0---*-0-**.-*-.11*10-000
0---01-*--.-.-.1-1..*....-**-...1.*-0---.-0----1-0*.101-.*01-*-.1-1-1-0-*---1.1..1.1***..-*-..1-0---
--.1-.....-----0-.0**.--.1*.*--*---1---01--000000--*--0*--1*-..10-*.*-.----1.*.0.--001-00*0**11-0000
-00-01-----00-101***1..00*1-1-..-*-**10----01---10-.--*-0---*-*..-.-..--1.0-1.---..-.*-----.011----1
1*0..*0-100----0.01-*.--.--*0*-*.0-1---1----0000001-*--0-1--0-11.---*-*-.-.1*0.-.1*..1-1-*1-*1-00000
00-1-00*--10--0*----1.11**-*-.1.-*..*....*10-----1-.--0--------1.-.--.1.-.11.**.--1--...1-*.1-10----
-0-..*10000----0--1-.-11....*.-*0..-1***-00------10*-000-.*-10-*.1..**1-.-*.-.-*.1--100*10-0-0------
---*0--1--1-----11*-.1-*....-0--**.0-000--------***-1**10.-...-1..*0*1.1**0**0.10.-.1--**-.-1.*-----
--01*-0---1----0---1..-0-...-*--.**-1--1--------0.0-010-------1--.---.*0-1.---.*-1--.1-1*01-.--10000
---**.*.*-**10-1-*.1.1-.-0.-*1.-01-11-----------*10--1--*.1.-*-1-0**0.-*-.-**1*-***..*-0*-.....111-.
10*-.-0*.0.--1*.-.*.--0**1*--*0-1.*--0.*-10001---*-0.*---.*--1-**.*-.11*-0-..0*.--*1.1*0--*-.1--*-00
10.001-**0-**1--*.1.1..--..*..0------0-*00-1-*..1.*0*..00-0**.*1-0.***-*.1.1.**..1..-1.-.-0-.-10-001
*.1***1.-0*000*-*-0-.*-0**0..11...-10-1--110----1*-*1.*10----.0*11...1.-1*--0111-*-*1.*0.0----*----*
*.--.0.**-.-*..*-1---*.*--.-1.--**-10-0-0--1---1*--0-*-0-.-...*1....*0..01-.*.1**...1-*-.----*-00-11
.0*0*--*--.1--0--11...0..*.*.-*-001..*1.-.....-0-.0--.00*-0*..-**-...***-.-0*1-.0*-..*--.01-10-.-*-1
1**-.11-0--*-1---01--.-**-..0010--0-0-0-0-0**-01***0-..0*-0-1--1-0..-*...--*-*.-*..-1*.-.11-**11**.-
1..-*.1--0.-.1---0--*0.-*.*1*------10-1-01-1.----1-------00*-*..-*.-..-1-.**.1*.1*.---.-.0*----.*-.*
*..1-*0.--...------0*--*--1*.*.0-----00*-*0.-----1----0-.-.*-*-*.*-0*.*.*.*1---.1.*----*1---1--.0-0-
-.1.1*00-0...-.0-..0*1--11*0*00-0---0--**---1----00-10---..*-..*...--.*1..-..0.*-1-000-0--1...*1..**
*0**-1-000-01*00-*--1*11*--.**00.0--------.0..---*10*---..--*.**-.-*-..*..0-000100--00*-.0-*-*--..-*
1**.-01*.--0*0*1-.------..*1--0-1-1-1*---0--.-00-*-.0--*1-1-....0.-.-0-0.*111*-.-0-0-001--*-**..---1
**...*..1.*-*1*-*.*..0--***.-1*----0-0-00*--.1.*-.--1-111-1-..-0-.1--.01----11-0-10-10-110.0-0-0...-
.-...1*0..*...*-*..-00-*...10..--001-.1-*-*0--0-0-1.-*1.***0101**.0*01-00-0000--100----.*-.*-10..1.-
1-**1..-11-*1-.*001--.0.-...*..1*.111-.-.-.1.--1.---*-1-*..**1111..1**0.-0--**-*1-*1**.***.1.*1-.*0-
0--**..-*-1-..-*1..--10**-0-*.*0-1*1-.*1.-01.0.--0-00-*-11--1...--..**...0-....10---*11-.1-*-.*.-***
*--.-**-100---*01.*1.1.-*1*1*.--00.1..-.*0*1.*01.00--1-1.-..-**.11...0-000**11----100--.0*..-.---.-*
*..**----0-....--*0-**.-....*--0..1-..10.*.-.1*00--1-....1-.**01.1**.00..-**11*--*0--.-**.10-..1*.-*
1..-.-*--10------0--*--*.1..-----10---.-*0.1-.-00000-**0-*.*-.-**-*1-11000-1--1----.-.-.*-*-...*..*-
.*-*-.--1----.-0----1--0.----.--**.*.*..-.-..**1-***1...-*.**.1-*..-1*1.-.*.**.**1*-----0--0*...0.--
-.-.1-0-0---0.--0------.1*-1-***-*.*.0.**.1.0----0--00-.*1-.-*00--.1-0---0-0--0-0---00--1-*-*.*.0.0*

Generation = 10, Population = 2288.
-1**.*.1*-1---0.------------------0000---------*-0-.1-*1*...*111111110----01--0--10-0-0-10-1.--1-1--
.-0-.*-1.---0-0.-.1-----------0*10-------------1--..-*.*...**0.--0--000-----1------0-0-00---**-.1**.
-0*.-*1**.0111--1---1-----------01*00*10---01*--....***..*...**......*10---0--00-00-00-0-01..1.-.-.*
-.*1.***.1-----.-.-0*-00000000010-1--1-----00-.-.-1......1.0*01-..*-----------0--1--..-.0.**.*1**1-*
.0**..*.*0**01-.-.--0----------010*---0---010**.*--....*1*.---01-11000----1*..-*..*1.1..-...*--*-1--
*00--.-1*.1*0--.0.--..0000-----..--00--00-0-.-1..-1-.*.11*-*1-*---*0------0-.-0------0--1-.0*.--..**
*.0.*.*1*0-.10--1**.01-11--0---....*0**----1111-.-.--.*-*.0-01*-----00001-1**-----0.**.0*-.**101.-..
-*-**--....*.-0*0.*..*-1.*1--0-..0..1.-0****....--.**.--.1--**--1.*1--1--0-0.-1.*10-.*----.-.*.--..*
.1..-1*1*.-**.110*-**.-*-0---...-1*.11..*11*.*.*..-0.....-01-10-10*-1--1*..*..-...----**..*-0.**.**-
..***...*..-*.-*--*.-*--0--.-....*.1-.1-1*0*110**--**1***-*..1--0*-0--100--*.0.-..--1111.1.-0.**-***
.*.---*-*-*-.*1.-----*11.-0*-0--...*-.1...*1*0-0*.*--.--.-0*.0--1-----*0-0-.--10*--0*0....*.....-.--
***..0**..**1*-*-1-0.1*---1-001-.1.0-.*----0*-...-....*.-*1-1-...*.-**.*.--0.10-.1-.--*..-..-...*1.-
*.-.-*.0--...--.----1-......-.1*--1--1.-*--01-11*-**-..--*1--1011--101**-1*...11.*-.0----1*11*.1.**-
*0.-*..*..1**.-***-*.-**.....--*.-1--.0**0-01--*1*0*.**.00----*-0-1---**-00---0--11-11.1*..1*.-**-.-
*1...-.1*.-10.0.-*0-11..11-.1*1-.1.--...0-0-10-.11*0-*....----0011.-.1*0---0---1--1.1.*-.-..**--..-.
*..*01.*.*-010**--1---..-1-1*0.-.1101*.*1.11.*-.--1--.1.------0---**-0--0--01-0-1---..*-*.*..**1.*.-
-1-01..-*111-01---**.-.-1--.0..*--0----*.11-.1--.--*--...-1.----0-000.-..000.*-.--1..0-..**-.--*.*.-
*.--0-*-100--.1*--*-.-1.*....-*00-..---.-.--*0-0-11..**-0-0-0-0**01-110.-1--*1.-1-.--*0..*.-.1*0*-00
*-.-.-.--0--11--1.0..*-...-..*..*..*.*1.*.1**..*10-**..-**100110----*-1.-..1**--1-**1--**-11.*1-.---
*0***--0*-0*-0-*1*--.-*.....-**.-....*...*1..*11-1*****-.*0-11*1*-1.-*-10---*---.*....1*1*...-.11---
*-11-01-11----..0*11*1*.*...-*.0-.0**-**1*.--*10.1.1...*.*-..-*--.0.1.*.-*1.*-*1--0.....***-**-..1*0
-1----.*1*-.......-..1-1.0..**..1*1-0*-..-.*..01-1.*010*.*--*---*.-.**--..1-----0.--0-0-...00.*...**
.-*--.*-0-0.**1.--.0**1*....*..0.--*1-0-1*1-.**.-.-*-*-*.0111*0....--.**.10**-----1.11*-*..--**.---*
101---000-----..-**0*---*.***...0----1....0-.-1.*.-*...*01-.*-...0-*1.*.110-**1--.*-*-.-*00.1...-1-0
0--...1-*1-0..-..-1*..-*-*.**...-*-*-11---001-0*-01**.*1-1-0-*.1.0-.*.*.*.01---1.111...-*1.*-.-1--11
----1-0.10.-.1.-0-..*....-..-...-**-1--1.1---0--01*.----.*1--.1.--*---1-*---*.-**-.-.....-.1..-010--
11*-1.*...-11----.-..*-1.-..*10.-1-*00-1*0--1--1-1-*--1.---.-***--...0.-----.**-.00-1*11-*1..**-----
---01---00-11-*--...**.1-.-1--*.1.-*.-101-0-*0-0*--*00*---0-*-*.*-.-.*00-.--*.-1-.*1.*0-1--.1-----0-
-.-...-1*--00-0-.--1*.1-.--.1*0..--*10--0000----1-*-.10-0-111---.--0.-.0.-.-.-*-.**..*--1*--.-------
-10--1-.10*1001*01-1*.-**.-*1.-.-****..*.**1-000--0.0-10-00--0--.1.--.-*-.--.**.-1*11...*-..*-*--001
-11*..*---1----1--*1.--*....**-*-.*--..*---------*1*0----..-*1-*.-*...--*-..1.-*.--0---.-10---00----
-0-.--0*---0---0*-*-.-0**...-11-...---11000----1*..0-..*1.1..*-**.*-.-.-..1**1.*1*-.*0-..0.--**-0001
-01-.-1-00--0001---*..011...-*1-...-*--*0------0-.--------0----1-*---..10*.---..-*--**-*.-*1.---11-1
000.*.*.*0**--0*-..**--.-1*0**.0---*-----00001-1**-----0.**.0*1*01**1.0.1.1.**.0*..*.*01.-*...*---0.
-1.1.--..1.-0*.*1.*.1-1****--.--*.*--1.*1--1--0-0.-1.*10-.*--*1....0.--*-10*.1..01.*.*.--0.0.--1.---
*-.-1--..11..*11..-.-*.--..**.-01-10-10*-1--1*..*..-...----**..*-1.*..0*.-.-....**..-*.-*-10.--1011*
*.*...*.1-.1-1*0*110**--**1***-*..1--0*-0--100--*.0.-..--1111.1.--**.-.--.0--*--0*-*-.*1.-----.1010.
*.--.1.**-.1...*1*0-0*.*--.--.-0*.0--1-----*0-0-.--10*--0*0....*.*..*1..--1...-...***1*-*-1--*1110**
.-.-*1-.0-.*----0*-...-....*.-*1-1-...*.-**.*.--0.10-.1-.--*..-..-.....*-.1-.--.1*0...--.----1-.1.1*
-..-.*-1--1.-*--01-11*-**-..--*1--1011--101**-1*...11.*-.0----1*11..1*.*.--.1..1...1**.-***-*.--.*.-
-.*-*.-1--.0**0-01--*1*0*.**.00----*-0-1---**-00---0--11-11.1*..1*.0**---*...-*.*..-10.0.-*0-11..-*.
.*.--.1.--...0-0-10-.11*0-*....----0011.-.1*0---0---1--1.1.*-.-...-1.**.***-0-0.*.*-010**--1-10.1-10
-.*.*.1-01*.*1.11.*-.--1--.1.------0---**-0--0--01-0-1---..*-*.*..*-0**-**-..1..-*111-01---*****.***
*1..1--1----*.11-.1--.--*--...-1.----0-000.-..000.*-.--1..0-..**-.1.1..*.*10---*-100--.1*--*1*-1..-*
*..*11-..0--.-.--*0-0-11..**-0-0-0-0**01-110.-1--*-.-1-.--*0..*.-.1.0-0-.**--.-.--0--11--1.-.*..--1*
*.*.*...-**1.*.1**..*10-**..-**1001101011.-1.-..-*00*1-**1--**-11.*-0.1*-1-1**--0*-0*-0-*1.11-0-...1
*1**.-*1..*...*1..*11-1*****-.*0-11*-*-0*1*-1------*1.*....1*1*...-.1---101--101-11----..0.*-*-****-
*-*.-.*--*-**1*.--*10.1.1...*.*-..*-*0*1.-.-.1--*10-*1--.....***-**-..1*-1--.*-.*1*-...*.*.-..*1*.--
-0-....1.-*-..-.*..01-1.*010*.*---.*-..**--*.1.-0111-0*1-*1-*...-0.*...*.--....--0-0.**-.--.1**.0*.*
*0-.1*.--1-0-1*1-.**.-.-*-*-*.011-.*..-..1.-..1-.-10--1-.-..1...*-.*.-11-1..*--00-----1.-..*-.101*-*
**..*-----1....0-.-1.**1....*01-..*-..*1...-.-.--00*0*.*.*0.*.1-.-.*.1-..1..***11*--0.1*..-11..-*.-*
***-*1.0--11---001-0*-0.*-..1--0-----0*-*-*-1.1111110**1-*.*1.1..0.-0*---1-*11*-0--.-.-.*-*1*..*.*.-
..-.-*-0*-0-1.1--1-0*001.--0-.1-...*..**-.1****-1...-..*-*.**.*-***1*.-.1...**..*-.011-1-101**..1.-1
-.-.----10-0-.---0--0--.*.---.**0*...1*...-.--1001---10.*-1.-*11--.-01--0-0----01-001110*-.1**.*1*1.

Generation = 11, Population = 2372.
1****..-*--0001.--0-----------000-1--10-------0.--0.-1***..*.*---*--*----01*-0-01*10-0-0-1--*10-1*--
.1--.*1-.---101*0.-00--------01**-0---00---0000*01..1......*.1.1-1--------00-0-0--0--10--00-**0.***.
01..1.*..*1-**-1-10-*000000000-01*.--*-10-0-**10....***.*...........*.*10-0--0-1--101--1-1-..-.0.-.*
-..-.....*0----.0.11*-1--------*1----*00---110*-.1-..***.-.1*1*-.**-0-00--0--0100*01.*-.-.**.*-*.--.
*-..**...1..1*0.0.--10----0000--*-*-0---00-*1.**.1-...***..---1*-*-1-10--0-*..0*..****..-**..--*1*--
*11-1*1-..-.11-.1.1-*.111100---.*0----011-11.0-..0-1...--.0*-0.---.-0-0000-0*0-----0--0-*0.-..1-*.*.
*.1.****.1-.-1--*.**1-1*-0--00-...*.-.*1-00----1.-.10**0..-01**10--01-1-*0-.*0--1-1***.1*1.*.*-*.-**
-*1**--..***.--.1....*--.**-0-0..1..-.-1........--.**.1-.-0-..00*.**1-*01-1-.1-..--1**--1-.1...--.*.
.*..1**-*.0**.--1.-***1*01---...0*..-**..--..*.**.1-..***--*1*1-*1.--01-.*.*..0..*0-00.**..-1..*.*.1
.****...*..-*.0.--**-*-0--1.-....*.*-.*--.-.*--..1-**-**.-...--01.1--1----1.*-*1..---**-*-*11.**-*.*
*..10-*0*-*-..**-1011.**.1-*11--...*0*-....-.-0-**.-0.-1*-1..110*0-00-.10-1.-0--*-01.-.*.......*0.11
*.*..-..****-*0.----.-.--1*011--.-.10**00--1.-...-**....1.*0-1...*.-.....---.*10.*0*--...0..1...*-*-
..0.-*.-1-...0-*0--1--.*....1.-*1-*-0-.-*-11*-**.1.*1**--.-0-*1----*1*..--.*..**.*-*1-01-*******..*0
.-.0...*..*.**-***1*.-***....11**-*0-.1..10-*--.-.-..**.1-----.--1--11..-----0100---******.-..1**-.-
.-**.1.*.*-*1.1.-.-0*****-1*-.*-**.00*..-01---0*-*.--*.*..---01-**.0*-.--1-1--0---*.*.*-*-....--..-.
*..*1***..11*1.*0---10..0*-*.-.0*-*--.**-.**.*0.1-*1-.-.--0--01---..01-----1*0-1-0--..*-..****.-...-
1---*.*-.-*-0-*1-1**.-.0*--*1..*--1-010*.*--.-11.11*11**.0**0---1011-.0.*---..-*-0-..11**.*0.-1..*.1
**--1-.-----0.-*-0*-.--*.....-*1-0..-10*0.--.--11-*..*.-10-111-..--0*--.0*-1.**0*0*1-*1*...0*-.1*011
*-*0*-.1010-*--1*.1..*1*..-..*..*...***...-.....-1-....0*.---*-100-0*-*.1..*..01*1***-0..-****-1.-11
*-..*--1.-1*01-*-.01.0**....0*.*0.*.......-...**0*...**-..-0-*.**-*.1.-*1-0-.-11**....*.-....-.**-01
*---01*-*--0-1.*-.--**..*...-..--.-..-**-*.00.-1.-.-...*.*-**-*--.1.*.**-*-..-.*---..**...*1**-***.-
--11-1..-.-..*...*1..--*.-..**.***--1.1..-..*.1--*.*-*-*.*--*--0..0**.01*.----1--*-11111*.*1-.*..*..
*1*1-.*--1-..**.-1.-..-*.**....-.1-*----**--.*..1.1*1*1..1---.1....1-.**.--.*-1-11*.*-*-*.*11.*.-1-*
---0-01-1-0011..1*.-.-00***..*..-----*.*..--*--.**-..*..-*-..0..*1-*-.*.-*1-.**--..0*-.1.11*-**.0-1-
1-1...-1.---..-..--...1.0*..*...-*0*1-*-----*0-.--*.*.*-1-0-0**-*1-.*.*.*.-*00-*.***...1*-.*-.1*-0*-
-000*--.--.-.-.1-1.**.*.*1.*-...1*.-*0-*.*-01--11-..1--0***--.*.--.11-*-.10-**-*.1.1****.-.**.---1-0
*-*1-.....0---0-1.-..*-*.-..*--*-*0.110*.--0*00*-*1*--*.-0-*-...--...1.00---***0.1-0*.**0******-000-
00-1-10--1-**-.0-..*...*0.1-10..-.0..1*1*-10*1--.--*-1.00010*1*..1.1**--1.-0..0-0..*..-0*00.--1--0-1
-.0**.0*.0-110--*01-..-0*--.-.-*.0-.*1-1-1----00*-*-.-10-1*---1-.00-.0.-*-.-.-*-*....*-1**1-.-0--0-0
0---0--.--.*1-*.-*0*.*-**.1**.1.1*...***...--1-1---.11-101--1101.-*0-.1*-.--.***1-.**...*0*..-*-01-*
0***.**-0-*000--1-.-*--....*..0.0**-1...---0-00--**.-00-1.*0**-*.-*...--.1..*.-*.--110-.--101-11----
0-0*-01.-0---0-1*-*1.1-.....-*--...-10*-1-10--0-**.1-...******-*..*0.-.1..******-*0*.-1.*1.11**0-1--
-1-1.1-1---01-1*---***-*-.**-.--...-.1-.-0-0000-0*-0----0--01----.111..*1..1--..1*0-..0**-**.0-1---*
1--..*...-.*10-.-.*.*1-.1-.-**.----*-0--01-1-*0-.*01-1-1***.1.*.-*.**.-.*.*.***1...*..--*-.....-1--.
1*.-*-0..-.-1...*...*1***..0-*-0*.*00*.**1-*01-1-.1-..--1**-0.-....-.-1.1*1*.**.1-...*.0--.1.--*.0-0
*-*--11.*-**..**..-.1..1-....*0---*1-*1.--01-.*.*..0..*0-00....*--.**.1**1.1*..*....1*.-*1*-.-1*1***
*....**.*-.*--.-.**-..1-**-..*-...--01.1--1----1.*-*1..---**-*-*-1.*.1*1-.110.11-.1*-..**--0-1.*--1.
.*0-**..*0*-....-.-0-**.-0.-1*-1..110*0-00-.10-1.-0--*-01.-.*.....****..-1-*..-.....*-*0.--00*-*-1..
.-.0**0.10**00--1.-...-**....1.*0-1...*.-.....---.*10.*0*--...0..-......1.*0.--.**-...0-*0---*-.*.-*
-..-.*-*-0-.-*-11*-**.1.*1**--.-0-*1----*1*..--.*..**.*-*1-01-***-**-*..*10.-..-..**.**-***1*.1-.*.0
-..-.*-*0-.1..10-*--.-.-..**.1-----.--1--11..-----0100---******.-*.-..-1-***.1*.**.-*1.1.-.-0--*.-**
.**--.*.00*..-01---0*-*.--*.*..---01-**.0*-.--1-1--0---*.*.*-*-.**-*......*--01.*.*11*1.*0--1*1.-0*-
0.**..*01-.**-.**.*0.1-*1-.-.--0--01---..01-----1*0-1-0--..*-..*..*1-..1..0.*-**-.-*-0-*1-1......*..
***.------10*.*--.-11.11*11**.0**0---1011-.0.*---.*-*-0-..11**.*0*-.-..*..*1000.-----0.-*-0**.0***0.
*.*.-*1.*1-0*0.--.--11-*..*.-10-111-..1*----.0*--.1.-*0*1-*1*...0.-.--10...11.-.1010-*--1*.-....-1**
*.....*.1*.*...-.....-1-....0*.---*-1-1--.1**-..1*-1.-1***-0..-***.--.-*1--***--1.-1*01-**.-*---*..*
*-...1***......-...**0*...**-..-0--.-.-1.-*0----0-1.*.***..*.-....-.*1-0*-*--*-*-*--0-1*.-.*1*-..**-
*-.*-.*01*-**-*.00.-1.-.-...*.*-.*.-.1.*.1*1.*11**--.-10..*....*-**-..**0*--.*-*.-.-..*.*.*1...*..01
01-..**-*0.1..-..*.1--*.*-*-*.*-0-**-*.**-0.***0-*--0-.*-.*-*.**-1.*.....--....1011-.**-.1-.*...1...
.10.-*.01----**--.*..1.-*1*1..1-*0**..1..-.1..-1*0*1-1*1.-..-....-.*.-*--*..*----0-00--.-..*0.---.-*
.....0-1--*.*..--*--.*****..*--0*..-.*****.-.-*0---.1..*.*1.*.*1.1**.*-..-.....*-*01-*-*..-*-**1..0.
*.*-*-.1-1**-------1.--.*1.**-1-0-0011.-*-*1*.--****1..*-*..*.-.*1.1-*1--*-*--.0---*-.1.*1.-...*.**-
.*1.-*--.01--.------.-1**-0--**0....*...-*-.*..--..*1...0*.....1***-..-.*.*.....*1*-*-0*-*1-....*.--
-.-.-0---10--.0-010-1-1*..-1-.**-....***..1*0---1*0-0*1**1-*-***-0*--*001--01101--11**-1*-.-.******.

Generation = 12, Population = 2205.
******.1.11111-.00--0----------1--*00*-----00-1.0--.-***......111.11.0--01**-1---**1-10--*-1**---.--
.--1..-1.00-*-*.1.11--000000--*..010-0-----111-.-*.**...*....**--*1---000-1--------0--10011-*.-...*.
1-..-.*..*--*.1*-*--.-1-------01-..-0*-*1---..--.*..*......*....****..**1---1-0---*1*0---*1..-.1.0*.
-*.-*...*.-0--0.1.--.-*-00----0.*-1--*--00---1.0.*1.*....-.**-*-***0101---1-1-*--.-*.*0.-..*..-*.1-.
*-.**.*..***-.1.-.--*1000--1-10-.0.----0-10.-..*.-1..*..*.*-11-*-*1--*10-11*..-......**.-..*.0-.**--
*---*.--*.-.-*-.-.*0..-*-*1-0--.*11-01-*----.--*.1-*...-1.1*11.-11*0101-11--.--01-0-10-1.1.0..--..**
*.-....***-*-*01*.*.-1-.1-0--1-.*.*.-..*01---11-.0.*1.*1..0--..*-0--*---.--..110--*....*.-..*.0*.0**
-.*..0-......0-*-.*...1-..*-10-.***.-*0**.....**1-*...-0*1-1..11..*.-0.-----.*-..10-..10--**..*--*..
*...*..-*.-.**11**-*..-*--0-0...1*..1***.--.....**-0....*0-*-*--.*.0----**.**.1*..10-1..*.*0****.*.*
**......*.*-*.1.1-..-.---1-*1...**.*-.*0-.-..-0..*0**-...-.*.-1-*.---*-00-*.*0***.-0-*.-*-.--**.1*.*
*..---.-.1*-*..*-*1*****.*-.*-1-....1.1....1.0--**.11*--*-***--1.-111-.*1-**-110*0--*0*****.***.-.--
..*.*0*...**-*-.010-*-*-1-.1--11.-*--.*--0-**-*..0....*.*.*---...*.-.*...-00***-..1.--**.1..*...*-.1
.*1*1..-*-...-0.---*1-**.**.*.-.--*-1-.-*1-**-...-.*-.*0-*-1-**1--1***..--..*....*0.-0--0..**.....*1
.-.1...*.**...1..*-..-...*.****..1.-0.-.*-10*1-.-.-.....-0-0--.--*10*-..-0--11-11-1-.......1*.-.*0.1
.1*..*.*.*-.*.-.-.--.....1**1*.-...--*.*0-*-1--*1**00*.*..0-0---***1.1.-1--*-0111-.**..1*-****01..-.
.**.*..***-*.*..1-11--..1.1..-*-.1*--..*1..*.*1.--.--.1*--1----0--..-*--000-*10*-1--...-*.*.**.-...1
----..*-.1*1-0.*1-.**1*-.-1**...--*-1*-..*-0.---.*-.-***.-..-001*---0.-**---..-.1--.*--.**.1.--*.*.*
*.---0.010-0-.-.0-.-.0-.....*-*-0-.*0*-.1.--.---*-...*.1--0-*-0*.--1.1-.1*-***.-.-.-1.-.**.1.-.-.1**
*0*-*0.----1.-1*..-.***.*.-.**......*.....-...*.1*-..*.1**---*--110-.-..-..**.1-.-..*1-..0*..*--.-**
*0...--*.--.1--*-*-*.1..*...1***-*.....*..-...**-*....*0..011*...0*.-.0.-0--.0--...**.**-....-...1--
.01--**1.1-10-..0*--**..*...-..--.0..0**-..1-.1*.-*1**.*..-*.1*10.-.*...-*-..-..---......*****1....0
----1*.*1.-..*..***..11*.0......**1--**..-***.---*.*0*0*.*0-*10-..-.*.1-..--00*--*1***--*..*0.*..*..
.-.*1.*0---*..*.--.-..-...*****0.*-.-00-*.1-**.**.**-.*..-1-1*-***.--....10..1--**...1.-...-*.*.-*0.
-011-1-0-11---*.**.-.1-1...*....--0--****.-0*0-.*.1....*-*-.*1..*--*-.*.-**-...-1..-*0**.**.1...--*-
-0*..*--.-10*.-..--...-.1..**...-*-*--.0-0--.10*--.**.*1*-1-1.*-*-0.*.*.*.0.111*.*.....*.-..-.-*0-.-
01-1*1-.--.-.-.-0-..*.*..-**0...*..-.--**.--*0--*-..*011...-0.**10.*-0*-.*10..1*.-.*.....1....-0----
*-.*-*....--10---.-*.*1..1*.*-0.1.-.--1..0-1.1-*0*-*--*.1--.-.*.-1*..*.1--0-...-.*-1....1.....*-1-10
-1--1*--0*0..-*-1.*.....-*---1*.-.1..*.-.0*1.-0-.00*--.---*1*-*..*.*.*0--*0-*.-11***.*-1.-1.1--0--0*
-.1...-**1-*-1--*1-1*.11.1-.-.-*.1-.**--0--00011*-.-.1*1-*.--1--*--0.1.-*1.1.-.1**.*..--..*0.1-0----
1--11--.10..*-**0.1**.-********.-..*...**..10*-*-1-**---1-0--*1-*-.10.**-.--.*..-1.*..**.1...0*01--.
1.....*--0*11---*-.1.1-...**..1.-.*-*...0--1-----***--10-..1..0**1....1-*-*...1..1-**1-*-1-1-0*----0
1--.-1-.----010-*-*-.*0...**1.--.*.0-1*--0*1-0--...*1...*.....-..*.-*-.*.**..***1.1..-*.**.**..1--01
1-1*.-1-001---**--0...-.-..*-*--...0.--*0101-11--.0-01---10-*-11-*---..*-..*1-..*.-1..-..0**.10*-10.
*0-..*...-..-1-*1....*-.*1*0.**00--*1-0--*---.--..1----*....-...0...**0........*..*...01*0***.*1---.
*..1*-1*.-*0*.**.....*..*..-0.01.*.--..*.-0.-----.*1*.10-..-1*1...*-.1*.*.*.....-1...**-10*-.--..101
*0.0--*..-***..***1**..*0*...*1-11*--.*.0----**.**.1*..10-1.*.*.01***.*..-.*....*..***.0.-*0*-*.-..*
*.**....*-.*0-.0..*-*.*0**1...-...-1-*.---*-00-*.*0***.-0-**1.-.--...-.--.*--**-0.**1....--11*..-1**
.*11.....1.1....1*---**.11.1**-***--1.-111-.*1-**-110*0--*0****...**.*.*---...1*****.-*-.01--*-*1-*.
.0*1..1.--.*--0-**-*..0....*.*.*---...*.-.*...-00***-..1.--**.1..-...*..*..-.--..*-**.-0.---1.-***1.
-..0..1.-1-.-*1-**-...-.*-.*0-*-1-**1--1***..--..*....*0.-0--0..*1*.-..*.*1.-..-..**...1..*-*.--**.-
-..-.*1.-0.-.*-10*1-.-.-.....-0-0--.--*10*-..-0--11-11-1-.......1..-*.0-1..**-*.*..0.*.-.-.---1**1.*
.**--*..1-*.*0-*-1--*1**00*.*..0-0---***1.1.-1--*-0111-.**..1*-***1*....*..---*.*.***.*..1-1-**.1-.-
1..*..*---..*1..*.*1.--.--.1*--1----0--..-*--000-.-0*-1--...-*.*...-0..*.*-..-..-.-*1-0.*1*.........
*...-1-1--*-..*-0.---.*-.-***.-..-001*1**-*-**--0.*-*1--.*--.***1*-.-..**.**---.010-0-.-.0-*..1*..-*
*.*.1*-.*-11.1.--.---*-...*.1--0-*-0..*.--1-.-*01.*.-.-.-1.-.**.-.-.-0*1...**.0*----1.-1*..0**..1-.*
*.......*..*...-...*.1*-..*.1**---*---*1-.-.*-.*-.--*-*...1-..0***.-0*-.-1-..*0-*.--.1-1.**-*--0*..*
*1...*.....**..-...**-*....*0..0--1.1*-**-.1-00----*.......*.-.*..0..*11.0*--*-*1.1-10*..0..**0.**.1
*-..1..1-.-**-..1-.1*.-*1**.*..1***1**.*.*.-..**..--.1-1.**...**-**-***.1*--..-*.-*-....***-.*..*.-*
---.**.-.-.*..-***.---.**0*0*.*-1-.*-*.**01....1-.----..1..-..**-*.*..*..--...*--**-***1.--.*...-.**
*-1.1*.---00-*.1-**.**.-.*.**.*1.-.*..*..1*-*.1*.1**-*.*.0*.-....-.*.-.10....1------111.-.**-.101.-.
..***1----*.**.-0.-1***.....*011...-....**.-*1*-0--.*..*.***.*.*.-.*.*0..-*.....-*-*0*1**.1*1**-**1*
..*-*1.*--..-----10-.1-..-.**1*-1-1-*-.-.-*-**1-***.**.*1..*.*1..*.*-**0-*0.1-.1--0.-.*..-.1...*.**0
.*-*-*00.1*--.1-0100.0-..0-0-..-*......*-*1..*.--...*...-...**.-...-*.-.*.*..*..*-.-.1-.-.*1......--
-.0.110-1--0-.--1-1----.*.--1*.*0....**...**-0-0**11-*-*.--.-.**0-*10.---0-1---*----**1-*-.-..****..

Generation = 13, Population = 2323.
.****.**.-*-**-*-1---0000000----0-.1-*0---0--0-.---.-***.....*--*.-*.-----**--0-1.*--*---*0***0--.0-
*1-*.*-*.1-0.0*.*.**-0-----100*.*1*---000-0-**-.-****.**.....**-0.*1---110*-100--00--1-----0**-..**.
--..1..*.*--*.*.-*-0.0----00-01*-..-1*-*---0.*-0.*..**.....*..*.........-0-0*-11-0*-.-01-.-..-.*.-*.
0*.-*..**.-1-0-.-.--.-.0-100---.*0-0-*00----1-*1.*-.**...-*..1*1...1-1*00-*0*-.0-.-*..-.-..**.1*.--.
*-.**..*****1***0.0-*-11-0--0*-0.1.-0-010-1.-..*.1*.*.....*-*-1*-.*10.-10-**..0*...*...*-..*.-0.**-1
*1--**1-..1*1*0.1**1..-.-.-0-01***--1*-*--1-.0-*.*1*.**-*.*.*-.1*-.-*1-0*--0.0--*-1-*-0**-*1.*11...*
.*1....***-.-*-**.*.1--*-0-00*0*....0...1*0-1*-1.1.**.*-..101*.*010-.01-.0-..-----*..*.*.1..**-**-.*
-*...-0*.*...--.1.**..--..*---0*..**-.1..*...**.--..*.--.-0**.*-.***--.-10-0..1.**1-..*--1*....11*.*
*......1.*0**.**.*0...-.0-11-..**..**....--...*...-1*..*.--*-*10***-1---****..-...---*..*.*1.....*..
**......*.*-*.*.*0..1*0-0*1.*..*****0..-1.-..--*..-..-..*1...--0**1--.--10...1....-11..-.-.11...**..
*..-01.-.*.1*.**-.*.*.**.*0.*-*-****-.-...**.-00*..-**-1.-*.*1--*-*-*0.*--..-*-1.1--*1....***.*.-*--
..*.*-....**1*-*1*--.1.--1.-11-*.1.1-..0-1-..1..*1.*..*.*..011.***.-.**..0-1...-..**10...*.......1**
.**.-.*-*-.*.-1*0--*--**.*....-*--*-*1.0*-1..-...1..1.*10*1*-.**10-..*..-1*....**.1*1----.*..*..*..*
.-.*..**.**..**...1..-........*..-.01*-..1-1.*0.1*0..*.*1101-0*0-.--.1..--0---1--1*-*..***.*..1**1.*
.-..*..*..-***1.0*00....*-..*..-.**--.*.1-*-*0-*-**--*.***10-0--*..-.*.0*1-*-1*---**...**-*...-**.-.
.***.*.*..1*.****-*--0..-.-..-.0.**01*.*-..*.***1-.11.-.00*000-101**-*0-1-11**1.--10*..-.......-*.**
110-.**1.*.*-1***1**.**0.1-.*..*1-*0-*0*.*-1*11-..1.1*..*-.*-11-*0---*0*.000..0*---..1-*...*.11.**.*
*.0--1.1--0-0.1.10.1.-1*.....1.--0..-.0.-.-0.-01*1..**.-----*--..0--*-0*-*-*.*.-.-.1-.-....**1.1*-..
.1*-*-.-010**1**..-...**..-*....*..***....-...*.-*1..*.*.*100.--**--.1..1*.*..-1.-...*-*.-*...1-.0.*
.1.**--**0-.*1-*1*-*.-..**..-.*.-....*.*..-..*..0*.*...1.*1*-....-**1.-.1100*---...**.*.1....-*..---
*-*1-*.*.--*--.*-.--....**..1**00.1..-.*1.**-*-*.1.*.....*1..*.-1*1*....1.1.*-*.-10...*****...-...*-
-11--...*.-*.*.**.*.*--**-*******.-11....1*...1--*..1.1***-0.--0.*-..*-1.*1011*0-*-***11.*..1.**.*..
.1..-..1-1-..**.--*-.*1**.*****1..0.1110*.*-..***...-....1*-*.1***.10*...--***-1*....-.1***-*...0*-.
1-*-0*11-*-011.*...-.---......*.-1--0*....-1.1-.*.*.**..0*0..-...--*-*.*-..1*..-*..0*1.**..***.*0-*0
-1...*11.---..1**1-..*1*-.......-*0.11.---00.*-*1-.**..-.1---.*1.1-.*.*.*.-.*-*.....**.*.-*.1.1*10.-
--0-.*0.--.1.1.1-1..*.**.-..1..***.1.--*.*--.1-1.-*..---.*.11.*.*-.*1-.-*.-1*.-*.-......*-....-11-00
*1.*-.*..*01*1---*-***-..-..*11.**0.---*.10*.*0*1.1*--*.-01.-.*.-*.*...-01--..*-.*0-....-*....*-----
----**0--.1*.0*-*.*....*0*---**.1*-.***-*-.*.110.--*01.00-*-*1****.*.*1--.-0..0-*..*..--.0*.---1-0-*
1*-..*0*.*0*1-0-.*--***-.--*1.0*.--***0-1--111**.0.-.***0*.1-*11*-0-.*.-*-.-*0*-...*..0-***1.*0---00
*1-**10.-1...0*.1.*...-*....****-.**.*.*****1.0*0*0**--1-1--1*-1.-*-1.*.0.11..**--.*.***.*.*.1.1*1-.
-*..**.0--*-*---*1.*.*-**.....*.-.*-***.1------00*..00*11*.-.*-..-***.*-*1*...*..*1***-.1--*1-.10--1
-00.0-1*0------1*-*-**1.....**1-...11**-1-.*-1--.*..-.******.*-..**0.1**.**.***.-.-..-**.......*0---
-1*.*1--1-*010..101..*0.1...0*-0*..-.11*--1---*0-.10-*00-*1-.-**1*1--..*1.***-..*.0-..-..1...*1.-*-*
*1-..*..*0..---.*.....0.*-*-...11-0**--0-.01-.0-.*---1-**..*-...-*..*.-....*....***..*--.-..*..-1--*
...-*0-*.1*1......**.**....--.1-...00****--.-10-0..****1-..1-.-.*.*-.-..........--**...--1.1.--*.*--
*1.--1*..1.......**.*...-.*..*-0***--.**-1---****..*...---*...**1-***.**.-**...**......-*-.1.0..-...
*...*....-..-1.1...0*..1..**..1...--0**1--.--10...1....-11..*.-*11...1*1-..-0**1-...-.*..01-*..*-*.*
*.-**....-.-....-.-0-...--.-.*-**.1--*-*-*0.*--..-*-1.1--*1...*.....*.*.--1..*-......1.-.1*-0*-*--..
.-.**.*.--..0-1-..-..*1.**......011.***.-.**..0-1...-..**10...**.1.**..***.-.-1*..-.*.-1*0-0**1...-.
-..1*.-*0*1.0*-1..-...1..1.*10*1*-.**10-..*..-1*....**.1*1----.**-..1***.***1..-.*....**...-.*11...0
-.*1**-*-1*-..1-1.*0.1*0..*.*1101-0*0-.--.1..--0---1--1*-*..***.-..-..-1*.**.-.....-.**1.0*00--..-*.
.**-1*.*-0.*.1-*-*0-*-**--*.***10-0--*..-.*.0*1-*1-*---**...**-*.*-***..**.100...**...****0--**.*-.0
*.*.***-1-..*-..*.***1-.11.-.00*000-10-..0*0-1-11.0-.--10*..-......--..*.*-..-.*-.1.*-1**-.***......
*..*-*0--0*-..*-1*11-..1.1*..*-.*-11*.**.-*-*.001.*0**--..1-*...-.1.1*...***--0*1-10-0.1.10*.***..0.
*...**1**---*-.-0.-01*1..**.-----*-1....01*0*-*1-...-.0.1**-....-.-.--.-.*.**.-.1010**1-...-.*..*1**
*...**...*.....-...*.-*1..*.*.*1--*-1-.--.1**-..-.0-.-....--.*-.**.11.1.1*-*..--**0-.*1*.**1.0-1...*
**........*....-..*..0*.*...1..1---.-.1..-.-11-0--1.***..*.*.-....1...**.1*00*0.-.*-*1**.-..*.1..*.-
*-..*.*-1.0..1.**-*-**-.*.....*-...*.......1.*.*..-0.---***.....-*.1*...**--..-*.-*1....***1..***.-*
--1...*1.-....1*...1-1**.-.1..*-*-..0*.*.--*.*.-0.11--.*-..-..**-*.*..*..0-...*-0**-*..**1-.***.-***
.-*.*.*--1--0*.*-.*....1.*.....-*-..*.*..*.-*.-..***0.**.-.*-..**1.*.0.*1....-----1-*-*.0**.0.---.-.
..*..*11-0*.***--.0*..*...*..1--*..1....*..1.*.010-....*...*.*...1.*.*-..-**....1.0*1.-..*-.-*.-..**
.*.-.*.*01**010-0--1.--..1**.*.0*---.1.1.0*-..--**..******.*..*...**0..10.1.--.----*1....-.-.***...-
.*-.-.1-.**--.---*-1*11..--10..-*....**.-**....1-......*0...*..1**.1..1**...*.***1.-**0*0.*-..*...01
-.-***-0----0.00*1*--0-...--*..*-.....*..***-1-1**-*0.-..--.1***1-.--.----0-110.---1***-.0.1...**...

Generation = 14, Population = 2118.
**.******-*1**1*0--00--------0011-*--*--0010-11.-00*-*.*.....*-1.*-*.--00-**--1--.*10.0-1.-...11-*11
*-0..*1*.*0-.-..*..*---0000*-1..*-*-00-11-11.*0.0***...*....***-1**-0-0*-1.---1---101*-0-1--..-..***
--****.*.*11..**-*01.110---10-*.1..-*.-.----..11.*..........*.....***...11--.0----.-.-1*1.-..1.**-*.
-*.-***...-*-10.1*11*0.1--1---0..----.11--0--1.*.*-......1*.**.-..**1**1-0.-.0.-0.-*..0*-..***-..10.
.0**........*...-.11.-*--1-11*01.-.-1---1-**1*.*.*....*...*-*1-.-.**-.-*1-...*1**.***.**-....--.*.-*
*---***1..-.*.-.*..***1*-.11-1*..*10*.0.1--1*1-*..*...*-..*..-.*.-.-.-1-.--1*---.-*0*01..1*-..*-.*.*
..*......*-*-*0.....-11.--0--.-..**.1.***.--*.1*.*....*1..*1-...1*--.-*-.11.*11---*..*...*..**0..-.*
-**..01....**00.*.....-1*..11--...*.1*-.***.*..*-0*...10.1-....1....-0.0-111..-..*-1.**---..*.*-**..
*.....**..1.*.*...-.**1*11**-........*...1-..***..1**...*0-*1**1...0-0-1...**.1..*10-*.....-*..*....
**......*..-.....-..-.-0-.*.***.....-..0-.0..-0.*.-*.1******.---..*0-*----..***...1*-..-.-.*-*..***.
*..1-*.-.*.-....0.***..*..-.*1*-....-.-.***..-11.*.-**1-.-*..-11.-*-*-.*--*.1.--.--1.-....*.**..-.-1
..*.*-...*..*.-.**-0*-.-1-.1-*1*.*.*-.*10-0*.-*..-**.......-*-....*-....*10-..*-....--...*..**..*-.*
.**.1**0*-...0-.---.1-*.*....*-*1-*-.-.-.--.*-**.-.*-..*-.*.-...*-1.**..0-.*...**.*.*--10.*...*....*
.0**.**..**.......*..-.**........1.1*.-..---.*1**.-***..---*--.-0*--*-..001---*--*.-*..*...*..*..**.
.1..**.*.*0...*.-.-1.....1.....1**.0-.**-0*-.1-.-..--*....-10--0..*1.*.1**-.1-.1--.....*.1*...-...1*
*..*.*.*..*......-.111.*1.-..-.1...1-...-*......*-.*-.-.11.--11*-**.-.--*---..*.-1-1*.*-*.....*-..**
-*1-.*.*.*..0-...*.*.*.-*-1...***-.-1.1**.-*.**1..-.*...*-..--*1.1-1-.-..-11..-*1-1..--....*.-*....*
*.-0-*.*-01-1.-.--.**-*.....*-.10-..0.1*-.11.-1-*-.....11001.-0*.-11*--.1.0*...-.-.-1.-...**.-.*.1..
*-.0*-*1-*1..*....-...*...0.........**....-..**.1.**.*...**1-.-1**-0.-*.-.....1-.-.*.*0*.0.**.*-*-..
**...-0*.--..-1.-.-..-...**.1.*.-*.*.*.**.1.**.*1..**.**..-.-....0..*.-***11*011..***...*.*..0...101
*-.-0.**.10*--..0.11........-..1-*-**0***.**-*1*.-.**.*...-.*..-*.*....**.-..1**1-1.......*..*-*...0
-----.***.1..*.***.*.--..0........1*-....*...**1-**.-.**..--*1-1..-..*--***1-*.-0*1*****....**.*.**.
**.*1*.*0*0*....11.0.*-.*.*....-.*-.**--*.*-.**.*..*-.*..*.1..**.*.--*..*1-...1-.**..-.*..*1....-.-.
--*-1.**-.-1--...*.-.---*..**.**0*011..*.*0*.*-.....**..1.-*.-...-0*-..*-..-..*-*..1.-..........1-*1
--**..--*1--..*..-1..***1......*-.1.--*0--1-.*-*-0*.**.-.--01****-0...*.*.-..-.*...*.*.*.1..*.*.-1.-
01--*.1.-0.*.*.*0-.*...*.-..*.**...-*00..*0-.-0-.1*.*-1-**.**.*.*0.*-0.0*.1**.1*.1......*-...*1--111
.***-..*.*1-.*-0-*0***-..1..**-...1*11-*.--*..1.**-.--**---.-...0*.*.*.1-*0-***-**1-....-**...*0101-
----*.1--.*..-*-*.*....*-.111...-.-....1*-...*-1.0-*--.---.1**.....*.**0-*0-*.--.*.*..0-.1.*-11---0*
-*1*..-***1.*--0*.11.**1.10*-.1..1-...-1---***...1.-....1..--.*-.01-...0.1*1*-.-..**.*11...-.*10001-
.*-*.--.1*...1*.*.**..-**..**...1.*.......*.-.-.1.-*.11---0-*.1**1*1*.*.-.-**..*11...........*.-.*-*
-......1--.-.-0-.*.*.*1**.......-.*-....--0-00--1...--.-*..1.*0..-.....0.*..*.....-*..0.--1**-.*1-0-
11-.--*.-0-0-10*.-.1..-.*...*.--...**..1*0..----.*.*1......***-*...-.*......*.**1.-.*-***...**..----
-*..*----0*--1..*--**.1.**.*-.1-***-.-*.-1*1--*10**1-*11-.-0*-**-.--1*.**....-.**.11..0..-...**.1*-.
*--*...*.-..11-.*..**.-..-.0.*.---1..00--*-*0.--**-----..*.*1...0..*..-...***...*.....0-.-*.***--10.
...1*11*.*.*......******.*.--.-1...-1....-0.0-111***.*.--.**1.1.*.*-*-....**...*--**...---**.11.*.01
**.-1-*.**.......*....*.-.**.*-1***--...0-0-1...****.**10-**..*.*1***..*.1.***.**......0*1.*.-*.-.*.
*..**....0..0-.-...-*..-..****-...-11..*0-*----..**....1*-.*.*1.***..*.-1.*-1*.--...-...*--1....-...
..1......-.-.**.-.01-***11*1..0**.*11.-*-*-.*--*.1.--.--1.-*.**..****...0--.*.1......-*0.*.01.1*11..
.-*....*10.*10--..-..*-****.....1--....*-....*10-..*-....--...*..-.*.......0*-*...-..*--.-11..-...-.
-..*..-*-.-.-.--..1.*.-..*.**1.*.-...*-1.**..0-.*...**.*.*--10..*-.*-*......*..1...........-..**...-
-*.*..-*0*.-..---.*1**.-***..---*--.-0*--*-..001-11*--*.-*..*...1..0..--.....1...**-.*.*.-.-11-..1**
...1*..*11.**-0*-.1-.-..--*....-10--0*..-...1**-.*0*1--.....*.1...-.*.*....--1...***......-11.*..0.-
*.*....0-1.**-*......*-.*-.-.11.--11---..1.1-*--*.10.11-1*.*-*....*1-.*...-..1.*-.-.*0-..1..........
*..*-.1-01.0.*.-*.**1..-.*...*-..--*..**.0.-..---.*-**-1..*-....-.-.*....*.*-01.-1*--1.*.*-*...**.1*
**.*..***111.1.11.-1-*-.....1100-*-*.*.*1-.1.-*--**.0*-.***1....0*1.-0.-....*.0.*1-1..-1...-.*..*-.*
*...*..***.....-..**.1.**.*..**-0-*1-1.-1.-..-.*-.11.1***.10..0..******.*.1...00*.1-..-.*.**.10-...*
**..*.....*....1.**..-..**.**..*0-1*1.-..-*1---100*.**..**...1..*.-...*..*.1-*1*1..0**...-..*.*...*-
*-...**1-*1..-.**-*1..1.*....**-....***....*.*.***01.11-***.....1*.-***...-1*.1**-.*......**....*.-*
01*...***0..*.*..**-1-.*.0.-...-.1.*-**..01*.**--.-*--**-**0..**0*.*.**..10....11..0**...*1.*.*.-***
.1*....01*-0-..*1.*.**.**.*....1*0.**.***.*1.*-*....1.***-..1..*.*.*.1.****..-1----0*-..-.**1.1--*-.
.****.*-11.....-0*-*....*..***1-**.-*****..-*..1*1-........*..**.*...*0..1**....-*-.*.1.**-.-*.1....
.**-.*..--..1*------.1-..*...**1*1-0**.-.-.-..-1.*...*...***.***....1*.--.*.1-.1-1-.*.***1.-.*.*...-
..1.0.-0...--.-00.0-.**..0---**0*....*.*1.....**1.**....-*.**..-.*.**.*.*...*.*****0..1*1**-.*..*.1*
-.0.**0-1100-.1-***--1-...--*...-....**..*.*----*.-.1.-..--.-**.--.1-.0010-----.101*...-*-*-...*....

Generation = 15, Population = 2129.
*****...*1*-**-*-10-10-000000-----.1-*0---*----*--1*-.*.....**1-.*1*.---11*.11*0-.**-.-0-.-...**-**-
*11...*...10.0......-0-----*0*..*-.----*-0--..1.1..**.*.....*.*1*..-1-1.-*.0--*0-0-1*.-1--1-..0.....
1-*....*.**-***.-.1*.--1-00-10*.**.0*.1.1--0*.--..............*.........**0-.1--1-*-.--.*.-..**.*-..
0*.1..*...-*0*-.*.--.-.*0--0---..----***-01--*.*.*1......**....-.*..***--1.-*-.-1*-**.1.-...**1*.*-*
*-**...*...**..*-.-*.1.10----.-*.1*-*1--*-*.*..*.**.......*-*-1.-.*.-.1.*-...*-**.......0.***00.*.-*
.---****..-**.0...**..-*1*--0-.****-*.1.-0--.-1*.**..**-.**.*1..*1*0.1*-*1-*.0-0.0.1.1-**-*1..*1...*
..***..*..-*-.-.....---.10100*0.....-.*...0-..**.*...*.-****1..**.0-.-*-*--..-*0--.......****.1.*-..
-**..1-*.....11.....*.1-...-*0-..**.-.-...***...--...*--.*-..*.*....11.1--*-..-..*-*.**0-1.**.*1*...
*.*..***..-.*.**..-..*-.*-..0.......***..*1*.*....-.*....10*-**-..*1---**.....*..**1-**....-*.**..*.
**....****.-.....-..-.---.*...*.....-..--.1..--.**-..-.......1--..*-1*1---....*..*-.1..-.-.*-**.***.
*.*-0..-**.-....1.*.*..**.0..-.-....-.1......0****.1..--*-*..1**.0*1*-..--*.*.--.--*.-....*...*.-.-*
..*..0.*.*....-.**0-.1.-*1.-1.*..**.0..--1-*.1..*-**.**....0.1.*..*1**.**---...-...*1-..***.*.*..1**
....-..-*0*..-1.010.*-..**..**1**-.0*-.0.-1**1..*-..-...0..*0...*0*.**.*-1.*..****.*.00-1****.**.*.*
*1........*........*.-.***....*..*.-*.1..11-*.*.*.0*.**.---*--.--.1-.1*.11*-11*1-*.0..**...*.....*..
**.....*..1*....-.-*..*..-.....-.*.--...--*0.*-.-..--*....1-1--1...**..*..-.-1*-1-******.**...-...*.
*..*.*.*..**.....0.*--**-.1..-.-.***-*..-*..**.*.0..-.-.-*.0-**.-*..-.--*-11..*.--1*...1***....1....
1**0.*.*.*..11.........-*--...*..0.-*.-.**-******.-......0..--.*.*-*-.-..0--..-**0-.*-1...**.1**...*
*.-11*.*-1--**-.-0***0**.*.*.1*--0.*-.-.-.*-.0-1*1.**..**11-.1-..0*-*10.-*-*...0.-.--*1......-***-..
*-*-*0.*-*-*.*....-..*...*1..*.**..*....**-.....-.**.*.....-0.--.*01.1..-.....*-.-*..*-**-..***1*0..
**.**01..--*.--.1.0..-...***-...0..*....*.*.....-*....**..1*1..*.1.*..-..*--*1--***.*****.*..1.***--
*-.1-....*1*01*.1.*-.....**.1..--*1..1....**0.*..1..*.....-.**.-**....*...-..*..-1-...**.*.*.*-....1
-1-1-.....-.*..*...*.1-..-......***.1......*...-1**.1.**..--**0*.*0...1-..**-*.--.-.****..*.**..*.*.
.****...1.1**..*-*.1*.1.*.**...1..0..*1-*..-....****-.*.*.**.****.*10.**.--..**1.....1.*...**...0.-*
1-.-*.*.1.-*1-..**.0*-0-*..*..**-.1--..*..-*.*-****...*.-.0*.1...--*1.**1*.-..*1**.**1*.*.**....-1**
1-*.*.--*-1-*.***--...*.-..**...-.*.--.-10--**0.--*...*-*111*.*.*11.*.*.**0*.-....*.*...*-....**-*.-
1-01*.-*--..**.*1-.....*.1..*.**..*-.1-.**--.-1-.*..*0*1*.**..*..-.*-1.-..-.*.-..*......*1*...*--***
****1.****--**01-.1.*.1.*-*...-...***-1*.1-..**...-*10**-0-.-..*-*.*.*.-0.11..*0..*-....-**.*..--1*0
---1*.-10....-*-.......*0.-*-...-.1**..**0.*.*1-.--.0-.00-.***..*..*.*.1-.10..0-*..***1-**..--*1-01*
1*-**.-*..-*.-01*.*-*..*.*1.1*-..--...0*---****..*.-*...-..1-.*-.--0...1.-.*.0.1...*****...1..*--1-0
.*0*.--.-.*..**.*.....1....**...-.*.......*.-.-.**0..**1-1-0*.*.**.-..**-*-..*..-*.***.*...*.*.-..-*
1**....---*1*0--**.*..-..*.**...0**-....1-1-1100****00.1..**..-..1*****-....*.*..*1..*1.11**.0*.*0--
*-0.01..011---1**1.-..-.......1-...*...**-..0101...*****..*...-*...-**.*.....**.-*1.*-*.........-10-
1**..1111-*---..*01..*-*****-*--.**-*-*.-*.--1.-1..-0*-*0.11.1**-.--***.....*-*...**..-..-.*...***-.
.-0*...*.-.**-0..*....-..-.1*.*11-**.1-00*-.-.-1..1---1.....*.*.1*.*.*-..**.*...*.....11.0*....11--*
***-.-*..**.*....**...**...--.1*..*0-*...-1.--*--..*.*.11...-.*.*..-*1...*...***11.....01-...-*...1*
***0-1*..*........*...**-*...*--***--..*1---**.......*.*--....*..*..**..*-...*.**......1**.*.-**1***
*.****..*1..--.-..*-*..1*....*-...1--..*-1*1---....*...-.1.*..*......*.-*.*1*..10...-.*..01-.**.0*..
.**......-*1..*.-.1*0*..**.-.*1*****-.0*1*-..--*.*.1-.--*.1.....*...*...111...*......-*1**.1*.**-*..
.0**...*-1..----..-..*1......*..*11**..*1**.**---...-...*1-...**.1.........1*-**..-...-1.-*-**-...-.
-..*..1.0.-.0.--..*...-*...***.**-...*0*.**.*-1.**..***.*.00-1.*.1**-......**.*-......*....1***...*0
1..*..1.1**1..11-**-**.0*...*1--*--.-1.-0*-..11*0-*.1-*.0..**..**..1.*0-....***.**.-.....-.--*1**-*.
.*.-*.*.**.**--*0.*-.-..--*....1-1--1**.-.*.*..-..-.*--******.-...1.**.....-0-..**.*.**...0*-....1.0
.**.*.*1--...1*..**.*.0..-.-.-*.0-*--01.***-1*-1..*-.-*1****1*.....*0.....-..-..1.-.*-1.**.**..****.
*..*1.*--*.-.*.-******.-......0*.0-*..**.1.-*.0-1..0..0-...1*...1.-.**......0--.--*--*....-....*****
*******..---.***-.0-1*1.**..*-111*1*.*..--.-.0.-1*..-.-....-....1.-.01*-.****.-..---..1*.*.-.*..*1.*
..*****....*..*-...*.****.*....-10.*1**-**1*.-**-.**.*....--*.-*...**.**.*-**.11..-1..-....*.--1..**
**..*.....*....*....*0*...***...---.-.1..1*-110*11.........*.-.**.1......*.*0.-.*.*-*....-..*.**..*1
.1*..*.-1.-*.-**.-.*..-...*.***-**....*..*...*....1-.--1...*..*.*.*-*..*.*--*.-..1*......**.*..*..0*
-**..*...1.*..*....1*-...-.-..*0.*.*-...*1*..*.10*-*--..-..1..*.1..*.....--..*.--.*1.*...**.*..*-*.*
.*...*.--.---..*-...****..******.1.*.......-.*1*....-**.*-..-*...*...-.*.....1--001-.-..0...-.*-1*-.
*...***1--*.*..--*0*.****.***.--...1....**.-*..*.-0..*****.*......*...1*.-......1.0.*.*...-*-*.**...
...-.***01..*.00-101**-.***....*.--1...-.-.-..--.........*...*.*..**-..-0.*.*1**0--.*....*.-**.**..0
..-.1.--***01*-1-.11***..10--..1.*.....**.....*.-.***...0*.*...1..**..*.*..*.**....-**-.-.*1...**.*.
-.1.**10*--10.-0*.*01*-...-1.***0....****...0-1-**1*-.-..1-.-*..-0**-*--*10-1-0.-1**...-*0*1........

Generation = 16, Population = 1994.
*..*.....-*1**-.-*1-*--1---1----1-.--.1---.0---*-0**-*......*.--**-*.-00*****-.-1.**-.011.0...**-..1
.**....*..*1.-...*..-10-0-0.-.***-*-000*1--1..-*-.****......*..-***----*1..--0.-0---*.1*-1-0..-.**..
--.*..**.*.-..*.1.*..11*011--1****.1*.*.-0-1**11****.........**.*...*.***.1-*---*-.1.-1*..1.*...*-..
1..*..***.-.-.-*..1-*0..-----00*.-100...-1--1**..*-......***.*.-.....**10**0*0*-*.0*..-*-*....-..*-.
*0**...*..*...**-.-**-.*1--11.0*.-*-*-0-*-**.*.*...*.......-*1-.0...0.-.*1*..*-*...*.**.1.*..11.*.1*
.--1.*.**.1..*-...***.1.-.--1-.*..*-*.**--1-.1-......**1*....**.*-.1.**-**-.*10-.-.-.--**1.*...**...
.**....**.0*-.-....*1-1.-1---.1*...*1*...*1-.***.**.**.1*...-..*..1-.0.0*-1..-*-1-...*........-.*0..
-....*1**...**-*.....*-1*.*-.--.....1.-.....***.-0..**1-..0..*.****.**.*11.1..-***1*.*.1-*.....***..
*.*..*....-...**..-..*-..1.*1........*...*-.......-......--.-*.-..**1--**.......**.-0..*..*1......*.
*.**.....*.-...*.-..1.-0-..*........0.*--****-0..*0..-.....*.-10...--**-1-...*...*-.-*.-.-.*1...****
*.*--*.0..*-....*.**...**.1*.-.-....1.-...*.*-*....**.11.-...*.**1.*.0.*10....1-.10*.-....*.*.*.0.1*
.*.*.-.*......0...10*-.-.-*1*.*.***.1*.10-0*.-...1***..*.**1.*.*...*...**-01...0*..**-.**...*.*.*-.*
.*..-..-*1*..0-*-*-.*-....*.*.-.*1.1*1.-*1-..-*.*1..-..*-.**1...*-......-*.**....*.*.1-1-...*.**.*.*
*-......*........*.**-.*.*....*..**-**-..**-..**.*1.***.1--.0-.00.*-.-..***0**.--..-........*...**..
..*...*..**.....-.0**.*..1.....-**.00*..-0.1..-*1**00**...------..******..-.--.1-0...*.....*..-.....
...*...*.*.......-*.11**-.-..-.-**.*1...-*.....*.-..-.-.1*.-0***0..*0.--*0**.**.---....-.......*....
*..1.*.*.*..--...*.....0*-1..**.*-.0*.-.**1*......-......-..--...*1*-*0.*1--..-**1-**1*.*.**.*......
*.0-*..*--1-..1.11***1**.*..*-.--1.*-.-.-.*-.11-.*.**...***1.-0..1.-.*1.1.-...*1.0.--.-....*.1...-..
*1*-.1.*-.-*.*....-..*....-..*.***.**...*.1.....1..*.*.....-1*-1..1-.**.-.*.***-*-**..-.*0..*..-.-..
*....1*.*--..-1**.1..1..*...-..*1..**...*.*.....1*.****...*.*....-.**.0...11*--1*.***.....**.-...*01
*0.--*....-.1-*.*.*-.....*..-..-0.-.*-...**.1....-.*......1....1..........1*.**.-*-*.....*.*.*1*..*-
-*1--.....-....*.*.*.--..0......*...-.*...***..1-...*.**..0-..1...-...--....-*.0-.-.*.....*..*...***
**..**.****..*.*1*.*..*..***..**..-..**0...-*.......-.*..**.....*..*-....10.**.-...*.-..**...*..1.0*
*-.-*...-.1.*1*..*.-*---.*....**0*-1-.**.*0..*1*.....**.-.1..*...10.*...*..1.*.*****.**.*****..*--.*
--*.*.1-*--0..*..--..**.1.***...-***-1.---1-*.-.10**...1*---..**.-*...*...-*.-.*..*.*...*-.*..**-..-
-11*..-.10......-1...****-*.**...**-*--...0-*1-1..*..1.*....***..-.*1**-*.-.*.1..***....****.**-1..*
*...*.*..*11*.1--.-...-..1**..1..*...1*..-0.*..*..1*-1..---.1***0..*.*.--*--***1***-**.*1..*.**01*.1
---*..-*-*..*-.0**...**.-.1*-...-.-.*....-.*..*1.0-.--.-1-*******..*...*-*-1.*1-*.*...-1**.*11**-1*.
**1...0**.-..-1-**.-..**.**.-*1..--...1*-1-*..*****0*...1..-1.*1*011*..-.1.*.1.-*.........*****-0*1-
..1.*--.-.*.......**..-.**......1.*....*.**.-.-...-....---01**.***.-...*-.1..*..1*.......*.*.*.-**0.
-...*..-0-.-*-0-..*...1...****..1**-...**-*--*11....11.-.*..*.0*.-**...0*...*.*.*.-...-.*-**.-*.*--1
.--.1-..--*-0-*..*.1..-......*-1*..*...**-.*--1-............*.-**.*-...*....*.**1.*.*0**.*.**.*.0*11
-....--*-0*-1-*..-*...-.****0*10**.-*1*.0*.--*.1-..--.-.1*-***..-.--.......**1**..**.*-*.1*....*..-.
.11*.*...0..*--.......0..1.-*..**1...*01-*-.-.--..--01-..*.**...-*.*..-..****...*.*...*-.1*...*----*
*..1*-*****.**...**...***..00.-....--....--.0-*--...**.-*...1.*.*.*-.**.***.**..-*.....1-1...1*...-.
...-1-**..........*..*..0....*--*..--.***---**.........*-0...**.......*.*-**.*........*-.....-..*..*
*....**.*-..--.-.**0*..-....**-...---...--**-1-...*.*..1*-*....*.....*.1*.*-**.--...-.*..1*1....-...
*........1**....-.-.1...**.-**-*....-.1.*.0.*10...**1.-0*.-...*.*.......---...*.*....1**...*...*1*..
.-.*...*1-**1-1-..-..****........**.*...*...**-01**.0*..**0*..**.*.*.....*.-*-**..-...0*.-*-..1*..1.
1*.**.*.1.1*-.11.****.-**..*...*.-**.*-.....*-*.**.**.*.*.1-1-...-.*1..........-*..........*.....**1
-.***.-.*..-.**-1.*-..*-*....-10.--.--.-1.1.***.-1..-1*.-....****..*.*11......*.***0.**..-*--.***1..
**.-*.*....**-0.1..0*1**00...**----1*...-.*.*..-**-..10.......-...-...*....11-....*.****.*1*-*...*.-
***.*.**--*..-*.....*.-..-.-.1*.--*---*.*.*-*.0-...-.1**....-*......1.....-..-..*.1**-**.*.**..*....
*...*..-0..-*..-*......-......1..1-*...*.**0*.-0*.*-..1-**.-.*..*.-...*...*.10-.11.0-*...*-.*.*....*
*......*.1-1**.*-.1--.-.**...--**.-.....1-.1*-.--*.*-.0....1*..**.-.1*.-**....0..-11..*....0..*..-..
......*......*.1...*....*.*.**.---.*-.*-*.**.1..1.*.......--..0*.*.**.**.*1...**..--..1.....*1-*....
*.....*...**...*...*.1....*.*..*---.1.-..*.1**1.-*.*.......**-*.*.*.****.*..1.1**.*0.....0*.******.*
.*.***.1-*-*.1**.-.*..1...*.*.*1***....*...*......--.-1-..***.*.*.*1....*.1-**-..*..*....**.*..*.*-.
0...***..-*...*....-.-*..-*1...-.*..0...***.**.--*1.00**1..****.*.**....*1-.**.-1..*....*.*..***1*.*
***....0-.000...1.......***....*.*.**.....*-**-..**.1*..*-*.1....**..-**.....*10--*-*1..-***1**--*0.
....*..---.*.**-0*1...........1-*..-*......1.*.*.1-..*...**.*.*..***..***-..*...-.1..*....1.1*......
...-....1-....1-----..0.........*11*...1.0.-..11..*.***.....*.*..*..1.*-1*.***..-10.*......1.*.....-
..1**.-0...1-.1--.*-..*.*----..-........*....*.*1...*...1*..*..**.......*.......***-**1.1..-..****..
-.-***--*----*1-***1*.-...--..**1.....*.*...--*-.**.-.-.**1.1...11.*-.-0*-11-11.1****..1.-.-........

