*** Life<FredkinCell> 44x103 ***
Generation = 0, Population = 55.
-------------------------------------------------------------------------------------------------------
-------------------------------------------------------------------------------------------------------
-------------------------------------------------------------------------------------------------------
-------------------------------------------------------------------------0000--------------------------
------------------------------------------------------------------------0--0---------------------------
-----------------------------------------------------------------------0000----------------------------
-------------------------------------------------------------------------------------------------------
-------------------------------------------------------------------------------------------------------
-------------------------------------------------------------------------------------------------------
-------------------------------------------------------------------------------------------------------
------------------------------------------------------00-----------------------------------------------
--------------------------------------------------------000--------------------------------------------
----0000------------------------------------------------00-00------------------------------------------
--0----00-------------------------------------------------000------------------------------------------
--0000------------------------------------------------------00-----------------------------------------
-------------------------------------------------------------------------------------------------------
-------------------------------------------------------------------------------------------------------
-------------------------------------------------------------------------------------------------------
------------------------00-----------------------------------------------------------------------------
-----------------------00------------------------------------------------------------------------------
-------------------------------------------------------------------------------------------------------
---------------------00--------------------------------------------------------------------------------
--------------------00-----------------------------------------------------------------------00--------
--------------------------------------------------------------------------------------------00---------
-------------------------------------------------------------------------------------------------------
-------------------------------------------------------------------------------------------------------
-------------------------------------------------------------------------------------------------------
-------------------------------------------------------------------------------------------------------
-------------------------------------------------------------------------------------------------------
-------------------------------------------------------------------------------------------------------
--------------------------------------------------00---------------------------------------------------
-------------------------------------------------------------------------------------------------------
-------------------------------------------------------------------------------------------------------
-------------------------------------------------------------------------------------------------------
-------------------------------------------------------------------------------------------------------
-------------------------------------------------------------------------------------------------------
-------------------------------------------------------------------------------------------------------
--------------------------------------------------------------------------000--------------------------
-------------------------------------------------------------------------000---------------------------
-------------------------------------------------------------------------------------------------------
-------------------------------------------------------------------------------------------------------
-------------------------------------------------------------------------------------------------------
-------------------------------------------------------------------------------------------------------
-------------------------------------------------------------------------------------------------------

Generation = 1, Population = 106.
-------------------------------------------------------------------------------------------------------
-------------------------------------------------------------------------------------------------------
-------------------------------------------------------------------------0000--------------------------
-------------------------------------------------------------------------1-110-------------------------
------------------------------------------------------------------------1001---------------------------
----------------------------------------------------------------------011-1----------------------------
-----------------------------------------------------------------------0000----------------------------
-------------------------------------------------------------------------------------------------------
-------------------------------------------------------------------------------------------------------
------------------------------------------------------00-----------------------------------------------
-----------------------------------------------------011-00--------------------------------------------
----0000----------------------------------------------0--11-0------------------------------------------
--001--------------------------------------------------0-----0-----------------------------------------
-01-----10----------------------------------------------0-111------------------------------------------
-0---1000-------------------------------------------------0--10----------------------------------------
--0000------------------------------------------------------00-----------------------------------------
-------------------------------------------------------------------------------------------------------
------------------------00-----------------------------------------------------------------------------
-------------------------10----------------------------------------------------------------------------
----------------------01-------------------------------------------------------------------------------
---------------------0000------------------------------------------------------------------------------
----------------------10---------------------------------------------------------------------00--------
-------------------01-------------------------------------------------------------------------10-------
--------------------00---------------------------------------------------------------------01----------
--------------------------------------------------------------------------------------------00---------
-------------------------------------------------------------------------------------------------------
-------------------------------------------------------------------------------------------------------
-------------------------------------------------------------------------------------------------------
-------------------------------------------------------------------------------------------------------
--------------------------------------------------00---------------------------------------------------
-------------------------------------------------0110--------------------------------------------------
--------------------------------------------------00---------------------------------------------------
-------------------------------------------------------------------------------------------------------
-------------------------------------------------------------------------------------------------------
-------------------------------------------------------------------------------------------------------
-------------------------------------------------------------------------------------------------------
--------------------------------------------------------------------------000--------------------------
---------------------------------------------------------------------------110-------------------------
------------------------------------------------------------------------011----------------------------
-------------------------------------------------------------------------000---------------------------
-------------------------------------------------------------------------------------------------------
-------------------------------------------------------------------------------------------------------
-------------------------------------------------------------------------------------------------------
-------------------------------------------------------------------------------------------------------

Generation = 6, Population = 445.
----------------------------------------------------------------------0-2001-0-------------------------
-------------------------------------------------------------------------22110000----------------------
--------------------------------------------------------------------0--00--10--1-----------------------
-------------------------------------------------------------------------------3210--------------------
------------------------------------------------------00----------0--12--22--21--0---------------------
--------------------------------------------------------000------0123----------------------------------
----0000--------------------------------------------01-----00-------1--01--00--0-----------------------
--0----10---------------------------------------------100----------0000--------------------------------
------0000----------------------------------------00-----10-0-0-------0--11--0-------------------------
0---000--10-----------------------------------------000--------------0122------------------------------
--------1000------------------------------------01-----10-0-2-0-0-------1--0---------------------------
1-001-021--10-------------------------------------101------------------0000----------------------------
----------0000----------00---------------------------00-0-0-0--10-0------------------------------------
41--402-111--10--------01---------------------------------------200------------------------------------
012-------------------00--10--------------------------0-2-1--12-1-10-----------------------------------
0-101-012--00------------00-----------------------------------001--------------------------------------
-0----------------------11--00--------------------------0--00-0-00---------------------------00--------
0---000--10----------------01-------------------------------300-----------------------------01---------
0100----------------------11--10------------------------001-0-10---------------------------00--10------
--1----00--------------------00---------------------------001-----------------------------01--00-------
--0000----------01----------10------------------------------00---------------------------00--11--00----
---------------00-----------------------------------------------------------------------01--01--01-----
--------------01--11-------------------------------------------------------------------00--10--11--10--
-----------------10-------------------------------------------------------------------01--11--01--00---
----------------00--11----------------------------00-------------------------------------10--10--10----
-------------------00-------------------------------------------------------------------00--11--00-----
------------------01--00------------------------01--10-------------------------------------00--10------
---------------------10-------------------------------------------------------------------01--00-------
--------------------00------------------------00--11--00-------------------------------------10--------
--------------------------------------------------------------------------------------------00---------
--------------------------------------------01--22--22--10---------------------------------------------
--------------------------------------------------------------------------000--------------------------
----------------------------------------------00--11--00-----------------011---------------------------
------------------------------------------------------------------------000-210------------------------
------------------------------------------------01--10-----------------012-100-------------------------
----------------------------------------------------------------------000-121-000----------------------
--------------------------------------------------00-----------------011-011-011-----------------------
--------------------------------------------------------------------000-210-222-210--------------------
-------------------------------------------------------------------012-222-012-000---------------------
----------------------------------------------------------------------110-110-110----------------------
---------------------------------------------------------------------000-121-000-----------------------
------------------------------------------------------------------------001-210------------------------
-----------------------------------------------------------------------012-000-------------------------
--------------------------------------------------------------------------110--------------------------

Generation = 11, Population = 845.
-----------------------------------------------------011-00------000000-511-0----0000------------------
----0000--------------------------------------------000-1-1-0----1-1--2---51-1---1-110-----------------
--001----------------------------------------------012-1-0-110-0----00---22--1-1----000----------------
-0-00002--------------------------------------------0-2-1-------01---3-123---6-324---210---------------
0-0-1--11---------------------------------------------11---1-0-0-23--3-1----13---32--1-----------------
1-1-1-----10--------------------------------------------1-3--0----42-2---1-3--3---10-0-----------------
--22-100000--------------------------------------------11--1--2-2---1----0011000----0------------------
0--0000310--------------00--------------------00--------1---2-011-1-----------011-1--------------------
-0---1011----------------10------------------011-01-------1-----0--------2210--0000--------------------
00-010------0000----------00----------------000-1-1-1---------0-1-1-0----1-110-------------------------
--212-----101--------01----10--------------012-2-2-322-----333-1-0-110-0----000------------------------
3010-0---0-20002----0001--------------------0-2-2-----4-----1-4-1-------11---210-------------00--------
1-3-1-0-3-0-3--11----2002---------------------00---2-121------12---2-0-0-22--1----------------10-------
---07-4-3-2-2-----11--1010----------------------0-1-3-1---------3-3--0----10-0-----------------00------
--221-----22-2000------10----------------------01--0-2-32------12--1--2-2---0-------------------10-----
--10--1-3--11001--00------------00--------------0---2-----------2---2---1-1--------------01------------
-1---2---0---10011001------------10---------------0----1-00-------0--100000---------------00-----------
-020-010--1000----0001------------00------------------0-1-2-4-------00---------------------01----------
--111--------01----10--------12----10--------------012-2-0-111------------------------------00---------
-0-00003----0001------------0001------------------000-2-2-----0----------------------00--------------00
0-0-1--21----2002------------2002----------------0110-00---1-110----------------------10--------------1
1-2-1-----11--1000------------1000--------------000000--0-1-4-1------------------------00-------------0
--11-1000------21--------01----10--------------0121121001--0-1-10-----------------------10-----------13
0--000011000------------1000--------------------000000--0---2-00-----------------01--------------01----
-0---1000--01------------1001--------------------0220-----0--10-------------------00--------------00---
--0000------00------------0000--------------------00--------00---------------------01--------------01--
---------------------01----10---------------------------------------------000-------00--------------00-
--------------------0101------------------00--------------00---------------110---------------00--------
---------------------2002----------------0110------------0110---------------000---------------10-------
----------------------1000--------------000000----------000000---------------210---------------00------
-----------------01----10--------------01212331--------13321210-------012-----------------------10-----
------------------00--------------------000000----------000000---------000---------------01------------
-------------------01--------------------0110------------0110-----------012---------------00-----------
--------------------00--------------------00--------------00-------------001---------------01----------
------------------------------------------------------------------000-------------000-------00---------
--------------------------------------------------00---------------110-------------110-----------------
-------------------------------------------------0220---------------001-------------000----------------
------------------------------------------------000000---------------211-------------210---------------
-----------------------------------------------01211210-------012-------------112----------------------
------------------------------------------------000000---------000-------011---100---------------------
-------------------------------------------------0110-----------011-----023-----011--------------------
--------------------------------------------------00-------------000---000-------000-------------------
----------------------------------------------------------------------024-211--------------------------
---------------------------------------------------------------------------61-10-----------------------

Generation = 26, Population = 1613.
-60--40-13--03--10012122--------00----00--------002--3--6--1----423--3--9--3------------4---13410------
6-----2-5---111100000----------01-------000------022---1-59------245---5-28------33121155--------0000--
-4--530-313-----0210--2111----11--1001-----00---14---4---31+52--22---0---33421--1--2--0--11---1-1--1---
4-2-3-2-2-1-1--010-----1200------00---100-----101--232-11--623-41--534-14--7572----5563----8620----3210
104--2---2----1112------231021--10-------1-0-0---2--33--16---5---43343--27--7----44---5-1--2--1--12---0
5-----5-5--13-2-0---001112100---------------3--0-01------2+6---3-36------258---55---44---31234232---01-
02--43----2-24-11231----1112--00--------001-3----0-442--434--5--4--1----602-2-112---2--11-------3---1-2
------33----110---1----23----10-----------101--0112-----------------------333-----23--02-------210-1--0
02--34--2-10-0----0053--41--0100--------02--0011--32----223--4--2--1--------10223--1-11--------------10
2---6313424------------23-------000----02-------102------063---2-03------2811112-13-01---0101-------00-
003-----1552310-112---22--41--34---21-13--2534-----65---23---4---25+54--3--7443--00200--2--1-----------
4-2-3--510----3-3---4----0----0----------14---703-----713--231-14--2211---3--7-61--3010----4420--------
-1----5471---1---2--64--61----020--1-12-1212-----0-3-2---0--01--13--3------3--2-42--2----11---1-00-----
+--1+-+-6-----+-9--37-8-3---111--122-12-------------6--1-11------175---6-3+---7--142---22---12---20----
--3-26-32836------3-36-21422----11-21---11--22--355-2----1-212--314-3-3--4-0-2-2-12-1-111---0-3-3-11---
1---313---2---3-2---321---1----11-00000-----------103--0303-------104-------6-00--001--111-2--0-1--10--
0-00-3----3023--1-00-2----0001--21----00--01----10--1012--01--------1101422--20-----00-------21-12-----
3--------------14--------------02-------102----01-------103------0113004-33-00---0000-------12---10----
0-21222-032---11--320110------21--3112-----20-00--4156-----32---0--1125--03701--1--1-------------------
-0----2-3---4----0-----31--------00---111--------00---502---------2--2-34--5230---0--20----------------
1-3--4---5--14--32----1120--23--3200-----0-1-02-1033-----1-10-----1---1-34--5------1--1-00-----------01
6-60--8-3--33-4-0---001--4200--------------2-02-------------7--3-23---5--066---4-13---1--30---------13-
-65-1-----2-23-21212------12--1212--20--00-12---34--53--313-2-3-1--31--3-32-3-2--1-2-13-3-33-------24-5
131---0-4---020---1----23----20-----------00000-----------203--0210-2-20--128--1322-3-1-2--21-----23--5
-0-065--2-00-2----0012--01--10----11----00----11--44--------1100-1---10--13401---200-20-03-----------31
-------23--------------02--------------01-------000-------------000-01---2----------11---00---------10-
012---12--211001------11--21----------11--2122-----45-------34-----12--1-4--11-------------------------
2---1----0-----10--------00--------------00---101---------422-301-------05--3-------------122----------
-1--34--40----0002--13--3100--------02--1022-----0-40-3--1-------0-11----1-4--1----------011-21-01-----
6--06-6-2---111--1100--------------00---------------200-204-512-----3--3-2-25-3---------010---1--21----
--2-14-11311------13--1102--12----13--3355--55--542-4-4----2----365-3-5-2--23--10------012---13-3-11---
1---211---1----00----20--------------10-----------001-----304-----001--1122-5-11------------5-0-1--10--
-000-2----0000--10--12----00----00--00----22------330022-1-------02300---2---10--011-----111-30-02-----
---------------01--------------01-----------------------112-------122-------43----122-------21---00----
----0100------00--21----------10--21------------25---------33--137-301---------024-100-----------------
--1----21--------00--------------00---------------110-102-------00-5-20---------32-5-10-----------000--
------1100--01--12----------21--1011-------------055-----0-20-3---12-----------------02----------111-00
0---000--1000--------------00-------------------003-420-----632-43-1-32---------53-44-3---------203---1
0100------01--11----------01--0001--10---------2---4----442-3-4----3-----------234---4-32------123---12
--1----00----10--------------10-------------------000-----111-----110---------------3-11----20------2-0
--0000------00------12--00--00----00------00-----0-------1--01---1-------242-----121-20--102-20--100-10
---------------------2101---------------------------------122-------------374-------21------5-10----00-
------------------12------10------------01--22---------2---1-----------357-311---------126---3-20------
-------------------00----00-----------------------------00-3-10---------10-9-22---------00-24-1--------

Generation = 46, Population = 2219.
--------------0133---54----3----551131--35----------5-+8+66465749-4-2-7-+-8-1-3-4---12-283-3----62452--
---------------20--10-4-------2-4---445--6+------43531324-------245-----------------7457---248------72-
--2153------32----3-34334-6---31--6627--4109------6--67-459+--3-35-46-2-6-+-3-1----33--4423-2-72--2--36
--4----53----10-----32-25-252-1-3-164-825--76--5445----532-64-051-275-------------4776686---+838--49--1
3142-44---34-----442--1-8---96--35--8474--4434--7--+7--82--+-----586-35-2+-68----57-25--23-5246-6-7-7-8
5---64-2-5526-----9-564-2--4215-47--545-829----56------15-------846-666---9+9---98----7--+-6+-54----5-7
-3-36--4-5-----656433-4-6-9---34--32--5542--65-5-13--5-7-5---8+7---456---65+47-66-4-------64-47---2--5+
0-52-15++0301---1-411-395----13---23--455-6--1344--------25-------231-23-17-80-3----8---6-7-76-756-67-5
0----7-5-----643432-9-7-9-3-8---31--14--85562-4--7-73--67-5-3-5147--------85---6-3---3---17642-44-463--
7282+864-5+--1--643-34+--85--2254---22--3--5-21--43--------5-1------52-6-4-68-5452----4-75--6-11-732-42
513--------664022-6-4-5-6-+-5-4---559534---94-5-4--+-7-62-----6-53+-76--97----5-425-----43-77+55-35-4--
6075--775-65--4---377--75------5126--4-6--675-+45--35-----43-2-2----44--6---7+--4475--+1--47--6-67-3--2
3-95449--793855-5-8-+-4-9-4-+-+-4-4664--98---52-7--64-5-33------24--4-438--46-3--2363254--36-38351-3--2
+---+3----9-----+----++----------38-------5-534-864--23-54--+1-1-4+891--73-+--94--+7--4-91--+8--2-515-0
1-55-+6+5-----2-4-8--9-68-8-2-3--46---2-58--5--5-8-2-+5+--56---57463----7--1-4-78-----3782--37-5836----
-06---6+----7-----3----9+--------184402-4-644-165--27-03--+3--108-6-----53--93--6254-4--6-64--32--1-324
0+--5+-8955-----2--15--7-57-4--28-4-2524--1--5-04--5248556--3-34-523-6-35+6--2-2--3-----1135--42-3--4-4
---2+---+7----4-----7----4+----14----4-1-24-252--13-53--81--+344---9-33896-3--5526-623-2--8-+3--22--0-1
--88--50--------45-32-3--3-2-33-3-62-9-32--33-5--5629+96432-877-32337-8--6++-7---4--1-----3457-----02--
-----2-5--589---6-1---165--7511-----3-4--24----62-25--+6--7161----325-6--4--8+66-987-618-6---120--32-30
----69--------1345----268-4--72-45-1-4----03--3-6295453543475-32--2---6-5-46---4---3--2--2224-5---2-30-
----83--867-+65-3-+-4-5037+6133---6-4141-48-5---03--52--63--+---8645---7-5+--3-576-525-554-28--2231----
------------4425--3--3----5--4---7-6--3435--34-4--85+773+36566--7-3+4-656---96---4---3-3-3--8-3---72---
--20--298-111--45-1--24+52-21--1--201-0222------0-52--31--9-71-386---1---7-++--4-745-345-2-3-64-53333--
----------4246--3--22-3-4--2412-1-----313-----23-1--21563644-83---2-620----6-2-0---5-30---------2-1113-
31--437-973--33--3-127-2-12-05--0---123-4--5-44---1-40--5-72-2--8374---6---59-9--3-164-1-5-56-0133-2203
--------3543--0--33--3--25442--0243123-2--7-----79-9--6593-57--83---4----+-67+-5-7-72---22--247-523-345
6-365-145--73--2-2----22--43------1---2---4312-12---3-95--+5--70--4356---+66-44-4--3-5--2---7301-254-1-
--93+62553--6--23--3--11-4---022--430----2--4-----57-49765743-5--1-432-2-117-274--3-----2--22---4-2132-
8-2-+372556--4-2--------------------002-224-2234-23---5----3-4--75--5168+9-895-48-3-3-1-11-364-345-2--1
4545------2--53--3--+7--48--56--55-38+-5---6--7--------9+6--887--7+-3-7-9+-++7-----7--4--4-3--8---52---
1---222--311-2--------------------000-112-231-1131-33-20--+3+0-3--13----4357-521-3-5-4-1-212-302-2--1-2
-2--2645-2-11--3--21--45--22--34-144-044-1---0--0-69--461-7571---3-602--9-+7-----54-12-0-4--2---26-----
--70-4-44-6-2-------------------310-231-001-432-20413-----6-1205-4--------96+5-3--1-8-1--3-461-3--5-3-2
044---5-0--4-2--45--41--33--43-216-433-048-3---64+4---575+-758------5228--75---77-7473----4---65-------
-072-3----46411---------------112-122-000-231-231----0-36-44--32133-------------7-89-63-5--3-3--12--5-1
-0201---4-2-1400--34--004133-422-2661-33-----044-1---1----4---65-25---6714--44--2236--4-10--25--22-445-
637384-3-3-423321------21---322-223-2---41-2-26-----+54-6--6-4----786--++63--36++4-653-684-6--66----7-3
---24+9-------5422--4125334-34-2542-9543----44-5--5----7++--7--6-4-36----96----6-6--5-63--31--57-+---59
--804214-4-1-223620------00---014-2---22-0-4-01---351-545--3604-----5--73--9535-----7021-213-3----3---0
-----3110-------5000--0023--1-332-3311----42----0----023------1--3-4-2---6-4---0-4-6----1-153-21---4-41
----422262-2-2-112111------01---1---20-1-0-36-01-24-622------1222--353-7405+9---------1153-7--2-2---6--
-------5463-------4742----43---03211----66----48---867----------7--157----95-----2-230-43644---632-43--
------656275-6-4-121430------0001-11-0-2-03-33-2-1-37----------35--51---815-------------21--8-4-3-1----

