*** Life<ConwayCell> 109x69 ***
Generation = 0, Population = 35.
.....................................................................
.....................................................................
.....................................................................
.....................................................................
.....................................................................
.....................................................................
.....................................................................
.....................................................................
.....................................................................
.....................................................................
.....................................................................
.....................................................................
.....................................................................
.....................................................................
.....................................................................
.....................................................................
.....................................................................
.....................................................................
.....................................................................
.....................................................................
.....................................................................
.....................................................................
.....................................................................
.....................................................................
.....................................................................
.....................................................................
.....................................................................
.....................................................................
.....................................................................
.....................................................................
.....................................................................
.....................................................................
.....................................................................
.....................................................................
..................................*..................................
..................................*..................................
..................................*..................................
..................................*..................................
..................................*..................................
.....................................................................
..................................*..................................
..................................*..................................
..................................*..................................
..................................*..................................
..................................*..................................
.....................................................................
..................................*..................................
..................................*..................................
..................................*..................................
..................................*..................................
..................................*..................................
.....................................................................
..................................*..................................
..................................*..................................
..................................*..................................
..................................*..................................
..................................*..................................
.....................................................................
..................................*..................................
..................................*..................................
..................................*..................................
..................................*..................................
..................................*..................................
.....................................................................
..................................*..................................
..................................*..................................
..................................*..................................
..................................*..................................
..................................*..................................
.....................................................................
..................................*..................................
..................................*..................................
..................................*..................................
..................................*..................................
..................................*..................................
.....................................................................
.....................................................................
.....................................................................
.....................................................................
.....................................................................
.....................................................................
.....................................................................
.....................................................................
.....................................................................
.....................................................................
.....................................................................
.....................................................................
.....................................................................
.....................................................................
.....................................................................
.....................................................................
.....................................................................
.....................................................................
.....................................................................
.....................................................................
.....................................................................
.....................................................................
.....................................................................
.....................................................................
.....................................................................
.....................................................................
.....................................................................
.....................................................................
.....................................................................
.....................................................................
.....................................................................
.....................................................................
.....................................................................
.....................................................................

Generation = 283, Population = 492.
.....................................................................
.....................................................................
.....................................................................
.....................................................................
....................**.........................**....................
....................**.*.**...............**.*.**....................
....................*..*.*.*.............*.*.*..*....................
.....................*...*.*.............*.*...*.....................
.....................*.**.*...............*.**.*.....................
.......................*.....................*.......................
...................*.**.......................**.*...................
.....................................................................
...................**...........................**...................
.....................................................................
.....................................................................
.....................................................................
.....................................................................
.....................................................................
.....................................................................
.....................................................................
.........*..............***...............***..............*.........
........***...*..........*.................*..........*...***........
.......*..***..*.**...............................**.*..***..*.......
......**...**......*.............................*......**...**......
.....**.*.***.......*......*..*.......*..*......*.......***.*.**.....
.....***.**....***.**......*..*.......*..*......**.***....**.***.....
........*.*....*.....****.*....*.....*....*.****.....*....*.*........
................*****.**..**...*.....*...**..**.*****................
.....**......**.*..**...**....*.......*....**...**..*.**......**.....
....*.......****........**...*.........*...**........****.......*....
....*.*.....**.........................................**.....*.*....
....*.*.......................................................*.*....
...**...........................................................**...
....*.*.......................................................*.*....
.....*.........................................................*.....
............................*...........*............................
...........................*.*.........*.*...........................
...........................*.*.........*.*...........................
............................*...........*............................
.....................................................................
.....................................................................
.....................................................................
.....................................................................
.....................................................................
.....................................................................
.....................................................................
.....................................................................
.....................................................................
.....................................................................
.....................................................................
.....................................................................
.....................................................................
.....................................................................
.....................................................................
.......................***...***.....***...***.......................
.....................................................................
.....................................................................
.....................................................................
.....................................................................
.....................................................................
.....................................................................
.....................................................................
.....................................................................
.....................................................................
.....................................................................
.....................................................................
.....................................................................
.....................................................................
.....................................................................
.....................................................................
............................*...........*............................
...........................*.*.........*.*...........................
...........................*.*.........*.*...........................
............................*...........*............................
.....*.........................................................*.....
....*.*.......................................................*.*....
...**...........................................................**...
....*.*.......................................................*.*....
....*.*.....**.........................................**.....*.*....
....*.......****........**...*.........*...**........****.......*....
.....**......**.*..**...**....*.......*....**...**..*.**......**.....
................*****.**..**...*.....*...**..**.*****................
........*.*....*.....****.*....*.....*....*.****.....*....*.*........
.....***.**....***.**......*..*.......*..*......**.***....**.***.....
.....**.*.***.......*......*..*.......*..*......*.......***.*.**.....
......**...**......*.............................*......**...**......
.......*..***..*.**...............................**.*..***..*.......
........***...*..........*.................*..........*...***........
.........*..............***...............***..............*.........
.....................................................................
.....................................................................
.....................................................................
.....................................................................
.....................................................................
.....................................................................
.....................................................................
...................**...........................**...................
.....................................................................
...................*.**.......................**.*...................
.......................*.....................*.......................
.....................*.**.*...............*.**.*.....................
.....................*...*.*.............*.*...*.....................
....................*..*.*.*.............*.*.*..*....................
....................**.*.**...............**.*.**....................
....................**.........................**....................
.....................................................................
.....................................................................
.....................................................................
.....................................................................

Generation = 323, Population = 192.
.....................................................................
.....................................................................
.....................................................................
....................**.........................**....................
....................**...*.................*...**....................
........................*.*...............*.*........................
........................*..*.............*..*........................
.........................**...............**.........................
.....................................................................
.....................................................................
.....................................................................
.....................................................................
.....................................................................
.....................................................................
.........*.................................................*.........
........*.*...............................................*.*........
........*..*.............................................*..*........
.........**...............................................**.........
.....................................................................
.....................................................................
.............*.........................................*.............
............*.*.......................................*.*............
............*.*.......................................*.*............
.............*.........................................*.............
............................***.......***............................
.....................................................................
..........................*.....*...*.....*..........................
..........................*.....*...*.....*..........................
..........................*.....*...*.....*..........................
.....*.........................................................*.....
.....*......................***.......***......................*.....
.....*.........................................................*.....
.....................................................................
.....................................................................
.....................................................................
............................*...........*............................
...........................*.*.........*.*...........................
...........................*.*.........*.*...........................
............................*...........*............................
.....................................................................
.....................................................................
.....................................................................
.....................................................................
.....................................................................
.....................................................................
.....................................................................
.....................................................................
.....................................................................
.....................................................................
.....................................................................
.....................................................................
.....................................................................
.....................................................................
.....................................................................
.......................***...***.....***...***.......................
.....................................................................
.....................................................................
.....................................................................
.....................................................................
.....................................................................
.....................................................................
.....................................................................
.....................................................................
.....................................................................
.....................................................................
.....................................................................
.....................................................................
.....................................................................
.....................................................................
.....................................................................
............................*...........*............................
...........................*.*.........*.*...........................
...........................*.*.........*.*...........................
............................*...........*............................
.....................................................................
.....................................................................
.....................................................................
.....*.........................................................*.....
.....*......................***.......***......................*.....
.....*.........................................................*.....
..........................*.....*...*.....*..........................
..........................*.....*...*.....*..........................
..........................*.....*...*.....*..........................
.....................................................................
............................***.......***............................
.............*.........................................*.............
............*.*.......................................*.*............
............*.*.......................................*.*............
.............*.........................................*.............
.....................................................................
.....................................................................
.........**...............................................**.........
........*..*.............................................*..*........
........*.*...............................................*.*........
.........*.................................................*.........
.....................................................................
.....................................................................
.....................................................................
.....................................................................
.....................................................................
.....................................................................
.........................**...............**.........................
........................*..*.............*..*........................
........................*.*...............*.*........................
....................**...*.................*...**....................
....................**.........................**....................
.....................................................................
.....................................................................
.....................................................................

Generation = 2823, Population = 192.
.....................................................................
.....................................................................
.....................................................................
....................**.........................**....................
....................**...*.................*...**....................
........................*.*...............*.*........................
........................*..*.............*..*........................
.........................**...............**.........................
.....................................................................
.....................................................................
.....................................................................
.....................................................................
.....................................................................
.....................................................................
.........*.................................................*.........
........*.*...............................................*.*........
........*..*.............................................*..*........
.........**...............................................**.........
.....................................................................
.....................................................................
.............*.........................................*.............
............*.*.......................................*.*............
............*.*.......................................*.*............
.............*.........................................*.............
............................***.......***............................
.....................................................................
..........................*.....*...*.....*..........................
..........................*.....*...*.....*..........................
..........................*.....*...*.....*..........................
.....*.........................................................*.....
.....*......................***.......***......................*.....
.....*.........................................................*.....
.....................................................................
.....................................................................
.....................................................................
............................*...........*............................
...........................*.*.........*.*...........................
...........................*.*.........*.*...........................
............................*...........*............................
.....................................................................
.....................................................................
.....................................................................
.....................................................................
.....................................................................
.....................................................................
.....................................................................
.....................................................................
.....................................................................
.....................................................................
.....................................................................
.....................................................................
.....................................................................
.....................................................................
.....................................................................
.......................***...***.....***...***.......................
.....................................................................
.....................................................................
.....................................................................
.....................................................................
.....................................................................
.....................................................................
.....................................................................
.....................................................................
.....................................................................
.....................................................................
.....................................................................
.....................................................................
.....................................................................
.....................................................................
.....................................................................
............................*...........*............................
...........................*.*.........*.*...........................
...........................*.*.........*.*...........................
............................*...........*............................
.....................................................................
.....................................................................
.....................................................................
.....*.........................................................*.....
.....*......................***.......***......................*.....
.....*.........................................................*.....
..........................*.....*...*.....*..........................
..........................*.....*...*.....*..........................
..........................*.....*...*.....*..........................
.....................................................................
............................***.......***............................
.............*.........................................*.............
............*.*.......................................*.*............
............*.*.......................................*.*............
.............*.........................................*.............
.....................................................................
.....................................................................
.........**...............................................**.........
........*..*.............................................*..*........
........*.*...............................................*.*........
.........*.................................................*.........
.....................................................................
.....................................................................
.....................................................................
.....................................................................
.....................................................................
.....................................................................
.........................**...............**.........................
........................*..*.............*..*........................
........................*.*...............*.*........................
....................**...*.................*...**....................
....................**.........................**....................
.....................................................................
.....................................................................
.....................................................................

*** Life<ConwayCell> 20x39 ***
Generation = 0, Population = 36.
.......................................
.......................................
.......................................
.......................................
.......................................
.......................................
..........................*............
........................*.*............
..............**......**............**.
.............*...*....**............**.
..**........*.....*...**...............
..**........*...*.**....*.*............
............*.....*.......*............
.............*...*.....................
..............**.......................
.......................................
.......................................
.......................................
.......................................
.......................................

Generation = 1, Population = 39.
.......................................
.......................................
.......................................
.......................................
.......................................
.......................................
.........................*.............
.......................*.*.............
..............*.......*.*...........**.
.............**......*..*...........**.
..**........**....**..*.*..............
..**.......***....**...*.*.............
............**....**.....*.............
.............**........................
..............*........................
.......................................
.......................................
.......................................
.......................................
.......................................

Generation = 2, Population = 43.
.......................................
.......................................
.......................................
.......................................
.......................................
.......................................
........................*..............
.......................*.*.............
.............**.......*.**..........**.
............*.*......**.**..........**.
..**.......*......***.*.**.............
..**.......*..*..*..*..*.*.............
...........*......**....*..............
............*.*........................
.............**........................
.......................................
.......................................
.......................................
.......................................
.......................................

Generation = 3, Population = 48.
.......................................
.......................................
.......................................
.......................................
.......................................
.......................................
........................*..............
.......................*.*.............
.............**......**...*.........**.
............*.*....**.*...*.........**.
..**.......***....***.*...*............
..**......***....*..**.*.*.............
...........***....**....*..............
............*.*........................
.............**........................
.......................................
.......................................
.......................................
.......................................
.......................................

Generation = 4, Population = 51.
.......................................
.......................................
.......................................
.......................................
.......................................
.......................................
........................*..............
......................****.............
.............**.....****.**.........**.
...........*..*...*...**.***........**.
..**......*.......*...**.**............
..**......*......*...*****.............
..........*.......***...*..............
...........*..*........................
.............**........................
.......................................
.......................................
.......................................
.......................................
.......................................

Generation = 5, Population = 44.
.......................................
.......................................
.......................................
.......................................
.......................................
.......................................
........................**.............
..........................*............
.............**............*........**.
.............**....*.......*........**.
..**......**.....**........*...........
..**.....***.....*..**....*............
..........**......*****.**.............
.............**....*...................
.............**........................
.......................................
.......................................
.......................................
.......................................
.......................................

Generation = 6, Population = 51.
.......................................
.......................................
.......................................
.......................................
.......................................
.......................................
.........................*.............
.........................**............
.............**...........**........**.
............***...*.......***.......**.
..**.....*.**....****.....**...........
..**.....*..*....*....*..**............
.........*.**.....*...*..*.............
............***...**.*.................
.............**........................
.......................................
.......................................
.......................................
.......................................
.......................................

Generation = 7, Population = 48.
.......................................
.......................................
.......................................
.......................................
.......................................
.......................................
.........................**............
.........................*.*...........
............*.*.............*.......**.
...........*..*..**......*..*.......**.
..**......**.....*.*........*..........
..**....**...*...*...*...*.*...........
..........**.....***.**..**............
...........*..*...**...................
............*.*........................
.......................................
.......................................
.......................................
.......................................
.......................................

Generation = 8, Population = 61.
.......................................
.......................................
.......................................
.......................................
.......................................
.......................................
.........................**............
.........................*.*...........
.............*............***.......**.
..........****...**........***......**.
..**.....****...**........***..........
..**.....*..*...**.*.**..*.*...........
.........****....*.*.**..**............
..........****...*.**..................
.............*.........................
.......................................
.......................................
.......................................
.......................................
.......................................

Generation = 9, Population = 42.
.......................................
.......................................
.......................................
.......................................
.......................................
.......................................
.........................**............
.........................*..*..........
...........*.*...............*......**.
.........*...*..***..........*......**.
..**.....*...................*.........
..**....*....*.......**..*..*..........
.........*.......*.*..*..**............
.........*...*.....***.................
...........*.*.........................
.......................................
.......................................
.......................................
.......................................
.......................................

Generation = 10, Population = 48.
.......................................
.......................................
.......................................
.......................................
.......................................
.......................................
.........................**............
.........................**............
............*....*..........**......**.
..........*.*....*..........***.....**.
..**....**.......*..........**.........
..**....**...........**..**............
........**........**..*..**............
..........*.*.....****.................
............*.......*..................
.......................................
.......................................
.......................................
.......................................
.......................................

Generation = 11, Population = 50.
.......................................
.......................................
.......................................
.......................................
.......................................
.......................................
.........................**............
.........................***...........
...........*...............**.*.....**.
.........*.*....***........*..*.....**.
..**....*.*................**.*........
..**...*..*.......*..**..***...........
........*.*.......*...*..**............
.........*.*......*..*.................
...........*........**.................
.......................................
.......................................
.......................................
.......................................
.......................................

Generation = 12, Population = 54.
.......................................
.......................................
.......................................
.......................................
.......................................
.......................................
.........................*.*...........
.........................*..*..........
..........*......*..........**......**.
.........*.*.....*........*...**....**.
..**....*.**......*.........**.........
..**...**.**.........**..*..*..........
........*.**.....***..*..*.*...........
.........*.*.......****................
..........*.........**.................
.......................................
.......................................
.......................................
.......................................
.......................................

Generation = 13, Population = 55.
.......................................
.......................................
.......................................
.......................................
.......................................
.......................................
..........................*............
..........................****.........
..........*................****.....**.
.........*.*.....**........*..*.....**.
..**...**...*..............****........
..**...**...*....*.*.**...****.........
.......**...*.....**...*..*............
.........*.*..........*................
..........*........*..*................
.......................................
.......................................
.......................................
.......................................
.......................................

Generation = 14, Population = 56.
.......................................
.......................................
.......................................
.......................................
.......................................
.......................................
..........................*.*..........
..........................*...*........
..........*...................*.....**.
........****..............*....*....**.
..**...*.*.**....*............*........
..**..*..*.***.....**.*...*...*........
.......*.*.**.....****.*..*.*..........
........****......**..**...............
..........*............................
.......................................
.......................................
.......................................
.......................................
.......................................

Generation = 15, Population = 42.
.......................................
.......................................
.......................................
.......................................
.......................................
.......................................
...........................*...........
...........................*.*.........
..........**..................**....**.
........*...*.................**....**.
..**...*.....*................**.......
..**..**.*...*........*....*.*.........
.......*.....*.........*...*...........
........*...*.....*..***...............
..........**...........................
.......................................
.......................................
.......................................
.......................................
.......................................

Generation = 16, Population = 44.
.......................................
.......................................
.......................................
.......................................
.......................................
.......................................
............................*..........
............................*.*........
...........*.................*.*....**.
...........**................*..*...**.
..**..**....**...............*.*.......
..**..**....***.............*.*........
......**....**.......*.*....*..........
...........**.........**...............
...........*..........*................
.......................................
.......................................
.......................................
.......................................
.......................................

Generation = 17, Population = 47.
.......................................
.......................................
.......................................
.......................................
.......................................
.......................................
.............................*.........
............................*.*........
...........**...............**.*....**.
...........*.*..............**.**...**.
..**..**......*.............**.*.......
..**.*..*..*..*.............*.*........
......**......*........*.....*.........
...........*.*.......*.*...............
...........**.........**...............
.......................................
.......................................
.......................................
.......................................
.......................................

Generation = 18, Population = 53.
.......................................
.......................................
.......................................
.......................................
.......................................
.......................................
.............................*.........
............................*.*........
...........**..............*...**...**.
...........*.*.............*...**...**.
..***.**....***............*...**......
..****..*....***............*.*........
......**....***.......*......*.........
...........*.*.........**..............
...........**.........**...............
.......................................
.......................................
.......................................
.......................................
.......................................

Generation = 19, Population = 54.
.......................................
.......................................
.......................................
.......................................
.......................................
.......................................
.............................*.........
............................****.......
...........**..............**.*.*...**.
...*.......*..*...........***.*..*..**.
..*...**.......*...........**.*.*......
..*.....*......*............****.......
...*****.......*.......*.....*.........
...........*..*.........*..............
...........**.........***..............
.......................................
.......................................
.......................................
.......................................
.......................................

Generation = 20, Population = 54.
.......................................
.......................................
.......................................
.......................................
.......................................
.......................................
............................**.........
...........................*...*.......
...........**.............*.....*...**.
...........**.............*...*.**..**.
..**...*......**..........*.....*......
..*.*...*.....***..........*...*.......
...*****......**............**.........
....***....**.........*.*..............
...........**..........**..............
.......................*...............
.......................................
.......................................
.......................................
.......................................

*** Life<ConwayCell> 40x100 ***
Generation = 0, Population = 240.
*..................*...................*...................*...................*...................*
*..................*...................*...................*...................*...................*
*..................*...................*...................*...................*...................*
*..................*...................*...................*...................*...................*
*..................*...................*...................*...................*...................*
*..................*...................*...................*...................*...................*
*..................*...................*...................*...................*...................*
*..................*...................*...................*...................*...................*
*..................*...................*...................*...................*...................*
*..................*...................*...................*...................*...................*
*..................*...................*...................*...................*...................*
*..................*...................*...................*...................*...................*
*..................*...................*...................*...................*...................*
*..................*...................*...................*...................*...................*
*..................*...................*...................*...................*...................*
*..................*...................*...................*...................*...................*
*..................*...................*...................*...................*...................*
*..................*...................*...................*...................*...................*
*..................*...................*...................*...................*...................*
*..................*...................*...................*...................*...................*
*..................*...................*...................*...................*...................*
*..................*...................*...................*...................*...................*
*..................*...................*...................*...................*...................*
*..................*...................*...................*...................*...................*
*..................*...................*...................*...................*...................*
*..................*...................*...................*...................*...................*
*..................*...................*...................*...................*...................*
*..................*...................*...................*...................*...................*
*..................*...................*...................*...................*...................*
*..................*...................*...................*...................*...................*
*..................*...................*...................*...................*...................*
*..................*...................*...................*...................*...................*
*..................*...................*...................*...................*...................*
*..................*...................*...................*...................*...................*
*..................*...................*...................*...................*...................*
*..................*...................*...................*...................*...................*
*..................*...................*...................*...................*...................*
*..................*...................*...................*...................*...................*
*..................*...................*...................*...................*...................*
*..................*...................*...................*...................*...................*

Generation = 10, Population = 436.
....................................................................................................
....................................................................................................
...................*...................*...................*...................*....................
..............**.......**.........**.......**.........**.......**.........**.......**...............
....**.......*.....*.....*.......*.....*.....*.......*.....*.....*.......*.....*.....*........**....
....*.*......*.....*.....*.......*.....*.....*.......*.....*.....*.......*.....*.....*.......*.*....
.....*........***.....***.........***.....***.........***.....***.........***.....***.........*.....
.....*........................................................................................*.....
...*.**.****...............*...*...............*...*...............*...*...............*...*.**.*...
..*....*....*.............*.*.*.*.............*.*.*.*.............*.*.*.*.............*.*.*.*....*..
..*..........*...........*.......*...........*.......*...........*.......*...........*...........*..
..*..........*...........*.......*...........*.......*...........*.......*...........*...........*..
..*..........*...........*.......*...........*.......*...........*.......*...........*...........*..
..*..........*...........*.......*...........*.......*...........*.......*...........*...........*..
..*..........*...........*.......*...........*.......*...........*.......*...........*...........*..
..*..........*...........*.......*...........*.......*...........*.......*...........*...........*..
..*..........*...........*.......*...........*.......*...........*.......*...........*...........*..
..*..........*...........*.......*...........*.......*...........*.......*...........*...........*..
..*..........*...........*.......*...........*.......*...........*.......*...........*...........*..
..*..........*...........*.......*...........*.......*...........*.......*...........*...........*..
..*..........*...........*.......*...........*.......*...........*.......*...........*...........*..
..*..........*...........*.......*...........*.......*...........*.......*...........*...........*..
..*..........*...........*.......*...........*.......*...........*.......*...........*...........*..
..*..........*...........*.......*...........*.......*...........*.......*...........*...........*..
..*..........*...........*.......*...........*.......*...........*.......*...........*...........*..
..*..........*...........*.......*...........*.......*...........*.......*...........*...........*..
..*..........*...........*.......*...........*.......*...........*.......*...........*...........*..
..*..........*...........*.......*...........*.......*...........*.......*...........*...........*..
..*..........*...........*.......*...........*.......*...........*.......*...........*...........*..
..*..........*...........*.......*...........*.......*...........*.......*...........*...........*..
..*....*....*.............*.*.*.*.............*.*.*.*.............*.*.*.*.............*.*.*.*....*..
...*.**.****...............*...*...............*...*...............*...*...............*...*.**.*...
.....*........................................................................................*.....
.....*........***.....***.........***.....***.........***.....***.........***.....***.........*.....
....*.*......*.....*.....*.......*.....*.....*.......*.....*.....*.......*.....*.....*.......*.*....
....**.......*.....*.....*.......*.....*.....*.......*.....*.....*.......*.....*.....*........**....
..............**.......**.........**.......**.........**.......**.........**.......**...............
...................*...................*...................*...................*....................
....................................................................................................
....................................................................................................

Generation = 20, Population = 482.
....................................................................................................
....................................................................................................
....................................................................................................
....................................................................................................
.......................***.......***.......***.......***.......***.......***.......***..............
.......................***.......***.......***.......***.......***.......***.......***..............
....................................................................................................
...*...................**.........**.......**.........**.......**.........**.......**........***....
...*.*....*...***.....**..*.....*..**.....**..*.....*..**.....**..*.....*..**.....**..*......**.**..
..*....**.*...*.*........**.....**...........**.....**...........**.....**...........**......**.**..
.....***......**........***.....***.........***.....***.........***.....***.........***........***..
...*..*.......................................................................................**....
.....*....*....................................................................................*....
.**.*....*.*...................................................................................*..*.
...........**..................................................................................*....
*.....*....*...**......................................................................*.....*.....*
*....*.....*...*.*......*.*.....*.*.........*.*.....*.*.........*.*.....*.*............*..***.*....*
*..........*......*..*...............*...*...............*...*...............*...*.....*...........*
*..........*...*....*.*....*...*....*.*.*.*....*...*....*.*.*.*....*...*....*.*.*.*....*...........*
*..........*...*...........*...*...............*...*...............*...*...........*...*...........*
*..........*...*...........*...*...............*...*...............*...*...........*...*...........*
*..........*...*....*.*....*...*....*.*.*.*....*...*....*.*.*.*....*...*....*.*.*.*....*...........*
*..........*......*..*...............*...*...............*...*...............*...*.....*...........*
*....*.....*...*.*......*.*.....*.*.........*.*.....*.*.........*.*.....*.*............*..***.*....*
*.....*....*...**......................................................................*.....*.....*
...........**..................................................................................*....
.**.*....*.*...................................................................................*..*.
.....*....*....................................................................................*....
...*..*.......................................................................................**....
.....***......**........***.....***.........***.....***.........***.....***.........***........***..
..*....**.*...*.*........**.....**...........**.....**...........**.....**...........**......**.**..
...*.*....*...***.....**..*.....*..**.....**..*.....*..**.....**..*.....*..**.....**..*......**.**..
...*...................**.........**.......**.........**.......**.........**.......**........***....
....................................................................................................
.......................***.......***.......***.......***.......***.......***.......***..............
.......................***.......***.......***.......***.......***.......***.......***..............
....................................................................................................
....................................................................................................
....................................................................................................
....................................................................................................

Generation = 30, Population = 314.
....................................................................................................
.........................*.......*...........*.......*...........*.......*...........*..............
........................***.....***.........***.....***.........***.....***.........***.............
......................**.**.....**.**.....**.**.....**.**.....**.**.....**.**.....**.**.............
....................................................................................................
......................*.*.........*.*.....*.*.........*.*.....*.*.........*.*.....*.*...............
.......................*...........*.......*...........*.......*...........*.......*................
...............*....................................................................................
.........**...*.*...................................................................................
......**.**..*..*...................................................................................
.......*.**...**....................................................................................
..***..*......**....................................................................................
..***.........***...................................................................................
.............*..*.............................................................................*.....
.*.**...**...*....*..........................................................................*.*....
.*.**....**.**....*...........................................................................**....
..*....*.....*....*.................................................................................
.......*...*.....*..................................................................................
...............*...........*...*...............*...*...............*...*............................
............*.**.*........*.*.*.*.............*.*.*.*.............*.*.*.*...........................
............*.**.*........*.*.*.*.............*.*.*.*.............*.*.*.*...........................
...............*...........*...*...............*...*...............*...*............................
.......*...*.....*..................................................................................
..*....*.....*....*.................................................................................
.*.**....**.**....*...........................................................................**....
.*.**...**...*....*..........................................................................*.*....
.............*..*.............................................................................*.....
..***.........***...................................................................................
..***..*......**....................................................................................
.......*.**...**....................................................................................
......**.**..*..*...................................................................................
.........**...*.*...................................................................................
...............*....................................................................................
.......................*...........*.......*...........*.......*...........*.......*................
......................*.*.........*.*.....*.*.........*.*.....*.*.........*.*.....*.*...............
....................................................................................................
......................**.**.....**.**.....**.**.....**.**.....**.**.....**.**.....**.**.............
........................***.....***.........***.....***.........***.....***.........***.............
.........................*.......*...........*.......*...........*.......*...........*..............
....................................................................................................

Generation = 40, Population = 376.
..........................***.***.............***.***.............***.***.............***...........
.....................*.*.*..*.*..*.*.*...*.*.*..*.*..*.*.*...*.*.*..*.*..*.*.*...*.*.*.*.*..........
.........................*.**.**.*...........*.**.**.*...........*.**.**.*...........*...**.........
.........................**.....**...........**.....**...........**.....**...........**.**..........
.....................**.**.......**.**...**.**.......**.**...**.**.......**.**...**.**..*...........
........................*.........*.........*.........*.........*.........*.........*...............
....................................................................................................
.........**.........................................................................................
................***.................................................................................
...........*........................................................................................
.......**.......*.*.................................................................................
.**....***.......*..................................................................................
.*..*....*.**.......................................................................................
..*.**..**.**...*.*...........................................................................*.....
..........*.**.*...*.........................................................................*.*....
..........*...*.*.*...........................................................................**....
...........*........................................................................................
................*...................................................................................
................*..........*...*...............*...*...............*...*............................
..........................*.*.*.*.............*.*.*.*.............*.*.*.*...........................
..........................*.*.*.*.............*.*.*.*.............*.*.*.*...........................
................*..........*...*...............*...*...............*...*............................
................*...................................................................................
...........*........................................................................................
..........*...*.*.*...........................................................................**....
..........*.**.*...*.........................................................................*.*....
..*.**..**.**...*.*...........................................................................*.....
.*..*....*.**.......................................................................................
.**....***.......*..................................................................................
.......**.......*.*.................................................................................
...........*........................................................................................
................***.................................................................................
.........**.........................................................................................
....................................................................................................
........................*.........*.........*.........*.........*.........*.........*...............
.....................**.**.......**.**...**.**.......**.**...**.**.......**.**...**.**..*...........
.........................**.....**...........**.....**...........**.....**...........**.**..........
.........................*.**.**.*...........*.**.**.*...........*.**.**.*...........*...**.........
.....................*.*.*..*.*..*.*.*...*.*.*..*.*..*.*.*...*.*.*..*.*..*.*.*...*.*.*.*.*..........
..........................***.***.............***.***.............***.***.............***...........

Generation = 140, Population = 184.
....................................................................................................
.........................................................................*..**......................
.......................................................................*.*..**......................
.......................................................................*..***.......................
......................................................................**.******.....................
.........................................................................****..*.....**.............
..................................**.......**.........**.......**...........*..**....**.............
.................................*..*.....*..*.......*..*.....*..*...........*.*....................
..................................**.......**.........**.......**...................................
....................................................................................................
....................................................................................................
....................................................................................................
....................*...............................................................................
....................*................................................................*........*.....
....................*................................................................*.......*.*....
.....................................................................................*........**....
....................................................................................................
....................................................................................................
...............**..........*...*...............*...*...............*...*............................
...........**.*..*........*.*.*.*.............*.*.*.*.............*.*.*.*...........................
...........**.*..*........*.*.*.*.............*.*.*.*.............*.*.*.*...........................
...............**..........*...*...............*...*...............*...*............................
....................................................................................................
....................................................................................................
.....................................................................................*........**....
....................*................................................................*.......*.*....
....................*................................................................*........*.....
....................*...............................................................................
....................................................................................................
....................................................................................................
....................................................................................................
..................................**.......**.........**.......**...................................
.................................*..*.....*..*.......*..*.....*..*...........*.*....................
..................................**.......**.........**.......**...........*..**....**.............
.........................................................................****..*.....**.............
......................................................................**.******.....................
.......................................................................*..***.......................
.......................................................................*.*..**......................
.........................................................................*..**......................
....................................................................................................

*** Life<ConwayCell> 10x10 ***
Generation = 0, Population = 17.
*........*
*........*
*...*....*
....*.....
.....*....
....**....
..........
*........*
*........*
*........*

Generation = 1, Population = 13.
..........
**......**
..........
....**....
.....*....
....**....
..........
..........
**......**
..........

Generation = 2, Population = 5.
..........
..........
..........
....**....
......*...
....**....
..........
..........
..........
..........

Generation = 3, Population = 3.
..........
..........
..........
.....*....
......*...
.....*....
..........
..........
..........
..........

Generation = 4, Population = 2.
..........
..........
..........
..........
.....**...
..........
..........
..........
..........
..........

Generation = 5, Population = 0.
..........
..........
..........
..........
..........
..........
..........
..........
..........
..........

*** Life<ConwayCell> 8x8 ***
Generation = 0, Population = 14.
*...*.*.
*......*
...*...*
..*.....
...*..*.
........
..*.....
*....**.

Generation = 1, Population = 4.
........
......**
........
..**....
........
........
........
........

Generation = 2, Population = 0.
........
........
........
........
........
........
........
........

Generation = 3, Population = 0.
........
........
........
........
........
........
........
........

Generation = 4, Population = 0.
........
........
........
........
........
........
........
........

Generation = 5, Population = 0.
........
........
........
........
........
........
........
........

