*** Life<FredkinCell> 20x20 ***
Generation = 0, Population = 4.
--------------------
--------------------
--------------------
--------------------
--------------------
--------------------
--------------------
--------------------
--------------------
---------00---------
---------00---------
--------------------
--------------------
--------------------
--------------------
--------------------
--------------------
--------------------
--------------------
--------------------

Generation = 1, Population = 8.
--------------------
--------------------
--------------------
--------------------
--------------------
--------------------
--------------------
--------------------
---------00---------
--------0--0--------
--------0--0--------
---------00---------
--------------------
--------------------
--------------------
--------------------
--------------------
--------------------
--------------------
--------------------

Generation = 2, Population = 16.
--------------------
--------------------
--------------------
--------------------
--------------------
--------------------
--------------------
---------00---------
---------11---------
-------01--10-------
-------01--10-------
---------11---------
---------00---------
--------------------
--------------------
--------------------
--------------------
--------------------
--------------------
--------------------

*** Life<FredkinCell> 30x69 ***
Generation = 0, Population = 48.
000---------------------------------------------------------------000
000---------------------------------------------------------------000
000---------------------------------------------------------------000
---------------------------------------------------------------------
---------------------------------------------------------------------
---------------------------------------------------------------------
---------------------------------------------------------------------
---------------------------------------------------------------------
---------------------------------------------------------------------
---------------------------------------------------------------------
---------------------------------------------------------------------
---------------------------------------------------------------------
---------------------------------000---------------------------------
---------------------------------000---------------------------------
---------------------------------000---------------------------------
---------------------------------000---------------------------------
---------------------------------------------------------------------
---------------------------------------------------------------------
---------------------------------------------------------------------
---------------------------------------------------------------------
---------------------------------------------------------------------
---------------------------------------------------------------------
---------------------------------------------------------------------
---------------------------------------------------------------------
---------------------------------------------------------------------
---------------------------------------------------------------------
---------------------------------------------------------------------
000---------------------------------------------------------------000
000---------------------------------------------------------------000
000---------------------------------------------------------------000

Generation = 10, Population = 368.
--050-----010-------------------------------------------010-----050--
--236-----210-------------------------------------------012-----632--
02-4-70-03-10--------------------000--------------------01-30-07-4-20
534-322-111----------------------111----------------------111-223-435
06-3-00-000--------------------01-2-10--------------------000-00-3-60
--720--------------------------01-1-10--------------------------027--
--020--------------------------01-2-10--------------------------020--
-------------------------------01-3-10-------------------------------
--010----------------------------131----------------------------010--
--310----------------------------212----------------------------013--
02-10--------------------000-------------000--------------------01-20
111----------------------111-------------111----------------------111
000--------------------01-3-20---------02-3-10--------------------000
-----------------------01-1-31---------13-1-10-----------------------
-----------------------01-1-31---------13-1-10-----------------------
-----------------------01-3-20---------02-3-10-----------------------
-------------------------111-------------111-------------------------
000----------------------000-------------000----------------------000
111------------------------------212------------------------------111
02-10----------------------------131----------------------------01-20
--310--------------------------01-3-10--------------------------013--
--010--------------------------01-2-10--------------------------010--
-------------------------------01-1-10-------------------------------
--020--------------------------01-2-10--------------------------020--
--720----------------------------111----------------------------027--
06-3-00-000----------------------000----------------------000-00-3-60
534-322-111-----------------------------------------------111-223-435
02-4-70-03-10-------------------------------------------01-30-07-4-20
--236-----210-------------------------------------------012-----632--
--050-----010-------------------------------------------010-----050--

Generation = 20, Population = 336.
--------030---------010------010-232-010------010---------030--------
--------324---------210------012-545-210------012---------423--------
--------040---------010------010-161-010------010---------040--------
---------------------------------------------------------------------
------------020-020--------------050--------------020-020------------
------------111-111--------------323--------------111-111------------
------------000-000--------------121--------------000-000------------
211---------------------------------------------------------------112
-----------------000-----------------------------000-----------------
-----------------111-----------------------------111-----------------
130--------------020-----------------------------020--------------031
----421----------111-----------------------------111----------124----
-------------010-----040---------------------040-----010-------------
-------------012-----323---------------------323-----210-------------
----110------012-----323---------------------323-----210------011----
----110------010-----040---------------------040-----010------011----
-----------------111-----------------------------111-----------------
-----------------020-----------------------------020-----------------
----421----------111-----------------------------111----------124----
130--------------000-----------------------------000--------------031
---------------------------------------------------------------------
---------------------------------------------------------------------
211---------------------------------------------------------------112
------------000-000-------------------------------000-000------------
------------111-111--------------131--------------111-111------------
------------020-020-------------------------------020-020------------
---------------------------------------------------------------------
--------040---------010-----------------------010---------040--------
--------324---------210------012-515-210------012---------423--------
--------030---------010-----------------------010---------030--------

Generation = 30, Population = 876.
13-90----------213--------343-324---423-343--------312----------09-31
--26-36--------14-47------324-233---332-423------74-41--------63-62--
132-1+1------70-2-26----11-4-2-22---22-2-4-11----62-2-07------1+1-231
73-2-7-16----58-7-6-53--311-134-------431-113--35-6-7-85----61-7-2-37
--154-220--61-4-2-2-2042-1-4-06-------60-4-1-2402-2-2-4-16--022-451--
--83-3-2-1438-3-3-3-1---3-112-----------211-3---1-3-3-3-8341-2-3-38--
----111-1---1-1-6-1--21--1-21-----------12-1--12--1-6-1-1---1-111----
----21-1--30--5-4-3--2----3---------------3----2--3-4-5--03--1-12----
------0----5--3-1--330202-4---------------4-202033--1-3--5----0------
------5-400140--3--2---1--25-------------52--1---2--3--041004-5------
-----40--1---3---7343301--43-------------34--1033437---3---1--04-----
-----45--332327034---1--2-6-21---------12-6-2--1---430723233--54-----
---23-4-1--0--4--26040--5-8-50---------05-8-5--04062--4--0--1-4-32---
---21-0-1--471---244--3-8-2-8-36-----63-8-2-8-3--442---174--1-0-12---
---72-1-4-0-2--3---4--3-8-2-8-36-----63-8-2-8-3--4---3--2-0-4-1-27---
---72-3-3-1-1--2---0--9-5-8-5-9-4-4-4-9-5-8-5-9--0---2--1-1-3-3-27---
-----11-1--521---133--5-2-6-2-4-3-5-3-4-2-6-2-5--331---125--1-11-----
-----23-2--2--2--13120--2-4-2-00-----00-2-4-2--02131--2--2--2-32-----
-------1-423353132---1--3-2-2-00-----00-2-2-3--1---231353324-1-------
-------1-2---2---1623020--4-21---------12-4--0203261---2---2-1-------
------52--2241--3--4---2--3-22---------22-3--2---4--3--1422--25------
------0330-3--1-6--4300010-0-------------0-0100034--6-1--3-0330------
----21-1-3----3-5-3--2---1-0-------------0-1---2--3-5-3----3-1-12----
----111-14141-3-3-1--2322--01-----------10--2232--1-3-3-14141-111----
--83-3-2-14--34-4-7-1--0-1100-----------0011-0--1-7-4-43--41-2-3-38--
--154-220----60-2-2-1----0-0-11-------11-0-0----1-2-2-06----022-451--
73-2-7-16------07-4-5-30211-121-------121-11203-5-4-70------61-7-2-37
132-1+1--------11-2-18--12-0-0-01---10-0-0-21--81-2-11--------1+1-231
--26-36----------23-74----134-231---132-431----47-32----------63-62--
13-90------------206------302-200---002-203------602------------09-31

Generation = 40, Population = 472.
----572-260---------052-35-83-354---453-38-53-250---------062-275----
--------------------645-54-67-85+---+58-76-45-546--------------------
----3+1-0+0---------083-16-71-372---273-17-61-380---------0+0-1+3----
768-5+6-657-----------------------------------------------756-6+5-867
5--6------------------------166-41-14-661------------------------6--5
-493------------------------745-8-4-8-547------------------------394-
2--5------------------------133-6-9-6-331------------------------5--2
-444-------------------------------------------------------------444-
273-------------------------123-42-24-321-------------------------372
----------------------------221-5-7-5-122----------------------------
579-------------------------112-6-+-6-211-------------------------975
75+---------------------------------------------------------------+57
---372---320---------------------------------------------023---273---
---775---244-------------434-------------434-------------442---577---
---+88---223-------------434-------------434-------------322---88+---
---864---032---------------------------------------------230---468---
---------------------------------------------------------------------
-------------------------252-------------252-------------------------
95+----------------------434-------------434----------------------+59
53+-------------------------344-33-33-443-------------------------+35
-575------------------------244-46-64-442------------------------575-
4--3------------------------111-4-4-4-111------------------------3--4
-354-----------------------------535-----------------------------453-
4--6------------------------123-24-42-321------------------------6--4
----------------------------546-8+-+8-645----------------------------
5+4-------------------------071-1-3-1-170-------------------------4+5
768-5+6-657----------------------616----------------------756-6+5-867
----3+1-0+0---------290-17-32-151---151-23-71-092---------0+0-1+3----
--------------------755-56-77-859---958-77-65-557--------------------
----572-260---------040-03-42-230---032-24-30-040---------062-275----

Generation = 140, Population = 820.
+++-----+++-+++------+9++++--9++-+++-++9--++++9+------+++-+++-----+++
+++-----+++-+++------++++++--+++-+++-+++--++++++------+++-+++-----+++
+++-----++8-9++------++++++--+++-+++-+++--++++++------++9-8++-----+++
---------------------+++-----++9-----9++-----+++---------------------
+++-+++-----+++--++++++-----------------------++++++--+++-----+++-+++
+++-+++-----+++--++++++-----------------------++++++--+++-----+++-+++
+++-+++-----++5--8+++++-----------------------+++++8--5++-----+++-+++
-----------------+++-----------------------------+++-----------------
+++-++6-+++--+++8++----------+++-----+++----------++8+++--+++-6++-+++
+++-+++-+++--++9+++----------+++-----+++----------+++9++--+++-+++-+++
+++-+++-+++--++9+++----------+++-----+++----------+++9++--+++-+++-+++
+++----------+++-------------++6-----6++-------------+++----------+++
+++-+++-+--++++--+++-----+++-------------+++-----+++--++++--+-+++-+++
+++-+++-+--++++--+++-----+++-------------+++-----+++--++++--+-+++-+++
----+++-+--++++--+++-----+++-------------+++-----+++--++++--+-+++----
----+++-+--++++--+++-----+++-------------+++-----+++--++++--+-+++----
+++-+++-+++-+--7-------------++5-----5++-------------7--+-+++-+++-+++
+++-+++-+++-+--8-------------+++-----+++-------------8--+-+++-+++-+++
+++----------+++-------------+++-----+++-------------+++----------+++
+++-+++-+++--++++++----------+++-----+++----------++++++--+++-+++-+++
+++-+++-+++-----+--+-----------------------------+--+-----+++-+++-+++
+++-+++-+++-----+--+-----------------------------+--+-----+++-+++-+++
-----------------+++-----------------------------+++-----------------
++9-+++-----9++--++++++-----------------------++++++--++9-----+++-9++
+++-+++-----+++-----+--+-----+++-----+++-----+--+-----+++-----+++-+++
+++-+++-----++9-----+--+-----+++-----+++-----+--+-----9++-----+++-+++
---------------------+++-----+++-----+++-----+++---------------------
+++-----+++-8+8------++++++--+++-----+++--++++++------8+8-+++-----+++
+++-----+++-+++---------+++------+++------+++---------+++-+++-----+++
+++-----+++-+++---------+++---------------+++---------+++-+++-----+++

*** Life<FredkinCell> 18x18 ***
Generation = 0, Population = 24.
------------------
------------------
-----8------------
------------------
-----------0------
--0---------------
-------------000--
------------------
------------------
---------00-------
---------00-------
------33----------
-------1------00--
-------1----------
-----5---------0--
-----24-------00--
-----24-----------
------------------

Generation = 1, Population = 64.
------------------
-----0------------
----0-0-----------
-----0-----0------
--0-------0-0-----
-0-0-------0-000--
--0---------01-10-
-------------000--
---------00-------
--------0--0------
------000--0------
-----04-000---00--
--------0----0110-
-----0020-----0---
----06-0-------10-
----03-0-----01-0-
----0--0------00--
-----00-----------

Generation = 2, Population = 72.
-----0------------
------------------
---0---0---0------
--0---------------
-----0---0----00--
0---0-------------
------------12-210
--0------00-------
---------11--000--
------0-1--10-----
--------1--10-00--
----01-31-1-------
----------0-01-210
-------3-0----10--
---0-70------002-0
---01---0---01--10
---012-10------1--
-----11-------00--

Generation = 3, Population = 124.
----0-0-----------
---0-0-0---0------
----0-0-0-0-0-----
-0---0-0-0-0--00--
0-0---0-0-0--0110-
-0-0-----0--000-00
0-0-0----00023-3-1
-0-0----0--00-0-00
--0---0------1-10-
-----0--2---------
----000--0----110-
---012-4--2--00-00
----00--0-1-121--1
---0-0------00-1--
--01081-00----1-01
--01-34-10-01--02-
--0-2-42-0--00-2-0
---0--2-0----01-0-

Generation = 4, Population = 71.
-----0-----0------
--0---------------
-0-------0---000--
------------------
-------0-------2--
0-----0--10-------
-----0-----1------
------00----------
-------0---0--02--
--0--100-----00---
------1-----------
--01-34---30--10--
---0-10---2------2
---1-----000------
-0--------00-----2
-01---50-1-1-----0
-01--253-10---03--
-----130------20--

Generation = 5, Population = 131.
--0-0-0---0-0-----
---0-0---0-0-000--
0-------0-0-01-10-
-0-----0-0---00---
0-------000---1-0-
-0------021----0--
0---0-00-0--2-----
------1-0-----00--
--0--00-0-1-0--30-
-0-0021-2--101----
---0-0----01-0-1--
-01---54-0-1002100
-------1---0--121-
-002000-01--0-----
01-1--10-0-10---03
01-1-----2-21-1021
0--02--4--1--0--00
-00-0-4-000--0--0-

Generation = 6, Population = 132.
-0-0-0-0---0--00--
0---0-------------
---0-8-----012--10
0-0---0--10-------
-0---------0--22-0
0-0-0-0----00-----
---0---1-1-1-30---
0-0-0--01-0--01---
------1----01---10
0-0-----300-1-0-0-
---101101-12--12-0
012---6---32-13-11
---00102--211--3--
---3----1-001011-0
-20----10---101---
1-----5-130--12--2
10---2---12--1--1-
-1101--01--001201-

Generation = 7, Population = 146.
----0---0-0-00110-
---0-0-0----000000
----0----0-1-30121
-0-----0021000000-
0-0-0----0-1-033--
-0-0-----2111--0-0
--0-0--20-022--3--
---0-0--20-0---000
----00---111---3-1
----02------2-1010
-002--2--02---23-1
1-31-3-4104302--2-
00----13-03--214--
-0-4-0032--1-12---
-31----21-----2---
211----0-4-2-2-0--
---0---40-----0-2-
----2-412--1-2---0

Generation = 8, Population = 69.
-------------122--
--0------00-------
-0-------102-4----
------01----------
---0-0-0------44-0
----0--0--2-------
------03-----30---
-----11-------11--
-----11-----------
-00--------------1
-11--1-----------2
2-------------31--
-----1-4---1-325--
--0--11-------3---
-4---8-3-----03---
32----5-----------
10-----5-----1-3--
------52-00-------

Generation = 9, Population = 121.
--0------00-02-30-
---0----0-----00--
0-----000-13--0---
-0-0--1-0210-000-0
--0-0-0-0-0--055--
--------02-1-0-0-0
----0---0-0-24----
----0-2--------20-
-00-0--0------03-1
0--0--1---------12
---20-2-------2303
--3----4---3----21
0-0-021-0-3--4--1-
---40223---1-1----
-5--09--1---11-2--
-31----0------20--
--1---56012-0---2-
01---16--111-2-0--

Generation = 10, Population = 146.
-0-------11-132-10
0---0-0-1--00-----
-----8--11--1--1-1
--0--0-11---------
---0--1---1101660-
--0---0013--1-01--
---0100311-23-0-11
-000----2-0-00--1-
-110111-0----11--2
---1022--------0-3
0---1-3----2-03--4
214--36-----023-3-
--10-3-----115252-
00-5--342---1-310-
06-----3-0--2-330-
3--113-1140---3---
1020---7-2-0--03-0
12--22----220-----

*** Life<FredkinCell> 23x27 ***
Generation = 0, Population = 44.
---------------------------
---------------------------
---------------------------
---------------------------
---------------------------
---------------------------
----------0000000----------
---------0-------0---------
--------0---------0--------
-------0----000----0-------
-------0---0---0---0-------
-------0---0---0---0-------
-------0---0---0---0-------
-------0----000----0-------
--------0---------0--------
---------0-------0---------
----------0000000----------
---------------------------
---------------------------
---------------------------
---------------------------
---------------------------
---------------------------

Generation = 1, Population = 72.
---------------------------
---------------------------
---------------------------
---------------------------
---------------------------
----------0000000----------
----------1-----1----------
-----------00000-----------
------------000------------
------01----1-1----10------
------0-0-01-0-10-0-0------
------0-0-0-0-0-0-0-0------
------0-0-01-0-10-0-0------
------01----1-1----10------
------------000------------
-----------00000-----------
----------1-----1----------
----------0000000----------
---------------------------
---------------------------
---------------------------
---------------------------
---------------------------

Generation = 2, Population = 88.
---------------------------
---------------------------
---------------------------
---------------------------
----------0000000----------
---------0-------0---------
---------020---020---------
-----------11111-----------
------00----111----00------
-----0-2--0-2-2-0--2-0-----
-----0-01--2---2--10-0-----
-----0---------------0-----
-----0-01--2---2--10-0-----
-----0-2--0-2-2-0--2-0-----
------00----111----00------
-----------11111-----------
---------020---020---------
---------0-------0---------
----------0000000----------
---------------------------
---------------------------
---------------------------
---------------------------

Generation = 3, Population = 120.
---------------------------
---------------------------
---------------------------
----------0000000----------
----------1-----1----------
--------010-000-010--------
--------0----0----0--------
------00-0--222--0-00------
------1-0-0-222-0-0-1------
----010--0-03030-0--010----
----0---20-------02---0----
----0-0-------------0-0----
----0---20-------02---0----
----010--0-03030-0--010----
------1-0-0-222-0-0-1------
------00-0--222--0-00------
--------0----0----0--------
--------010-000-010--------
----------1-----1----------
----------0000000----------
---------------------------
---------------------------
---------------------------

Generation = 4, Population = 140.
---------------------------
---------------------------
----------0000000----------
---------0-------0---------
--------0---------0--------
-------0----111----0-------
------0-102-0-0-201-0------
-----0-1---1---1---1-0-----
----0--0---03-30---0--0----
---0---2010141410102---0---
---0---03-0200020-30---0---
---0---0-----------0---0---
---0---03-0200020-30---0---
---0---2010141410102---0---
----0--0---03-30---0--0----
-----0-1---1---1---1-0-----
------0-102-0-0-201-0------
-------0----111----0-------
--------0---------0--------
---------0-------0---------
----------0000000----------
---------------------------
---------------------------

Generation = 5, Population = 166.
---------------------------
----------0000000----------
----------1-----1----------
-----------00000-----------
------------000------------
--------0100---0010--------
--------2-3010103-2--------
------02-0-22-22-0-20------
------1--0-1-2-1-0--1------
--01--031-1--2--1-130--10--
--0-0-01-0-31113-0-10-0-0--
--0-0-0-0---------0-0-0-0--
--0-0-01-0-31113-0-10-0-0--
--01--031-1--2--1-130--10--
------1--0-1-2-1-0--1------
------02-0-22-22-0-20------
--------2-3010103-2--------
--------0100---0010--------
------------000------------
-----------00000-----------
----------1-----1----------
----------0000000----------
---------------------------

Generation = 6, Population = 198.
----------0000000----------
---------0-------0---------
---------020---020---------
-----------11111-----------
--------0010-1-0100--------
-------0--1-1-1-1--0-------
------0-3---2-2---3-0------
-----0-30103---30103-0-----
--00-0-0-102333201-0-0-00--
-0-2-1142--1---1--2411-2-0-
-0-01-1---04-2-40---1-10-0-
-0-------0-------0-------0-
-0-01-1---04-2-40---1-10-0-
-0-2-1142--1---1--2411-2-0-
--00-0-0-102333201-0-0-00--
-----0-30103---30103-0-----
------0-3---2-2---3-0------
-------0--1-1-1-1--0-------
--------0010-1-0100--------
-----------11111-----------
---------020---020---------
---------0-------0---------
----------0000000----------

Generation = 7, Population = 192.
----------1-----1----------
--------010-000-010--------
--------0----0----0--------
--------0-02-2-20-0--------
--------1-2--2--2-1--------
--------0-2021202-0--------
--------4---3-3---4--------
--00010-121-222-121-01000--
--1---1---1-----1---1---1--
010-0-253-1-----1-352-0-010
0---202-3-1-----1-3-202---0
0-0-----0-0-----0-0-----0-0
0---202-3-1-----1-3-202---0
010-0-253-1-----1-352-0-010
--1---1---1-----1---1---1--
--00010-121-222-121-01000--
--------4---3-3---4--------
--------0-2021202-0--------
--------1-2--2--2-1--------
--------0-02-2-20-0--------
--------0----0----0--------
--------010-000-010--------
----------1-----1----------

Generation = 8, Population = 138.
--------0-2000002-0--------
-------0----111----0-------
-------0---0---0---0-------
-------0---3---3---0-------
-------0---0---0---0-------
-------0----323----0-------
--000000-----------000000--
-0-----------------------0-
0----------23332----------0
----113----1---1----311----
---0---1---4---4---1---0---
---0---0---0---0---0---0---
---0---1---4---4---1---0---
----113----1---1----311----
0----------23332----------0
-0-----------------------0-
--000000-----------000000--
-------0----323----0-------
-------0---0---0---0-------
-------0---3---3---0-------
-------0---0---0---0-------
-------0----111----0-------
--------0-2000002-0--------

Generation = 9, Population = 222.
----------3-111-3----------
------01--00-2-00--10------
------0-0-21-0-12-0-0------
------0-0-0-1-1-0-0-0------
------0-1-21-2-12-1-0------
--0000--0---4-4---0--0000--
--1-----4---303---4-----1--
---00103---32223---30100---
----001---1-----1---100----
0---2-4---1--2--1---4-2---0
--01-0-23-1-1-1-1-32-0-10--
--0-0-0-0-0-0-0-0-0-0-0-0--
--01-0-23-1-1-1-1-32-0-10--
0---2-4---1--2--1---4-2---0
----001---1-----1---100----
---00103---32223---30100---
--1-----4---303---4-----1--
--0000--0---4-4---0--0000--
------0-1-21-2-12-1-0------
------0-0-0-1-1-0-0-0------
------0-0-21-0-12-0-0------
------01--00-2-00--10------
----------3-111-3----------

Generation = 10, Population = 256.
------00-040222040-00------
-----0-2-11-1-1-11-2-0-----
-----0-01-3-010-3-10-0-----
-----0---------------0-----
--000-1----2---2----1-000--
-0---1-0-12-5-5-21-0-1---0-
-020--0-50--414--05-0--020-
---11214---43334---41211---
0---112--12-3-3-21--211---0
-10-3-5-31-1---1-13-5-3-01-
00-2---3----222----3---2-00
-0-----------------------0-
00-2---3----222----3---2-00
-10-3-5-31-1---1-13-5-3-01-
0---112--12-3-3-21--211---0
---11214---43334---41211---
-020--0-50--414--05-0--020-
-0---1-0-12-5-5-21-0-1---0-
--000-1----2---2----1-000--
-----0---------------0-----
-----0-01-3-010-3-10-0-----
-----0-2-11-1-1-11-2-0-----
------00-040222040-00------

