Generation = 0, Population = 36.
.......................................
.......................................
.......................................
.......................................
.......................................
.......................................
..........................*............
........................*.*............
..............**......**............**.
.............*...*....**............**.
..**........*.....*...**...............
..**........*...*.**....*.*............
............*.....*.......*............
.............*...*.....................
..............**.......................
.......................................
.......................................
.......................................
.......................................
.......................................

Generation = 1, Population = 39.
.......................................
.......................................
.......................................
.......................................
.......................................
.......................................
.........................*.............
.......................*.*.............
..............*.......*.*...........**.
.............**......*..*...........**.
..**........**....**..*.*..............
..**.......***....**...*.*.............
............**....**.....*.............
.............**........................
..............*........................
.......................................
.......................................
.......................................
.......................................
.......................................

Generation = 2, Population = 43.
.......................................
.......................................
.......................................
.......................................
.......................................
.......................................
........................*..............
.......................*.*.............
.............**.......*.**..........**.
............*.*......**.**..........**.
..**.......*......***.*.**.............
..**.......*..*..*..*..*.*.............
...........*......**....*..............
............*.*........................
.............**........................
.......................................
.......................................
.......................................
.......................................
.......................................

Generation = 3, Population = 48.
.......................................
.......................................
.......................................
.......................................
.......................................
.......................................
........................*..............
.......................*.*.............
.............**......**...*.........**.
............*.*....**.*...*.........**.
..**.......***....***.*...*............
..**......***....*..**.*.*.............
...........***....**....*..............
............*.*........................
.............**........................
.......................................
.......................................
.......................................
.......................................
.......................................

Generation = 4, Population = 51.
.......................................
.......................................
.......................................
.......................................
.......................................
.......................................
........................*..............
......................****.............
.............**.....****.**.........**.
...........*..*...*...**.***........**.
..**......*.......*...**.**............
..**......*......*...*****.............
..........*.......***...*..............
...........*..*........................
.............**........................
.......................................
.......................................
.......................................
.......................................
.......................................

Generation = 5, Population = 44.
.......................................
.......................................
.......................................
.......................................
.......................................
.......................................
........................**.............
..........................*............
.............**............*........**.
.............**....*.......*........**.
..**......**.....**........*...........
..**.....***.....*..**....*............
..........**......*****.**.............
.............**....*...................
.............**........................
.......................................
.......................................
.......................................
.......................................
.......................................

Generation = 6, Population = 51.
.......................................
.......................................
.......................................
.......................................
.......................................
.......................................
.........................*.............
.........................**............
.............**...........**........**.
............***...*.......***.......**.
..**.....*.**....****.....**...........
..**.....*..*....*....*..**............
.........*.**.....*...*..*.............
............***...**.*.................
.............**........................
.......................................
.......................................
.......................................
.......................................
.......................................

Generation = 7, Population = 48.
.......................................
.......................................
.......................................
.......................................
.......................................
.......................................
.........................**............
.........................*.*...........
............*.*.............*.......**.
...........*..*..**......*..*.......**.
..**......**.....*.*........*..........
..**....**...*...*...*...*.*...........
..........**.....***.**..**............
...........*..*...**...................
............*.*........................
.......................................
.......................................
.......................................
.......................................
.......................................

Generation = 8, Population = 61.
.......................................
.......................................
.......................................
.......................................
.......................................
.......................................
.........................**............
.........................*.*...........
.............*............***.......**.
..........****...**........***......**.
..**.....****...**........***..........
..**.....*..*...**.*.**..*.*...........
.........****....*.*.**..**............
..........****...*.**..................
.............*.........................
.......................................
.......................................
.......................................
.......................................
.......................................

Generation = 9, Population = 42.
.......................................
.......................................
.......................................
.......................................
.......................................
.......................................
.........................**............
.........................*..*..........
...........*.*...............*......**.
.........*...*..***..........*......**.
..**.....*...................*.........
..**....*....*.......**..*..*..........
.........*.......*.*..*..**............
.........*...*.....***.................
...........*.*.........................
.......................................
.......................................
.......................................
.......................................
.......................................

Generation = 10, Population = 48.
.......................................
.......................................
.......................................
.......................................
.......................................
.......................................
.........................**............
.........................**............
............*....*..........**......**.
..........*.*....*..........***.....**.
..**....**.......*..........**.........
..**....**...........**..**............
........**........**..*..**............
..........*.*.....****.................
............*.......*..................
.......................................
.......................................
.......................................
.......................................
.......................................

Generation = 11, Population = 50.
.......................................
.......................................
.......................................
.......................................
.......................................
.......................................
.........................**............
.........................***...........
...........*...............**.*.....**.
.........*.*....***........*..*.....**.
..**....*.*................**.*........
..**...*..*.......*..**..***...........
........*.*.......*...*..**............
.........*.*......*..*.................
...........*........**.................
.......................................
.......................................
.......................................
.......................................
.......................................

Generation = 12, Population = 54.
.......................................
.......................................
.......................................
.......................................
.......................................
.......................................
.........................*.*...........
.........................*..*..........
..........*......*..........**......**.
.........*.*.....*........*...**....**.
..**....*.**......*.........**.........
..**...**.**.........**..*..*..........
........*.**.....***..*..*.*...........
.........*.*.......****................
..........*.........**.................
.......................................
.......................................
.......................................
.......................................
.......................................

Generation = 13, Population = 55.
.......................................
.......................................
.......................................
.......................................
.......................................
.......................................
..........................*............
..........................****.........
..........*................****.....**.
.........*.*.....**........*..*.....**.
..**...**...*..............****........
..**...**...*....*.*.**...****.........
.......**...*.....**...*..*............
.........*.*..........*................
..........*........*..*................
.......................................
.......................................
.......................................
.......................................
.......................................

Generation = 14, Population = 56.
.......................................
.......................................
.......................................
.......................................
.......................................
.......................................
..........................*.*..........
..........................*...*........
..........*...................*.....**.
........****..............*....*....**.
..**...*.*.**....*............*........
..**..*..*.***.....**.*...*...*........
.......*.*.**.....****.*..*.*..........
........****......**..**...............
..........*............................
.......................................
.......................................
.......................................
.......................................
.......................................

Generation = 15, Population = 42.
.......................................
.......................................
.......................................
.......................................
.......................................
.......................................
...........................*...........
...........................*.*.........
..........**..................**....**.
........*...*.................**....**.
..**...*.....*................**.......
..**..**.*...*........*....*.*.........
.......*.....*.........*...*...........
........*...*.....*..***...............
..........**...........................
.......................................
.......................................
.......................................
.......................................
.......................................

Generation = 16, Population = 44.
.......................................
.......................................
.......................................
.......................................
.......................................
.......................................
............................*..........
............................*.*........
...........*.................*.*....**.
...........**................*..*...**.
..**..**....**...............*.*.......
..**..**....***.............*.*........
......**....**.......*.*....*..........
...........**.........**...............
...........*..........*................
.......................................
.......................................
.......................................
.......................................
.......................................

Generation = 17, Population = 47.
.......................................
.......................................
.......................................
.......................................
.......................................
.......................................
.............................*.........
............................*.*........
...........**...............**.*....**.
...........*.*..............**.**...**.
..**..**......*.............**.*.......
..**.*..*..*..*.............*.*........
......**......*........*.....*.........
...........*.*.......*.*...............
...........**.........**...............
.......................................
.......................................
.......................................
.......................................
.......................................

Generation = 18, Population = 53.
.......................................
.......................................
.......................................
.......................................
.......................................
.......................................
.............................*.........
............................*.*........
...........**..............*...**...**.
...........*.*.............*...**...**.
..***.**....***............*...**......
..****..*....***............*.*........
......**....***.......*......*.........
...........*.*.........**..............
...........**.........**...............
.......................................
.......................................
.......................................
.......................................
.......................................

Generation = 19, Population = 54.
.......................................
.......................................
.......................................
.......................................
.......................................
.......................................
.............................*.........
............................****.......
...........**..............**.*.*...**.
...*.......*..*...........***.*..*..**.
..*...**.......*...........**.*.*......
..*.....*......*............****.......
...*****.......*.......*.....*.........
...........*..*.........*..............
...........**.........***..............
.......................................
.......................................
.......................................
.......................................
.......................................

Generation = 20, Population = 54.
.......................................
.......................................
.......................................
.......................................
.......................................
.......................................
............................**.........
...........................*...*.......
...........**.............*.....*...**.
...........**.............*...*.**..**.
..**...*......**..........*.....*......
..*.*...*.....***..........*...*.......
...*****......**............**.........
....***....**.........*.*..............
...........**..........**..............
.......................*...............
.......................................
.......................................
.......................................
.......................................

