==1947== Memcheck, a memory error detector
==1947== Copyright (C) 2002-2011, and GNU GPL'd, by Julian Seward et al.
==1947== Using Valgrind-3.7.0 and LibVEX; rerun with -h for copyright info
==1947== Command: RunLife.c++.app
==1947== 
*** Life<ConwayCell> 109x69 ***
*** Life<FredkinCell> 20x20 ***
*** Life<Cell> 20x20 ***
Generation = 0, Population = 6.
--------------------
--------------------
--------------------
--------------------
--------------------
--------------------
--------------------
--------------------
--------------------
---------00---------
--------0000--------
--------------------
--------------------
--------------------
--------------------
--------------------
--------------------
--------------------
--------------------
--------------------

Generation = 1, Population = 12.
--------------------
--------------------
--------------------
--------------------
--------------------
--------------------
--------------------
--------------------
---------00---------
--------------------
-------011110-------
--------0000--------
--------------------
--------------------
--------------------
--------------------
--------------------
--------------------
--------------------
--------------------

Generation = 2, Population = 24.
--------------------
--------------------
--------------------
--------------------
--------------------
--------------------
--------------------
---------00---------
--------0110--------
-------00--00-------
------01****10------
---------11---------
--------0000--------
--------------------
--------------------
--------------------
--------------------
--------------------
--------------------
--------------------

Generation = 3, Population = 32.
--------------------
--------------------
--------------------
--------------------
--------------------
--------------------
---------00---------
--------------------
---------**---------
--------1001--------
-----01*....*10-----
------000**000------
-------011110-------
--------0000--------
--------------------
--------------------
--------------------
--------------------
--------------------
--------------------

Generation = 4, Population = 28.
--------------------
--------------------
--------------------
--------------------
--------------------
---------00---------
--------0110--------
--------------------
---------..---------
-----00-*11*-00-----
----01*......*10----
--------1..1--------
--------------------
---------11---------
--------0000--------
--------------------
--------------------
--------------------
--------------------
--------------------

Generation = 5, Population = 52.
--------------------
--------------------
--------------------
--------------------
---------00---------
--------------------
-------01**10-------
--------0000--------
-----00-0**0-00-----
--------.--.--------
---01**.*..*.**10---
----0000-..-0000----
--------1111--------
--------------------
-------011110-------
--------0000--------
--------------------
--------------------
--------------------
--------------------

*** Life<ConwayCell> 10x10 ***
*** Life<FredkinCell> 10x10 ***
*** Life<Cell> 10x10 ***
*** Life<ConwayCell> 20x38 Glider ***
*** Life<ConwayCell> 5x5 ***
*** Life<FredkinCell> 5x5 ***
*** Life<Cell> 5x5 ***
==1947== 
==1947== HEAP SUMMARY:
==1947==     in use at exit: 122,880 bytes in 6 blocks
==1947==   total heap usage: 21,778 allocs, 21,772 frees, 1,414,664 bytes allocated
==1947== 
==1947== LEAK SUMMARY:
==1947==    definitely lost: 0 bytes in 0 blocks
==1947==    indirectly lost: 0 bytes in 0 blocks
==1947==      possibly lost: 0 bytes in 0 blocks
==1947==    still reachable: 122,880 bytes in 6 blocks
==1947==         suppressed: 0 bytes in 0 blocks
==1947== Rerun with --leak-check=full to see details of leaked memory
==1947== 
==1947== For counts of detected and suppressed errors, rerun with: -v
==1947== ERROR SUMMARY: 0 errors from 0 contexts (suppressed: 4 from 4)
