==29248== Memcheck, a memory error detector
==29248== Copyright (C) 2002-2011, and GNU GPL'd, by Julian Seward et al.
==29248== Using Valgrind-3.7.0 and LibVEX; rerun with -h for copyright info
==29248== Command: RunLife.c++.app
==29248== 
*** Life<ConwayCell> 109x69 ***
*** Life<FredkinCell> 20x20 ***
--------------------
--------------------
--------------------
--------------------
--------------------
--------------------
--------------------
--------------------
--------------------
---------00---------
---------00---------
--------------------
--------------------
--------------------
--------------------
--------------------
--------------------
--------------------
--------------------
--------------------

--------------------
--------------------
--------------------
--------------------
--------------------
--------------------
--------------------
--------------------
---------00---------
--------0--0--------
--------0--0--------
---------00---------
--------------------
--------------------
--------------------
--------------------
--------------------
--------------------
--------------------
--------------------

--------------------
--------------------
--------------------
--------------------
--------------------
--------------------
--------------------
---------00---------
---------11---------
-------01--10-------
-------01--10-------
---------11---------
---------00---------
--------------------
--------------------
--------------------
--------------------
--------------------
--------------------
--------------------

*** Life<Cell> 20x20 ***
==29248== 
==29248== HEAP SUMMARY:
==29248==     in use at exit: 122,880 bytes in 6 blocks
==29248==   total heap usage: 54 allocs, 48 frees, 143,648 bytes allocated
==29248== 
==29248== LEAK SUMMARY:
==29248==    definitely lost: 0 bytes in 0 blocks
==29248==    indirectly lost: 0 bytes in 0 blocks
==29248==      possibly lost: 0 bytes in 0 blocks
==29248==    still reachable: 122,880 bytes in 6 blocks
==29248==         suppressed: 0 bytes in 0 blocks
==29248== Rerun with --leak-check=full to see details of leaked memory
==29248== 
==29248== For counts of detected and suppressed errors, rerun with: -v
==29248== ERROR SUMMARY: 0 errors from 0 contexts (suppressed: 17 from 6)
