==28917== Memcheck, a memory error detector
==28917== Copyright (C) 2002-2011, and GNU GPL'd, by Julian Seward et al.
==28917== Using Valgrind-3.7.0 and LibVEX; rerun with -h for copyright info
==28917== Command: RunLife.c++.app
==28917== 
*** Life<ConwayCell> 109x69 ***
.....................................................................
.....................................................................
.....................................................................
.....................................................................
.....................................................................
.....................................................................
.....................................................................
.....................................................................
.....................................................................
.....................................................................
.....................................................................
.....................................................................
.....................................................................
.....................................................................
.....................................................................
.....................................................................
.....................................................................
.....................................................................
.....................................................................
.....................................................................
.....................................................................
.....................................................................
.....................................................................
.....................................................................
.....................................................................
.....................................................................
.....................................................................
.....................................................................
.....................................................................
.....................................................................
.....................................................................
.....................................................................
.....................................................................
.....................................................................
..................................*..................................
..................................*..................................
..................................*..................................
..................................*..................................
..................................*..................................
.....................................................................
..................................*..................................
..................................*..................................
..................................*..................................
..................................*..................................
..................................*..................................
.....................................................................
..................................*..................................
..................................*..................................
..................................*..................................
..................................*..................................
..................................*..................................
.....................................................................
..................................*..................................
..................................*..................................
..................................*..................................
..................................*..................................
..................................*..................................
.....................................................................
..................................*..................................
..................................*..................................
..................................*..................................
..................................*..................................
..................................*..................................
.....................................................................
..................................*..................................
..................................*..................................
..................................*..................................
..................................*..................................
..................................*..................................
.....................................................................
..................................*..................................
..................................*..................................
..................................*..................................
..................................*..................................
..................................*..................................
.....................................................................
.....................................................................
.....................................................................
.....................................................................
.....................................................................
.....................................................................
.....................................................................
.....................................................................
.....................................................................
.....................................................................
.....................................................................
.....................................................................
.....................................................................
.....................................................................
.....................................................................
.....................................................................
.....................................................................
.....................................................................
.....................................................................
.....................................................................
.....................................................................
.....................................................................
.....................................................................
.....................................................................
.....................................................................
.....................................................................
.....................................................................
.....................................................................
.....................................................................
.....................................................................
.....................................................................
.....................................................................
.....................................................................
.....................................................................

.....................................................................
.....................................................................
.....................................................................
.....................................................................
....................**.........................**....................
....................**.*.**...............**.*.**....................
....................*..*.*.*.............*.*.*..*....................
.....................*...*.*.............*.*...*.....................
.....................*.**.*...............*.**.*.....................
.......................*.....................*.......................
...................*.**.......................**.*...................
.....................................................................
...................**...........................**...................
.....................................................................
.....................................................................
.....................................................................
.....................................................................
.....................................................................
.....................................................................
.....................................................................
.........*..............***...............***..............*.........
........***...*..........*.................*..........*...***........
.......*..***..*.**...............................**.*..***..*.......
......**...**......*.............................*......**...**......
.....**.*.***.......*......*..*.......*..*......*.......***.*.**.....
.....***.**....***.**......*..*.......*..*......**.***....**.***.....
........*.*....*.....****.*....*.....*....*.****.....*....*.*........
................*****.**..**...*.....*...**..**.*****................
.....**......**.*..**...**....*.......*....**...**..*.**......**.....
....*.......****........**...*.........*...**........****.......*....
....*.*.....**.........................................**.....*.*....
....*.*.......................................................*.*....
...**...........................................................**...
....*.*.......................................................*.*....
.....*.........................................................*.....
............................*...........*............................
...........................*.*.........*.*...........................
...........................*.*.........*.*...........................
............................*...........*............................
.....................................................................
.....................................................................
.....................................................................
.....................................................................
.....................................................................
.....................................................................
.....................................................................
.....................................................................
.....................................................................
.....................................................................
.....................................................................
.....................................................................
.....................................................................
.....................................................................
.....................................................................
.......................***...***.....***...***.......................
.....................................................................
.....................................................................
.....................................................................
.....................................................................
.....................................................................
.....................................................................
.....................................................................
.....................................................................
.....................................................................
.....................................................................
.....................................................................
.....................................................................
.....................................................................
.....................................................................
.....................................................................
............................*...........*............................
...........................*.*.........*.*...........................
...........................*.*.........*.*...........................
............................*...........*............................
.....*.........................................................*.....
....*.*.......................................................*.*....
...**...........................................................**...
....*.*.......................................................*.*....
....*.*.....**.........................................**.....*.*....
....*.......****........**...*.........*...**........****.......*....
.....**......**.*..**...**....*.......*....**...**..*.**......**.....
................*****.**..**...*.....*...**..**.*****................
........*.*....*.....****.*....*.....*....*.****.....*....*.*........
.....***.**....***.**......*..*.......*..*......**.***....**.***.....
.....**.*.***.......*......*..*.......*..*......*.......***.*.**.....
......**...**......*.............................*......**...**......
.......*..***..*.**...............................**.*..***..*.......
........***...*..........*.................*..........*...***........
.........*..............***...............***..............*.........
.....................................................................
.....................................................................
.....................................................................
.....................................................................
.....................................................................
.....................................................................
.....................................................................
...................**...........................**...................
.....................................................................
...................*.**.......................**.*...................
.......................*.....................*.......................
.....................*.**.*...............*.**.*.....................
.....................*...*.*.............*.*...*.....................
....................*..*.*.*.............*.*.*..*....................
....................**.*.**...............**.*.**....................
....................**.........................**....................
.....................................................................
.....................................................................
.....................................................................
.....................................................................

.....................................................................
.....................................................................
.....................................................................
....................**.........................**....................
....................**...*.................*...**....................
........................*.*...............*.*........................
........................*..*.............*..*........................
.........................**...............**.........................
.....................................................................
.....................................................................
.....................................................................
.....................................................................
.....................................................................
.....................................................................
.........*.................................................*.........
........*.*...............................................*.*........
........*..*.............................................*..*........
.........**...............................................**.........
.....................................................................
.....................................................................
.............*.........................................*.............
............*.*.......................................*.*............
............*.*.......................................*.*............
.............*.........................................*.............
............................***.......***............................
.....................................................................
..........................*.....*...*.....*..........................
..........................*.....*...*.....*..........................
..........................*.....*...*.....*..........................
.....*.........................................................*.....
.....*......................***.......***......................*.....
.....*.........................................................*.....
.....................................................................
.....................................................................
.....................................................................
............................*...........*............................
...........................*.*.........*.*...........................
...........................*.*.........*.*...........................
............................*...........*............................
.....................................................................
.....................................................................
.....................................................................
.....................................................................
.....................................................................
.....................................................................
.....................................................................
.....................................................................
.....................................................................
.....................................................................
.....................................................................
.....................................................................
.....................................................................
.....................................................................
.....................................................................
.......................***...***.....***...***.......................
.....................................................................
.....................................................................
.....................................................................
.....................................................................
.....................................................................
.....................................................................
.....................................................................
.....................................................................
.....................................................................
.....................................................................
.....................................................................
.....................................................................
.....................................................................
.....................................................................
.....................................................................
............................*...........*............................
...........................*.*.........*.*...........................
...........................*.*.........*.*...........................
............................*...........*............................
.....................................................................
.....................................................................
.....................................................................
.....*.........................................................*.....
.....*......................***.......***......................*.....
.....*.........................................................*.....
..........................*.....*...*.....*..........................
..........................*.....*...*.....*..........................
..........................*.....*...*.....*..........................
.....................................................................
............................***.......***............................
.............*.........................................*.............
............*.*.......................................*.*............
............*.*.......................................*.*............
.............*.........................................*.............
.....................................................................
.....................................................................
.........**...............................................**.........
........*..*.............................................*..*........
........*.*...............................................*.*........
.........*.................................................*.........
.....................................................................
.....................................................................
.....................................................................
.....................................................................
.....................................................................
.....................................................................
.........................**...............**.........................
........................*..*.............*..*........................
........................*.*...............*.*........................
....................**...*.................*...**....................
....................**.........................**....................
.....................................................................
.....................................................................
.....................................................................

.....................................................................
.....................................................................
.....................................................................
....................**.........................**....................
....................**...*.................*...**....................
........................*.*...............*.*........................
........................*..*.............*..*........................
.........................**...............**.........................
.....................................................................
.....................................................................
.....................................................................
.....................................................................
.....................................................................
.....................................................................
.........*.................................................*.........
........*.*...............................................*.*........
........*..*.............................................*..*........
.........**...............................................**.........
.....................................................................
.....................................................................
.............*.........................................*.............
............*.*.......................................*.*............
............*.*.......................................*.*............
.............*.........................................*.............
............................***.......***............................
.....................................................................
..........................*.....*...*.....*..........................
..........................*.....*...*.....*..........................
..........................*.....*...*.....*..........................
.....*.........................................................*.....
.....*......................***.......***......................*.....
.....*.........................................................*.....
.....................................................................
.....................................................................
.....................................................................
............................*...........*............................
...........................*.*.........*.*...........................
...........................*.*.........*.*...........................
............................*...........*............................
.....................................................................
.....................................................................
.....................................................................
.....................................................................
.....................................................................
.....................................................................
.....................................................................
.....................................................................
.....................................................................
.....................................................................
.....................................................................
.....................................................................
.....................................................................
.....................................................................
.....................................................................
.......................***...***.....***...***.......................
.....................................................................
.....................................................................
.....................................................................
.....................................................................
.....................................................................
.....................................................................
.....................................................................
.....................................................................
.....................................................................
.....................................................................
.....................................................................
.....................................................................
.....................................................................
.....................................................................
.....................................................................
............................*...........*............................
...........................*.*.........*.*...........................
...........................*.*.........*.*...........................
............................*...........*............................
.....................................................................
.....................................................................
.....................................................................
.....*.........................................................*.....
.....*......................***.......***......................*.....
.....*.........................................................*.....
..........................*.....*...*.....*..........................
..........................*.....*...*.....*..........................
..........................*.....*...*.....*..........................
.....................................................................
............................***.......***............................
.............*.........................................*.............
............*.*.......................................*.*............
............*.*.......................................*.*............
.............*.........................................*.............
.....................................................................
.....................................................................
.........**...............................................**.........
........*..*.............................................*..*........
........*.*...............................................*.*........
.........*.................................................*.........
.....................................................................
.....................................................................
.....................................................................
.....................................................................
.....................................................................
.....................................................................
.........................**...............**.........................
........................*..*.............*..*........................
........................*.*...............*.*........................
....................**...*.................*...**....................
....................**.........................**....................
.....................................................................
.....................................................................
.....................................................................

*** Life<FredkinCell> 20x20 ***
*** Life<Cell> 20x20 ***
==28917== 
==28917== HEAP SUMMARY:
==28917==     in use at exit: 122,880 bytes in 6 blocks
==28917==   total heap usage: 232 allocs, 226 frees, 380,008 bytes allocated
==28917== 
==28917== LEAK SUMMARY:
==28917==    definitely lost: 0 bytes in 0 blocks
==28917==    indirectly lost: 0 bytes in 0 blocks
==28917==      possibly lost: 0 bytes in 0 blocks
==28917==    still reachable: 122,880 bytes in 6 blocks
==28917==         suppressed: 0 bytes in 0 blocks
==28917== Rerun with --leak-check=full to see details of leaked memory
==28917== 
==28917== For counts of detected and suppressed errors, rerun with: -v
==28917== ERROR SUMMARY: 0 errors from 0 contexts (suppressed: 17 from 6)
