Generation = 0, Population = 12.
--------------------------------------------------
--------------------------------------------------
--------------------------------------------------
--------------------------------------------------
--------------------------------------------------
--------------------------------------------------
--------------------------------------------------
--------------------------------------------------
--------------------------------------------------
----------------------000-------------------------
-----------------------000------------------------
--------------------------------------------------
--------------------------------------------------
--------------------------------------------------
--------------------------------------------------
--------------------------------------------------
--------------------------------------------------
--------------------------------------------------
--------------------------------------------------
--------------------------------------------------
--------------------------------------------------
--------------------------------------------------
--------------------------------------------------
--------------------------------------------------
--------------------------------------------------
--------------------------------------------------
--------------------------------------------------
--------------------------------------------------
--------------------------------------------------
--------------------------------------------------
--------------------------------------------------
--------------------------------------------------
--------------------------------------------------
--------------------------------------------------
--------------------------------------------------
--------------------------------------------------
--------------------------------------------------
--------------------------------------------------
--------------------------------------------------
--------------------------------------------------
-----------------------000------------------------
----------------------000-------------------------
--------------------------------------------------
--------------------------------------------------
--------------------------------------------------
--------------------------------------------------
--------------------------------------------------
--------------------------------------------------
--------------------------------------------------
--------------------------------------------------

Generation = 1, Population = 24.
--------------------------------------------------
--------------------------------------------------
--------------------------------------------------
--------------------------------------------------
--------------------------------------------------
--------------------------------------------------
--------------------------------------------------
--------------------------------------------------
----------------------000-------------------------
---------------------011--------------------------
------------------------110-----------------------
-----------------------000------------------------
--------------------------------------------------
--------------------------------------------------
--------------------------------------------------
--------------------------------------------------
--------------------------------------------------
--------------------------------------------------
--------------------------------------------------
--------------------------------------------------
--------------------------------------------------
--------------------------------------------------
--------------------------------------------------
--------------------------------------------------
--------------------------------------------------
--------------------------------------------------
--------------------------------------------------
--------------------------------------------------
--------------------------------------------------
--------------------------------------------------
--------------------------------------------------
--------------------------------------------------
--------------------------------------------------
--------------------------------------------------
--------------------------------------------------
--------------------------------------------------
--------------------------------------------------
--------------------------------------------------
--------------------------------------------------
-----------------------000------------------------
------------------------110-----------------------
---------------------011--------------------------
----------------------000-------------------------
--------------------------------------------------
--------------------------------------------------
--------------------------------------------------
--------------------------------------------------
--------------------------------------------------
--------------------------------------------------
--------------------------------------------------

Generation = 2, Population = 48.
--------------------------------------------------
--------------------------------------------------
--------------------------------------------------
--------------------------------------------------
--------------------------------------------------
--------------------------------------------------
--------------------------------------------------
----------------------000-------------------------
-----------------------110------------------------
--------------------01*-000-----------------------
---------------------000-*10----------------------
----------------------011-------------------------
-----------------------000------------------------
--------------------------------------------------
--------------------------------------------------
--------------------------------------------------
--------------------------------------------------
--------------------------------------------------
--------------------------------------------------
--------------------------------------------------
--------------------------------------------------
--------------------------------------------------
--------------------------------------------------
--------------------------------------------------
--------------------------------------------------
--------------------------------------------------
--------------------------------------------------
--------------------------------------------------
--------------------------------------------------
--------------------------------------------------
--------------------------------------------------
--------------------------------------------------
--------------------------------------------------
--------------------------------------------------
--------------------------------------------------
--------------------------------------------------
--------------------------------------------------
--------------------------------------------------
-----------------------000------------------------
----------------------011-------------------------
---------------------000-*10----------------------
--------------------01*-000-----------------------
-----------------------110------------------------
----------------------000-------------------------
--------------------------------------------------
--------------------------------------------------
--------------------------------------------------
--------------------------------------------------
--------------------------------------------------
--------------------------------------------------

Generation = 3, Population = 48.
--------------------------------------------------
--------------------------------------------------
--------------------------------------------------
--------------------------------------------------
--------------------------------------------------
--------------------------------------------------
----------------------000-------------------------
---------------------011--------------------------
--------------------000---------------------------
-------------------01*.---------------------------
-------------------------.*10---------------------
-------------------------000----------------------
------------------------110-----------------------
-----------------------000------------------------
--------------------------------------------------
--------------------------------------------------
--------------------------------------------------
--------------------------------------------------
--------------------------------------------------
--------------------------------------------------
--------------------------------------------------
--------------------------------------------------
--------------------------------------------------
--------------------------------------------------
--------------------------------------------------
--------------------------------------------------
--------------------------------------------------
--------------------------------------------------
--------------------------------------------------
--------------------------------------------------
--------------------------------------------------
--------------------------------------------------
--------------------------------------------------
--------------------------------------------------
--------------------------------------------------
--------------------------------------------------
--------------------------------------------------
-----------------------000------------------------
------------------------110-----------------------
-------------------------000----------------------
-------------------------.*10---------------------
-------------------01*.---------------------------
--------------------000---------------------------
---------------------011--------------------------
----------------------000-------------------------
--------------------------------------------------
--------------------------------------------------
--------------------------------------------------
--------------------------------------------------
--------------------------------------------------

Generation = 4, Population = 52.
--------------------------------------------------
--------------------------------------------------
--------------------------------------------------
--------------------------------------------------
--------------------------------------------------
----------------------000-------------------------
-----------------------110------------------------
--------------------------------------------------
--------------------------------------------------
------------------01*.*---000---------------------
-------------------000---*.*10--------------------
--------------------------------------------------
--------------------------------------------------
----------------------011-------------------------
-----------------------000------------------------
--------------------------------------------------
--------------------------------------------------
--------------------------------------------------
--------------------------------------------------
--------------------------------------------------
--------------------------------------------------
--------------------------------------------------
--------------------------------------------------
--------------------------------------------------
--------------------------------------------------
--------------------------------------------------
--------------------------------------------------
--------------------------------------------------
--------------------------------------------------
--------------------------------------------------
--------------------------------------------------
--------------------------------------------------
--------------------------------------------------
--------------------------------------------------
--------------------------------------------------
--------------------------------------------------
-----------------------000------------------------
----------------------011-------------------------
--------------------------------------------------
--------------------------------------------------
-------------------000---*.*10--------------------
------------------01*.*---000---------------------
--------------------------------------------------
--------------------------------------------------
-----------------------110------------------------
----------------------000-------------------------
--------------------------------------------------
--------------------------------------------------
--------------------------------------------------
--------------------------------------------------

Generation = 5, Population = 100.
--------------------------------------------------
--------------------------------------------------
--------------------------------------------------
--------------------------------------------------
----------------------000-------------------------
---------------------011--------------------------
------------------------*10-----------------------
-----------------------000------------------------
------------------000-0---000---------------------
-----------------01*...0--11----------------------
--------------------11--0...*10-------------------
-------------------000---0-000--------------------
----------------------000-------------------------
---------------------01*--------------------------
------------------------110-----------------------
-----------------------000------------------------
--------------------------------------------------
--------------------------------------------------
--------------------------------------------------
--------------------------------------------------
--------------------------------------------------
--------------------------------------------------
--------------------------------------------------
--------------------------------------------------
--------------------------------------------------
--------------------------------------------------
--------------------------------------------------
--------------------------------------------------
--------------------------------------------------
--------------------------------------------------
--------------------------------------------------
--------------------------------------------------
--------------------------------------------------
--------------------------------------------------
--------------------------------------------------
-----------------------000------------------------
------------------------110-----------------------
---------------------01*--------------------------
----------------------000-------------------------
-------------------000---0-000--------------------
--------------------11--0...*10-------------------
-----------------01*...0--11----------------------
------------------000-0---000---------------------
-----------------------000------------------------
------------------------*10-----------------------
---------------------011--------------------------
----------------------000-------------------------
--------------------------------------------------
--------------------------------------------------
--------------------------------------------------

Generation = 6, Population = 164.
--------------------------------------------------
--------------------------------------------------
--------------------------------------------------
----------------------000-------------------------
-----------------------110------------------------
--------------------01*-000-----------------------
---------------------000.*10----------------------
------------------000--11-000---------------------
-------------------11--00--110--------------------
----------------01*...*--0--000-------------------
-----------------000--0--*...*10------------------
------------------011--00--11---------------------
-------------------000-11--000--------------------
--------------------01*.000-----------------------
---------------------000-*10----------------------
----------------------011-------------------------
-----------------------000------------------------
--------------------------------------------------
--------------------------------------------------
--------------------------------------------------
--------------------------------------------------
--------------------------------------------------
--------------------------------------------------
--------------------------------------------------
--------------------------------------------------
--------------------------------------------------
--------------------------------------------------
--------------------------------------------------
--------------------------------------------------
--------------------------------------------------
--------------------------------------------------
--------------------------------------------------
--------------------------------------------------
--------------------------------------------------
-----------------------000------------------------
----------------------011-------------------------
---------------------000-*10----------------------
--------------------01*.000-----------------------
-------------------000-11--000--------------------
------------------011--00--11---------------------
-----------------000--0--*...*10------------------
----------------01*...*--0--000-------------------
-------------------11--00--110--------------------
------------------000--11-000---------------------
---------------------000.*10----------------------
--------------------01*-000-----------------------
-----------------------110------------------------
----------------------000-------------------------
--------------------------------------------------
--------------------------------------------------

Generation = 7, Population = 132.
--------------------------------------------------
--------------------------------------------------
----------------------000-------------------------
---------------------011--------------------------
--------------------000---------------------------
-------------------01*.---------------------------
------------------000-1-..------------------------
-----------------011---*-0------------------------
----------------000--0----------------------------
---------------01*..***--10-----------------------
---------------------01--***..*10-----------------
--------------------------0--000------------------
----------------------0-*---110-------------------
----------------------..-1-000--------------------
-------------------------.*10---------------------
-------------------------000----------------------
------------------------110-----------------------
-----------------------000------------------------
--------------------------------------------------
--------------------------------------------------
--------------------------------------------------
--------------------------------------------------
--------------------------------------------------
--------------------------------------------------
--------------------------------------------------
--------------------------------------------------
--------------------------------------------------
--------------------------------------------------
--------------------------------------------------
--------------------------------------------------
--------------------------------------------------
--------------------------------------------------
--------------------------------------------------
-----------------------000------------------------
------------------------110-----------------------
-------------------------000----------------------
-------------------------.*10---------------------
----------------------..-1-000--------------------
----------------------0-*---110-------------------
--------------------------0--000------------------
---------------------01--***..*10-----------------
---------------01*..***--10-----------------------
----------------000--0----------------------------
-----------------011---*-0------------------------
------------------000-1-..------------------------
-------------------01*.---------------------------
--------------------000---------------------------
---------------------011--------------------------
----------------------000-------------------------
--------------------------------------------------

Generation = 8, Population = 88.
--------------------------------------------------
----------------------000-------------------------
-----------------------110------------------------
--------------------------------------------------
--------------------------------------------------
---------------------..---------------------------
---------------------0--..------------------------
---------------------0-.--0-----------------------
---------------------1-0--0-----------------------
--------------01*.*.*..00-----000-----------------
---------------000-----00..*.*.*10----------------
---------------------0--0-1-----------------------
---------------------0--.-0-----------------------
----------------------..--0-----------------------
-------------------------..-----------------------
--------------------------------------------------
--------------------------------------------------
----------------------011-------------------------
-----------------------000------------------------
--------------------------------------------------
--------------------------------------------------
--------------------------------------------------
--------------------------------------------------
--------------------------------------------------
--------------------------------------------------
--------------------------------------------------
--------------------------------------------------
--------------------------------------------------
--------------------------------------------------
--------------------------------------------------
--------------------------------------------------
--------------------------------------------------
-----------------------000------------------------
----------------------011-------------------------
--------------------------------------------------
--------------------------------------------------
-------------------------..-----------------------
----------------------..--0-----------------------
---------------------0--.-0-----------------------
---------------------0--0-1-----------------------
---------------000-----00..*.*.*10----------------
--------------01*.*.*..00-----000-----------------
---------------------1-0--0-----------------------
---------------------0-.--0-----------------------
---------------------0--..------------------------
---------------------..---------------------------
--------------------------------------------------
--------------------------------------------------
-----------------------110------------------------
----------------------000-------------------------

Generation = 9, Population = 165.
----------------------000-------------------------
---------------------011--------------------------
------------------------*10-----------------------
-----------------------000------------------------
--------------------------------------------------
---------------------..---------------------------
--------------------010-..0-----------------------
--------------------0-0.-010----------------------
--------------000-0--*-1-010--000-----------------
-------------01*.......1-000--11------------------
----------------11--000-1.......*10---------------
---------------000--010-1-*--0-000----------------
--------------------010-.0-0----------------------
---------------------0..-010----------------------
-------------------------..-----------------------
--------------------------------------------------
----------------------000-------------------------
---------------------01*--------------------------
------------------------110-----------------------
-----------------------000------------------------
--------------------------------------------------
--------------------------------------------------
--------------------------------------------------
--------------------------------------------------
--------------------------------------------------
--------------------------------------------------
--------------------------------------------------
--------------------------------------------------
--------------------------------------------------
--------------------------------------------------
--------------------------------------------------
-----------------------000------------------------
------------------------110-----------------------
---------------------01*--------------------------
----------------------000-------------------------
--------------------------------------------------
-------------------------..-----------------------
---------------------0..-010----------------------
--------------------010-.0-0----------------------
---------------000--010-1-*--0-000----------------
----------------11--000-1.......*10---------------
-------------01*.......1-000--11------------------
--------------000-0--*-1-010--000-----------------
--------------------0-0.-010----------------------
--------------------010-..0-----------------------
---------------------..---------------------------
--------------------------------------------------
-----------------------000------------------------
------------------------*10-----------------------
---------------------011--------------------------

Generation = 10, Population = 266.
-----------------------110------------------------
--------------------01*-000-----------------------
---------------------000.*10----------------------
----------------------011-------------------------
-----------------------000------------------------
--------------------0*.---0-----------------------
-------------------0---0.*1-----------------------
--------------000-001-1*0---0-000-----------------
---------------11--0-*0*-1-100-110----------------
------------01*.....*..*0-1-00--000---------------
-------------000--00-1-0*..*.....*10--------------
--------------011-001-1-*0*-0--11-----------------
---------------000-0---0*1-100-000----------------
---------------------1*.0---0---------------------
---------------------0---.*0----------------------
----------------------000-------------------------
-----------------------110------------------------
--------------------01*.000-----------------------
---------------------000-*10----------------------
----------------------011-------------------------
-----------------------000------------------------
--------------------------------------------------
--------------------------------------------------
--------------------------------------------------
--------------------------------------------------
--------------------------------------------------
--------------------------------------------------
--------------------------------------------------
--------------------------------------------------
--------------------------------------------------
-----------------------000------------------------
----------------------011-------------------------
---------------------000-*10----------------------
--------------------01*.000-----------------------
-----------------------110------------------------
----------------------000-------------------------
---------------------0---.*0----------------------
---------------------1*.0---0---------------------
---------------000-0---0*1-100-000----------------
--------------011-001-1-*0*-0--11-----------------
-------------000--00-1-0*..*.....*10--------------
------------01*.....*..*0-1-00--000---------------
---------------11--0-*0*-1-100-110----------------
--------------000-001-1*0---0-000-----------------
-------------------0---0.*1-----------------------
--------------------0*.---0-----------------------
-----------------------000------------------------
----------------------011-------------------------
---------------------000.*10----------------------
--------------------01-*-00-----------------------

Generation = 11, Population = 269.
--------------------00-**-------------------------
-------------------01*.---------------------------
------------------------..*10---------------------
-------------------------000----------------------
--------------------00--11------------------------
--------------------1.*-0010----------------------
--------------000--100-1.*-00-000-----------------
-------------011--1-*0-.100-1011------------------
------------000--0-1-.1.--0*--0-------------------
-----------01*..*.*.....-0----0-------------------
-----------------0----0-.....*.*..*10-------------
-----------------0--*0--.1.-1-0--000--------------
----------------1101-001.-0*-1--110---------------
---------------000-00-*.1-001--000----------------
--------------------0100-*.1----------------------
----------------------11--00----------------------
--------------------000---------------------------
-------------------01*..--------------------------
-------------------------.*10---------------------
-------------------------000----------------------
------------------------110-----------------------
-----------------------000------------------------
--------------------------------------------------
--------------------------------------------------
--------------------------------------------------
--------------------------------------------------
--------------------------------------------------
--------------------------------------------------
--------------------------------------------------
-----------------------000------------------------
------------------------110-----------------------
-------------------------000----------------------
-------------------------.*10---------------------
-------------------01*..--------------------------
--------------------000---------------------------
----------------------11--00----------------------
--------------------0100-*.1----------------------
---------------000-00-*.1-001--000----------------
----------------1101-001.-0*-1--110---------------
-----------------0--*0--.1.-1-0--000--------------
-----------------0----0-.....*.*..*10-------------
-----------01*..*.*.....-0----0-------------------
------------000--0-1-.1.--0*--0-------------------
-------------011--1-*0-.100-1011------------------
--------------000--100-1.*-00-000-----------------
--------------------1.*-0010----------------------
--------------------00--11------------------------
-------------------------000----------------------
----------------------11..*10---------------------
-------------------01-0*--------------------------

Generation = 12, Population = 252.
-----------------------..0------------------------
------------------01***00-000---------------------
-------------------000--.*.*10--------------------
--------------------00----1-----------------------
-------------------0-1-0-*0-----------------------
--------------000----.*0------000-----------------
---------------110-*--0-..---0-110----------------
--------------------.--**1------------------------
---------------------*-.00-*----------------------
----------01*.*.*.*.....0--0--1---000-------------
-----------000---1--0--0.....*.*.*.*10------------
--------------------*-00.-*-----------------------
----------------------1**--.----------------------
--------------011-0---..-0--*-011-----------------
---------------000------0*.----000----------------
---------------------0*-0-1-0---------------------
---------------------1----00----------------------
------------------01*.*.--000---------------------
-------------------000---*.*10--------------------
--------------------------------------------------
--------------------------------------------------
----------------------011-------------------------
-----------------------000------------------------
--------------------------------------------------
--------------------------------------------------
--------------------------------------------------
--------------------------------------------------
--------------------------------------------------
-----------------------000------------------------
----------------------011-------------------------
--------------------------------------------------
--------------------------------------------------
-------------------000---*.*10--------------------
------------------01*.*.--000---------------------
---------------------1----00----------------------
---------------------0*-0-1-0---------------------
---------------000------0*.----000----------------
--------------011-0---..-0--*-011-----------------
----------------------1**--.----------------------
--------------------*-00.-*-----------------------
-----------000---1--0--0.....*.*.*.*10------------
----------01*.*.*.*.....0--0--1---000-------------
---------------------*-.00-*----------------------
--------------------.--**1------------------------
---------------110-*--0-..---0-110----------------
--------------000----.*0------000-----------------
-------------------0-1-0-*0-----------------------
--------------------0000--1-----------------------
-------------------000--**.*10--------------------
------------------01*--*0-000---------------------

Generation = 13, Population = 400.
------------------00000**--00---------------------
-----------------01*..*-1-11----------------------
---------------------1-0**..*10-------------------
-------------------0-100-0*-00--------------------
--------------000-0-0*01-*-0--000-----------------
-------------011-----*.-000---11------------------
----------------*1-.0010..--0-0-*10---------------
---------------000-0.0-*.-00-0-000----------------
----------000-0-0-0-0.0.1--.0-0---000-------------
---------01*.....*.....*1-010-----11--------------
------------11-----010-1*.....*.....*10-----------
-----------000---0-0.--1.0.0-0-0-0-000------------
--------------000-0-00-.*-0.0-000-----------------
-------------01*-0-0--..0100.-1*------------------
----------------11---000-.*-----110---------------
---------------000--0-*-10*0-0-000----------------
------------------00-*0-001-0---------------------
-----------------01*..*.--------------------------
--------------------11--0...*10-------------------
-------------------000---0-000--------------------
----------------------000-------------------------
---------------------01*--------------------------
------------------------110-----------------------
-----------------------000------------------------
--------------------------------------------------
--------------------------------------------------
--------------------------------------------------
-----------------------000------------------------
------------------------110-----------------------
---------------------01*--------------------------
----------------------000-------------------------
-------------------000---0-000--------------------
--------------------11--0...*10-------------------
-----------------01*..*.--------------------------
------------------00-*0-001-0---------------------
---------------000--0-*-10*0-0-000----------------
----------------11---000-.*-----110---------------
-------------01*-0-0--..0100.-1*------------------
--------------000-0-00-.*-0.0-000-----------------
-----------000---0-0.--1.0.0-0-0-0-000------------
------------11-----010-1*.....*.....*10-----------
---------01*.....*.....*1-010-----11--------------
----------000-0-0-0-0.0.1--.0-0---000-------------
---------------000-0.0-*.-00-0-000----------------
----------------*1-.0010..--0-0-*10---------------
-------------011-----*.-000---11------------------
--------------000-0-0*---*-0--000-----------------
-------------------0-----0*-00--------------------
-----------------------0....*10-------------------
-----------------01*.-0*-011----------------------

Generation = 14, Population = 485.
-------------------1--1.*0--10--------------------
----------------01*....--0*-000-------------------
-----------------00-0*--.....*10------------------
--------------000---0*1101.0--000-----------------
---------------11--01.1-0.-----110----------------
------------01*-000-0..0111-00*-000---------------
-------------000.-0.1---..---01-.*10--------------
----------000--1--0-.1-.*011---11-000-------------
-----------11--01--0-*-.*0-.10--0--110------------
--------01*......**.....*-1--0---0--000-----------
---------000--0---0--1-*.....**......*10----------
----------011--0--01.-0*.-*-0--10--11-------------
-----------000-11---110*.-1.-0--1--000------------
------------01*.-10---..---1.0-.000---------------
-------------000-*00-1110..0-000-*10--------------
--------------011-----.0-1.10--11-----------------
---------------000--0.1--1-0---000----------------
----------------01*...*.-00--00-------------------
-----------------000---0-..*.*10------------------
------------------011--00--11---------------------
-------------------000-11--000--------------------
--------------------01*.000-----------------------
---------------------000-*10----------------------
----------------------011-------------------------
-----------------------000------------------------
--------------------------------------------------
-----------------------000------------------------
----------------------011-------------------------
---------------------000-*10----------------------
--------------------01*.000-----------------------
-------------------000-11--000--------------------
------------------011--00--11---------------------
-----------------000---0-..*.*10------------------
----------------01*...*.-00--00-------------------
---------------000--0.1--1-0---000----------------
--------------011-----.0-1.10--11-----------------
-------------000-*00-1110..0-000-*10--------------
------------01*.-10---..---1.0-.000---------------
-----------000-11---110*.-1.-0--1--000------------
----------011--0--01.-0*.-*-0--10--11-------------
---------000--0---0--1-*.....**......*10----------
--------01*......**.....*-1--0---0--000-----------
-----------11--01--0-*-.*0-.10--0--110------------
----------000--1--0-.1-.*011---11-000-------------
-------------000.-0.1---..---01-.*10--------------
------------01*-000-0..-111-00*-000---------------
---------------11--01*0--.-----110----------------
--------------000----0-00-*0--000-----------------
-----------------00----1.....*10------------------
----------------01-..01*-1-*-00-------------------

Generation = 15, Population = 433.
----------------00--00-.*--0----------------------
---------------01*..**.---*-----------------------
--------------000----.-0...*..--------------------
-------------011--0-1.*-1*.-0---------------------
------------000-*--1*.*--.00000-------------------
-----------01*.----0-..1*-*-11.0------------------
----------000-1-.--.*--0..-0----..----------------
---------011-----01-.*0.*1-*---*-0----------------
--------000--00-*-0--.0*.-0.*-0-1-----------------
-------01*..*..******.***0-0------0---------------
-------------0------0-0***.******..*..*10---------
---------------1-0-*.0-.*0.--0-*-00--000----------
--------------0-*---*-1*.0*.-10-----110-----------
--------------..----0-..0--*.--.-1-000------------
----------------0.11-*-*1..-0----.*10-------------
-----------------00000.10*.*1--*-000--------------
-------------------0-**-0-01-0--110---------------
------------------...***0-100--000----------------
-----------------------1-*.*..*10-----------------
----------------------01-00*-000------------------
----------------------0-*---110-------------------
----------------------..-1-000--------------------
-------------------------.*10---------------------
-------------------------000----------------------
------------------------110-----------------------
--------------------------------------------------
------------------------110-----------------------
-------------------------000----------------------
-------------------------.*10---------------------
----------------------..-1-000--------------------
----------------------0-*---110-------------------
----------------------01-00*-000------------------
-----------------------1-*.*..*10-----------------
------------------...***0-100--000----------------
-------------------0-**-0-01-0--110---------------
-----------------00000.10*.*1--*-000--------------
----------------0.11-*-*1..-0----.*10-------------
--------------..----0-..0--*.--.-1-000------------
--------------0-*---*-1*.0*.-10-----110-----------
---------------1-0-*.0-.*0.--0-*-00--000----------
-------------0------0-0***.******..*..*10---------
-------01*..*..******.***0-0------0---------------
--------000--00-*-0--.0*.-0.*-0-1-----------------
---------011-----01-.*0.*1-*---*-0----------------
----------000-1-.--.*---..-0----..----------------
-----------01*.----0-..0*-*-11.0------------------
------------000-*--1*.1--.-0000-------------------
-------------011--00-10-1-.10---------------------
--------------000-10----.*.*..--------------------
---------------01--..1-*---.----------------------

Generation = 16, Population = 354.
------------------00--0..0--0---------------------
-----------------...***000*0----------------------
------------------0--.--****..--------------------
----------------00-0*.*0**.01-0-------------------
---------------0.0--*.*--.---11-------------------
-------------..-0-010**-*-*---.-0-----------------
-------------0-0.00**--1..-1-0--*.----------------
-------------0---1-0.*-.**0*---*0-0---------------
-------------110.---0.1..0-.*--0--0---------------
------01*.*.*..**.*.*....-0100-0-0----000---------
-------000----0-0-0010-....*.*.**..*.*.*10--------
-------------0--0--*.-0..1.0---.011---------------
-------------0-0*---*0**.-*.0-1---0---------------
--------------.*--0-1-..1--**00.0-0---------------
---------------0-.---*-.*.*010-0-..---------------
-----------------11--1.--...--0.0-----------------
-----------------0-10..--0-*--00------------------
------------------..**..-0--1---------------------
---------------------00-0......-------------------
---------------------0--0--*0---------------------
---------------------010*000----------------------
----------------------..--0-----------------------
-------------------------..-----------------------
--------------------------------------------------
-----------------------0**------------------------
--------------------------------------------------
-----------------------0**------------------------
--------------------------------------------------
-------------------------..-----------------------
----------------------..--0-----------------------
---------------------010*000----------------------
---------------------0--0--*0---------------------
---------------------00-0......-------------------
------------------..**..-0--1---------------------
-----------------0-10..--0-*--00------------------
-----------------11--1.--...--0.0-----------------
---------------0-.---*-.*.*010-0-..---------------
--------------.*--0-1-..1--**00.0-0---------------
-------------0-0*---*0**.-*.0-1---0---------------
-------------0--0--*.-0..1.0---.011---------------
-------000----0-0-0010-....*.*.**..*.*.*10--------
------01*.*.*..**.*.*....-0100-0-0----000---------
-------------110.---0.1..0-.*--0--0---------------
-------------0---1-0.*-.**0*---*0-0---------------
-------------0-0.00**-00..-1-0--*.----------------
-------------..-0-010*.1.-*---.-0-----------------
---------------0.0-*..*--*---11-------------------
----------------00-10*----.*--0-------------------
--------------------0-00*.***.--------------------
-----------------00..--.00-.----------------------

Generation = 17, Population = 423.
-----------------011--1..1---0--------------------
-----------------.*.***-1-.-----------------------
----------------0----.-0......0-------------------
----------------1-01*.*-...-*010------------------
--------------0-.1-0...--.00-*-00-----------------
-------------.*0---*-.*0.-.---*010----------------
------------01--.-1..0--..0*--0-*.0---------------
------------0---0*01.*-***-*-00*--10--------------
------000-0-----.00-1.-.*10..-0---10--000---------
-----01*........*.*......-1*1---0--0--11----------
--------11--0--0---1*1-......*.*........*10-------
-------000--01---0-..01*.-.1-00.-----0-000--------
------------01--*00-*-***-*.10*0---0--------------
-------------0.*-0--*0..*00..1-.--10--------------
--------------010*---*0..**1*---0*.---------------
---------------00-*--*.-0*..0-1.-0----------------
----------------010*-..-01-.-0-1------------------
-----------------0.*..*.-10--000------------------
---------------------11-1*.**..-------------------
--------------------0-0----*10--------------------
--------------------0---*-1-----------------------
---------------------0**0-1-----------------------
-------------------------..-----------------------
-----------------------000------------------------
----------------------01*.0-----------------------
--------------------------------------------------
----------------------01*.0-----------------------
-----------------------000------------------------
-------------------------..-----------------------
---------------------0**0-1-----------------------
--------------------0---*-1-----------------------
--------------------0-0----*10--------------------
---------------------11-1*.**..-------------------
-----------------0.*..*.-10--000------------------
----------------010*-..-01-.-0-1------------------
---------------00-*--*.-0*..0-1.-0----------------
--------------010*---*0..**1*---0*.---------------
-------------0.*-0--*0..*00..1-.--10--------------
------------01--*00-*-***-*.10*0---0--------------
-------000--01---0-..01*.-.1-00.-----0-000--------
--------11--0--0---1*1-......*.*........*10-------
-----01*........*.*......-1*1---0--0--11----------
------000-0-----.00-1.-.*10..-0---10--000---------
------------0---0*01..0.**-*-00*--10--------------
------------01--.-1..-1-..0*--0-*.0---------------
-------------.*0----1..**-*---*010----------------
--------------0-.10...*-0.-00*-00-----------------
----------------1---1.0000.*--10------------------
----------------0-0-101-*.***.0-------------------
----------------011..-0.-1-*0---------------------

Generation = 18, Population = 499.
----------------01**--**.-0-0-0-------------------
----------------0.*.***0--.--00-------------------
---------------010-0-.0-......1-------------------
--------------00*01**..-...-*1*-------------------
-------------01-*-0-.**0-.110.-1------------------
------------0.*100-*0.*1.-.---.1-1----------------
-----------0-*-0*-*..1--.*1*0---..1---------------
------000-001--01.-*.*-*..-*-1-.-0*-0-000---------
-------11--00---.-10-.-*.*-..-1-00-100-110--------
----01*.........*.*..*...--**-0--0-100--000-------
-----000--001-0--0-**--...*..*.*.........*10------
------011-001-00-1-..-*.*-.-01-.---00--11---------
-------000-0-*0-.-1-*-...0*.*-.10--100-000--------
-------------1..---0*-...11..*-*0-*-0-------------
--------------1-1.---.1*...-*-001*.0--------------
----------------1-.-0**0-...10-*-10---------------
-----------------*1*0..0-*-.-1-*00----------------
-----------------1.****.0*1-----0-----------------
-----------------0-0-**-**.....0------------------
-------------------01010-0-.*10-------------------
-------------------01---*-*-00--------------------
---------------------1**--*0----------------------
---------------------00--..-----------------------
------------------------11------------------------
---------------------01*..-0----------------------
--------------------------------------------------
---------------------01*..-0----------------------
------------------------11------------------------
---------------------00--..-----------------------
---------------------1**--*0----------------------
-------------------01---*-*-00--------------------
-------------------01010-0-.*10-------------------
-----------------0-0-**-**.....0------------------
-----------------1.****.0*1-----0-----------------
-----------------*1*0..0-*-.-1-*00----------------
----------------1-.-0**0-...10-*-10---------------
--------------1-1.---.1*...-*-001*.0--------------
-------------1..---0*-...11..*-*0-*-0-------------
-------000-0-*0-.-1-*-...0*.*-.10--100-000--------
------011-001-00-1-..-*.*-.-01-.---00--11---------
-----000--001-0--0-**--...*..*.*.........*10------
----01*.........*.*..*...--**-0--0-100--000-------
-------11--00---.-10-.0***-..-1-00-100-110--------
------000-001--01.-*.*1.*.-*-1-.-0*-0-000---------
-----------0-*-0*-*..0*-..-*0---..1---------------
------------0.*100-0-**.*-*00-.1-1----------------
-------------01-**1*..*--.---*-1------------------
--------------00*--0*.1--1..0---------------------
---------------0-01---*0......1-------------------
---------------0---*.-1*--0.-00-------------------

Generation = 19, Population = 522.
---------------0--**--.*.0---010------------------
-----------------...*..-0-.--110------------------
-------------------10.1-....*.-0------------------
---------------1.1*.*..0...-*-*-------------------
-------------1*-.-10...-0.*--.-*00----------------
-------------..*-1-*1..-*0.---.*------------------
------000--1-*01.0*..*--*.-*1--0*.*00-000---------
-----011--1---0--.0*..-..*-*0--.--.01011----------
----000--0---0-0*0--0.0.*.0*.-*-110---0-----------
---01*..*.*..*...........0-**01--1--1-0-----------
---------0-1--1--10**-0...........*..*.*..*10-----
---------0---011-*-.*0...-*0--0*0-0---0--000------
--------11010.--.--0*0..*-*.*0.--0---1--110-------
-------000-00*.*0--1*0..*--.**0.10*-1--000--------
----------------*.-0-.-**..0*-1-*..---------------
--------------00*-*--..10...--0.-*1---------------
-----------------*-.1..10*-.-*-*1-----------------
----------------0-......-.*0-0-01-----------------
----------------01---..0.....**-------------------
-----------------001*1*1-1-***1-------------------
------------------0--0-0*0*0----------------------
-------------------0--.*-0*1-0--------------------
--------------------0---0**0----------------------
------------------------**00----------------------
--------------------01-**.0-0---------------------
--------------------------------------------------
--------------------01-**.0-0---------------------
------------------------**00----------------------
--------------------0---0**0----------------------
-------------------0--.*-0*1-0--------------------
------------------0--0-0*0*0----------------------
-----------------001*1*1-1-***1-------------------
----------------01---..0.....**-------------------
----------------0-......-.*0-0-01-----------------
-----------------*-.1..10*-.-*-*1-----------------
--------------00*-*--..10...--0.-*1---------------
----------------*.-0-.-**..0*-1-*..---------------
-------000-00*.*0--1*0..*--.**0.10*-1--000--------
--------11010.--.--0*0..*-*.*0.--0---1--110-------
---------0---011-*-.*0...-*0--0*0-0---0--000------
---------0-1--1--10**-0...........*..*.*..*10-----
---01*..*.*..*.......****0-**01--1--1-0-----------
----000--0---0-0*0--0.-.**0*.-*-110---0-----------
-----011--1---0--.0*..*.**0*0--.--.01011----------
------000--1-*01.0**.1.0.*-.---0*.*00-000---------
-------------..*---1-....-*1--**------------------
-------------1*-..-...*00*000*-*00----------------
---------------1.00-*.--0-..--00------------------
----------------01*000.-*.....*0------------------
--------------0100-..0-*00-.01-0------------------

Generation = 20, Population = 585.
--------------0-00.*--..*-0-0-*-0-----------------
---------------0-.*.**.---.---*10-----------------
---------------0-0-*1.--....*.010-----------------
-------------0--.*..**.-...0.-*000----------------
------------0**0.0--...-1..00.-*-10---------------
------000--0-..*-*-.*..0*1*00-*.00000-000---------
-------110---*1-.-....00*.0*-00-*.*1-0-110--------
-------------0100.-***0***0.-00.-0.-*-------------
----------0-0101*1---.-.*.1..-*-**1---------------
--01*.*.*.*.**.*....*..*.-0**--0-*00-01---000-----
---000---10-00*-0--**0-.........*.**.*.*.*.*10----
-------------1**-*-..-*..0*1--1*1010-0------------
-----------*-.0-.00-.1*..-*..-.0010---------------
------011-0-1*.*-00*.-*.*00...-.-1*---011---------
-------000-00000..-1-.0..*.1*0--*..-0--000--------
-------------01-*0*-0.**1...0-1.0**0--------------
--------------000*-.-..-1*-.0*0.--0---------------
---------------010.....*0**1--0--0----------------
---------------0---00*.1*......-0-----------------
------------------1-**.*0*0*..-0------------------
------------------10-101.-.1--0-------------------
---------------------0**-1.*--0-------------------
---------------------0---..100--------------------
---------------------0--..------------------------
-------------------01*-**.10-0--------------------
--------------------------------------------------
-------------------01*-**.10-0--------------------
---------------------0--..------------------------
---------------------0---..100--------------------
---------------------0**-1.*--0-------------------
------------------10-101.-.1--0-------------------
------------------1-**.*0*0*..-0------------------
---------------0---00*.1*......-0-----------------
---------------010.....*0**1--0--0----------------
--------------000*-.-..-1*-.0*0.--0---------------
-------------01-*0*-0.**1...0-1.0**0--------------
-------000-00000..-1-.0..*.1*0--*..-0--000--------
------011-0-1*.*-00*.-*.*00...-.-1*---011---------
-----------*-.0-.00-.1*..-*..-.0010---------------
-------------1**-*-..-*..0*1--1*1010-0------------
---000---10-00*-0--*.-1.**......*.**.*.*.*.*10----
--01*.*.*.*.**.*......*..-0**--0-*00-01---000-----
----------0-0101*1---.-...1..-*-**1---------------
-------------0100.-..**...1.100.-0.-*-------------
-------110---*1-*1...-*-..0.0---*.*1-0-110--------
------000--0-..*00-*0....0.---..00000-000---------
------------0**0*.0*...-1.11-*-.-10---------------
-------------0--.--0*.0---**0--1-0----------------
--------------00--.-1-*-.......10-----------------
-------------01-1--*.1-*110.1*010-----------------

Generation = 21, Population = 614.
-------------0-011**-0...-----*010----------------
---------------1-....*.-0-.--0.*10----------------
-------------001-10.*.--......1-1-----------------
-------------1--.*.***.-...1.0.-1-----------------
------000---1*.-.-0-**.-*..1-.0.-*--0-000---------
-----011--0--..*-.0...*-.-.--0*.-1-11011----------
--------*1000*-0.0.*..--..1.0-1-*..---0-*10-------
-------0000--1-1-*0.**1...1.0-1.01.-*--000--------
--000-0-001---1-.*00-.0...-.*-*0..--000---000-----
-01*......*......*.***...0-*.0---.----*---11------
----11---*----.---0**1-..*..*.*......*......*10---
---000---000--..0*-*.0*..1**00*.-1---100-0-000----
------000--*-.10.1--.**.*0...-*-1-1--0000---------
-----01*-0---..*--1**-*.*1-.*.-*0-*0001*----------
--------11011-1-..0*-.-....**1-0*..--0--110-------
-------000-0--*-.1*0-**.-.*.--*.-.*1---000--------
---------------1-.-.0.*0*.-.-.1.001---------------
---------------1*-*.*.*.-.**--10------------------
--------------01-0-11*.*.......-------------------
---------------0-0*-....1*-*..--------------------
-----------------0-10*1*.-.-001-------------------
------------------0001.*--.*--10------------------
--------------------0--0-.*--1--------------------
-------------------0--00..0-0---------------------
------------------01-*-...*1--0-------------------
--------------------------------------------------
------------------01-*-...*1--0-------------------
-------------------0--00..0-0---------------------
--------------------0--0-.*--1--------------------
------------------0001.*--.*--10------------------
-----------------0-10*1*.-.-001-------------------
---------------0-0*-....1*-*..--------------------
--------------01-0-11*.*.......-------------------
---------------1*-*.*.*.-.**--10------------------
---------------1-.-.0.*0*.-.-.1.001---------------
-------000-0--*-.1*0-**.-.*.--*.-.*1---000--------
--------11011-1-..0*-.-....**1-0*..--0--110-------
-----01*-0---..*--1**-*.*1-.*.-*0-*0001*----------
------000--*-.10.1--.**.*0...-*-1-1--0000---------
---000---000--..0*-..-*.*-.*00*.-1---100-0-000----
----11---*----.---0..0-.*...*.*......*......*10---
-01*......*......*.....*.--*.0---.----*---11------
--000-0-001---1-.*0--*-..*-..-*0..--000---000-----
-------0000--1-11.-..**..*-.---.01.-*--000--------
--------*1000*--.-*.*-*0.*1.1-00*..---0-*10-------
-----011--0--...--0*1....-.000..-1-11011----------
------000---1*.1..1..*.0-.--0.0.-*--0-000---------
-------------10-*---*.1000*.1-0*01----------------
-------------0-1--.0*0*-*......*------------------
------------01-0-00.*-0*--1.**-*-0----------------

Generation = 22, Population = 723.
------------0-----*.-1...-----*1*-0---------------
-----------------....*.0-0.-0-..--0---------------
------------0-----1...--....**-0------------------
------000------0**.....-...**-*0*---0-000---------
-------11000***0.-10..*0...*0.1*-*0-10-110--------
----01*-0-1--...0*1.**.0.-.0-1*.-*-**---000-------
-----000.*---*--.1.**.--..*.10--*.*0--1-.*10------
--000--1--1--*0*-.-.**-...*.---.-*.0*-011-000-----
---11--0-1*0----..1-0.1...0.*0*1*.-0----0--110----
01*.....*.*......*....*..1-*.-00-.--00*0-0--000---
-000--0-0*00--.-001..*-.**....*......*.*.....*10--
--011--0----0-.*1*0*.1.*.*.*1-*.----0*1-0--11-----
---000-110-*0.*-.*--.....1...-*0*0*--1--1--000----
----01*.-1--0*.*0--.*0*.*-0**.-.1-*---*.000-------
-----000---**-*-..1.-.-*.*****0-*..--1-0-*10------
------011-01-0*-.*.-0**.0..*0-*.-.**00011---------
-------000-0---*-.-.1..-.*-*-*-.1------000--------
---------------*.0*.....0...00-1-00---------------
-------------01*01-*******.*...0------------------
---------------1-1.0....*.-.**0-------------------
---------------001--1.-*.0*01---------------------
------------------11--.*0-.*-0-10-----------------
------------------001---0.*----0------------------
-------------------1--1-.*-0--0-------------------
-----------------01--.-...**-0-0------------------
--------------------------------------------------
-----------------01--.-...**-0-0------------------
-------------------1--1-.*-0--0-------------------
------------------001---0.*----0------------------
------------------11--.*0-.*-0-10-----------------
---------------001--1.-*.0*01---------------------
---------------1-1.0....*.-.**0-------------------
-------------01*01-*******.*...0------------------
---------------*.0*.....0...00-1-00---------------
-------000-0---*-.-.1..-.*-*-*-.1------000--------
------011-01-0*-.*.-0**.0..*0-*.-.**00011---------
-----000---**-*-..1.-.-*.*****0-*..--1-0-*10------
----01*.-1--0*.*0--.*0*.*-0**.-.1-*---*.000-------
---000-110-*0.*-.*-0*.*..-**.-*0*0*--1--1--000----
--011--0----0-.*1*-..0*.*-.*1-*.----0*1-0--11-----
-000--0-0*00--.-00-..--.*.....*......*.*.....*10--
01*.....*.*......*....*.*00.*-00-.--00*0-0--000---
---11--0-1*0----.*100*-.*.0..-*1*.-0----0--110----
--000--1--1--*0**.-**..*.*-.0--.-*.0*-011-000-----
-----000.*---*00.0*.*0*1***.*01-..*0--1-.*10------
----01*-0-1--.*.-01.-..**0*1-1..-*-**---000-------
-------11000**.-.**..*.1-*0--.1.-*0-10-110--------
------000----*1-*00-..-11-.**--.--0-0-000---------
--------------0*-0*1.-.-..*.*...------------------
-----------01--1-11.*0-*-0-...-.--0---------------

Generation = 23, Population = 745.
-----------0-0---0..0**..0--00.-.-10--------------
-----------------.....*---.01-..0010--------------
------000--0-0-00--...-0......01--0-0-000---------
-----011--00-0--**.*...0.....0.-.-001011----------
----000---1-***-.0-1***-..*.-.*.0*10*10-----------
---01*.-1-*-0..*1.-..*.1.-*1--..-.-..-0-----------
--000-1-.*0-0*-0.*....-0..*.*--0*..100*-..--------
-011----00*-0*-.0.0...-..**.--0.0*.1*----0--------
000--0010*.10000..--1.*..*1.*-.**.0100-01---------
1*..*...........*..*..****0**-1--.--11.-0-0-------
-----0-0-.11--.----***-*.*.**.*............*..*10-
-------10-0010.**.1****..*..*-*.00001.*0100--000--
------0----*1.*0..-0...*.*...0*-*-*0-*00----110---
------..-*001..*1-0..-***--...-.-0*0-0*.-1-000----
---------0-..-.-**-*-.0.......--..*0-*-1-.*10-----
---------01*01*-...0-***-...--*.-*.*-1---000------
--------110100-*0*0**..-**-*-.-*---000--110-------
-------000-0-0-..-*...*.1..*1--*0110---000--------
------------01-.-*0****..*.*...1000---------------
-------------0----.1......0..*1-------------------
--------------0----0-.0*.1*1-0000-----------------
---------------00---0-.*--..0---10----------------
-----------------0--*00-1.*0-0-1------------------
-----------------00*-0-0.*-10--0------------------
----------------01*--.0...**--0-0-----------------
--------------------------------------------------
----------------01*--.0...**--0-0-----------------
-----------------00*-0-0.*-10--0------------------
-----------------0--*00-1.*0-0-1------------------
---------------00---0-.*--..0---10----------------
--------------0----0-.0*.1*1-0000-----------------
-------------0----.1......0..*1-------------------
------------01-.-*0****..*.*...1000---------------
-------000-0-0-..-*...*.1..*1--*0110---000--------
--------110100-*0*0**..-**-*-.-*---000--110-------
---------01*01*-...0-***-...--*.-*.*-1---000------
---------0-..-.-**-*-.0.......--..*0-*-1-.*10-----
------..-*001..*1-0.*-*.*01...-.-0*0-0*.-1-000----
------0----*1.*0.*-1.....0...0*-*-*0-*00----110---
-------10-0010.**.0.*1*..0***-*.00001.*0100--000--
-----0-0-.11--.--10..0-.*.*.*.*............*..*10-
1*..*..............***..*--*.-1--.--11.-0-0-------
000--0010*.10000.*-11*-...1..0***.0100-01---------
-011----00*-0*1...0.......0.1--.-*.1*----0--------
--000-1-.*0-0.--.-..*-.-.....1*0.*.100*-..--------
---01*.-1-*-0..*01*.0....-.*0*..0*-..-0-----------
----000---1-*..-...*...--.-00*-.0*-0*10-----------
-----011--00-.-0.-1-..0-*-..*00.--1-1011----------
------000--00--.01.**0*-.**.*...----0-000---------
----------01*0-*---.*1-.---...-.-0-0--------------

Generation = 24, Population = 700.
----------0---0-0-..1**..-0--1.-.---0-------------
------000------00.....*--0.1--**1-----000---------
-------110-1-1-1---...-1....**1*----10-110--------
---------0--0---.*.*.*.1.....-.0*-11-1------------
--------00-0..*-.1--.*.0..**-...1**1.*1-----------
-----..0-0*--..***-..*.*.0**--..-.0..0-0----------
-----0-0..1-1.-1.*....01*....0-1***-1-*0..--------
-----0----.01.-.-*-...0.*...-0-.1..*.000--0-------
-----1--1..*11-1**0--**...*.*0*.*.1*---1--0-------
-.*.*....*...***...*......1..-*-0.0---*-1-----000-
00-----1-*---0.0---...-.......*..**...*....*.*.*10
-----0--1---*1.**.*....*.*.**0*.--11*..1--1-------
-----0--000.*..1..01.....*...1*-*-.10.----0-------
------..0*-1-**.-0-*.0*.*--...0.-1.1-1..0-0-------
--------0-0..0*-**0*0.-.*.....0-...1-*0-0..-------
---------1*.1**-...-0***-...-0..0...0-00----------
----------1-110*-*1.*..-**-*-.-*---1--0-----------
------011-01--0..0....*.*..**00.1**--0011---------
-------000--1*0.0*1.****.*.*.*.-11-----000--------
-------------1---0.-...**.1..*-0-00---------------
----------------0-01-.1*****0-1-------------------
---------------11---1-..-0..-000-10---------------
---------------0-1--.11--**----*-0----------------
-----------------11*01--**-*1--1------------------
---------------01*.--.-...**-0-0-0----------------
--------------------------------------------------
---------------01*.--.-...**-0-0-0----------------
-----------------11*01--**-*1--1------------------
---------------0-1--.11--**----*-0----------------
---------------11---1-..-0..-000-10---------------
----------------0-01-.1*****0-1-------------------
-------------1---0.-...**.1..*-0-00---------------
-------000--1*0.0*1.****.*.*.*.-11-----000--------
------011-01--0..0....*.*..**00.1**--0011---------
----------1-110*-*1.*..-**-*-.-*---1--0-----------
---------1*.1**-...-0***-...-0..0...0-00----------
--------0-0..0*-**0*-.-.**....0-...1-*0-0..-------
------..0*-1-**.---.*-.**1*...0.-1.1-1..0-0-------
-----0--000.*..1..--..**.-..*1*-*-.10.----0-------
-----0--1---*1.*..1.***.*-..*0*.--11*..1--1-------
00-----1-*---0.0-*-..--**...*.*..**...*....*.*.*10
-.*.*....*...**.**....*..00**---0.0---*-1-----000-
-----1--1..*1111..0-**0..**.*1****1*---1--0-------
-----0----.01.-*..-..*....1*-0-.-*.*.000--0-------
-----0-0..1--.00*0*..0.-.....-*1.*.-1-*0..--------
-----..0-0*--*..--*.1....-.*1...-.0..0-0----------
--------00-0*..-...*...-0.0--.-*-.01.*1-----------
---------0--0.0-*--0..1-.-*..11.0--0*1------------
-------11001---*1***.1*0.*.**...-00-10-110--------
------00001*.1-.-0-*.--.-00...-.0-----000---------

Generation = 25, Population = 824.
------0000-0-0-010..***..---0-*0.--0-0000---------
-----011--00-0---.....*-0-*--0..*0----11----------
--------*---0--*-0-...-**...***.0-0-*-0-*10-------
-------00-00--00*.*.*..-*..**0.-.0--0--000--------
--------110-...-.-00.*.-.*.*0..*-..-.**-----------
-----.*10-.-0.**.*0..*...1.*00.*-.-..1-10---------
----01-1***0*.0*.**..*-*..*.*1-**.*0--.1*.0-------
----0-000-*-*.-*-.-...-.**..---.-....1110010------
--0--*00-.***-0-.*1-0***.*.**1*.*.-*000*-010--000-
0*.......**......**.......**.-*-1.---0*0-000--11--
11--000-0*0---.---0...-...***.*......**.........*1
00--010-*000*-.*****....*.*.*1..0--***.-00*--0-000
----0100111....*..--*.**.**..-.-.-.*-*-000-0------
-----0.*1.--0...-1-..1.**--...-.--.-0***1-10------
-------01-1..1.-**-.-.-.*....*10..**0.-01*.-------
---------**.-..-...-1.**0*..0-**-..*-011----------
------000--0-*-*-****..-**-*-.-*00-----00---------
-----01*-0-*00-..-..*.*....*.11.-.*-011*----------
--------11--*.-*1.*..*...*.*...--*0--0--110-------
-------000---*--01.0*.....*..*0-0-10---000--------
-------------0--101*-.*....*1-*0------------------
--------------0---0---..--..-11---10--------------
--------------010*-0.-*0-..-00-*-1----------------
-----------------*-*---0*.-.*-0-0-----------------
--------------01-*.00.-..***0--1--0---------------
--------------------------------------------------
--------------01-*.00.-..***0--1--0---------------
-----------------*-*---0*.-.*-0-0-----------------
--------------010*-0.-*0-..-00-*-1----------------
--------------0---0---..--..-11---10--------------
-------------0--101*-.*....*1-*0------------------
-------000---*--01.0*.....*..*0-0-10---000--------
--------11--*.-*1.*..*...*.*...--*0--0--110-------
-----01*-0-*00-..-..*.*....*.11.-.*-011*----------
------000--0-*-*-****..-**-*-.-*00-----00---------
---------**.-..-...--***0.*.0-**-..*-011----------
-------01-1..1.-.*-*0.0...*..*10..**0.-01*.-------
-----0.*1.--0...000*.0*..**...-.--.-0***1-10------
----0100111....*..0-*....0.***.-.-.*-*-000-0------
00--010-*000*-.*..-..*..*0.*.1..0--***.-00*--0-000
11--000-0*0---.10*-..00.*.*...**.....**.........*1
0*.......**......**...*..-1..---1.---0*0-000--11--
--0--*00-.*****-.*--*.-......***..**000*-010--000-
----0-000-*--.0...-*.....*-*010.-..*.1110010------
----01-1***-0*11*-***1.-..*..-****.---.1*.0-------
-----.*10-.--***0-*.-....-.**.**-*1..1-10---------
--------1101*..-..***..0-*1-0*-*-*--..*-----------
-------00--01*-0*---.**-*-*.****--0-.*-000--------
--------*-1--0-**..*.**1**.***.*0110--0-*10-------
-----01111***-0.-10**00.0-1*..-.--0-0-11----------

Generation = 26, Population = 847.
-------1-101-1-1-1...***.-00-0*1*00--11110--------
----01*-0-1-010-0*....*01-.001..*1-00-*-000-------
-----000*0-0---*0--...-.*.....**1---.-1-.*10------
------0110-1-011*.*.*..-***..-.0*--01-011---------
------00*---.*.-.-11.*.-**..1...0..-**.0-0--------
----0***10.-1.**..1..*..**..--.*-.0.**0--00-------
---0-*-*..*-*.-..**...-...*..--**..10-.*..1-------
--001----0.-..0*0.-**.0..*..--0.-**..-*-11--0-000-
0--0-*1--...*---**--1***.*.**-*...0.---.01-100-110
-.*.*................**..*...-*-*.-0-1.---1-00--00
**00-1---.1-0-.000-...-.......*............*.....-
--001-10.---.0.*****...**...**..-00*...--1*-0--11-
00-0--11-*-.*..*..0-***...**.0.-.-.*-.0----100-000
-----1..*.-0-...-*0..-...-0...0.--*0-...*-*-0-----
-----00--0**.-.0**0.0*0......**-..*.-.01***0------
------0-0.**-.*0...-**..-.*.-0..-*.*01-*00--------
-------110-10*-.-.*.*.*-.*-*-.0.-1-00-0110--------
----01*.-1-*1-0*.0..*...**.*.***0.*-1*-.000-------
-----000-*0-..0*-.*..*.....*...--.1--1-0-*10------
------011-0--*0-1-.-**....*..*-0-0-100011---------
-------000--01-0-1*.-......**-.1-------000--------
--------------1--010--**--.*0--0--*10-------------
-------------0---*01.0*--..0---*0--0--------------
-----------------*-*----**0..0----0---------------
-------------01*-..-1.-.****-0---0-0--------------
--------------------------------------------------
-------------01*-..-1.-.****-0---0-0--------------
-----------------*-*----**0..0----0---------------
-------------0---*01.0*--..0---*0--0--------------
--------------1--010--**--.*0--0--*10-------------
-------000--01-0-1*.-......**-.1-------000--------
------011-0--*0-1-.-**....*..*-0-0-100011---------
-----000-*0-..0*-.*..*.....*...--.1--1-0-*10------
----01*.-1-*1-0*.0..*...**.*.***0.*-1*-.000-------
-------110-10*-.-.***..-**0*-.0.-1-00-0110--------
------0-0.**-.*0**.-0.*.-.*.-0..-*.*01-*00--------
-----00--0**.-.-**0*1.-.*.*..**-..*.-.01***0------
-----1..*.-0-...111..1*..*....0.--*0-...*-*-0-----
00-0--11-*-.*..*..10*.*..-.*.*.-.-.*-.0----100-000
--001-10.---.0**.*0.*****-.*.*.*-00*...--1*-0--11-
**00-1---.1-0-.--*-..--.*.**..***..........*.....-
-.*.*.......****..*...**.0*..0-0-.00-1.---1-00--00
0--0-*1--...***0.*--..0...**...*..**---.01-100-110
--001----0.--.-.**-..*....0*-*1.0*.*.-*-11--0-000-
---0-*-*..*-1.-**-*.**.-..*..-...*.0--.*..1-------
----0***10.00...--..-*...0..*...0.*..-0--00-------
------00*--*...-..*****-0*-01.-.-*0-.*.0-0--------
------011-0-**--*00-...-.-......-01-.*-11---------
-----000.0*0010....*...-.......*---1--1-.*10------
----01--*-***0-*-*-*.1-.10**..-.0-10---*-00-------

Generation = 27, Population = 901.
----00--0*1*0*0-0*...*..*01-0-*-.11--**-*---------
---01*.-1-*-1*1--*...*.1-0*---...-0110.0----------
-------1.-01--0.1-0...0...*****.*---.0--..*10-----
------1----*---**.*.*..0..*..-*-.001-0-**000------
----0-1-.0-0...-*0**.*.0....-...1*.-...101--------
----1...*1.0*.*...-.*...*.*.0-.*0*-...100--0------
---1-.0*..*-..-..**.**0.*.*..--**..*--.*..*00-000-
001-*0000-.-.*1*-.-**.1***.*001.-**..0.0----1011--
-001-**0-....00-**0--..*.*...-*...1*-00*--0*--0---
-.....*....*...*....*..**.*..0*-..----.-0-----0---
..-----0-.----*-1--...0**.....**.*.**....*...*.*.0
-0--*0--*00-*-.....*****...****.01-*...-0**-1-0---
1101----0.0.*.**..-0****.***.1*-.0..0.-0000*-1--11
00-00*..*.-1-..*-.1..-...01**.1.-0*-0.*.*0.-1--000
----0--001..*-*-..-.-.1......**0.*..0*1*...1------
------101...-**-..*0....-.*.01..0*..1*-.-1-0------
----000**-0*1.0.-...*..0**0*0.1.-*0-1-1*-1--------
---01*..--0.-0-**-*.*...**.*.***1.*0-.-.----------
--------0.--*.1.-*.*.*...*.*.*.-0.*-0-01-.*10-----
----------10-.----*0**....*...-1--0*-1---000------
--------11-01---0-..0**...*..-.-000--0--110-------
-------000--00--01--0-**0-*.-00--0**10-000--------
------------0---0.1*.1*-0*.1-00*1001--------------
--------------000*0*-000*.-..1000--0--------------
------------01-.0..--.-.*..*-10-0-0-0-------------
--------------------------------------------------
------------01-.0..--.-.*..*-10-0-0-0-------------
--------------000*0*-000*.-..1000--0--------------
------------0---0.1*.1*-0*.1-00*1001--------------
-------000--00--01--0-**0-*.-00--0**10-000--------
--------11-01---0-..0**...*..-.-000--0--110-------
----------10-.----*0**....*...-1--0*-1---000------
--------0.--*.1.-*.*.*...*.*.*.-0.*-0-01-.*10-----
---01*..--0.-0-**-..**..*..*.***1.*0-.-.----------
----000**-0*1.0.0.*.*..0*.1*0.1.-*0-1-1*-1--------
------101...-**-...0-..*-...01..0*..1*-.-1-0------
----0--001..*-.-..1.-.-*..*..**0.*..0*1*...1------
00-00*..*.-1-..*-**..***.**.*.1.-0*-0.*.*0.-1--000
1101----0.0.**.*..*-....*0*..*.0.0..0.-0000*-1--11
-0--*0--*00-*1**.*-.*.*.*0.*.*.*01-*...-0**-1-0---
..-----0-.--10.-0*0*.0-....*.*......*....*...*.*.0
-.....*........*.**...***1..*-0--*----.-0-----0---
-001-**0-...*..-.*--.*1*.....*.*....000*--0*--0---
001-*0000-.--.0...-.***..*1.-.**1*.**0.0----1011--
---1-.0*..*0*.0**0..***-.**.*0.*...10-**..*00-000-
----1...*1.--...0-*.0...*1..*...-..*.--00--0------
----0-1-.--..*.-..*****-1*-1-.-.-.10.*.101--------
------1--01-..-0.--0.*.-.0......0---**0-*000------
------1-.1.1--1*...**..-.**.....-00*0--0..*10-----
---01---*0...-0.-.-.*-0.*-*...-.--*-0--.----------

Generation = 28, Population = 830.
------00-.*.1.--1*....*.*1----.0.*---**0.0--------
--01***-*0.--.*00.*..*.-0-.--0**.----1.---000-----
---000--.0----1.*01*.*-**...****.---.-0-...*10----
----00*--0-*0--.....**.1..*.*-*0.--*-1-*.11-------
---01-*0*1--...-*-*..**1**.*0...-..0...*----------
----*.*.*-.-*...*.-.....*..*-0..-.0...*----1--000-
00--0.-...*-*.-*..*...-...*..0-.....00....*1-0-110
11--.1--10.-.***-.0.*.-....*---.-*...1.-0--0------
--1*0..--...*---**1--*.....*.0.*.*-*---*-01*------
-.*..*.......*...............1.-..0-00*---00--1--0
..--00---*0000.0-0-*..-..*.*.....*.**.....*..*.*.-
-1--*10-*---.0*....*.....*.*....1*-*...--..0----0-
----0--0-.1.****..--...*.*...-.0.-..1*-1--1.------
--0-1*....--0..*0.-**0.**-*...-.01*--....-.0--011-
00--1----*..*0*-..-*-.-..*.....1....1.**.*.*---000
--------*.*.0.*0...1...*0.*.--..1...*.0.0*-10-----
-----11.*--**.1.0**.*..1..1.-.*.0.-0*0*.-*00------
--01*...-01.0--**0*.**.*........-..10.-.-0000-----
---000-0-*--**-*-*...*..**.*.*.01..--01*0*.*10----
----------*-0*0-0-*1.....***..0-0-1.0*-0----------
----------0----01-*.1.....**.0*-1110--0-----------
------011-0-11001*--1-..-0**0---01..---11---------
-------000-01-0--.-..-.-1.*--1-.*11*-0-000--------
--------------1--.1*--1-..-..*-11-01--------------
-----------01*-.1.*0-.0.*...---01--0-0------------
--------------------------------------------------
-----------01*-.1.*0-.0.*...---01--0-0------------
--------------1--.1*--1-..-..*-11-01--------------
-------000-01-0--.-..-.-1.*--1-.*11*-0-000--------
------011-0-11001*--1-..-0**0---01..---11---------
----------0----01-*.1.....**.0*-1110--0-----------
----------*-0*0-0-*1.....***..0-0-1.0*-0----------
---000-0-*--**-*-*....*..*.*.*.01..--01*0*.*10----
--01*...-01.0--.*-*..****.......-..10.-.-0000-----
-----11.*--**.1.1*..***-***.-.*.0.-0*0*.-*00------
--------*.*.0.*0.**--.**-**.--..1...*.0.0*-10-----
00--1----*..*-*0.***-.-*.**....1....1.**.*.*---000
--0-1*....--0**.-***..**....*.*.01*--....-.0--011-
----0--0-.1....*..*0.....-...*.1.-..1*-1--1.------
-1--*10-*---.-.*..0.**.**-.*.*.*---**..--..0----0-
..--00---*00--.01.1**-0....*.*.*.**.......*..*.*.-
-.*..*......**.....**...**..*---0.0--0*---00--1--0
--1*0..--......0**--*.-...*..*...***-1-*-01*------
11--.1--10.0-.1..*-.....**-*0...-.*..-.-0--0------
00--0.-...*-.*-.*1....*0....*1.*...*-0....*1-0-110
----*.*.***00**.10*.-....*..**..-....0-1---1--000-
---01-*0*-0....0.**...*--.---.-.0.*-.*.-----------
----00-00-*-..-1.---..*-.-......---0..1-.11-------
---000*0.-.-00-*...*...-*.*.....-11.1---*..*10----
--01*000*-*..01*-.-**--..0*...-.--*010-.--000-----

Generation = 29, Population = 981.
--000--1-*..-.0--*.....***0--0.1*.0-0**1.--00-----
-01*...0*-*-0**-1..***.---.---...0--0*.0--11------
-----10-.-0000*.*-**.*-***.**...*--0*0--.*..*10---
---011.----.100**......-..*..0.-.-0.--0****-00----
--01*0.-.-00*..0.-..**.*.*..-.*.-.*1*..*0000--000-
00--*.*.*-.0...**.-...*.*..*01..-.-****----*0-11--
--001.0**..-*.-***.*..-...**.10.....1-*...**--0-*1
---0.-00*1.-****-.-...-...**0--.0.*..**---0-00-000
0--*1*.-0...*00-**-0-........1*.**0*---*01*.0-0--0
-.*..*....*..**...........*..**0**----*---1-0---0-
..00-1---*---1.----...-.....*...**........*.*.***0
0-00.*10*--0.1..*.*......*......**-*.*.0-.*-00---0
-000-0---.-**...*.--..**.*...-.-.-.**.--00-*--00--
0---**....00-...1.0**1**.-*...-*1-.0-..**0.1001*--
11-0*----*..*-.0*.0*-.-...*....-...**.**.*.*----11
00--0000*.*.-..1**.**..*1.*.--..*.....-.1.0*10-000
--00-****-0.*.*.-...**.-.**.-..*1.0-.-**-.110-----
-01*...*--*.---..-..**.*.**...*.-..--.-.-11-------
----11---*00..0.-....**.**.**.*1-*.00--*-*..*10---
---000-0--*--.1-10***...*.....10-0*.1.-1-0-000----
------0000-0--0-*0*.*........1*-***1---00---------
-----01*-010--11**-0*0..-1..10001*..-0------------
--------1101-0--0*0*.-.0-.*--*0..***----110-------
-------000----*00*-*00*0.*0...--*0-*0--000--------
----------01-*-.-**-0.1*....-00--0-1--0-----------
--------------------------------------------------
----------01-*-.-**-0.1*....-00--0-1--0-----------
-------000----*00*-*00*0.*0...--*0-*0--000--------
--------1101-0--0*0*.-.0-.*--*0..***----110-------
-----01*-010--11**-0*0..-1..10001*..-0------------
------0000-0--0-*0*.*........1*-***1---00---------
---000-0--*--.1-10**.....*....10-0*.1.-1-0-000----
----11---*00..0*-..*.**..*.**.*1-*.00--*-*..*10---
-01*...*--*.--0..-*.*.........*.-..--.-.-11-------
--00-****-0.*.*.-..**..-..*.-..*1.0-.-**-.110-----
00--0000*.*.-..-...-0...0..*--..*.....-.1.0*10-000
11-0*----*..*0.-....0.0..***...-...**.**.*.*----11
0---**....00-...0...*.***....**.1-.0-..**0.1001*--
-000-0---.-..*.**..-.*..*-...*.*.0*.-*--00-*--00--
0-00.*10*--0.-**..-..***.0...*.*00-***.0-.*-00---0
..00-1---*-1-0*-**-..0-..***.*.*.**.**....*.*.***0
-.*..*....***.*..........****0---.--0-*---1-0---0-
0--*1*.-0...***1**0-*.-...*..*.....*-*0*01*.0-0--0
---0.-00*1*-0.-...0....***0*-.*.-*...-*---0-00-000
--001.0*...0..0..*.....1.**..-*.....-1*...**--0-*1
00--*.*.*..--**.--..-.**....***.0....---0--*0-11--
--01*0.1.0-.**.1..*....0-.--0.-.-..-**.0-000--000-
---01--1--.0..0-.000...0.-......000-**-0.**-00----
------.1.-.01-0**..**..0..*.....0*-.*-00....*10---
-01*.111*-..*--*0.0**0-..1*...-.--*-*10.0011------

