Generation = 0, Population = 13.
--------------------
--------------------
--------------------
--------------------
--------------------
--------------------
---------0----------
--------000---------
---------0----------
--------000---------
---------0----------
--------000---------
---------0----------
--------------------
--------------------
--------------------
--------------------
--------------------
--------------------
--------------------

Generation = 1, Population = 20.
--------------------
--------------------
--------------------
--------------------
--------------------
---------0----------
---------1----------
-------01-10--------
--------0-0---------
-------01-10--------
--------0-0---------
-------01-10--------
---------1----------
---------0----------
--------------------
--------------------
--------------------
--------------------
--------------------
--------------------

Generation = 2, Population = 34.
--------------------
--------------------
--------------------
--------------------
---------0----------
--------010---------
-------0-2-0--------
------01-0-10-------
-------0---0--------
------012-210-------
-------0---0--------
------01-0-10-------
-------0-2-0--------
--------010---------
---------0----------
--------------------
--------------------
--------------------
--------------------
--------------------

Generation = 3, Population = 42.
--------------------
--------------------
--------------------
---------0----------
---------1----------
--------1-1---------
-------10-01--------
-----012-1-210------
------0--0--0-------
-----01-3-3-10------
------0--0--0-------
-----012-1-210------
-------10-01--------
--------1-1---------
---------1----------
---------0----------
--------------------
--------------------
--------------------
--------------------

Generation = 4, Population = 52.
--------------------
--------------------
---------0----------
--------010---------
---------2----------
--------202---------
-----0---0---0------
----012-020-210-----
-----0---1---0------
----012-----210-----
-----0---1---0------
----012-020-210-----
-----0---0---0------
--------202---------
---------2----------
--------010---------
---------0----------
--------------------
--------------------
--------------------

Generation = 5, Population = 70.
--------------------
---------0----------
---------1----------
-------01-10--------
--------0-0---------
-----0-03-30-0------
-----1--0-0--1------
---01-3-1-1-3-10----
----0-0--2--0-0-----
---01-30---03-10----
----0-0--2--0-0-----
---01-3-1-1-3-10----
-----1--0-0--1------
-----0-03-30-0------
--------0-0---------
-------01-10--------
---------1----------
---------0----------
--------------------
--------------------

Generation = 6, Population = 94.
---------0----------
--------010---------
-------0-2-0--------
------01-0-10-------
-----0-0---0-0------
----01-14-41-10-----
---0-2-------2-0----
--01-04-202-40-10---
---0-----------0----
--012-410-014-210---
---0-----------0----
--01-04-202-40-10---
---0-2-------2-0----
----01-14-41-10-----
-----0-0---0-0------
------01-0-10-------
-------0-2-0--------
--------010---------
---------0----------
--------------------

Generation = 7, Population = 105.
---------1----------
--------1-1---------
-------10-01--------
------12-1-21-------
-----10--0--01------
----12--5-5--21-----
---10--0-0-0--01----
-012--5-3-3-5--210--
--0--0-0-0-0-0--0---
-01-3-5-1-1-5-3-10--
--0--0-0-0-0-0--0---
-012--5-3-3-5--210--
---10--0-0-0--01----
----12--5-5--21-----
-----10--0--01------
------12-1-21-------
-------10-01--------
--------1-1---------
---------1----------
---------0----------

Generation = 8, Population = 46.
--------------------
--------202---------
---------0----------
--------020---------
---------1----------
--------------------
-0---------------0--
012-------------210-
-0---------------0--
012-------------210-
-0---------------0--
012-------------210-
-0---------------0--
--------------------
---------1----------
--------020---------
---------0----------
--------202---------
---------2----------
--------010---------

Generation = 9, Population = 72.
--------000---------
-------03130--------
--------0-0---------
-------01-10--------
---------2----------
-0-------0-------0--
-1---------------1--
1-30-----------03-10
0-0-------------0-0-
1-30-----------03-10
0-0-------------0-0-
1-30-----------03-10
-1---------------1--
-0-------0-------0--
---------2----------
-------01-10--------
--------0-0---------
-------03-30--------
--------0-0---------
-------01210--------

Generation = 10, Population = 106.
---------1----------
------01-2-10-------
-------0-0-0--------
------01-0-10-------
-0-----0-3-0-----0--
010-----010-----010-
-2-0-----0-----0-2-0
20-10---------01-0-1
---0-----------0---0
--410---------014-21
---0-----------0---0
20-10---------01-0-1
-2-0-----0-----0-2-0
010-----010-----010-
-0-----0-3-0-----0--
------01-0-10-------
-------0---0--------
------014-410-------
-------0-0-0--------
------012-210-------

Generation = 11, Population = 128.
------0002000-------
-----01-----10------
------0-----0-------
-0---012---210---0--
-1-----10-01-----1--
1-1-----1-1-----1-1-
0-01-----1-----10-01
3--210---0---012-1--
00--0---------0--0--
-05-10-------01-5-32
00--0---------0--0--
3--210---0---012-1--
0-01-----1-----10-01
1-1-----1-1-----1-1-
-1-----10-01-----1--
-0---012-1-210---0--
------0--0--0-------
-----01-505-10------
------0-----0-------
-----012303210------

Generation = 12, Population = 143.
--------------------
----012-000-210-----
-0---0-------0---0--
010-012-----210-010-
-2---0-------0---2--
202-----202-----202-
-----0---2---0---0-2
----210-010-012-02-0
-----0---0---0---1-0
016-210-----012---43
-----0---0---0---1-0
----210-010-012-02-0
-----0---2---0---0-2
202-----202-----202-
-2---0---0---0---2--
010-012-020-210-010-
-0---0-------0---0--
----012-616-210-----
-----0-------0------
----012-----210-----

Generation = 13, Population = 196.
----000-000-000-----
-0-0123-1-1-3210-0--
-1--0-0-000-0-0--1--
1-1-1-30---03-1-1-10
0-0--1--000--1--0-0-
3130---03130---03-3-
000--1--0-0--1--0-03
---03-1-1-1-1-3-13--
000-0-0--1--0-0--20-
1-7-3-10---01-30-054
000-0-0--1--0-0--20-
---03-1-1-1-1-3-13--
000--1--0-0--1--0-03
3130---03-30---03-3-
0-0--1--0-0--1--0-0-
1-1-1-3-131-3-1-1-10
-1--0-0-----0-0--1--
-0-01-3-7-7-3-10-0--
----0-0-000-0-0-----
---01230---03210----

Generation = 14, Population = 161.
-0---1-------1---0--
01-1-34-----43-1-10-
-2---0-0---0-0---2-0
202-20-10-01-02-20-1
-0-----0-1-0--------
42-10-01-2-10-014---
-1-0-----0-------0-4
--01-02-202-204---00
---0-------------3--
------210-012-41-1-5
---0-------------3--
--01-02-202-204---00
-1-0-------------0-4
42-10-014-410-014---
-0-------0----------
202-204-----402-20-1
-2-----0-0-0-----2-0
01-12---808---21-10-
-0-0-0-0---0-0-0-0--
--012-41-0-14-210---

Generation = 15, Population = 192.
-10002-------20001--
12---45-----54---21-
0--0--01---10--0--01
3-3-3--21012--3-3--2
0--0-0--020--0-0-0-0
53--1-1-----1-1-5--0
-20--0-0---0-0-0--05
--12-13-313-3-50-01-
---100-0-0-0-0-004--
-----03-1-1-3-52----
---100-0-0-0-0-004--
--12-13-3-3-3-50-01-
-20--0-0-0-0-0-0--05
53--1-1-505-1-1-5--0
0--0-0-0---0-0-0-0-0
3-3-3-5-----5-3-3--2
0--0-0--010--0-0--01
12--3--09190--3--21-
-10---01---10---01--
--12305-----50321---

Generation = 16, Population = 52.
--------------------
--------------------
---------0----------
--------212---------
---------3----------
--------000---------
-----1---0-----1----
----024-424---610---
-----1---1-----1----
----014-------630---
-----1---------1----
----024-------610---
-----1---1-----1----
--------616---------
---------0----------
--------000---------
---------2----------
--------+2+---------
---------0----------
--------------------

Generation = 17, Population = 78.
--------------------
---------0----------
---------1----------
-------03-30--------
--------0-0---------
-----0-01-10---0----
-----2--0-0----2----
---01-5-5-50-07-10--
----0-0--2----0-0---
---01-50-0---07-10--
----0-0-------0-0---
---01-50-0---07-10--
-----2---2-----2----
-----0-07-70---0----
--------0-0---------
-------01-10--------
--------0-0---------
-------0+-+0--------
---------1----------
---------0----------

Generation = 18, Population = 115.
---------0----------
--------010---------
-------0-2-0--------
------01-0-10-------
-----0-0---0---0----
----01-12-210-010---
---0-3-----0-0-3-0--
--01-06-60-1-1-0-10-
---0-----3-0-0---0--
--012-61-10-018-210-
---0---0-----0---0--
--01-0-1-10-01-0-10-
---0-3---3-0-0-3-0--
----01-1-0-10-010---
-----0-0---0---0----
------012-210-------
-------0---0--------
------01-0-10-------
-------0-2-0--------
--------010---------

Generation = 19, Population = 130.
---------1----------
--------1-1---------
-------10-01--------
------12-1-210-0----
-----10--0--0--1----
----12--3-3-101-1---
---10--0-0--010-01--
-012--7-7------1-210
--0--0-0--010--0--0-
-01-3-7---101-9-3-10
--0--0--0---0--0--0-
-012-1-2--1012-1-210
---10-0-0-01-10-01--
----12-2-1-2101-1---
-----10--0--0--1----
------1-3-3-10-0----
------0--0--0-------
-----012-1-210------
-------10-01--------
--------121---------

Generation = 20, Population = 105.
--------------------
--------202---------
---------0---0-0----
--------020-21-10---
---------1---0-2----
------------21-02---
-0---------0-2-0---0
012-------00-0-20-21
-0-------0-2-0-1---0
012-----00-12-----21
-0---1---0-0---1---0
012-020-00-12-020-21
-0-------0-2-2-0---0
--------020-21-02---
---------1---0-2----
------------21-10---
---------1---0-0----
----012-020-210-----
-----0-------0------
--------------------

Generation = 21, Population = 142.
--------000---------
-------03130-0-0----
--------0-0--1-1----
-------01-1-32-210--
---------2--0---0---
-0-------0--32-130-0
-1---------10---0--1
1-30------11---31-32
0-0------10-01-2--0-
1-30-0-011-23----032
0-0--2--0---0--2--0-
1-3-131-11-2301-1-32
-1--000-0-03-30-0--1
-0-----01-1032-130-0
---------2--0---0---
-----------032-210--
----000--2--0-01----
---0123-131-3-1-----
-----1--000--1------
-----0-------0------

Generation = 22, Population = 143.
---------1---0-0----
------01-2-1-1-10---
-------0-0-------0--
------01-02-----210-
-0-----0-3-0-0-0-0-0
010-----010-43-2-1-1
-2-0-----0-----0----
20-10-------000-----
---0-0-0-----2-3---0
--41-1-12-034---01-3
---------0-0-------0
204-----220-41-02---
-2-0-1-0-0-4-4-0----
010-00-1-0-14-02-1-1
-0-----0---0-0-0-0-0
----000---01-30-210-
-----1-0-3---0---0--
--012-------402-----
---0---0-1-0-2------
----010-000-010-----

Generation = 23, Population = 189.
------00020001-1----
-----01------2--1---
------0----0-0-001--
-0---012-13--0--3-1-
-1-----10---01-10-01
1-1-----1-105----2-2
0-01-----1-----100-0
3--21--0-0-01110---0
00--01-1--00030--001
-05--2--30145---12--
00-0-0-001-100-0-001
315--0--3-1-5---30-0
0---02-10-05-50--0-0
1-101----1-25-13-2-2
-1-----100--01-10-01
-0-01110--1--4103-1-
--00020----0--0--1--
-0123-------5-30-0--
---100--020---0-----
----1-1011101210----

Generation = 24, Population = 140.
--------------------
----012-000---002---
-0---0---0-----1-2--
010-012-024---00-02-
-2---0---------2-0--
202-----202-----030-
-------0-2---0------
------01-10-222-----
-------2-0---4------
016---00-12-600-230-
-1-----1-----1---1--
426---00-02-600-410-
-------2-0---6------
202-----020-----030-
-2---0---------2-0--
010-222-------21-02-
-0---3---------0-2--
012-400-000---41-10-
-0---1---3-----0-0--
----202-222---210---

Generation = 25, Population = 210.
----000-000---000---
-0-0123-1110-0113---
-1--0-0-0-0---0-03--
1-1-1-3-1350-011-130
0-0--1---------30-0-
3130-0--3130-0--1410
000----10-0--1--000-
-----012-21-3-30----
000---0---0-0-0-000-
1270-011--3-7-1-3410
0-0---0-0---0-0-0-0-
5370-011--3-7-1-5210
-------30-0--7------
3130-0--1310-0--1410
0-0--1--000----30-0-
1-1-3-30-----032-130
0-0-0-0-000---0---0-
1-3-5-1-1110-052-210
-1--0-0-0-0---0-01--
-0-0313-3330-0321---

Generation = 26, Population = 150.
-0---1---1-----1-0--
01-1-34-22-1-1-24---
-2---0-----0-0-----0
202-204---61-12---41
-0---2-------------0
42-1-10---41-10-25-1
-1-----------2---1--
----012-032-40-10---
-1---0-0-------0-1--
23-1-1-2-04-----45-1
---0-0---0-0-------0
--81-12-004-802---21
---------0---8------
--41-10-24-1-10---21
-0---2---1---------0
----40-10---014-02-1
-------0-1---0-0-0-0
204-----22-1-1-30-21
-2---0-----0-0-----0
01-14-----41-14-----

Generation = 27, Population = 190.
-10002---200-0020-0-
12---45-3--2-2--5--0
0--0--0-00-----00--1
3-3-3-50-07---30-052
0--0--0---------00--
53----10-052--1-3--2
-2000---00-0---00200
---012301-3-5---10--
-200--01----0001-200
3--2---3--5-----5--2
00-----0-----00-00--
-09---3-1-509130-03-
--------0--0--0-----
--52--1-35----10-03-
0--0---002000---00--
-0-05---10-012501---
000-0001-200--01-10-
3150-0--3--2----1032
0--0--0-00-----00--1
1--25----05---50---0

Generation = 28, Population = 143.
---------3----------
--------40-3-3-0-0-1
-------0---0-0------
------610-80-04-----
-----0-0---0--------
----00-10---00-0-0-3
---1---0---1---1-3--
--012-41-0-06-00-10-
-3-1---2---0---2----
40-30---00-00---60-3
---0---1---0---0---0
--+0-0-02-61-2-10-40
-0-0---0---1---0----
006-00-04---00-10-40
-------1---1---0----
010---00-1-12-61-00-
-----1-2---1--------
426-010-40-30-00-14-
-----------0--------
200-600---60-06---01

Generation = 29, Population = 183.
---------400-0-0-0-0
--------5--4-4------
-------100-----0-0-0
------7-1-91--50----
-----10-0--1--00-0-0
----1--210-011-1-1--
---200---00200-----0
--1-3-52---17-11--10
-40-0--3--0-0--3--00
5--410-011-110-071-4
00---00200---00100--
--+1---13-72---21-5-
-1-1--0-0--2--0-0---
117011-150-011-21-51
----00---00200---0-0
1-10--11---23-7--110
-----2-3--0-0-------
5-7-121051-41-11-250
--------00---0-0-0-0
3-1-7-10-07--170-012

