Generation = 0, Population = 9.
----------
----------
----0-----
---000----
----0-----
---000----
----0-----
----------
----------
----------

Generation = 15, Population = 42.
----2-----
---1-3----
--30-04---
012-2-17--
-0-0-0-02-
032-1-1-1+
--40-0-0-0
---72-2-21
----20-01-
-----+21--

Generation = 25, Population = 46.
1000---000
---+0--1-1
-01---2---
1+---71--3
2---10---0
--07----21
1--0001-1-
210---0-0-
-0-000----
-1-3-10---

Generation = 35, Population = 40.
------1---
----01-1--
-----0-01-
--0-031-21
--1---10-0
01-3---3-1
-0-01---1-
012-130-0-
--10-0----
---1210---

