Generation = 0, Population = 12.
....................
....................
....................
....................
....................
....................
....................
....................
......*.*.*.........
......*...*.........
......*...*.........
......*...*.........
......*.*.*.........
....................
....................
....................
....................
....................
....................
....................

Generation = 10, Population = 38.
....................
....................
....................
....................
....................
....................
....................
.....*.....*........
....***...***.......
...*.*.*.*.*.*......
..***.**.**.***.....
...*.*.*.*.*.*......
....***...***.......
.....*.....*........
....................
....................
....................
....................
....................
....................

Generation = 20, Population = 24.
....................
....................
....................
....................
....................
.....*.....*........
.....*.....*........
....*.*...*.*.......
.....*.....*........
.....*.....*........
....................
.....*.....*........
.....*.....*........
....*.*...*.*.......
.....*.....*........
.....*.....*........
....................
....................
....................
....................

Generation = 30, Population = 56.
....................
....................
....................
.....*.....*........
.....*.....*........
.....**...**........
....................
.***..**.**..***....
...*.*.*.*.*.*......
.....**...**........
....................
.....**...**........
...*.*.*.*.*.*......
.***..**.**..***....
....................
.....**...**........
.....*.....*........
.....*.....*........
....................
....................

