Generation = 0, Population = 4.
-------------------------
-------------------------
-------------------------
-------------------------
-------------------------
-------------------------
-------------------------
-------------------------
-------------------------
-------------------------
----------00-------------
----------00-------------
-------------------------
-------------------------
-------------------------
-------------------------
-------------------------
-------------------------
-------------------------
-------------------------
-------------------------
-------------------------
-------------------------
-------------------------
-------------------------

Generation = 15, Population = 60.
-----0-1--**--1-0--------
----0---0----0---0-------
---0-----1--1-----0------
--0-------00-------0-----
-0------------------0----
0--------------------0---
----------------------0--
1----------------------0-
-0----------------------0
--1----------------------
*--0--------------------*
*--0--------------------*
--1----------------------
-0----------------------0
1----------------------0-
----------------------0--
0--------------------0---
-0------------------0----
--0----------------0-----
---0--------------0------
----0------------0-------
-----0----------0--------
------0--------0---------
-------0------0----------
--------0-**-0-----------

Generation = 25, Population = 202.
--0-11.0.-..-.0.11-0-0---
--1-.-1.*....*.1-.11---0-
01---.1-*-..-*-1.-----01-
----.0*-.0..0.-*-0--0-0*-
1.-.-.-*11--11*--0--0--.1
1-.0.-.-..**..----00---.1
.11*-.--00--00-------*-*-
0.--*----0.*---------00**
.**.1.0--.00-0-----*-**.-
-.-01.00.-.10--0--*.*-.*.
....-*-.0.-.-001-.1.-*-..
....-*-*01.-1001-.1.-*-..
-.-01.0--0-1---0--*.*-.*.
.**.1.0-0-00-------*-**.-
0.--*-----00---------00**
.11*-----0110--------*-*-
1-.--------------------.1
1.-00-----..-----------.1
-1---0---*11*---------0*-
01---0--*....*--------01-
---00----*--*----------0-
0-----*0*-**-*0*---------
--00---0*.--.*0---00-----
-01*..**.*..*.**..*10----
----11-*-....-*-11-------

Generation = 35, Population = 204.
--0.........-....****-*.0
--...-.........*-**---0*0
0.-.-.........0-...**.-*.
...-.....-.*1.**......-.*
..-.-***0-.--*.-.-.*0--.*
.-..*-*-.***.*.1-..-.0-.*
....**-0.**.---*.1---...0
....*-0-...**...--.-1.-.*
....0...-....***0.-.1...0
...--**..-..*10.1**....*.
.....**...-.**0.*.-.1..*.
...*-*.*...-**..0.-.-.**.
-..1-.-*.***-0-.-*..*....
....**-.*1**0-..*.*...*.*
..0*..-.*00.-.-1.**--.*.*
.*-*-1*.*.....1-.*..-.-*0
.-...-.-01*0-*..-01-1.0*.
**..-.1-.*..*.**0-*--0-..
**....-.-*--.**.1*-0-*-*.
*-*.*---......-.--0--....
*-*.0.-11.1-*.--1-----.*0
--..-0...........0*.--*.0
*0----.-...*.**-0--..*-0-
.**......***...**.*.*.0--
00.***0*0....**0....00---

