Generation = 0, Population = 23.
..............................
.******..*****..*******..*****
..............................

Generation = 1, Population = 45.
..****....***....*****....***.
..****....***....*****....***.
..****....***....*****....***.

Generation = 2, Population = 24.
..*..*....*.*....*...*....*.*.
.*....*..*...*..*.....*..*...*
..*..*....*.*....*...*....*.*.

Generation = 3, Population = 16.
..............................
.**..**..**.**..**...**..**.**
..............................

Generation = 4, Population = 0.
..............................
..............................
..............................

