Generation = 0, Population = 27.
----------------------------------------
----------------------------------------
----------------------------------------
----------------------------------------
----------------------------------------
-----------------0----------------------
----------------000---------------------
-----------------0----------------------
----------------000---------------------
-----------------0----------------------
----------------------------------------
----------------------------------------
----------------------------------------
----------------------------------------
----------------------------------------
----------------------------------------
----------------------------------------
-----------------0----------------------
----------------000---------------------
-----------------0----------------------
----------------000---------------------
-----------------0----------------------
----------------------------------------
----------------------------------------
----------------------------------------
----------------------------------------
----------------------------------------
----------------------------------------
----------------------------------------
----------------------------------------
----------------------------------------
----------------------------------------
-----------------0----------------------
----------------000---------------------
-----------------0----------------------
----------------000---------------------
-----------------0----------------------
----------------------------------------
----------------------------------------
----------------------------------------

Generation = 1, Population = 42.
----------------------------------------
----------------------------------------
----------------------------------------
----------------------------------------
-----------------0----------------------
-----------------1----------------------
---------------01-10--------------------
----------------0-0---------------------
---------------01-10--------------------
-----------------1----------------------
-----------------0----------------------
----------------------------------------
----------------------------------------
----------------------------------------
----------------------------------------
----------------------------------------
-----------------0----------------------
-----------------1----------------------
---------------01-10--------------------
----------------0-0---------------------
---------------01-10--------------------
-----------------1----------------------
-----------------0----------------------
----------------------------------------
----------------------------------------
----------------------------------------
----------------------------------------
----------------------------------------
----------------------------------------
----------------------------------------
----------------------------------------
-----------------0----------------------
-----------------1----------------------
---------------01-10--------------------
----------------0-0---------------------
---------------01-10--------------------
-----------------1----------------------
-----------------0----------------------
----------------------------------------
----------------------------------------

Generation = 2, Population = 78.
----------------------------------------
----------------------------------------
----------------------------------------
-----------------0----------------------
----------------010---------------------
---------------0-2-0--------------------
--------------01-0-10-------------------
---------------0---0--------------------
--------------01-0-10-------------------
---------------0-2-0--------------------
----------------010---------------------
-----------------0----------------------
----------------------------------------
----------------------------------------
----------------------------------------
-----------------0----------------------
----------------010---------------------
---------------0-2-0--------------------
--------------01-0-10-------------------
---------------0---0--------------------
--------------01-0-10-------------------
---------------0-2-0--------------------
----------------010---------------------
-----------------0----------------------
----------------------------------------
----------------------------------------
----------------------------------------
----------------------------------------
----------------------------------------
----------------------------------------
-----------------0----------------------
----------------010---------------------
---------------0-2-0--------------------
--------------01-0-10-------------------
---------------0---0--------------------
--------------01-0-10-------------------
---------------0-2-0--------------------
----------------010---------------------
-----------------0----------------------
----------------------------------------

Generation = 3, Population = 102.
----------------------------------------
----------------------------------------
-----------------0----------------------
-----------------1----------------------
----------------1-1---------------------
---------------10-01--------------------
-------------012-1-210------------------
--------------0-0-0-0-------------------
-------------012-1-210------------------
---------------10-01--------------------
----------------1-1---------------------
-----------------1----------------------
-----------------0----------------------
----------------------------------------
-----------------0----------------------
-----------------1----------------------
----------------1-1---------------------
---------------10-01--------------------
-------------012-1-210------------------
--------------0-0-0-0-------------------
-------------012-1-210------------------
---------------10-01--------------------
----------------1-1---------------------
-----------------1----------------------
-----------------0----------------------
----------------------------------------
----------------------------------------
----------------------------------------
----------------------------------------
-----------------0----------------------
-----------------1----------------------
----------------1-1---------------------
---------------10-01--------------------
-------------012-1-210------------------
--------------0-0-0-0-------------------
-------------012-1-210------------------
---------------10-01--------------------
----------------1-1---------------------
-----------------1----------------------
-----------------0----------------------

Generation = 4, Population = 105.
----------------------------------------
-----------------0----------------------
----------------010---------------------
-----------------2----------------------
----------------202---------------------
-------------0---0---0------------------
------------012-----210-----------------
-------------0-------0------------------
------------012-----210-----------------
-------------0---0---0------------------
----------------202---------------------
-----------------2----------------------
----------------010---------------------
----------------------------------------
----------------010---------------------
-----------------2----------------------
----------------202---------------------
-------------0---0---0------------------
------------012-----210-----------------
-------------0-------0------------------
------------012-----210-----------------
-------------0---0---0------------------
----------------202---------------------
-----------------2----------------------
----------------010---------------------
-----------------0----------------------
----------------------------------------
----------------------------------------
-----------------0----------------------
----------------010---------------------
-----------------2----------------------
----------------202---------------------
-------------0---0---0------------------
------------012-----210-----------------
-------------0-------0------------------
------------012-----210-----------------
-------------0---0---0------------------
----------------202---------------------
-----------------2----------------------
----------------010---------------------

Generation = 5, Population = 165.
-----------------0----------------------
-----------------1----------------------
---------------01-10--------------------
----------------0-0---------------------
-------------0-03-30-0------------------
-------------1---1---1------------------
-----------01-30-0-03-10----------------
------------0-0-----0-0-----------------
-----------01-30-0-03-10----------------
-------------1---1---1------------------
-------------0-03-30-0------------------
----------------0-0---------------------
---------------01210--------------------
----------------------------------------
---------------01210--------------------
----------------0-0---------------------
-------------0-03-30-0------------------
-------------1---1---1------------------
-----------01-30-0-03-10----------------
------------0-0-----0-0-----------------
-----------01-30-0-03-10----------------
-------------1---1---1------------------
-------------0-03-30-0------------------
----------------0-0---------------------
---------------01-10--------------------
-----------------1----------------------
-----------------0----------------------
-----------------0----------------------
-----------------1----------------------
---------------01-10--------------------
----------------0-0---------------------
-------------0-03-30-0------------------
-------------1---1---1------------------
-----------01-30-0-03-10----------------
------------0-0-----0-0-----------------
-----------01-30-0-03-10----------------
-------------1---1---1------------------
-------------0-03-30-0------------------
----------------0-0---------------------
---------------01210--------------------

Generation = 6, Population = 214.
----------------010---------------------
---------------0-2-0--------------------
--------------01-0-10-------------------
-------------0-0---0-0------------------
------------01-1-0-1-10-----------------
-----------0-2---2---2-0----------------
----------01-0-1-1-1-0-10---------------
-----------0---0---0---0----------------
----------01-0-1-1-1-0-10---------------
-----------0-2---2---2-0----------------
------------01-1-0-1-10-----------------
-------------0-0-0-0-0------------------
--------------012-210-------------------
----------------------------------------
--------------012-210-------------------
-------------0-0-0-0-0------------------
------------01-1-0-1-10-----------------
-----------0-2---2---2-0----------------
----------01-0-1-1-1-0-10---------------
-----------0---0---0---0----------------
----------01-0-1-1-1-0-10---------------
-----------0-2---2---2-0----------------
------------01-1-0-1-10-----------------
-------------0-0---0-0------------------
--------------01-0-10-------------------
---------------0-2-0--------------------
----------------0-0---------------------
----------------0-0---------------------
---------------0-2-0--------------------
--------------01-0-10-------------------
-------------0-0---0-0------------------
------------01-1-0-1-10-----------------
-----------0-2---2---2-0----------------
----------01-0-1-1-1-0-10---------------
-----------0---0---0---0----------------
----------01-0-1-1-1-0-10---------------
-----------0-2---2---2-0----------------
------------01-1-0-1-10-----------------
-------------0-0-0-0-0------------------
--------------012-210-------------------

Generation = 7, Population = 275.
----------------121---------------------
---------------10-01--------------------
--------------12-1-21-------------------
-------------10-0-0-01------------------
------------12-2-1-2-21-----------------
-----------10-0-0-0-0-01----------------
---------012-1-2-2-2-1-210--------------
----------0-0-0-0-0-0-0-0---------------
---------012-1-2-2-2-1-210--------------
-----------10-0-0-0-0-01----------------
------------12-2---2-21-----------------
-------------10-010-01------------------
--------------1230321-------------------
----------------------------------------
--------------1230321-------------------
-------------10-010-01------------------
------------12-2---2-21-----------------
-----------10-0-0-0-0-01----------------
---------012-1-2-2-2-1-210--------------
----------0-0-0-0-0-0-0-0---------------
---------012-1-2-2-2-1-210--------------
-----------10-0-0-0-0-01----------------
------------12-2-1-2-21-----------------
-------------10-0-0-01------------------
--------------12-1-21-------------------
---------------10301--------------------
----------------101---------------------
----------------101---------------------
---------------10301--------------------
--------------12-1-21-------------------
-------------10-0-0-01------------------
------------12-2-1-2-21-----------------
-----------10-0-0-0-0-01----------------
---------012-1-2-2-2-1-210--------------
----------0-0-0-0-0-0-0-0---------------
---------012-1-2-2-2-1-210--------------
-----------10-0-0-0-0-01----------------
------------12-2---2-21-----------------
-------------10-010-01------------------
--------------1230321-------------------

Generation = 8, Population = 88.
----------------------------------------
----------------------------------------
----------------------------------------
----------------------------------------
----------------------------------------
---------0---------------0--------------
--------012-------------210-------------
---------0---------------0--------------
--------012-------------210-------------
---------0-------0-------0--------------
----------------000---------------------
-----------------2----------------------
----------------414---------------------
----------------------------------------
----------------414---------------------
-----------------2----------------------
----------------000---------------------
---------0-------0-------0--------------
--------012-------------210-------------
---------0---------------0--------------
--------012-------------210-------------
---------0---------------0--------------
----------------------------------------
----------------------------------------
-----------------2----------------------
----------------1-1---------------------
----------------2-2---------------------
----------------2-2---------------------
----------------1-1---------------------
-----------------2----------------------
----------------------------------------
----------------------------------------
---------0---------------0--------------
--------012-------------210-------------
---------0---------------0--------------
--------012-------------210-------------
---------0-------0-------0--------------
----------------000---------------------
-----------------2----------------------
----------------414---------------------

Generation = 9, Population = 139.
----------------------------------------
----------------------------------------
----------------------------------------
----------------------------------------
---------0---------------0--------------
---------1---------------1--------------
-------01-30-----------03-10------------
--------0-0-------------0-0-------------
-------01-30-----0-----03-10------------
---------1-------1-------1--------------
---------0-----01-10-----0--------------
----------------0-0---------------------
---------------05250--------------------
----------------------------------------
---------------05250--------------------
----------------0-0---------------------
---------0-----01-10-----0--------------
---------1-------1-------1--------------
-------01-30-----0-----03-10------------
--------0-0-------------0-0-------------
-------01-30-----------03-10------------
---------1---------------1--------------
---------0---------------0--------------
-----------------0----------------------
----------------------------------------
---------------02020--------------------
---------------0---0--------------------
---------------0---0--------------------
---------------02020--------------------
----------------------------------------
-----------------0----------------------
---------0---------------0--------------
---------1---------------1--------------
-------01-30-----------03-10------------
--------0-0-------------0-0-------------
-------01-30-----0-----03-10------------
---------1-------1-------1--------------
---------0-----01-10-----0--------------
----------------0-0---------------------
---------------05250--------------------

Generation = 10, Population = 243.
----------------------------------------
----------------------------------------
----------------------------------------
---------0---------------0--------------
--------010-------------010-------------
-------0-2-0-----------0-2-0------------
------01-0-10---------01-0-10-----------
-------0---0-----0-----0---0------------
------01-0-10---010---01-0-10-----------
-------0-2-0---0-2-0---0-2-0------------
--------010---01-0-10---010-------------
---------0-----0-0-0-----0--------------
--------------016-610-------------------
----------------------------------------
--------------016-610-------------------
---------0-----0-0-0-----0--------------
--------010---01-0-10---010-------------
-------0-2-0---0-2-0---0-2-0------------
------01-0-10---010---01-0-10-----------
-------0---0-----0-----0---0------------
------01-0-10---------01-0-10-----------
-------0-2-0-----------0-2-0------------
--------010------0------010-------------
---------0------0-0------0--------------
---------------00-00--------------------
--------------0-----0-------------------
--------------0--0--0-------------------
--------------0--0--0-------------------
--------------0-----0-------------------
---------------00-00--------------------
---------0------0-0------0--------------
--------010------0------010-------------
-------0-2-0-----------0-2-0------------
------01-0-10---------01-0-10-----------
-------0---0-----0-----0---0------------
------01-0-10---010---01-0-10-----------
-------0-2-0---0-2-0---0-2-0------------
--------010---01-0-10---010-------------
---------0-----0-0-0-----0--------------
--------------016-610-------------------

Generation = 11, Population = 328.
----------------------------------------
----------------------------------------
---------0---------------0--------------
---------1---------------1--------------
--------1-1-------------1-1-------------
-------10-01-----------10-01------------
-----012-1-210---0---012-1-210----------
------0-0-0-0----1----0-0-0-0-----------
-----012-1-210--1-1--012-1-210----------
-------10-01---10-01---10-01------------
--------1-1--012---210--1-1-------------
---------1----0-010-0----1--------------
---------0---012707210---0--------------
----------------------------------------
---------0---012707210---0--------------
---------1----0-010-0----1--------------
--------1-1--012---210--1-1-------------
-------10-01---10-01---10-01------------
-----012-1-210--1-1--012-1-210----------
------0-0-0-0----1----0-0-0-0-----------
-----012-1-210---0---012-1-210----------
-------10-01-----0-----10-01------------
--------1-1-------------1-1-------------
---------1------101------1--------------
---------0-----1---1-----0--------------
-------------01-000-10------------------
-------------0-00100-0------------------
-------------0-00100-0------------------
-------------01-000-10------------------
---------0-----1---1-----0--------------
---------1------101------1--------------
--------1-1-------------1-1-------------
-------10-01-----0-----10-01------------
-----012-1-210---0---012-1-210----------
------0-0-0-0----1----0-0-0-0-----------
-----012-1-210--1-1--012-1-210----------
-------10-01---10-01---10-01------------
--------1-1--012---210--1-1-------------
---------1----0-010-0----1--------------
---------0---012707210---0--------------

Generation = 12, Population = 327.
----------------------------------------
---------0---------------0--------------
--------010-------------010-------------
---------2---------------2--------------
--------202-------------202-------------
-----0---0---0---0---0---0---0----------
----012-----210-010-012-----210---------
-----0-------0---2---0-------0----------
----012-----210-202-012-----210---------
-----0---0---------------0---0----------
--------202-012-000-210-202-------------
---------2---0---2---0---2--------------
--------010-012-818-210-010-------------
----------------------------------------
--------010-012-818-210-010-------------
---------2---0---2---0---2--------------
--------202-012-000-210-202-------------
-----0---0---------------0---0----------
----012-----210-202-012-----210---------
-----0-------0---2---0-------0----------
----012-----210-0-0-012-----210---------
-----0---0---0--010--0---0---0----------
--------202-----0-0-----202-------------
---------2------2-2------2--------------
--------010--0--0-0--0--010-------------
---------0--0-2--1--2-0--0--------------
------------0-0-----0-0-----------------
------------0-0-----0-0-----------------
---------0--0-2--1--2-0--0--------------
--------010--0--0-0--0--010-------------
---------2------2-2------2--------------
--------202-----0-0-----202-------------
-----0---0---0--010--0---0---0----------
----012-----210-0-0-012-----210---------
-----0-------0---2---0-------0----------
----012-----210-202-012-----210---------
-----0---0---------------0---0----------
--------202-012-000-210-202-------------
---------2---0---2---0---2--------------
--------010-012-818-210-010-------------

Generation = 13, Population = 459.
---------0---------------0--------------
---------1---------------1--------------
-------01-10-----------01-10------------
--------0-0-------------0-0-------------
-----0-03-30-0---0---0-03-30-0----------
-----1---1---1---1---1---1---1----------
---01-30-0-03-1-1-1-1-30-0-03-10--------
----0-0-----0-0-0-0-0-0-----0-0---------
---01-30-0-0321-313-1230-0-03-10--------
-----1---1---------------1---1----------
-----0-03-3-123-111-321-3-30-0----------
--------0-0-0-0-0-0-0-0-0-0-------------
-------0121-123-929-321-1210------------
----------------------------------------
-------0121-123-929-321-1210------------
--------0-0-0-0-0-0-0-0-0-0-------------
-----0-03-3-123-111-321-3-30-0----------
-----1---1---------------1---1----------
---01-30-0-0321-313-1230-0-03-10--------
----0-0-----0-0-030-0-0-----0-0---------
---01-30-0-03-1-1-1-1-30-0-03-10--------
-----1---1---1-01-10-1---1---1----------
-----0-03-30-0-0-0-0-0-03-30-0----------
--------0-0--0-0---0-0--0-0-------------
-------01-10---01010---01-10------------
---------1-01030---03010-1--------------
---------0-0---0-0-0---0-0--------------
---------0-0---0-0-0---0-0--------------
---------1-01030---03010-1--------------
-------01-10---01010---01-10------------
--------0-0--0-0---0-0--0-0-------------
-----0-03-30-0-0-0-0-0-03-30-0----------
-----1---1---1-01-10-1---1---1----------
---01-30-0-03-1-1-1-1-30-0-03-10--------
----0-0-----0-0-030-0-0-----0-0---------
---01-30-0-0321-313-1230-0-03-10--------
-----1---1---------------1---1----------
-----0-03-3-123-111-321-3-30-0----------
--------0-0-0-0-0-0-0-0-0-0-------------
-------0121-123-929-321-1210------------

Generation = 14, Population = 391.
--------010-------------010-------------
-------0-2-0-----------0-2-0------------
------01-0-10---------01-0-10-----------
-----0-0---0-0---0---0-0---0-0----------
----01-1-0-1-10-010-01-1-0-1-10---------
---0-2---2---2---2---2---2---2-0--------
--01-0-1-1-1-02-202-20-1-1-1-0-10-------
---0---0---0-0---0---0-0---0---0--------
--01-0-1-1-14---------41-1-1-0-10-------
---0-2---2-0-----------0-2---2-0--------
----01-1-04-------------40-1-10---------
-----0-0-0---------------0-0-0----------
------012-----------------210-----------
----------------------------------------
------012-----------------210-----------
-----0-0-0---------------0-0-0----------
----01-1-04-------------40-1-10---------
---0-2---2-0-----------0-2---2-0--------
--01-0-1-1-14----2----41-1-1-0-10-------
---0---0---0-0--141--0-0---0---0--------
--01-0-1-1-1-020-0-020-1-1-1-0-10-------
---0-2---2---20--0--02---2---2-0--------
----01-1-0-1----0-0----1-0-1-10---------
-----0-0---001-------100---0-0----------
------01-0-----1---1-----0-10-----------
-------0-201---1---1---102-0------------
--------0----0---1---0----0-------------
--------0----0---1---0----0-------------
-------0-201---1---1---102-0------------
------01-0-----1---1-----0-10-----------
-----0-0---001-------100---0-0----------
----01-1-0-1----0-0----1-0-1-10---------
---0-2---2---20--0--02---2---2-0--------
--01-0-1-1-1-020-0-020-1-1-1-0-10-------
---0---0---0-0--141--0-0---0---0--------
--01-0-1-1-14----2----41-1-1-0-10-------
---0-2---2-0-----------0-2---2-0--------
----01-1-04-------------40-1-10---------
-----0-0-0---------------0-0-0----------
------012-----------------210-----------

Generation = 15, Population = 530.
--------121-------------121-------------
-------10-01-----------10-01------------
------12-1-21----0----12-1-21-----------
-----10-0-0-01---1---10-0-0-01----------
----12-2-1-2-21-1-1-12-2-1-2-21---------
---10-0-0-0-0-0-0-0-0-0-0-0-0-01--------
-012-1-2-2-2-13-3-3-31-2-2-2-1-210------
--0-0-0-0-0-01---1---10-0-0-0-0-0-------
-012-1-2-2-25----0----52-2-2-1-210------
---10-0-0-01-----------10-0-0-01--------
----12-2-15-------------51-2-21---------
-----10-01---------------10-01----------
------123-----------------321-----------
----------------------------------------
------123-----------------321-----------
-----10-01---------------10-01----------
----12-2-15-------------51-2-21---------
---10-0-0-01-----0-----10-0-0-01--------
-012-1-2-2-25----3----52-2-2-1-210------
--0-0-0-0-0-01--2-2--10-0-0-0-0-0-------
-012-1-2-2-2-1310-0131-2-2-2-1-210------
---10-0-0-0-0----1----0-0-0-0-01--------
----12-2-1-2--00-0-00--2-1-2-21---------
-----10-0-0--2000-0002--0-0-01----------
------12-1--00020-02000--1-21-----------
-------10--2000200020002--01------------
--------1-000100020001000-1-------------
--------1-000100020001000-1-------------
-------10--2000200020002--01------------
------12-1--00020-02000--1-21-----------
-----10-0-0--2000-0002--0-0-01----------
----12-2-1-2--00-0-00--2-1-2-21---------
---10-0-0-0-0----1----0-0-0-0-01--------
-012-1-2-2-2-1310-0131-2-2-2-1-210------
--0-0-0-0-0-01--2-2--10-0-0-0-0-0-------
-012-1-2-2-25----3----52-2-2-1-210------
---10-0-0-01-----0-----10-0-0-01--------
----12-2-15-------------51-2-21---------
-----10-01---------------10-01----------
------123-----------------321-----------

Generation = 16, Population = 106.
----------------------------------------
-----------------0----------------------
----------------010---------------------
-----------------2----------------------
----------------202---------------------
-0-------------------------------0------
012-------------404-------------210-----
-0---------------2---------------0------
012-------------010-------------210-----
-0---------------0---------------0------
----------------------------------------
----------------------------------------
----------------------------------------
----------------------------------------
----------------------------------------
----------------------------------------
-----------------0----------------------
-0--------------010--------------0------
012--------------4--------------210-----
-0--------------303--------------0------
012--------------0--------------210-----
-0---------------2---------------0------
----------------010---------------------
-----------------0----------------------
----------------101---------------------
-----------------1----------------------
----------------------------------------
----------------------------------------
-----------------1----------------------
----------------101---------------------
-----------------0----------------------
----------------010---------------------
-0---------------2---------------0------
012--------------0--------------210-----
-0--------------303--------------0------
012--------------4--------------210-----
-0--------------010--------------0------
-----------------0----------------------
----------------------------------------
----------------------------------------

Generation = 17, Population = 152.
-----------------0----------------------
-----------------1----------------------
---------------01-10--------------------
----------------0-0---------------------
-0-------------03130-------------0------
-1-------------------------------1------
1-30-----------05150-----------03-10----
0-0-------------0-0-------------0-0-----
1-30-----------01-10-----------03-10----
-1---------------1---------------1------
-0---------------0---------------0------
----------------------------------------
----------------------------------------
----------------------------------------
----------------------------------------
-----------------0----------------------
-0---------------1---------------0------
-1-------------01-10-------------1------
1-30------------0-0------------03-10----
0-0------------04-40------------0-0-----
1-30---------------------------03-10----
-1-------------------------------1------
-0-------------01-10-------------0------
----------------0-0---------------------
---------------02-20--------------------
-----------------2----------------------
-----------------0----------------------
-----------------0----------------------
-----------------2----------------------
---------------02-20--------------------
----------------0-0---------------------
-0-------------01-10-------------0------
-1-------------------------------1------
1-30---------------------------03-10----
0-0------------04-40------------0-0-----
1-30------------0-0------------03-10----
-1-------------01-10-------------1------
-0---------------1---------------0------
-----------------0----------------------
----------------------------------------

Generation = 18, Population = 266.
----------------010---------------------
---------------0-2-0--------------------
--------------01-0-10-------------------
-0-------------0-0-0-------------0------
010-----------014-410-----------010-----
-2-0---------------------------0-2-0----
20-10---------016-610---------01-0-10---
---0-----------0-0-0-----------0---0----
20-10---------01-0-10---------01-0-10---
-2-0-----------0-2-0-----------0-2-0----
010-------------010-------------010-----
-0---------------0---------------0------
----------------------------------------
----------------------------------------
-----------------0----------------------
-0--------------010--------------0------
010------------0-2-0------------010-----
-2-0----------01-0-10----------0-2-0----
20-10----------0---0----------01-0-10---
---0----------01---10----------0---0----
20-10----------00-00----------01-0-10---
-2-0-----------00-00-----------0-2-0----
010-----------01---10-----------010-----
-0-------------0---0-------------0------
--------------01-0-10-------------------
---------------0-3-0--------------------
----------------0-0---------------------
----------------0-0---------------------
---------------0-3-0--------------------
--------------01-0-10-------------------
-0-------------0---0-------------0------
010-----------01---10-----------010-----
-2-0-----------00-00-----------0-2-0----
20-10----------00-00----------01-0-10---
---0----------01---10----------0---0----
20-10----------0---0----------01-0-10---
-2-0----------01-0-10----------0-2-0----
010------------0-2-0------------010-----
-0--------------010--------------0------
-----------------0----------------------

Generation = 19, Population = 340.
----------------121---------------------
---------------10-01--------------------
-0-----------012---210-----------0------
-1------------0-010-0------------1------
1-1----------012505210----------1-1-----
0-01---------------------------10-01----
3--210-------012707210-------012-1-210--
--0-0---------0-010-0---------0-0-0-0---
3--210-------012---210-------012-1-210--
0-01-----------10-01-----------10-01----
1-1-------------1-1-------------1-1-----
-1---------------1---------------1------
-0---------------0---------------0------
-----------------0----------------------
-0---------------1---------------0------
-1--------------1-1--------------1------
1-1------------10-01------------1-1-----
0-01---------012-1-210---------10-01----
3--210--------0-000-0--------012-1-210--
--0-0--------012---210--------0-0-0-0---
3--210---------1---1---------012-1-210--
0-01-----------1---1-----------10-01----
1-1----------012---210----------1-1-----
-1------------0-000-0------------1------
-0-----------012-1-210-----------0------
---------------10401--------------------
----------------101---------------------
----------------101---------------------
---------------10401--------------------
-0-----------012-1-210-----------0------
-1------------0-000-0------------1------
1-1----------012---210----------1-1-----
0-01-----------1---1-----------10-01----
3--210---------1---1---------012-1-210--
--0-0--------012---210--------0-0-0-0---
3--210--------0-000-0--------012-1-210--
0-01---------012-1-210---------10-01----
1-1------------10-01------------1-1-----
-1--------------1-1--------------1------
-0---------------1---------------0------

Generation = 20, Population = 368.
----------------------------------------
-0-----------0---0---0-----------0------
010---------012-000-210---------010-----
-2-----------0---2---0-----------2------
202---------012-616-210---------202-----
-----0-----------------------0---0---0--
400-210-----012-818-210-----012-----210-
-0---0-------0---2---0-------0-------0--
400-210-----012-000-210-----012-----210-
-----0-------0-------0-------0---0---0--
202-------------202-------------202-----
-2---------------2---------------2------
010-------------0-0-------------010-----
----------------0-0---------------------
010--------------2--------------010-----
-2--------------202--------------2------
202----------0---0---0----------202-----
-----0------012--2--210------0---0---0--
400-210------0--111--0------012-----210-
-0---0------012--0--210------0-------0--
400-210------0--0-0--0------012-----210-
-----0-------0--0-0--0-------0---0---0--
202---------012--0--210---------202-----
-2-----------0--111--0-----------2------
010---------012-----210---------010-----
-0-----------0--1-1--0-----------0------
----------------2-2---------------------
----------------2-2---------------------
-0-----------0--1-1--0-----------0------
010---------012-----210---------010-----
-2-----------0--111--0-----------2------
202---------012--0--210---------202-----
-----0-------0--0-0--0-------0---0---0--
400-210------0--0-0--0------012-----210-
-0---0------012--0--210------0-------0--
400-210------0--111--0------012-----210-
-----0------012--2--210------0---0---0--
202----------0---0---0----------202-----
-2--------------202--------------2------
010-----------------------------010-----

Generation = 21, Population = 542.
-0-----------0---0---0-----------0------
-1-----------1---1---1-----------1------
1-10-------01-3-1-1-3-10-------01-10----
0-0---------0-0-0-0-0-0---------0-0-----
3130-0-----0123-727-3210-----0-03-30-0--
-----1-----------------------1---1---1--
511-3-10---0123-929-3210---01-30-0-03-10
0-0-0-0-----0-0-0-0-0-0-----0-0-----0-0-
511-3-10---01-3-111-3-10---01-30-0-03-10
-----1-------1-------1-------1---1---1--
3130-0-------0-03130-0-------0-03-30-0--
0-0-------------030-------------0-0-----
1210-----------01010-----------01210----
---------------01010--------------------
1210------------030------------01210----
0-0----------0-03-30-0----------0-0-----
3130-0-------1-------1-------0-03-30-0--
-----1-----01-30---03-10-----1---1---1--
511-3-10----0-002-200-0----01-30-0-03-10
0-0-0-0----01-3001003-10----0-0-----0-0-
511-3-10-------01010-------01-30-0-03-10
-----1---------01010---------1---1---1--
3130-0-----01-3001003-10-----0-03-30-0--
0-0---------0-0022200-0---------0-0-----
1-10-------01-30-0-03-10-------01-10----
-1-----------1-02-20-1-----------1------
-0-----------0-0---0-0-----------0------
-0-----------0-0---0-0-----------0------
-1-----------1-02-20-1-----------1------
1-10-------01-30-0-03-10-------01-10----
0-0---------0-0022200-0---------0-0-----
3130-0-----01-3001003-10-----0-03-30-0--
-----1---------01010---------1---1---1--
511-3-10-------01010-------01-30-0-03-10
0-0-0-0----01-3001003-10----0-0-----0-0-
511-3-10----0-002-200-0----01-30-0-03-10
-----1-----01-30---03-10-----1---1---1--
3130-0-------1-------1-------0-03-30-0--
0-0----------0-03130-0----------0-0-----
1210------------000------------01210----

Generation = 22, Population = 564.
010---------010-010-010---------010-----
-2-0-------0-2---2---2-0-------0-2-0----
20-10-----01-04-202-40-10-----01-0-10---
-0-0-0-----0-0---0---0-0-----0-0---0-0--
--41-10---012---------210---01-1-0-1-10-
---0-2-0-------------------0-2---2---2-0
----40-10-012---------210-01-0-1-1-1-0-1
-------0---0-0-------0-0---0---0---0---0
----40-10-01-04-----40-10-01-0-1-1-1-0-1
---0-2-0---0-2-0---0-2-0---0-2---2---2-0
--41-10-----01-14241-10-----01-1-0-1-10-
---0-0-------0-01-10-0-------0-0-0-0-0--
--210---------0-----0---------012-210---
--------------0-----0-------------------
--210--------0-01410-0--------012-210---
---0-0------01-1-0-1-10------0-0-0-0-0--
--41-10----0-2--0-0--2-0----01-1-0-1-10-
---0-2-0--01-0-------0-10--0-2---2---2-0
----40-10--0--1--0--1--0--01-0-1-1-1-0-1
-------0--01-----2-----10--0---0---0---0
----40-10--00--1---1--00--01-0-1-1-1-0-1
---0-2-0---00--1---1--00---0-2---2---2-0
--41-10---01-----------10---01-1-0-1-10-
-0-0-0-----0--1-3-3-1--0-----0-0---0-0--
20-10-----01-0-1-1-1-0-10-----01-0-10---
-2-0-------0-201303102-0-------0-2-0----
0-0---------0---------0---------0-0-----
0-0---------0---------0---------0-0-----
-2-0-------0-201303102-0-------0-2-0----
20-10-----01-0-1-1-1-0-10-----01-0-10---
-0-0-0-----0--1-3-3-1--0-----0-0---0-0--
--41-10---01-----------10---01-1-0-1-10-
---0-2-0---00--1---1--00---0-2---2---2-0
----40-10--00--1---1--00--01-0-1-1-1-0-1
-------0--01-----2-----10--0---0---0---0
----40-10--0--1--0--1--0--01-0-1-1-1-0-1
---0-2-0--01-0-------0-10--0-2---2---2-0
--41-10----0-2--000--2-0----01-1-0-1-10-
---0-0------01-14241-10------0-0-0-0-0--
--210--------0---1---0--------012-210---

Generation = 23, Population = 732.
121---------121-121-121---------121-----
0-01-------10-0-0-0-0-01-------10-01----
31-21----012-15-3-3-51-210----12-1-21---
-10-01----0-01---1---10-0----10-0-0-01--
--52-21--0123----0----3210--12-2-1-2-21-
---10-01-------------------10-0-0-0-0-01
----5--21-123---------321-12-1-2-2-2-1--
------0-0-0-01-------10-0-0-0-0-0-0-0-0-
----5--21-12-15-----51-21-12-1-2-2-2-1--
---10-01---10-01-0-10-01---10-0-0-0-0-01
-052-21-----12-25-52-21-----12-2---2-21-
--0-01-------10--0--01-------10-010-01--
-0321---------1-0-0-1---------1230321---
--------------1-000-1-------------------
-0321--------10--5--01--------1230321---
--0-01------12-2-1-2-21------10-010-01--
-052-21----10-0--0--0-01----12-2---2-21-
---10-01-012-1--000--1-210-10-0-0-0-0-01
----5--2100-0--00100--0-0012-1-2-2-2-1--
------0-0012--0003000--2100-0-0-0-0-0-0-
----5--210-1-002000200-1-012-1-2-2-2-1--
---10-01---1-0020-0200-1---10-0-0-0-0-01
--52-21--012--000-000--210--12-2-1-2-21-
-10-01----0-0--0-0-0--0-0----10-0-0-01--
31-21----012-1-2-2-2-1-210----12-1-21---
0301-------10--2-1-2--01-------10301----
101---------1-0000000-1---------101-----
101---------1-0000000-1---------101-----
0301-------10--2-1-2--01-------10301----
31-21----012-1-2-2-2-1-210----12-1-21---
-10-01----0-0--0-0-0--0-0----10-0-0-01--
--52-21--012--000-000--210--12-2-1-2-21-
---10-01---1-0020-0200-1---10-0-0-0-0-01
----5--210-1-002000200-1-012-1-2-2-2-1--
------0-0012--0003000--2100-0-0-0-0-0-0-
----5--2100-0--00100--0-0012-1-2-2-2-1--
---10-01-012-1--0-0--1-210-10-0-0-0-0-01
-052-21----10-0--1--0-01----12-2---2-21-
--0-01------12-25-52-21------10-010-01--
-0321--------100-2-001--------1230321---

Generation = 24, Population = 254.
----------------------------------------
---------0-------0-------0--------------
--------012-----404-----210-------------
---------0-------2-------0--------------
--------012-----010-----210-------------
-----0---0-------0-------0-------------2
----600-------------------------------00
-----0---------------------------------0
----600----------0--------------------00
-0---0----------0-0--------------0-----2
016-------------6-6-------------000-----
-0--------------0-0--------------2------
014-------------1-1-------------414-----
-----------------1----------------------
014-----------------------------414-----
-0-------------------------------2------
016------0---------------0------000-----
-0---0--0-2-------------2-0------0-----2
----600-2-1-------------1-2-----------00
-----0--1-2-------------2-1------------0
----600-2-0------1------0-2-----------00
-----0----------101--------------------2
--------012------0------210-------------
---------0------010------0--------------
-2------012-------------210------2------
1-1------0------0-0------0------1-1-----
2-2-------------1-1-------------2-2-----
2-2-------------1-1-------------2-2-----
1-1------0------0-0------0------1-1-----
-2------012-------------210------2------
---------0------010------0--------------
--------012------0------210-------------
-----0----------101--------------------2
----600-2-0------1------0-2-----------00
-----0--1-2-------------2-1------------0
----600-2-1------2------1-2-----------00
-0---0--0-2-----1-1-----2-0------0-----2
016------0------0-0------0------000-----
-0--------------6-6--------------2------
014-------------0-0-------------414-----

Generation = 25, Population = 389.
---------0-------0-------0--------------
---------1-------1-------1--------------
-------01-30---05-50---03-10------------
--------0-0-----0-0-----0-0-------------
-----0-01-30---01-10---03-10-----------0
-----1---1-------1-------1-------------3
---07-10-0-------0-------0-----------011
----0-0----------0--------------------0-
-0-07-10-------------------------0---011
-1---1---------01010-------------1-----3
1-70-0---------0---0-----------01-10---0
0-0------------0---0------------0-0-----
1250-----------02020-----------05250----
----------------------------------------
1250-------------0-------------05250----
0-0------0---------------0------0-0-----
1-70-0-------------------------01-10---0
-1---1-01030-----------03010-----1-----3
-0-07-1----0-----------0---0-----0---011
----0-00---0-----0-----0---0----------0-
---07-1-3-10-----2-----01-30---------011
-----1---0-----02-20-----0-------------3
-----0-01230----0-0----03210-----------0
-0------0-0----01210----0-0------0------
-------01-30-----0-----03-10------------
2020-----1-----01-10-----1-----02020----
---0-----0-----0---0-----0-----0---0----
---0-----0-----0---0-----0-----0---0----
2020-----1-----01-10-----1-----02020----
-------01-30-----0-----03-10------------
-0------0-0----01210----0-0------0------
-----0-01230----0-0----03210-----------0
-----1---0-----02-20-----0-------------3
---07-1-3-10-----2-----01-30---------011
----0-00---0-----------0---0----------0-
-0-07-1----0-----------0---0-----0---011
-1---1-01030---02020---03010-----1-----3
1-70-0---------0---0-----------01-10---0
0-0------0-----0---0-----0------0-0-----
1250-----------01-10-----------05250----

Generation = 26, Population = 589.
--------010-----010-----010-------------
-------0-2-0---0-2-0---0-2-0------------
------01-0-10-01-0-10-01-0-10-----------
-----0-0---0---0---0---0---0-----------0
----01-1-0-10-01-0-10-01-0-10---------01
---0-2---2-0---0-2-0---0-2-0---------0--
--01-0-1-10-----0-0-----010---------012-
-0-0---0-0------010------0-------0---0-0
01-1-0-10------00-00------------010-012-
-2---2-0------0-----0----------0-2-0-0--
20-1-10-------0--0--0---------01-0-10-01
-0-0-0--------0--0--0----------0-0-0---0
--610---------0-----0---------016-610---
---------------00-00--------------------
--610----0------0-0------0----016-610---
-0-0-0--0-0------0------0-0----0-0-0---0
20-1-1000-00-----------00-00--01-0-10-01
-2---201----0---------0-----0--0-2-0-0--
01-1-02000--0----0----0--0--0---010-012-
-0-0--11----0---010---0-----0----0---0-0
--01-020-02-0--0-3-0--0-204-0-------012-
---0-2-0010---01-0-10---010----------0--
-0--01-123410--0-0-0--0143210----0----01
0-0--0-0-0-0--0123210--0-0-0----0-0----0
0-00--01-0-10---010---01-0-10--00-00----
3---0--0-2-0--0-202-0--0-2-0--0-----0---
00--0---0-0---0-----0---0-0---0--0--0---
00--0---0-0---0-----0---0-0---0--0--0---
3---0--0-2-0--0-202-0--0-2-0--0-----0---
0-00--01-0-10---010---01-0-10--00-00----
0-0--0-0-0-0--0123210--0-0-0----0-0----0
-0--01-123410--0-0-0--0143210----0----01
---0-2-0010---01-0-10---010----------0--
--01-020-02-0--0---0--0-204-0-------012-
-0-0--11----0----0----0-----0----0---0-0
01-1-02000--0--00000--0--0--0---010-012-
-2---201----0-0-----0-0-----0--0-2-0-0--
20-1-1000-00--0--0--0--00-00--01-0-10-01
-0-0-0--0-0---0-----0---0-0----0-0-0---0
--610----0----0-2-2-0----0----016-610---

Generation = 27, Population = 747.
--------121-----121-----121-------------
-------10-01---10-01---10-01------------
------12-1-21-12-1-21-12-1-210---------0
-----10-0-0-0-0-0-0-0-0-0-0-0----------1
----12-2-1-21-12-1-21-12-1-210--------1-
---10-0-0-01---10301---10-01---------100
--12-1-2-21-----1-1-----1-1------0-01-3-
-10-0-0-01------1-1------1-------1--0---
12-2-1-21------1-0-1-----0------1-101-3-
0-0-0-01-----01-000-10---------10-01-100
31-2-21------0-00100-0-------012---2101-
-10-01-------0-00100-0--------0-010-0--1
--721--------01-000-10-------012707210-0
---------0-----1---1-----0--------------
--721-----------101----------012707210-0
-10-01--101-------------101---0-010-0--1
31-2-211---1-----0-----1---1-012---2101-
0-0-03-2000-10---0---01-000-10-10-01-100
12-2-----100-0---1---0-00-00-0--1-101-3-
-10-0022--00-0--1-1--0-00-00-0---1--0---
--12--310---10-10-01-01--1--10---0-01-3-
-0-10-011-1--012---210--1-1------0---100
----12-23-52100-0-0-00125-3210--------1-
101--10-0-0-00123-32100-0-0-0---101----1
---1--12---210--1-1--012---210-1---1---0
--0-10-10301-01--1--10-10301-01-000-10--
1-00-0--101--0-00000-0--101--0-00100-0--
1-00-0--101--0-00000-0--101--0-00100-0--
--0-10-10301-01--1--10-10301-01-000-10--
---1--12---210--1-1--012---210-1---1---0
101--10-0-0-00123-32100-0-0-0---101----1
----12-23-52100-0-0-00125-3210--------1-
-0-10-011-1--012-1-210--1-1------0---100
--12--310---10-10-01-01--1--10---0-01-3-
-10-0022--00-0---1---0-00-00-0---1--0---
12-2-----100-0-1-1-1-0-00-00-0--1-101-3-
0-0-03-2000-1-1-0-0-1-1-000-10-10-01-100
31-2-211---1-0-00-00-0-1---1-012---2101-
-10-01--101--0-00000-0--101---0-010-0--1
--721--------01-----10-------012707210-0

Generation = 28, Population = 589.
----------------------------------------
-----------------------------0---------0
----------------------------210-------01
-----------------------------0---------2
-----------------2----------210-------20
----------------141------0---0---0-0-2-1
-----------------0------202-----01-1-04-
----------------202------2-------2-0-0--
-------------0---1---0--010-----20-1-04-
------------0-2-----2-0--0---0-----2---1
------------0-0-----0-0-----012-000-21-0
------------0-0-----0-0------0---2---0-2
---------0--0-2--1--2-0--0--012-818-21-1
--------0-0--0--0-0--0--0-0-------------
--------0-0-----2-2-----0-0-012-818-21-1
--------2-2-----0-0-----2-2--0---2---0-2
-----3--0-0--0--010--0--0-0-0-2-000-21-0
----1-0--1--2-0-0-0-0-2-----210----2---1
----0-0-----0-0--2--0-0-101-0-0-20-1-04-
----1-3-----0-0-202-0-0--0--0-0--2-0-0--
-0--0-4--0--210-----012-0-0-2-0-0--1-04-
0-0--0--2-2-012-0-0-210-202-----0100-2-1
0-0-----4-6-2-1-1-1-1-2-6-4-210-0-0---20
2-2-----1-1-1-2-4-4-2-1-1-1--0--2-2----2
000--0--000-210-202-012-000-2-0-0-0--001
001-2-0-141-012-020-210-141-012--1--2-00
2-1-0-0-2-2-0-0-1-1-0-0-2-2-0-0-----0-0-
2-1-0-0-2-2-0-0-1-1-0-0-2-2-0-0-----0-0-
001-2-0-141-012-020-210-141-012--1--2-00
000--0--000-210-202-012-000-2-0-0-0--001
2-2-----1-1-1-2-4-4-2-1-1-1--0--2-2----2
0-0-----4-6-2-1-101-1-2-6-4-210-0-0---20
0-0--0--2-2-012-----210-202-----0100-2-1
-0--0-4--0--210-1-1-012-0-0-2-0-0--1-04-
----1-3-----0-0--2--0-0--0--0-0--2-0-0--
----0-0-----010-020-010-101-0-0-20-1-04-
----1-0--1------101---------210----2---1
-----3--0-0-010-101-010-0-0-0-2-000-21-0
--------2-2-0-0-1-1-0-0-2-2--0---2---0-2
--------000-0-2-000-2-0-000-012-818-21-1

Generation = 29, Population = 619.
-----------------------------0---------0
-----------------------------1---------1
---------------------------03-10-----012
-----------------0----------0-0-------0-
-----------------3-------0-03-10-0-0--31
---------------02-20-----1---1---1-1-3-2
----------------0-0----03-30-0-012---15-
-------------0-03-30-0--0-0-----0-----0-
-----------------2-----01-10-0-03-----5-
-----------01030-0-03010-1---1-----3---2
-----------0---0---0---0-0-01-3-11103---
---------0-0---0-0-0---0-0--0-0-0-0-0---
-----------01030---03010---0123-929-3--2
-------01010---01010---01010------------
-------0---0-0-0---0-0-0----123-929-3--2
-----0-0---0-0-0-0-0-0-0---0010-0-0-0---
-------01010---01-10---01-1-1-3-11103---
---02010---0301-1-1-1030-0-03-10---3---2
---0---0-0-0---00300----212--0--3-----5-
-0-0---0-0-0-0--313--0-00100---003----0-
---01050---03210-0-0123-1-1-3-1-10---15-
1010---0303-123-1-1-321-3-30-0-01-1--3-2
---0-0-0-----0-------0---0--321--0----31
-0-0-0-0-0---0---0---0---0-00100---0-00-
1110---0111-321-313-123-111-3-1-1010-112
112-301-252-123-131-321-252-1-30---0301-
-0-------0---0---0---0---0---0-0-0-0----
-0-------0---0---0---0---0---0-0-0-0----
112-301-252-123-131-321-252-1-30---0301-
1110---0111-321-313-123-111-3-1-1010-112
-0-0-0-0-0---0-------0---0-00100---0-00-
---0-0-0-----0-------0---0--321--0----31
1010---0303-1230-0-0321-3-30-0-01-1--3-2
---01050---0321--0--123-1-1-3-1-10---15-
-0-0---0-0-0---00300---00100---003----0-
---0---0-0-0------------212--0--3-----5-
---02010-------02-20-----0-03-10---3---2
-------0101-----212-----1-1-1-3-11103---
-----0-0-0---0-------0---0-0010-0-0-0---
-------0----1-3-----3-1-----123-929-3--2

