==30315== Memcheck, a memory error detector
==30315== Copyright (C) 2002-2009, and GNU GPL'd, by Julian Seward et al.
==30315== Using Valgrind-3.6.0.SVN-Debian and LibVEX; rerun with -h for copyright info
==30315== Command: RunLife.c++.app
==30315== 
*** Life<Cell> 20x20 ***
Generation = 0 Population = 6

--------------------
--------------------
--------------------
--------------------
--------------------
--------------------
--------------------
--------------------
--------------------
---------00---------
--------0000--------
--------------------
--------------------
--------------------
--------------------
--------------------
--------------------
--------------------
--------------------
--------------------

Generation = 1 Population = 12

--------------------
--------------------
--------------------
--------------------
--------------------
--------------------
--------------------
--------------------
---------00---------
--------------------
-------011110-------
--------0000--------
--------------------
--------------------
--------------------
--------------------
--------------------
--------------------
--------------------
--------------------

Generation = 2 Population = 24

--------------------
--------------------
--------------------
--------------------
--------------------
--------------------
--------------------
---------00---------
--------0110--------
-------00--00-------
------01****10------
---------11---------
--------0000--------
--------------------
--------------------
--------------------
--------------------
--------------------
--------------------
--------------------

Generation = 3 Population = 32

--------------------
--------------------
--------------------
--------------------
--------------------
--------------------
---------00---------
--------------------
---------**---------
--------1001--------
-----01*....*10-----
------000**000------
-------011110-------
--------0000--------
--------------------
--------------------
--------------------
--------------------
--------------------
--------------------

Generation = 4 Population = 28

--------------------
--------------------
--------------------
--------------------
--------------------
---------00---------
--------0110--------
--------------------
---------..---------
-----00-*11*-00-----
----01*......*10----
--------1..1--------
--------------------
---------11---------
--------0000--------
--------------------
--------------------
--------------------
--------------------
--------------------

Generation = 5 Population = 52

--------------------
--------------------
--------------------
--------------------
---------00---------
--------------------
-------01**10-------
--------0000--------
-----00-0**0-00-----
--------.--.--------
---01**.*..*.**10---
----0000-..-0000----
--------1111--------
--------------------
-------011110-------
--------0000--------
--------------------
--------------------
--------------------
--------------------

==30315== 
==30315== HEAP SUMMARY:
==30315==     in use at exit: 123,192 bytes in 25 blocks
==30315==   total heap usage: 3,367 allocs, 3,342 frees, 267,346 bytes allocated
==30315== 
==30315== LEAK SUMMARY:
==30315==    definitely lost: 312 bytes in 19 blocks
==30315==    indirectly lost: 0 bytes in 0 blocks
==30315==      possibly lost: 0 bytes in 0 blocks
==30315==    still reachable: 122,880 bytes in 6 blocks
==30315==         suppressed: 0 bytes in 0 blocks
==30315== Rerun with --leak-check=full to see details of leaked memory
==30315== 
==30315== For counts of detected and suppressed errors, rerun with: -v
==30315== ERROR SUMMARY: 0 errors from 0 contexts (suppressed: 18 from 7)
