==31372== Memcheck, a memory error detector
==31372== Copyright (C) 2002-2009, and GNU GPL'd, by Julian Seward et al.
==31372== Using Valgrind-3.6.0.SVN-Debian and LibVEX; rerun with -h for copyright info
==31372== Command: RunLife.c++.app
==31372== 
*** Life<ConwayCell> MyRunLifeConwayCell.in ***
Generation = 0 Population = 15

*..............
.*.............
..*............
...*...........
....*..........
.....*.........
......*........
.......*.......
........*......
.........*.....
..........*....
...........*...
............*..
.............*.
..............*

Generation = 1 Population = 10

...............
...............
...............
...*...........
....*..........
.....*.........
......*........
.......*.......
........*......
.........*.....
..........*....
...........*...
............*..
...............
...............

Generation = 2 Population = 2

...............
...............
...............
...............
...............
...............
...............
.......*.......
........*......
...............
...............
...............
...............
...............
...............

Generation = 3 Population = 0

...............
...............
...............
...............
...............
...............
...............
...............
...............
...............
...............
...............
...............
...............
...............

Generation = 4 Population = 0

...............
...............
...............
...............
...............
...............
...............
...............
...............
...............
...............
...............
...............
...............
...............

Generation = 5 Population = 0

...............
...............
...............
...............
...............
...............
...............
...............
...............
...............
...............
...............
...............
...............
...............

==31372== 
==31372== HEAP SUMMARY:
==31372==     in use at exit: 122,880 bytes in 6 blocks
==31372==   total heap usage: 1,513 allocs, 1,507 frees, 177,815 bytes allocated
==31372== 
==31372== LEAK SUMMARY:
==31372==    definitely lost: 0 bytes in 0 blocks
==31372==    indirectly lost: 0 bytes in 0 blocks
==31372==      possibly lost: 0 bytes in 0 blocks
==31372==    still reachable: 122,880 bytes in 6 blocks
==31372==         suppressed: 0 bytes in 0 blocks
==31372== Rerun with --leak-check=full to see details of leaked memory
==31372== 
==31372== For counts of detected and suppressed errors, rerun with: -v
==31372== ERROR SUMMARY: 0 errors from 0 contexts (suppressed: 18 from 7)
