==516== Memcheck, a memory error detector
==516== Copyright (C) 2002-2009, and GNU GPL'd, by Julian Seward et al.
==516== Using Valgrind-3.6.0.SVN-Debian and LibVEX; rerun with -h for copyright info
==516== Command: RunLife.c++.app
==516== 
*** Life<Cell> MyRunLifeFredkinCell.in ***
Generation = 0 Population = 64

0000000000
0000000000
00------00
00------00
00------00
00------00
00------00
00------00
0000000000
0000000000

Generation = 1 Population = 58

--1111111-
--------1-
1--0000-11
1-0----011
1-0----011
1-0----011
1-0----011
1--0000-11
11111111-1
--1111111-

Generation = 2 Population = 50

-03------0
0--000003-
3--1--103-
-01-00---3
-0-0--01-3
-0-0--01-3
-01-00---3
-00-11---3
-33------3
0--333333-

Generation = 3 Population = 44

-14-1111--
1-0---11-0
40-300-1--
--3-110--4
1-01------
1-01------
11-0---01-
111---0-1-
------11-4
-0-4----4-

Generation = 4 Population = 44

-3--3-3-10
3---0-3---
---41--33-
--4--31-1-
301--00--3
---30--11-
33-10--1-3
--3--11-3-
1-31-1-3--
0---3-3---

Generation = 5 Population = 36

--414-4-31
----1---3-
4--5--14-1
1-5----03-
41------1-
--------33
4-1----3--
--40--3---
33-313----
1-1--3----

==516== 
==516== HEAP SUMMARY:
==516==     in use at exit: 123,616 bytes in 52 blocks
==516==   total heap usage: 1,479 allocs, 1,427 frees, 283,155 bytes allocated
==516== 
==516== LEAK SUMMARY:
==516==    definitely lost: 736 bytes in 46 blocks
==516==    indirectly lost: 0 bytes in 0 blocks
==516==      possibly lost: 0 bytes in 0 blocks
==516==    still reachable: 122,880 bytes in 6 blocks
==516==         suppressed: 0 bytes in 0 blocks
==516== Rerun with --leak-check=full to see details of leaked memory
==516== 
==516== For counts of detected and suppressed errors, rerun with: -v
==516== ERROR SUMMARY: 0 errors from 0 contexts (suppressed: 18 from 7)
