==30388== Memcheck, a memory error detector
==30388== Copyright (C) 2002-2009, and GNU GPL'd, by Julian Seward et al.
==30388== Using Valgrind-3.6.0.SVN-Debian and LibVEX; rerun with -h for copyright info
==30388== Command: RunLife.c++.app
==30388== 
*** Life<FredkinCell> 20x20 ***
Generation = 0 Population = 4

--------------------
--------------------
--------------------
--------------------
--------------------
--------------------
--------------------
--------------------
--------------------
---------00---------
---------00---------
--------------------
--------------------
--------------------
--------------------
--------------------
--------------------
--------------------
--------------------
--------------------

Generation = 1 Population = 8

--------------------
--------------------
--------------------
--------------------
--------------------
--------------------
--------------------
--------------------
---------00---------
--------0--0--------
--------0--0--------
---------00---------
--------------------
--------------------
--------------------
--------------------
--------------------
--------------------
--------------------
--------------------

Generation = 2 Population = 16

--------------------
--------------------
--------------------
--------------------
--------------------
--------------------
--------------------
---------00---------
---------11---------
-------01--10-------
-------01--10-------
---------11---------
---------00---------
--------------------
--------------------
--------------------
--------------------
--------------------
--------------------
--------------------

==30388== 
==30388== HEAP SUMMARY:
==30388==     in use at exit: 122,880 bytes in 6 blocks
==30388==   total heap usage: 1,314 allocs, 1,308 frees, 172,061 bytes allocated
==30388== 
==30388== LEAK SUMMARY:
==30388==    definitely lost: 0 bytes in 0 blocks
==30388==    indirectly lost: 0 bytes in 0 blocks
==30388==      possibly lost: 0 bytes in 0 blocks
==30388==    still reachable: 122,880 bytes in 6 blocks
==30388==         suppressed: 0 bytes in 0 blocks
==30388== Rerun with --leak-check=full to see details of leaked memory
==30388== 
==30388== For counts of detected and suppressed errors, rerun with: -v
==30388== ERROR SUMMARY: 0 errors from 0 contexts (suppressed: 18 from 7)
