==30545== Memcheck, a memory error detector
==30545== Copyright (C) 2002-2009, and GNU GPL'd, by Julian Seward et al.
==30545== Using Valgrind-3.6.0.SVN-Debian and LibVEX; rerun with -h for copyright info
==30545== Command: RunLife.c++.app
==30545== 
*** Life<Cell> MyRunLifeCell.in ***
Generation = 0 Population = 2

----0
-----
--0--
-----
-----

Generation = 1 Population = 5

---0-
--0--
-0-0-
--0--
-----

Generation = 2 Population = 4

----0
-----
0---0
-----
--0--

Generation = 3 Population = 9

---0-
0---0
---0-
0-0-0
-0-0-

Generation = 4 Population = 4

0-0--
-----
----0
-----
--0--

Generation = 5 Population = 8

-0-0-
----0
---0-
--0-0
-0-0-

==30545== 
==30545== HEAP SUMMARY:
==30545==     in use at exit: 122,904 bytes in 7 blocks
==30545==   total heap usage: 313 allocs, 306 frees, 154,077 bytes allocated
==30545== 
==30545== LEAK SUMMARY:
==30545==    definitely lost: 24 bytes in 1 blocks
==30545==    indirectly lost: 0 bytes in 0 blocks
==30545==      possibly lost: 0 bytes in 0 blocks
==30545==    still reachable: 122,880 bytes in 6 blocks
==30545==         suppressed: 0 bytes in 0 blocks
==30545== Rerun with --leak-check=full to see details of leaked memory
==30545== 
==30545== For counts of detected and suppressed errors, rerun with: -v
==30545== ERROR SUMMARY: 0 errors from 0 contexts (suppressed: 18 from 7)
