*** Life<Cell> 20x20 ***

Generation = 0, Population = 335.
*3384918-689758275-9
629-436824*9904.8400
700-1426.14-2*60*395
95.3611**39.1739--30
819328517-8996-66.96
294413406-.*.244143-
-.9.94-993.17885*3.4
6837053*6*3*3013-356
549725437.31*.543503
*287.291--63-.448173
8443.407900..-4920-9
10.*31-39955.622*150
570647-04*871600.85*
3--77809771042178948
351950-.14*13-67972-
191868-571*4116-4468
46*47813.3.339916.-4
2.8-0-40.4*247486.-4
463-16.*20134-676504
765318.8331766.95878

Generation = 1, Population = 180.
*44-5+2-0-9+869-8-0+
7-+05-----.+--5.9-11
8--02--7.2503.-1.4-6
+6.----..4+.2-4+0-41
9-+-----80-++7-7-.+-
-+-5--5-7-...35--5-0
-.-.+5-+--.28---.4.5
-9-8--4.-.4.-1-4-467
6---3----.4-..6-4--4
.--8.3-20-7--.5---84
9-54.51-+11.*-5--1--
21..4204----.---.-61
68---801-.--2--1.9-.
-008---+-----3--9---
462--1-.2-.-4-78--30
2----90-8-.--27-557-
57.5-924.-.4---27.--
-.-0---1.5.--8--7.--
57402-..3---5----615
-76-2-.-442877.-698-

Generation = 2, Population = 181.
*--0--3---++----9---
-0-16-0000.-0-6.+0-2
-----00-*-61-.02.---
+7*00--..5-.-05-10--
+-----00--0++--8-.+0
--0----08-*..-6-0601
-.-*+6----.39000.-.-
----0--.-.5.--0-0--8
---0--000.-0.*70--0-
.--9.403-0-00.-00-9-
+06-.6-----*.-600-0-
3-.*5----00-.-00*072
-9-0--120.-0--0-*--.
01190--+----0--0--00
-7--02-.30.0---90--1
-0000+-090.0-3------
-8*6--3-.0.-0--38.0-
-.---0-2.-.0--0-8.00
6851-0.*400-60--0-26
---030.0----88.07+--

Generation = 22, Population = 203.
.0120---0--11002--10
------1-10*0---*2--0
0-0---05.-0--.--.030
6-.----*.00*-000-00-
--31010---0-0--0-.-0
001-361-20...-10--0-
2*2.300--0*-316-.3.0
--00121.-.-.00----10
-30143-1-.--..02000-
*0--*-141100-.-0-0--
0-0-.040-0-..00-03-0
0-..-0----30*4-0*1--
-00---22-.020-10.--*
00---5100---00--22-0
-000-01.--.-0-1---1-
02-0-02-00*0---2---2
0-*01---*1*0201-1.-3
0*-21--0*-*-10--2.1-
-0-0--*.2-01-3012-2-
0--0-0.---0---.1---7

Generation = 122, Population = 195.
.4--400200-0--10--0-
10-000---7.1--1.-0--
-31-03--.1-10.31.-00
01.----.*--*-00-20-2
-0-0-1204--20--0-.-4
----1201--...010010-
0*-.0---2-.0--6-*0.1
-021-10.2.-.----3-00
-1-200---.-0*.40120-
.1-0*-01-1-02.2-1200
1---*-0--11.*010-20-
0-..01000003*-01.0--
-------00*--1--3.-0*
0--0----2-02-0----6-
---02--.12.-02--00-1
---0103---.-30043101
2-.-0---.-.0---04.0-
-.--10-0*0.1-230-*21
------.*1--3-3-00---
-00---.01--1-1*0--30

