*** Life<ConwayCell> 20x25 ***

Generation = 0, Population = 40.
...........****..........
.........................
...........****..........
.........................
...........****..........
.........................
...........****..........
.........................
...........****..........
.........................
...........****..........
.........................
...........****..........
.........................
...........****..........
.........................
...........****..........
.........................
...........****..........
.........................

Generation = 1, Population = 22.
............**...........
.........................
............**...........
.........................
............**...........
.........................
............**...........
.........................
............**...........
.........................
............**...........
.........................
............**...........
.........................
............**...........
.........................
............**...........
.........................
............**...........
............**...........

Generation = 2, Population = 4.
.........................
.........................
.........................
.........................
.........................
.........................
.........................
.........................
.........................
.........................
.........................
.........................
.........................
.........................
.........................
.........................
.........................
.........................
............**...........
............**...........

Generation = 22, Population = 4.
.........................
.........................
.........................
.........................
.........................
.........................
.........................
.........................
.........................
.........................
.........................
.........................
.........................
.........................
.........................
.........................
.........................
.........................
............**...........
............**...........

Generation = 122, Population = 4.
.........................
.........................
.........................
.........................
.........................
.........................
.........................
.........................
.........................
.........................
.........................
.........................
.........................
.........................
.........................
.........................
.........................
.........................
............**...........
............**...........

