*** Life<ConwayCell> 10x20 ***

Generation = 0, Population = 99.
**.**.*.***........*
..***.....*.*..*...*
****.*....***.***.**
..*....**.*..*.*.***
***.**...****.*..**.
...*******..*.**....
..****........***...
***..*..*.*****.**.*
..*.**.**....***.**.
..**..*.*...***.**..

Generation = 1, Population = 47.
.*..**...***........
............*****..*
..........*.*.......
.....**.*...........
.**.........*....*.*
.......***..*....*..
..........*......*..
.......***.**.......
....**..*...........
..*****.*...*...***.

Generation = 2, Population = 38.
..........******....
.........*..****....
...........**.**....
...........*........
......*..*........*.
........**.*....**..
..........*.*.......
.......*****........
...........**....*..
...*..**.........*..

Generation = 7, Population = 17.
....................
....................
............*.......
.........**.*.......
.......***..........
......*..*.*........
.........**.........
......*.**..........
.......**...........
....................

Generation = 27, Population = 11.
....................
....................
............**......
............***.....
....................
....................
........*...........
.......*.*..........
.......*.*..........
........*...........

