*** Life<FredkinCell> 10x20 ***

Generation = 0, Population = 186.
49548106993701-26472
53687177-63329534790
40-4-08303-09107-604
314698557937-483-617
26391350321604161673
442257939226594143-3
72443-9638392629486-
903768944064244-5456
45266991572860045835
-313227939627183637-

Generation = 1, Population = 80.
-+659217-+481-0-758-
6-7-8--8-74---6-5--1
51---1--14-1+--807-5
4-5-+-----48-5-407-8
3-----------1---2-84
5----8-----------4-4
8---4-+--------+---0
+----9--------5-6---
---------------5----
--24338+4+73829474--

Generation = 2, Population = 76.
-+7-+-----5-2-1---9-
7-8090-908-0-070-0-2
620-0-0-2---+-------
-0------0-5-------0-
-00-00----0-----3-95
-0----------0--0--0-
-0-0---0---------001
+0-----------0---0-0
0-000-000000000600--
-03------------5-50-

Generation = 7, Population = 107.
-20-0010--0---0---3-
100-101-02-202-0-10-
02---4--0000002-110-
3000--10--------0---
12-3--2-000211001-00
---4-00-0-0-0---1-00
1011-3-1-0-1---10---
02----002-200--0-10-
210-00------2----00-
-20-02--0-0--0120--2

Generation = 27, Population = 98.
110161--0-------0-0-
-----020----53---0--
-0--1--1-01304---20-
-0----0000-305---1-0
----0----00-1----1-9
-010301-001-----23--
-0-12001-0410-0-0102
--0--0-111--0-0--0--
2-10111---00-306---0
2--142-00---301--40-

