*** Life<Cell> 20x25 ***

Generation = 0, Population = 80.
...........****..........
-----------0000----------
...........****..........
-----------0000----------
...........****..........
-----------0000----------
...........****..........
-----------0000----------
...........****..........
-----------0000----------
...........****..........
-----------0000----------
...........****..........
-----------0000----------
...........****..........
-----------0000----------
...........****..........
-----------0000----------
...........****..........
-----------0000----------

Generation = 1, Population = 60.
...........*..*..........
----------01--10---------
..........*....*.........
----------01--10---------
..........*....*.........
----------01--10---------
..........*....*.........
----------01--10---------
..........*....*.........
----------01--10---------
..........*....*.........
----------01--10---------
..........*....*.........
----------01--10---------
..........*....*.........
----------01--10---------
..........*....*.........
----------01--10---------
..........*....*.........
----------0-11-0---------

Generation = 2, Population = 100.
..........**..**.........
---------0--00--0--------
.........*......*........
---------01200210--------
.........*......*........
---------01200210--------
.........*......*........
---------01200210--------
.........*......*........
---------01200210--------
.........*......*........
---------01200210--------
.........*......*........
---------01200210--------
.........*......*........
---------01200210--------
.........*......*........
---------01200210--------
.........**.**.**........
---------01-22-10--------

Generation = 22, Population = 228.
....*.**..**.............
-003--1--02100-00-0-00-01
..*...***...***.......*.*
1-1-22-2-2-1---0100------
*...**.*..........***...*
-----000-0----4-2--00-100
...*..**.**.......*.*..**
-0--0110--0---5----0200-1
*..*...*..*.******.....**
-1-1-110-01000-0101-----1
*.....*..******.*..*....*
-011--2-41----1--0--001-2
.*..............*.***.*.*
20-112---1-3-----1----3--
**...*........*******...*
00-2-5---4-200-00-03-21--
.*.*.*.*...*..****.*.*.*.
1121-13---0-001--301--0--
...***.**.****.*.*..**.**
--0-0-00---033-2-25001-21

Generation = 122, Population = 192.
*..**..**.........*****..
11---221-10-0-0-0111-3-0-
.......*.*...**..........
-1---00-011-1-5-0-1---003
.....*.................*.
-01--0-0----2-10-120--000
*.....**...*....*.*...*..
-1-0-2----0--1-2-0-00--3-
.*.**..........****...*.*
-000----00-0-2--0330-0--2
*.**..***..*....**...*...
1--0---1100332013--0-----
*....**.*.......**.......
4--2-1-0-0--100--0-0000--
*...*....**......*..*..*.
---0---00010--02-0-3-22--
*........*..*............
0-5-01---010---1-----014-
.*.*.****.*.*.....*..*.*.
-0-0--0--5-0----200-30---

