*** Life<FredkinCell> 20x25 ***

Generation = 0, Population = 40.
-----------0000----------
-------------------------
-----------0000----------
-------------------------
-----------0000----------
-------------------------
-----------0000----------
-------------------------
-----------0000----------
-------------------------
-----------0000----------
-------------------------
-----------0000----------
-------------------------
-----------0000----------
-------------------------
-----------0000----------
-------------------------
-----------0000----------
-------------------------

Generation = 1, Population = 44.
----------01--10---------
-------------------------
----------01--10---------
-------------------------
----------01--10---------
-------------------------
----------01--10---------
-------------------------
----------01--10---------
-------------------------
----------01--10---------
-------------------------
----------01--10---------
-------------------------
----------01--10---------
-------------------------
----------01--10---------
-------------------------
----------01--10---------
-----------0000----------

Generation = 2, Population = 76.
---------01200210--------
-------------------------
---------01200210--------
-------------------------
---------01200210--------
-------------------------
---------01200210--------
-------------------------
---------01200210--------
-------------------------
---------01200210--------
-------------------------
---------01200210--------
-------------------------
---------01200210--------
-------------------------
---------01200210--------
-------------------------
---------01----10--------
-------------------------

Generation = 22, Population = 110.
-----0021-1---2--0021----
-------------------------
-----00---0000-----21----
-------------------------
----------2100-----------
-------------------------
-----00---0000-----21----
-------------------------
-----0021-1200---0021----
-------------------------
-----00210-000-120021----
-------------------------
-----00210----0120021----
-------------------------
3020-00210----012002-010-
-------------------------
-0120-0210----0120---0210
-------------------------
---05---10----01-----01--
-------------------------

Generation = 122, Population = 134.
-0--00--1-1300--2-00--031
-------------------------
-002--00-01----1-0--20041
-------------------------
-00210--00000000--0130021
-------------------------
6--310012-2---1--001500-1
-------------------------
-0---0--0--2004-0-014-310
-------------------------
4-----0-----------0-----1
-------------------------
6030--21001----100--1010-
-------------------------
---000000--3002--000000--
-------------------------
2--2-0-20--------0-0-00-1
-------------------------
3020--2-----------1-1010-
-------------------------

