*** Life<Cell> 10x20 ***

Generation = 0, Population = 171.
0331740.567*57717-82
4*09473622833*.404-3
5*5-5975*48*3207.584
06107*804-8.*6346950
947262.41*8901.56*35
87.68450712-8692-8..
9-69-5.83533607720*3
*4312*-*9*6206605*98
.9089-47441217-.7952
843-7-95-5395.37-8.2

Generation = 1, Population = 79.
-44285-.-78.68-2-09-
5.-+---7-----..51---
6.6-6---.5-.--18.695
1--1-.9-5--..-4-7--1
+-8--3.5-.---2.67.4-
9-.79-----3-9-+3--..
---+--.9---4----3-.-
*5--3.0.-.----71-.-9
.+-9+0--5-----0.--63
95-08---0-4+-.4809.3

Generation = 2, Population = 92.
-5-3-60.089.79-301+0
6.0+000-0-0-0*.620-0
-.---000*-0.-0--.7--
-00--*-0---..-5-8-02
---0--*--.0---.--*--
+0*-+----0-0-0+-0-..
-00+0-.-0------0-0.0
*-004.-*0.-0-0-2-.-+
.----1-06000-0-.0-74
+------01-5+0.---+.4

Generation = 7, Population = 106.
1--11-0.00-*-1-101--
0*000-1-12012..210--
-.--1--0*-1.-00-.001
----0.01001.*003031-
1010-3.--.3-0-.-1.0-
-5.01-0-3-1-1----1..
0331--.-101322---0*0
.2--0.0*-.---0000*--
.302-0-01---00-*---2
--10-10-01-22.----*1

Generation = 27, Population = 97.
-0-2---.-31.2---2---
0.-000-0-2---..-0-11
2.-1-000.-0*3---*-1-
-0012.--11-..-0002--
10232-.--.320-.00.--
02.-00----10--04--**
621101.3---0-0--0-*0
*0-02*0.-*5020---.00
.-100-0---21-0-*----
0--0013-2----.-11-.0

