==31451== Memcheck, a memory error detector
==31451== Copyright (C) 2002-2011, and GNU GPL'd, by Julian Seward et al.
==31451== Using Valgrind-3.7.0 and LibVEX; rerun with -h for copyright info
==31451== Command: ./RunLife.c++.app
==31451== 
*** Life<Cell> 20x20 ***
Generation = 0, Population = 0.
--------------------
--------------------
--------------------
--------------------
--------------------
--------------------
--------------------
--------------------
--------------------
---------00---------
--------0000--------
--------------------
--------------------
--------------------
--------------------
--------------------
--------------------
--------------------
--------------------
--------------------

Generation = 1, Population = 12.
--------------------
--------------------
--------------------
--------------------
--------------------
--------------------
--------------------
--------------------
---------00---------
--------------------
-------011110-------
--------0000--------
--------------------
--------------------
--------------------
--------------------
--------------------
--------------------
--------------------
--------------------

Generation = 2, Population = 24.
--------------------
--------------------
--------------------
--------------------
--------------------
--------------------
--------------------
---------00---------
--------0110--------
-------00--00-------
------01****10------
---------11---------
--------0000--------
--------------------
--------------------
--------------------
--------------------
--------------------
--------------------
--------------------

Generation = 3, Population = 32.
--------------------
--------------------
--------------------
--------------------
--------------------
--------------------
---------00---------
--------------------
---------**---------
--------1001--------
-----01*....*10-----
------000**000------
-------011110-------
--------0000--------
--------------------
--------------------
--------------------
--------------------
--------------------
--------------------

Generation = 4, Population = 28.
--------------------
--------------------
--------------------
--------------------
--------------------
---------00---------
--------0110--------
--------------------
---------..---------
-----00-*11*-00-----
----01*......*10----
--------1..1--------
--------------------
---------11---------
--------0000--------
--------------------
--------------------
--------------------
--------------------
--------------------

Generation = 5, Population = 52.
--------------------
--------------------
--------------------
--------------------
---------00---------
--------------------
-------01**10-------
--------0000--------
-----00-0**0-00-----
--------.--.--------
---01**.*..*.**10---
----0000-..-0000----
--------1111--------
--------------------
-------011110-------
--------0000--------
--------------------
--------------------
--------------------
--------------------

*** Life<Cell> 20x20 ***
Generation = 0, Population = 0.
--------------------
--------------------
--------------------
--------------------
--------------------
--------------------
--------------------
---------00---------
--------------------
---------00---------
--------0000--------
---------00---------
--------------------
---------00---------
--------------------
--------------------
--------------------
--------------------
--------------------
-------------------.

Generation = 1, Population = 16.
--------------------
--------------------
--------------------
--------------------
--------------------
--------------------
---------00---------
--------0110--------
--------------------
--------------------
-------01--10-------
--------------------
--------------------
--------0110--------
---------00---------
--------------------
--------------------
--------------------
--------------------
-------------------.

Generation = 2, Population = 40.
--------------------
--------------------
--------------------
--------------------
--------------------
---------00---------
--------------------
-------01**10-------
--------0000--------
-------00--00-------
------01*00*10------
-------00--00-------
--------0000--------
-------01**10-------
--------------------
---------00---------
--------------------
--------------------
--------------------
-------------------.

Generation = 3, Population = 56.
--------------------
--------------------
--------------------
--------------------
---------00---------
--------0110--------
-------00--00-------
------01*..*10------
-------011110-------
--------1001--------
-----01-.--.-10-----
--------1001--------
-------011110-------
------01*..*10------
-------00--00-------
--------0110--------
---------00---------
--------------------
--------------------
-------------------.

Generation = 4, Population = 44.
--------------------
--------------------
--------------------
---------00---------
--------------------
---------**---------
--------1--1--------
-----01-....-10-----
---------**---------
-----00--11--00-----
----01*1.--.1*10----
-----00--11--00-----
---------**---------
-----01-....-10-----
--------1--1--------
---------**---------
--------------------
---------00---------
--------------------
-------------------.

Generation = 5, Population = 68.
--------------------
--------------------
---------00---------
--------0110--------
--------------------
---------**---------
-----000----000-----
----01*1.**.1*10----
--------1**1--------
--------1--1--------
---01-.**--**.-10---
--------1--1--------
--------1**1--------
----01*1.**.1*10----
-----000----000-----
---------**---------
--------------------
--------0110--------
---------00---------
-------------------.

Generation = 6, Population = 90.
--------------------
---------00---------
--------------------
-------01**10-------
--------0--0--------
-----0000..0000-----
------1-1--1-1------
---01*.-....-.*10---
----000--..--000----
---00----------00---
--01*1.**00**.1*10--
---00----------00---
----000--..--000----
---01*.-....-.*10---
------1-1--1-1------
-----0000..0000-----
--------0--0--------
-------01**10-------
--------------------
---------00--------.

Generation = 7, Population = 158.
---------00---------
--------0110--------
-------00--00-------
------01****10------
-----000----000-----
----011-1**1-110----
---000*0*00*0*000---
--01*..-....-..*10--
---01110-..-01110---
----100011110001----
-01-.*..*--*..*.-10-
----100011110001----
---01110-..-01110---
--01*..-....-..*10--
---000*0*00*0*000---
----011-1**1-110----
-----000----000-----
------01****10------
-------00--00-------
--------0110-------.

Generation = 8, Population = 84.
--------------------
---------**---------
--------1001--------
--------.**.--------
--------0--0--------
------*--..--*------
-----1.-.11.-.1-----
-01-...-.**.-...-10-
-----**--**--**-----
-00---11*--*11---00-
01*1.....00.....1*10
-00---11*--*11---00-
-----**--**--**-----
-01-...-.**.-...-10-
-----1.-.11.-.1-----
------*--..--*------
--------0--0--------
--------.**.--------
--------1001--------
-------------------.

Generation = 9, Population = 102.
---------00---------
---------..---------
-------0*--*0-------
--------....--------
------00----00------
------.01**10.------
-00-0-.-.--.-.-0-00-
01*1.**-*..*-**.1*10
----1**--..--**1----
--------*11*--------
1-.*.....11.....*.-1
--------*11*--------
----1**--..--**1----
01*1.**-*..*-**.1*10
-00-0-.-.--.-.-0-00-
------.01**10.------
------00----00------
--------....--------
-------0*11*0-------
--------0110-------.

Generation = 10, Population = 156.
--------0110--------
-------00**00-------
------01.00.10------
------0-*..*-0------
-----01--00--10-----
-00-0-*--**--*-0-00-
---0--*0.11.0*--0---
1*.*..*-....-*..*.*1
000-*.*0-..-0*.*-000
0--01011****11010--0
-1.......**.......1-
0--01011****11010--0
000-*.*0-..-0*.*-000
1*.*..*-....-*..*.*1
---0--*0.11.0*--0---
-00-0-*--**--*-0-00-
-----01--00--10-----
------0-.**.-0------
------01.**.10------
---------**--------.

Generation = 11, Population = 154.
---------**---------
--------1..1--------
-----0--.--.--0-----
-------1*..*1-------
-00--1*0----0*1--00-
0110-1.-1..1-.1-0110
0--1-1*1*--*1*1-1--0
-..**..1*..*1..**..-
111-...--**--...-111
10-1*-**....**-*1-01
1-*..............*-1
10-1*-**....**-*1-01
111-...--**--...-111
-..**..1*..*1..**..-
0--1-1*1*--*1*1-1--0
0110-1.-1..1-.1-0110
-00--1*001100*1--00-
--------....--------
-----0-*....*-0-----
------000**000-----.

Generation = 12, Population = 128.
---------**---------
-----0-0-**-0-0-----
----0-01*--*10-0----
-00-----*..*-----00-
----0-.-0--0-.-0----
-**---.0*..*0.---**-
1---0-.*.11.*.-0---1
-..***.-....-.***..-
-**0.**--**--**.0**-
*--*.-........-.*--*
--................--
*--*.-........-.*--*
-**0.**--**--**.0**-
-..***.-....-.***..-
1---0-.*.11.*.-0---1
-**---.0-..-0.---**-
----0-*-1--1-*-0----
-00---0-.**.-0---00-
----0-0*.**.*0-0----
------11-**-11-----.

Generation = 13, Population = 162.
-----0-00**00-0-----
------011..110------
-000-01*.--.*10-000-
0110--0-****-0--0110
---0-1.--00--.1-0---
-*.0--.-....-.--0.*-
--0-1-**.**.**-1-0--
1*.....1*..*1.....*1
-*.1.**01..10**.1.*-
.--**0........0**--.
--................--
.--**0........0**--.
-*.1.**01..10**.1.*-
1*.....1*..*1.....*1
--0-1-*.****.*-1-0--
-*.0--*1-**-1*--0.*-
---0--*0----0*--0---
0110-0--....--0-0110
-000--1......1--000-
----00---**---00---.

Generation = 14, Population = 166.
----0-0-1**1-0-0----
-000-0---..---0-000-
--1--1-..00..-1--1--
1**10011*..*11001**1
0-----.------.-----0
0..1-1*0*..*0*1-1..0
10-1--**.**.**--1-01
**.**..*....*..**.**
-*.*.*.1-..-1.*.*.*-
.00*.-.*....*.-.*00.
--................--
.00*.-.*....*.-.*00.
-*.*.*.1-..-1.*.*.*-
**.**..-....-..**.**
10-1--*......*--1-01
0..1-1.-1..1-.1-1..0
0---0-.-1111-.-0---0
1**1--01....10--1**1
--1--0-......-0--1--
-00-11--0..0--11-00.

Generation = 15, Population = 149.
-00--0--****--0--00-
011101--1..1--101110
00-0---**11**---0-00
-.*--1--****--1--*.-
--0-0-.------.-0-0--
-.**-*.1****1.*-**.-
*-----...**...-----*
...*.*.*....*.*.*...
-......-1..1-......-
.--**0*......*0**--.
--................--
.--**0*......*0**--.
-.....**1..1**.....-
...*.**1....1**.*...
*-----........-----*
-.**0-.1*..*1.-0**.-
--00--*------*--00--
-.**--1******1--**.-
00---1-*....*-1---00
01--*-11-..-11-*--1.

Generation = 16, Population = 147.
-----100****001-----
--**--0--..--0--**--
---1--1*.**.*1--1---
1.*---1-....-1---*.1
-0-0-1*0----0*1-0-0-
0***0..**..**..0***0
.00---.*....*.---00.
........****........
-..*...--..--...*..-
.-0.*-........-*.0-.
--................--
.-0.*-*......*-*.0-.
-..*....*..*....*..-
.....*.-*..*-.*.....
.00-11..*..*..11-00.
0**.11.*....*.11.**0
-011-1*0-11-0*1-110-
1..*0--.****.--0*..1
---0---..**..---0--1
--00.1*-0..0-*1.00**

Generation = 17, Population = 165.
--000*1-****-1*000--
-1**0--11..11--0**1-
0-1*01**....**10*1-0
-**1---1*..*1---1**-
01-10*.------.*01-10
1...1*..*..*..*1...1
*---1-.*....*.-1---*
..*.....****.....*..
-..*...-1**1-...*..-
.0-*.0........0.*-0.
--...*........*...--
.0-*.-........-.*-0.
-..***.*....*.***..-
..**.*.1****1.*.**..
*----*.**..**.*----*
1...-*.*.**.*.*-...1
0-*---.-1--1-.---*-0
-*..1-1*....*1-1...*
0----11*....*11-----
-11-**.--**--.**--**

Generation = 18, Population = 148.
---11**0****0**11---
-*..110--..--011..*-
--*.1-........-1.*--
1..*0---*..*---0*..1
--0-1**0----0**1-0--
-...*.*......*.*...-
.001*-.*....*.-*100.
...*...*....*...*...
-..**..1-..-1..**..-
.--..1...**...1..--.
--................--
.--*.-*......*-.*--.
-....*.*.**.*.*....-
..**.*.*.**.*.*.**..
.0011*........*1100.
-...1..*.**.*..1...-
10.101.0----0.101.--
1*..-0-.*..*.-0-..*.
-01-0-***..***-0--0-
-**-**.10..01.**00..

Generation = 19, Population = 146.
-00**..-****-..**00-
0.*.**--1**1--**.*.0
0-*.--........--.*-0
-**.1-1-....-1-1.**-
01-1*.*1----1*.*1-10
-*................*-
.1-**1**....**1**-1.
......***..***......
-..**.**1..1**.**..-
.--.*-........-*.--.
--................--
.-0..-*......*-..0-.
-.**.*.*.**.*.*.**.-
.*...*...**...*...*.
.11***........***11.
1...-...*..*...-...-
--**1-.1-11-1.-1*.0-
-...11-.*..*.-11**..
-1--1-...**...-1--11
0**-**.--..--.**-1..

Generation = 20, Population = 156.
-11.**.0*..*0.**.11-
1...**01-..-10**...1
10*.-1...**...1-.*01
1...*-*-....-*-*...1
1*0**.**0--0**.**0*1
-*................*-
.*-.*-..*..*..-*.-*.
..*..............*..
-..**.*.-..-.*.**..-
.--**1.*....*.1**--.
--................--
.01*.-*......*-.*10.
-*****..****..*****-
.*...*..****..*...*.
*--***...**...***--.
-...-*..****..*-..*-
10.*--.--**--.--..-0
-.*.**1.*..*.1*-...*
-*-0-1...**...1--1**
1**-**.--..--.**--*.

Generation = 21, Population = 146.
-****..-*..*-..****-
*.....---**---.....*
*-.*1*.*....*.*1*.-*
-...*1*-****-*1*...-
-.-**.**1001**.**-.-
-...**..*..*..**...-
.*-..1........1..-*.
..*.**........**.*..
-.*...*.-..-.*...*.-
.-0*.**......**.*0-.
-1...**......**...1-
.-*..-...**...-..*-.
1....****..****....1
**....*......*....*.
.-1..**......**..1-.
-***-*..*..*..*-...-
*1**--*-1..1-*--..-1
1....**.*..*.**1...*
-.----...**...--0*.*
***0**.--..--.**0-**

Generation = 22, Population = 153.
-***...0.**.0...***-
*....*-1-**-1-*....*
.0.**..*....*..**.0.
1....*.-....-.*....1
-.0*....-11-....*0.-
-..*....*..*....*..-
..-*.-*......*-.*-..
.******......******.
-**...*.-..-.*...**-
.--**..*....*..**--.
1-.****......****.-1
.-...-..****..-...-.
*....**********...*-
**................*.
*1******....***..--.
-...-*........*1...1
**.*11*--**--*11..0*
*.*..**.*..*.****..*
-.101-*..**..*-1-*.*
.**-*..--..--..*-1**

Generation = 23, Population = 143.
-**...*1.**.1*...**-
*.....---**---.....*
*-..**..*..*..**..-*
-*.....1....1.....*-
1.1**...-**-...**1.1
-..**....**....**..-
..-..-**....**-..-..
.*..*.**....**.*..*.
1*....**-..-**....*1
.0-....*....*....-0.
-1.*.**********.*.1-
.-...-........-...0.
**....**....**.....1
...*.....**.........
*******......***.-1.
-...1..*....*..-..**
****--.1-**-1.-*..1*
*.......*..*.....*.*
0.*--1**.**.**1-0*.*
.**0**.--..--.*.--.*

Generation = 24, Population = 171.
-*.....******.....*-
*....*01-..-10*....*
*-......****......-*
1**..*.-****-.*..**1
-**.*...1**1...*.**-
1.*.**..****..**.*.1
..-**1***..***1**-..
**......*..*......**
***..*..1..1..*..***
.-0..*...**...*..0-.
1**...********....-1
*-*..0...**...0..*1*
...................-
...*...*....*.......
.**..**......**..1**
-...*..**..**..-.*..
****--.*1**1*.1..*-.
*..*..........**.*.*
1.*---********--1*.*
.**-**.1-..-1.**01*.

Generation = 25, Population = 144.
-......******......-
**....--1..1--....**
*-...*........*...-*
-.**...1....1...**.-
1...*..**..**..*...1
-.*..............*.-
*.-*.**......**.*-.*
*..*....****....*..*
*.*.....*..*.....*.*
.0-*.*........*..1-*
-.**.***....***..*-*
*0*..-**....**-...-*
..................*1
..*...*......*....*.
..*****.*..*.*...-*.
1...**........*-**..
****--.******.**.*1.
*..*..*.......**.*..
*.*-1-*******.11-..*
.**-.*.*-**-*.**1**.

Generation = 26, Population = 159.
0......******......0
**....--*..*--....**
*-*..............*-*
-*.**.***..***.**.*-
-**....**..**....**-
-*.*****....*****.*-
.*-**....**....**-*.
*.***..******..***.*
*.***...*..*....**.*
.--*.*.*....*.*.*--*
1..*.*.*....*.*...-*
.-**.-.*....*.-...-*
..*...**....**....*-
..*.*.**....*....**.
.**...**....***..-*.
*.............*1*...
*.**-1******......*.
*...***..........*..
*.*0-1......*.**-...
.**0.*.*0..0*.*.-**.

Generation = 27, Population = 154.
1*.....******.....*1
*.....--*..*--.....*
*-**....*..*....**-*
-..*..*.*..*.*..*..-
1*................*1
1*...***.**.***...*1
**0..............0**
*....*.*....*......*
.....**......*.....*
.--..*.**..**...*-0*
-..*...**..**..*..1*
.0***0.**..**.0...-*
.**..*..*..***...**-
..*.....*..*..*..***
.***.***....*.*.*-*.
*..*.*...****.*-.*..
*..*1-.****....***..
*.......****........
*..-1-.*...**.**1**.
.*.-..*.1..1*.**1...

Generation = 28, Population = 129.
-*.....******.....*-
*.*...--....--...*.*
.-**....****....**-.
-..*...*....*...*..-
-**..*..****..*..**-
*.....*......*.....*
..1..*.**..**....1..
*....*.............*
....**..*..*.*.....*
.--.**..*..*.*...--.
-..*.*...**....*.*-.
.-...-...**...-..*1*
.....**.***...*..*.1
....**..*..*..***..*
.*.*.*****..*.*.*-.*
*....*......*.*-..*.
**.**-.*....*..***..
**.**.......*.*...*.
**.0-1.*......*.**..
...-...*-..-*.*.-...

Generation = 29, Population = 131.
-*......****......*-
..**..-1....1-..**..
.0**....****....**0.
-*.**..*....*..**.*-
-**...********...**-
..*..**......*...*..
.*-..*.*....*....-*.
.....*.**..*......*.
......*.............
.--*..*.*..*..*..1-.
-....*..*..*....**-.
.-..*-*....*..0..*-*
....*****..*..*..*.-
...........*..*.**.*
.......***.**.*.*1**
*..*.*.....**.*-..*.
...*.-.....**.*****.
.....**.......*...*.
**.11-*.......*..*..
...0..*.1..1.*.*1...

Generation = 30, Population = 128.
1.*.....****.....*.1
...*..0-....-0..*...
.-.....******.....-.
1...*.*......*.*...1
1*..*...****.**...*1
..*..*...**..*...*..
..-.**.**...*....-*.
.....*.**...........
.....**.*...........
.-0..**.........**0.
-...***...***..***1.
.-..*-..*.***.1*.*-.
....*.**..*****..*.-
.....*...*.*..*....*
........*.....*.**.*
....*...*.....*-....
.....-*....**.*.*.**
..**.**.......*...*.
..*-*1*......**.**..
..*1**.*-..-..***...

Generation = 31, Population = 109.
-........**........-
......--....--......
.-...**********...-.
**...*.......*....**
-*.**...*..*.*....*-
.*.*.***.....**..*.*
..1.**.*.........-..
.........*..........
....*...*........*..
.0-........*...*..-.
-..**.**.**.***...-.
.-.**-........-...-.
....*.***.......*.*1
.....*****.*..*.**..
........**...**...*.
.......*......*1*..*
...**-**......*..***
..**...*....*.*.*.**
.*.-.-.*.....*..**..
..*-....1..-.**.**..

Generation = 32, Population = 118.
-..................-
......01....10......
.0...**********...0.
***..*............**
-*.*...*.....*...*.1
.*.....**...***...*.
..-***.**........1..
...***..*...........
....................
.-0***.********...-.
-.****....*****...-.
.-...0...*...*1...1.
...**....*.....**.**
.....*....*..**.*..*
.........**..*....*.
......**.......-*..*
..***-***.....*.....
..***..**.....*.*..*
.*.1.-.**...*.......
...1....-..-.*****..

Generation = 33, Population = 115.
-..................-
.....*--.**.--*.....
*1*..*..****..*...1*
*...**...***..*..*.*
-.....***...***..*.*
...*........***..**.
..1*.*...*...*...-..
...*.****...........
..*...**..****......
.0-..**.**....*...-.
-.*............*..1.
.-*..1...*.*..-..***
....**...**.....*.**
....*.....*..**.*..*
......*..**..***.***
...*.**..*.....1....
..*.*-..............
.*...*...*...*.*....
...-.-.**........*..
..**....1..-.****...

Generation = 34, Population = 137.
-..................-
.*....0-*..*-0......
*-...**.*....***..**
*...**........**.*.*
1...*******....***.*
..***.***........**.
..**.*.**...***..1..
...*.*..****.*......
..*.*.....****......
.-0..**.*******...0.
-**..**.***......***
.0.***...*....-.*...
...***...*.*...**...
....*......*.*..*...
....*.*..**..*...***
...****..**....**.*.
..***1*.......*.....
........*...........
..*1.1.***...*......
.......**..-..***...

Generation = 35, Population = 108.
-..................-
.....*1-....-1......
*-..*.*.....**.**.**
**...........*...*.*
**.......*....**...*
.**..........***....
.....*....*****..**.
.....****...........
..*.*.**............
.--.*.*.*.....*..*1*
1*..........**...***
.1............-**.*.
..*.........*..***..
.........*.*..***.*.
......*..*.**.**..**
..*....*.**...***.**
..*..***.*.....*....
........**..........
...*.-*..*....**....
......**.*.-..**....

Generation = 36, Population = 97.
-..................-
.....*-1....-**.....
*-....*.....**..****
............**...*.*
...............**.*.
***.......**....*.*.
.....*.*...**..*....
....*...*..***......
...**.............*.
.00*..*......*...***
**...........***....
***.........**1*...*
..................*.
...........*......**
.........*.**.......
.....*.*.*.*.*..****
......**......***...
.....*...**...**....
.....1*..**...**....
......***..-..**....

Generation = 37, Population = 96.
-..................-
......1-....-**..**.
.1....*.........**.*
............****...*
.*.........**..**.**
.*........***...*...
.*...........*......
...***.....*.*......
....**.......*...***
*--**........*...***
...*...........**..*
*.*.........*.**....
.*..........***...*.
..........***.....**
........*..*........
.......*...*.**.***.
.....*.*.*...*....*.
.....*.****..*......
.....-....*..*..*...
.....*****.-..**....

Generation = 38, Population = 94.
-..................-
......*1....1...***.
.-..........*...**.*
...........****....*
..........*.....****
***.......*..*.***..
..*.*.....*..*......
...*.*.......**...*.
.............**..*.*
.00*.*........*.....
.****........*.***.*
.**.........*...*...
.*............**..**
..........*.......**
.............*.....*
......**..*..**..**.
.......*.*...*....*.
.......*..*.***.....
.....-....*..*.*....
......****.-..**....

Generation = 39, Population = 91.
-................*.-
.......*....*...*.*.
.-.............**..*
...........***.*...*
.*........*........*
.***.....***..**....
..*.*.......**.***..
...**.......*.....*.
...*...........*..*.
.-1..............*..
*...*........*****..
*............*.....*
.**............*.***
..............*.....
.............**..*.*
......***...***..***
.......*.***.....**.
........*****.......
.....-*...***..*....
.......***.-..**....

Generation = 40, Population = 108.
-................*.-
...............**.*.
.-.........*.*******
...........**.***.**
.*.......*...*.*....
.*.*.....*******....
.*..*.....*.**.***..
..*.*.......****..*.
..***............**.
.0-*.............**.
.*...........******.
*............*.....*
.*............*...**
.............*****.*
.......*....*..*.*.*
......*******.*.*..*
......*..........*.*
.......**...........
.....1......****....
.......****1..**....

Generation = 41, Population = 96.
-...............**.-
...................*
.-.........*.*......
..........**.......*
..*......*..........
**.......*..........
.*..*....**......*..
.**.**.....**..*..*.
.*..*........**.*..*
.11**.........**...*
***..........****..*
**...........*..*..*
................**.*
.............*...*.*
......**.**.*....*.*
......*.******.***.*
......*...**......*.
......**.....**.....
.....-*...****.*....
........*****..*....

Generation = 42, Population = 89.
-..................1
....................
.-........***.......
..........***.......
.*.......*..........
***.....**..........
...***...***........
***.**....*********.
*...........**..*.**
.**.*.............**
.............*..*.**
*.*..........*.....*
................**.*
.................*.*
......**......*..*.*
.....**.*....*..**.*
.....**.*......****.
.....***.....**.....
.....1*.*......*....
.........*...**.....

Generation = 43, Population = 71.
-..................-
...........*........
.-........*.*.......
.........*..*.......
***.....**.*........
*****...*...........
.....*..*....*****..
***..*...*....***.**
*...**..........*...
.*..........**......
..**.............*..
................*..*
................**.*
.................*.*
.....***.........*.*
........*.....*....*
....*...*....*.*..*.
....*...*.....*..*..
.....-..*......*....
..............*.....

Generation = 44, Population = 73.
-..................-
...........*........
.-........*.*.......
.*......**..*.......
*.......***.........
*..**..**.....***...
.....*..**...*...**.
**...**......*....*.
*.*.**.......**.**..
.****...............
..*.................
................*...
................**.*
......*..........*.*
......**...........*
.....**.*.....*....*
.......***...*.*..*.
.......***....***...
.....-........**....
....................

Generation = 45, Population = 67.
-..................-
...........*........
.1.......**.*.......
........*...........
**........*....*....
....*..*..*...****..
**...*..**...*.****.
**....*.....**..*.*.
*.....*......**..*..
....**..............
.**.................
................**..
................**..
......**........**.*
...................*
.....*...*....*...**
.............*..*...
.......*.*...*..*...
.....-..*.....*.*...
....................

Generation = 46, Population = 61.
-..................-
..........**........
.-.......***........
**........**........
.........*....**....
........*.*.......*.
**...*****..**....*.
.....***....*.....*.
**....*.....***..*..
.*...*..............
....................
................**..
...............*....
................**..
......*..........*.*
..................**
........*....***.*..
........*....**.**..
.....-..*......*....
....................

Generation = 47, Population = 55.
-..................-
.........*.*........
.1.......*..*.......
...........*........
.........*.*........
......*...*..**.....
.....*...*.***...***
...........*..*..**.
**.....*....**......
**...........*......
....................
................*...
...............*....
................***.
................**.*
..............*.**.*
.............*.*.*..
.......***...*...*..
.....-........***...
....................

Generation = 48, Population = 45.
-..................-
..........*.........
.-.........**.......
...........**.......
...........**.......
.........*...**...*.
...........*.....*.*
..........**..*..*.*
**..........***.....
**..........**......
....................
....................
...............*....
...............*..*.
...................*
..............*.....
........*....*.*.*..
........*....*...*..
.....-..*.....***...
...............*....

Generation = 49, Population = 41.
-..................-
...........*........
.-........*.*.......
..........*..*......
..........**........
..........**.*....*.
...........****..*.*
..........**..*.....
**............*.....
**..........*.*.....
....................
....................
....................
....................
....................
..............*.....
.............*..*...
.......***...*...*..
.....-........***...
..............***...

Generation = 50, Population = 35.
-..................-
...........*........
.-........*.*.......
.........**.*.......
.........*..........
.............**...*.
..............*...*.
..........**..**....
**.........*..**....
**...........*......
....................
....................
....................
....................
....................
....................
........*....**.....
........*....*...*..
.....-..*....*...*..
..............*.*...

Generation = 51, Population = 35.
-..................-
...........*........
.-.......**.*.......
.........**.........
.........**..*......
.............**.....
....................
..........**.*......
**........****.*....
**............*.....
....................
....................
....................
....................
....................
....................
.............**.....
.......***..**......
.....-.......**.**..
....................

Generation = 52, Population = 37.
-..................-
..........**........
.-.......*..........
........*...........
.........**..**.....
.............**.....
............***.....
..........*..**.....
**........*..*......
**.........****.....
....................
....................
....................
....................
....................
....................
........*...***.....
........*...*..*....
.....-..*...***.....
....................

Generation = 53, Population = 36.
-..................-
..........*.........
.-.......**.........
........*.*.........
.........*...**.....
...............*....
............*..*....
...........*........
**........*.........
**.........****.....
............**......
....................
....................
....................
....................
.............*......
............***.....
.......***.*...*....
.....-......***.....
.............*......

Generation = 54, Population = 38.
-..................-
.........**.........
.-........**........
........*.*.........
.........*....*.....
.............*.*....
....................
...........*........
**........*..*......
**.........*..*.....
...........*..*.....
....................
....................
....................
....................
............***.....
........*...***.....
........*..*...*....
.....-..*...***.....
............***.....

Generation = 55, Population = 35.
-..................-
.........***........
.-.........*........
..........**........
.........*....*.....
..............*.....
....................
....................
**........***.......
**........*****.....
....................
....................
....................
....................
.............*......
............*.*.....
...........*...*....
.......***.*...*....
.....-.....*...*....
............*.*.....

Generation = 56, Population = 41.
-.........*........-
..........**........
.-.......*..*.......
..........**........
..........*.........
....................
....................
...........*........
**........*.........
**........*..*......
...........***......
....................
....................
....................
.............*......
............***.....
........*.***.**....
........*..**.***...
.....-..*.***.**....
....................

Generation = 57, Population = 40.
-.........**.......-
.........***........
.-.......*..*.......
.........***........
..........**........
....................
....................
....................
**........**........
**........*..*......
...........***......
............*.......
....................
....................
............***.....
...............*....
.........**.....*...
.......**.......*...
.....-...**.*.*.*...
...........*........

Generation = 58, Population = 44.
-........*.*.......-
.........*..*.......
.-......*...*.......
.........*..*.......
.........*.*........
....................
....................
....................
**........**........
**........*..*......
...........*.*......
...........***......
....................
.............*......
.............**.....
.............***....
........**.....**...
........*..*....**..
.....-..****...*....
..........**........

Generation = 59, Population = 47.
-.........*........-
........*****.......
.-......**.***......
........*****.......
..........*.........
....................
....................
....................
**........**........
**........*.........
..........**.**.....
...........*.*......
.............*......
.............**.....
............*..*....
.............*..*...
........**.......*..
.......*...*.....*..
.....-..*...*...*...
...........*........

Generation = 60, Population = 39.
-.........*........-
........*....*......
.-.....*.....*......
........*....*......
..........*.........
....................
....................
....................
**........**........
**.......*..*.......
..........**.**.....
..........**.*......
.............*......
............***.....
............*..*....
................*...
........*.......**..
.......*.*......**..
.....-.....**.......
....................

Generation = 61, Population = 34.
-..................-
....................
.-.....**...***.....
....................
....................
....................
....................
....................
**........**........
**.......*..**......
.........*...**.....
..........**.*......
...........*........
............*.*.....
............*.**....
...............***..
........*......*....
........*.......**..
.....-..............
....................

Generation = 62, Population = 32.
-..................-
.............*......
.-...........*......
.............*......
....................
....................
....................
....................
**........***.......
**.......*.****.....
.........*.*..*.....
..........**.**.....
..........**.*......
...........**.**....
..............*.....
....................
...............*....
................*...
.....-..............
....................

Generation = 63, Population = 25.
-..................-
....................
.-..........***.....
....................
....................
....................
....................
...........*........
**........*.........
**.......*....*.....
.........*.....*....
.........*...**.....
...............*....
..........***.**....
.............***....
....................
....................
....................
.....-..............
....................

Generation = 64, Population = 29.
-..................-
.............*......
.-...........*......
.............*......
....................
....................
....................
....................
**........*.........
**.......**.........
........***..*.*....
..............**....
..........***..*....
...........**...*...
...........***.*....
..............*.....
....................
....................
.....-..............
....................

Generation = 65, Population = 34.
-..................-
....................
.-..........***.....
....................
....................
....................
....................
....................
**.......**.........
**......*..*........
........*.*....*....
............**.**...
..........*.*****...
..............***...
...........*.***....
............***.....
....................
....................
.....-..............
....................

Generation = 66, Population = 27.
-..................-
.............*......
.-...........*......
.............*......
....................
....................
....................
....................
**.......**.........
**......*..*........
.........*.**.***...
.........*..*.......
...........**....*..
...........*........
................*...
............*..*....
.............*......
....................
.....-..............
....................

Generation = 67, Population = 26.
-..................-
....................
.-..........***.....
....................
....................
....................
....................
....................
**.......**.........
**......*..**..*....
........**.***.*....
...............**...
..........***.......
...........**.......
....................
....................
....................
....................
.....-..............
....................

Generation = 68, Population = 28.
-..................-
.............*......
.-...........*......
.............*......
....................
....................
....................
....................
**.......***........
**......*....**.....
........****.*.*....
.........*...****...
..........*.*.......
..........*.*.......
....................
....................
....................
....................
.....-..............
....................

Generation = 69, Population = 25.
-..................-
....................
.-..........***.....
....................
....................
....................
....................
..........*.........
**.......**.........
**......*....**.....
........*.*.....*...
........*....*.**...
.........**.*.**....
....................
....................
....................
....................
....................
.....-..............
....................

Generation = 70, Population = 27.
-..................-
.............*......
.-...........*......
.............*......
....................
....................
....................
.........**.........
**.......**.........
**......*.*.........
.......**....*..*...
........*.**.*..*...
.........*...****...
....................
....................
....................
....................
....................
.....-..............
....................

Generation = 71, Population = 34.
-..................-
....................
.-..........***.....
....................
....................
....................
....................
.........**.........
**......*..*........
**.....**.*.........
.......**.***.......
.......**.*..*..**..
.........**.*****...
..............**....
....................
....................
....................
....................
.....-..............
....................

Generation = 72, Population = 27.
-..................-
.............*......
.-...........*......
.............*......
....................
....................
....................
.........**.........
**.....**..*........
**........*.*.......
......*...*.*.......
.......*........**..
........*****....*..
................*...
....................
....................
....................
....................
.....-..............
....................

Generation = 73, Population = 29.
-..................-
....................
.-..........***.....
....................
....................
....................
....................
........***.........
**......*..*........
**.....*.**.*.......
....................
.......**...*...**..
........****.....*..
.........***........
....................
....................
....................
....................
.....-..............
....................

Generation = 74, Population = 33.
-..................-
.............*......
.-...........*......
.............*......
....................
....................
.........*..........
........***.........
**.....*...*........
**......****........
.......*.*.*........
.......**.**....**..
.......*....*...**..
........*..*........
..........*.........
....................
....................
....................
.....-..............
....................

Generation = 75, Population = 36.
-..................-
....................
.-..........***.....
....................
....................
....................
........***.........
........***.........
**.....*...*........
**.....*.*.**.......
.......*....*.......
......**.****...**..
.......*.**.*...**..
...........*........
....................
....................
....................
....................
.....-..............
....................

Generation = 76, Population = 38.
-..................-
.............*......
.-...........*......
.............*......
....................
.........*..........
........*.*.........
.......*...*........
**.....*...**.......
**....**..***.......
.......*.*...*......
......**.*..**..**..
......**.*..*...**..
..........**........
....................
....................
....................
....................
.....-..............
....................

Generation = 77, Population = 39.
-..................-
....................
.-..........***.....
....................
....................
.........*..........
........***.........
.......**.***.......
**.....**...........
**....**..*..*......
.........*...*......
.........**.**..**..
......**.*..**..**..
..........**........
....................
....................
....................
....................
.....-..............
....................

Generation = 78, Population = 37.
-..................-
.............*......
.-...........*......
.............*......
....................
........***.........
.......*............
..........**........
**........*.*.......
**....**.*..........
........**.*.**.....
.........***..*.**..
........**...*..**..
..........***.......
....................
....................
....................
....................
.....-..............
....................

Generation = 79, Population = 41.
-..................-
....................
.-..........***.....
....................
.........*..........
........**..........
........*..*........
..........**........
**.......**.........
**.....*.*.***......
.......*...*****....
...........*..*.**..
........*....*.***..
.........****.......
...........*........
....................
....................
....................
.....-..............
....................

Generation = 80, Population = 35.
-..................-
.............*......
.-...........*......
.............*......
........**..........
........***.........
........*..*........
...........*........
**......**..........
**.......*..........
........*......**...
...........*.....*..
.........*...***.*..
.........****...*...
...........**.......
....................
....................
....................
.....-..............
....................

Generation = 81, Population = 32.
-..................-
....................
.-..........***.....
....................
........*.*.........
.......*..*.........
........*..*........
........***.........
**......***.........
**.......*..........
................*...
.................*..
.........*...***.*..
.........*....***...
............*.......
....................
....................
....................
.....-..............
....................

Generation = 82, Population = 27.
-..................-
.............*......
.-...........*......
.............*......
.........*..........
.......**.**........
.......**..*........
.......*...*........
**..................
**......***.........
....................
..............**.*..
.............*...*..
................*...
...............*....
....................
....................
....................
.....-..............
....................

Generation = 83, Population = 30.
-..................-
....................
.-..........***.....
....................
........***.........
.......*..**........
......*..*.**.......
.......**...........
**......***.........
**.......*..........
.........*..........
..............*.*...
..............**.*..
................*...
....................
....................
....................
....................
.....-..............
....................

Generation = 84, Population = 28.
-..................-
.............*......
.-...........*......
.........*...*......
........****........
.......*....*.......
......*..*.**.......
.......*...*........
**.....*..*.........
**..................
....................
..............*.*...
..............*..*..
...............**...
....................
....................
....................
....................
.....-..............
....................

Generation = 85, Population = 33.
-..................-
....................
.-..........***.....
........**..*.......
........*****.......
.......*....*.......
......***.***.......
......***..**.......
**..................
**..................
....................
...............*....
..............*..*..
...............**...
....................
....................
....................
....................
.....-..............
....................

Generation = 86, Population = 26.
-..................-
.............*......
.-..........**......
........*...........
.......*..*.**......
......*......*......
.........**..*......
......*.***.*.......
**.....*............
**..................
....................
....................
..............*.....
...............**...
....................
....................
....................
....................
.....-..............
....................

Generation = 87, Population = 32.
-..................-
............**......
.-..........**......
...........*........
.......*....**......
.........***.**.....
.......**.****......
.......**.**........
**.....***..........
**..................
....................
....................
...............*....
...............*....
....................
....................
....................
....................
.....-..............
....................

Generation = 88, Population = 22.
-..................-
............**......
.-.........*.*......
...........*........
.............**.....
.......*.*....*.....
.......*.....**.....
......*.............
**.....*.**.........
**......*...........
....................
....................
....................
....................
....................
....................
....................
....................
.....-..............
....................

Generation = 89, Population = 27.
-..................-
............**......
.-.........*.*......
.............**.....
.............**.....
........*......*....
......***....**.....
......***...........
**.....***..........
**......**..........
....................
....................
....................
....................
....................
....................
....................
....................
.....-..............
....................

Generation = 90, Population = 16.
-..................-
............**......
.-..................
....................
.............*.*....
........*......*....
......*..*....*.....
....................
**....*.............
**.....*.*..........
....................
....................
....................
....................
....................
....................
....................
....................
.....-..............
....................

Generation = 91, Population = 6.
-..................-
....................
.-..................
....................
..............*.....
...............*....
....................
....................
**..................
**..................
....................
....................
....................
....................
....................
....................
....................
....................
.....-..............
....................

Generation = 92, Population = 4.
-..................-
....................
.-..................
....................
....................
....................
....................
....................
**..................
**..................
....................
....................
....................
....................
....................
....................
....................
....................
.....-..............
....................

Generation = 93, Population = 4.
-..................-
....................
.-..................
....................
....................
....................
....................
....................
**..................
**..................
....................
....................
....................
....................
....................
....................
....................
....................
.....-..............
....................

Generation = 94, Population = 4.
-..................-
....................
.-..................
....................
....................
....................
....................
....................
**..................
**..................
....................
....................
....................
....................
....................
....................
....................
....................
.....-..............
....................

Generation = 95, Population = 4.
-..................-
....................
.-..................
....................
....................
....................
....................
....................
**..................
**..................
....................
....................
....................
....................
....................
....................
....................
....................
.....-..............
....................

Generation = 96, Population = 4.
-..................-
....................
.-..................
....................
....................
....................
....................
....................
**..................
**..................
....................
....................
....................
....................
....................
....................
....................
....................
.....-..............
....................

Generation = 97, Population = 4.
-..................-
....................
.-..................
....................
....................
....................
....................
....................
**..................
**..................
....................
....................
....................
....................
....................
....................
....................
....................
.....-..............
....................

Generation = 98, Population = 4.
-..................-
....................
.-..................
....................
....................
....................
....................
....................
**..................
**..................
....................
....................
....................
....................
....................
....................
....................
....................
.....-..............
....................

Generation = 99, Population = 4.
-..................-
....................
.-..................
....................
....................
....................
....................
....................
**..................
**..................
....................
....................
....................
....................
....................
....................
....................
....................
.....-..............
....................

Generation = 100, Population = 4.
-..................-
....................
.-..................
....................
....................
....................
....................
....................
**..................
**..................
....................
....................
....................
....................
....................
....................
....................
....................
.....-..............
....................

*** Life<Cell> 20x20 ***
Generation = 0, Population = 0.
....................
....................
....................
....................
00000000000000000000
00000000000000000000
........****........
.........00.........
.........**.........
.........00.........
......**0000**......
.........00.........
.........**.........
.........00.........
........****........
00000000000000000000
00000000000000000000
....................
....................
...................-

Generation = 1, Population = 142.
....................
....................
....................
.******************.
-111111111111111111-
-1111111----1111111-
.******......******.
.........11.........
........*..*........
.......*.11.*.......
.......*----*.......
.......*.11.*.......
........*..*........
.........11.........
.******......******.
-1111111----1111111-
-111111111111111111-
.******************.
....................
...................-

Generation = 2, Population = 110.
....................
....................
..****************..
.*................*.
0*------****------*0
0*-------00-------*0
.*.....*....*.....*.
..****...**...****..
........*..*........
.......*.**.*.......
......**0--0**......
.......*.**.*.......
........*..*........
..****...**...****..
.*.....*....*.....*.
0*-------00-------*0
0*------****------*0
.*................*.
..****************..
...................-

Generation = 3, Population = 170.
....................
...**************...
..****************..
**.****......****.**
-.1----1*..*1----1.-
-.1----1----1----1.-
**.**...*..*...**.**
..***...****...***..
...**...*..*...**...
......*..**..*......
......*.1001.*......
......*..**..*......
...**...*..*...**...
..***...****...***..
**.**...*..*...**.**
-.1----1----1----1.-
-.1----1*..*1----1.-
**.****......****.**
..****************..
...**************..-

Generation = 4, Population = 130.
....************....
..*..............*..
.*................*.
.*................*.
0.*-11--*..*--11-*.0
0.*-1-1*0--0*1-1-*.0
.*..*..**..**..*..*.
.*...*.**..**.*...*.
..*.**.**..**.**.*..
.....*........*.....
.....**.*--*.**.....
.....*........*.....
..*.**.**..**.**.*..
.*...*.**..**.*...*.
.*..*..**..**..*..*.
0.*-1-1*0--0*1-1-*.0
0.*-11--*..*--11-*.0
.*................*.
.*................*.
..*..............*.-

Generation = 5, Population = 152.
.....**********.....
.....**********.....
.**..............**.
***..............***
1.*--*--*..*--*--*.1
1.*--1*.1001.*1--*.1
*****....**....*****
.***.*...**...*.***.
....**.**..**.**....
........*..*........
....***..00..***....
........*..*........
....**.**..**.**....
.***.*...**...*.***.
*****....**....*****
1.*--1*.1001.*1--*.1
1.*--*--*..*--*--*.1
***..............***
.**..............**.
...................-

Generation = 6, Population = 124.
.....*........*.....
.....*........*.....
*.*...********...*.*
*..*............*..*
-.*11*-1*..*1-*11*.-
-..---**-11-**---..-
*.....*......*.....*
*....**......**....*
..*******..*******..
........*..*........
.....*.**11**.*.....
........*..*........
..*******..*******..
*....**......**....*
*.....*......*.....*
-..---**-11-**---..-
-.*11*-1*..*1-*11*.-
*..*............*..*
*.*..............*.*
...................-

Generation = 7, Population = 97.
....................
.....*.******.*.....
.*....********....*.
.....*........*.....
1.**-*1-****-1*-**.1
1..11-..1**1..-11..1
....................
.*.*............*.*.
...**...*..*...**...
...*............*...
.......*.--.*.......
...*............*...
...**...*..*...**...
.*.*............*.*.
....................
1..11-..1**1..-11..1
1.**-*1-****-1*-**.1
....................
.*................*.
...................0

Generation = 8, Population = 116.
........****........
....................
.....*........*.....
.**.**........**.**.
****1**-*..*-**1****
***-*-.*-..-*.-*-***
..***....**....***..
..***..........***..
...**..........**...
...**..........**...
.........--.........
...**..........**...
...**..........**...
..***..........***..
..***....**....***..
***-*-.*-..-*.-*-***
****1**-*..*-**1****
.**......**......**.
....................
...................-

Generation = 9, Population = 70.
.........**.........
.........**.........
....**........**....
*..................*
....-.*1....1*.-....
*..-.-**-**-**-.-..*
.....*........*.....
.....*........*.....
.....*........*.....
...**..........**...
.........--.........
...**..........**...
.....*........*.....
.....*........*.....
.....*........*.....
*..-.-**-**-**-.-..*
....***1****1***....
*...**...**...**...*
....................
...................-

Generation = 10, Population = 52.
.........**.........
.........**.........
....................
.....**......**.....
....-.*-*..*-*.-....
...-.-.*-..-*.-.-...
.....*........*.....
....***......***....
.....*........*.....
....*..........*....
.........--.........
....*..........*....
.....*........*.....
....***......***....
.....*........*.....
...-*1..1..1..1*-...
....*..*....*..*....
....*..*....*..*....
....................
...................-

Generation = 11, Population = 54.
.........**.........
.........**.........
....................
.....***....***.....
....-**1....1**-....
...-.1**-..-**1.-...
....**........**....
....*.*......*.*....
......*......*......
....................
.........--.........
....................
......*......*......
....*.*......*.*....
....................
...1*-*.-..-.*-*1...
...**.***..***.**...
....................
....................
...................-

Generation = 12, Population = 56.
.........**.........
.........**.........
......*......*......
.....*.*....*.*.....
....1..**..**..1....
...-.*.*1..1*.*.-...
....*..*....*..*....
....*.*......*.*....
.....*........*.....
....................
.........--.........
....................
.....*........*.....
.....*........*.....
...**..........**...
...-*-*.1..1.*-*-...
...**.**....**.**...
.......*....*.......
....................
...................-

Generation = 13, Population = 52.
.........**.........
.........**.........
......*......*......
.....*.**..**.*.....
....-*........*-....
...-**..-..-..**-...
....*..**..**..*....
....*.*......*.*....
.....*........*.....
....................
.........--.........
....................
....................
.....*........*.....
...**..........**...
...1.-*.-..-.*-.1...
...**.*.*..*.*.**...
......**....**......
....................
...................-

Generation = 14, Population = 72.
.........**.........
.........**.........
......********......
.....*.*....*.*.....
....-*........*-....
...1***.1..1.***1...
...**.**....**.**...
....*.**....**.*....
.....*........*.....
....................
.........--.........
....................
....................
....*..........*....
...***........***...
..*-.1.*1..1*.1.-*..
...**.*......*.**...
.....***....***.....
....................
...................-

Generation = 15, Population = 66.
.........**.........
.......*....*.......
......**....**......
.....*.*.**.*.*.....
....-..*....*..-....
...-....-..-....-...
........*..*........
...**..*....*..**...
.....**......**.....
....................
.........--.........
....................
....................
...***........***...
...*.**......**.*...
..*1.*.**..**.*.1*..
...**...*..*...**...
....****....****....
......*......*......
...................-

Generation = 16, Population = 66.
....................
......***..***......
.......*....*.......
.......*....*.......
....-.*.*..*.*.-....
...-....1..1....-...
....................
....****....****....
....***......***....
....................
.........--.........
....................
....*..........*....
...*.**......**.*...
.......*....*.......
..**.*.**..**.*.**..
..*.....*..*.....*..
...**.**....**.**...
......**....**......
...................-

Generation = 17, Population = 86.
.......*....*.......
......***..***......
....................
......***..***......
....-...*..*...-....
...-...**..**...-...
.....***....***.....
....*..*....*..*....
....*..*....*..*....
.....*........*.....
.........--.........
....................
....**........**....
....***......***....
..**.*.**..**.*.**..
..**..***..***..**..
..*..*..*..*..*..*..
...*.**.*..*.**.*...
.....***....***.....
...................-

Generation = 18, Population = 70.
......***..***......
......***..***......
....................
.......**..**.......
....-.*..**..*.-....
...-....*..*....-...
.....*........*.....
....*..**..**..*....
....***......***....
....................
.........--.........
....................
....*.*......*.*....
.......*....*.......
..*.....*..*.....*..
.*...*...**...*...*.
..*..*..****..*..*..
........*..*........
....**.*....*.**....
......*......*.....-

Generation = 19, Population = 70.
......*.*..*.*......
......*.*..*.*......
......*......*......
.......******.......
....-....**....-....
...-.....**.....-...
.......**..**.......
....*..*....*..*....
....****....****....
.....*........*.....
.........--.........
....................
....................
.......*....*.......
........****........
.**..............**.
........*..*........
....*****..*****....
.....***....***.....
.....**......**....-

Generation = 20, Population = 52.
....................
.....**......**.....
......*......*......
.......**..**.......
....-..........-....
...-............-...
.......******.......
....*..........*....
....*..*....*..*....
....**........**....
.........--.........
....................
....................
........****........
........****........
........*..*........
.....**.*..*.**.....
....*...*..*...*....
........*..*........
.....*.*....*.*....-

Generation = 21, Population = 54.
....................
.....**......**.....
.....**......**.....
.......*....*.......
....-..........-....
...-....****....-...
........****........
.......*.**.*.......
...**..........**...
....**........**....
.........--.........
....................
.........**.........
........*..*........
.......*....*.......
........*..*........
.....*..****..*.....
.....*..****..*.....
.......**..**.......
...................-

Generation = 22, Population = 52.
....................
.....**......**.....
.....*.*....*.*.....
......*......*......
....-...****...-....
...-....*..*....-...
.......*....*.......
....................
...***........***...
...***........***...
.........--.........
....................
.........**.........
........****........
.......**..**.......
.......**..**.......
.......*....*.......
......*......*......
.......**..**.......
...................-

Generation = 23, Population = 56.
....................
.....**......**.....
.....*.*....*.*.....
......********......
....-..******..-....
...-...**..**...-...
....................
....*..........*....
...*.*........*.*...
...*.*........*.*...
....*....--....*....
....................
........*..*........
.......*....*.......
....................
......*......*......
......***..***......
......*.*..*.*......
.......*....*.......
...................-

Generation = 24, Population = 36.
....................
.....**......**.....
.....*...**...*.....
....................
....-..........-....
...-...*....*...-...
....................
....*..........*....
...*.*........*.*...
...*.*........*.*...
....*....--....*....
....................
....................
....................
....................
......*......*......
.....**.*..*.**.....
......*.*..*.*......
.......*....*.......
...................-

Generation = 25, Population = 38.
....................
.....**......**.....
.....**......**.....
....................
....-..........-....
...-............-...
....................
....*..........*....
...*.*........*.*...
...*.*........*.*...
....*....--....*....
....................
....................
....................
....................
.....***....***.....
.....**......**.....
.....**.*..*.**.....
.......*....*.......
...................-

Generation = 26, Population = 34.
....................
.....**......**.....
.....**......**.....
....................
....-..........-....
...-............-...
....................
....*..........*....
...*.*........*.*...
...*.*........*.*...
....*....--....*....
....................
....................
....................
......*......*......
.....*.*....*.*.....
....*..........*....
.....*........*.....
......**....**......
...................-

Generation = 27, Population = 38.
....................
.....**......**.....
.....**......**.....
....................
....-..........-....
...-............-...
....................
....*..........*....
...*.*........*.*...
...*.*........*.*...
....*....--....*....
....................
....................
....................
......*......*......
.....**......**.....
....***......***....
.....**......**.....
......*......*......
...................-

Generation = 28, Population = 40.
....................
.....**......**.....
.....**......**.....
....................
....-..........-....
...-............-...
....................
....*..........*....
...*.*........*.*...
...*.*........*.*...
....*....--....*....
....................
....................
....................
.....**......**.....
....*..*....*..*....
....*..*....*..*....
....*..*....*..*....
.....**......**.....
...................-

Generation = 29, Population = 48.
....................
.....**......**.....
.....**......**.....
....................
....-..........-....
...-............-...
....................
....*..........*....
...*.*........*.*...
...*.*........*.*...
....*....--....*....
....................
....................
....................
.....**......**.....
....*..*....*..*....
...******..******...
....*..*....*..*....
.....**......**.....
...................-

Generation = 30, Population = 40.
....................
.....**......**.....
.....**......**.....
....................
....-..........-....
...-............-...
....................
....*..........*....
...*.*........*.*...
...*.*........*.*...
....*....--....*....
....................
....................
....................
.....**......**.....
...*....*..*....*...
...*....*..*....*...
...*....*..*....*...
.....**......**.....
...................-

Generation = 31, Population = 40.
....................
.....**......**.....
.....**......**.....
....................
....-..........-....
...-............-...
....................
....*..........*....
...*.*........*.*...
...*.*........*.*...
....*....--....*....
....................
....................
....................
....................
....*..*....*..*....
..***..******..***..
....*..*....*..*....
....................
...................-

Generation = 32, Population = 42.
....................
.....**......**.....
.....**......**.....
....................
....-..........-....
...-............-...
....................
....*..........*....
...*.*........*.*...
...*.*........*.*...
....*....--....*....
....................
....................
....................
....................
....*..*.**.*..*....
....****.**.****....
....*..*.**.*..*....
....................
...................-

Generation = 33, Population = 38.
....................
.....**......**.....
.....**......**.....
....................
....-..........-....
...-............-...
....................
....*..........*....
...*.*........*.*...
...*.*........*.*...
....*....--....*....
....................
....................
....................
....................
....*..*.**.*..*....
...**..*....*..**...
....*..*.**.*..*....
....................
...................-

Generation = 34, Population = 42.
....................
.....**......**.....
.....**......**.....
....................
....-..........-....
...-............-...
....................
....*..........*....
...*.*........*.*...
...*.*........*.*...
....*....--....*....
....................
....................
....................
....................
...**...*..*...**...
...*****....*****...
...**...*..*...**...
....................
...................-

Generation = 35, Population = 40.
....................
.....**......**.....
.....**......**.....
....................
....-..........-....
...-............-...
....................
....*..........*....
...*.*........*.*...
...*.*........*.*...
....*....--....*....
....................
....................
....................
....................
...*..**....**..*...
..*...***..***...*..
...*..**....**..*...
....................
...................-

Generation = 36, Population = 36.
....................
.....**......**.....
.....**......**.....
....................
....-..........-....
...-............-...
....................
....*..........*....
...*.*........*.*...
...*.*........*.*...
....*....--....*....
....................
....................
....................
....................
......*.*..*.*......
..**.*..*..*..*.**..
......*.*..*.*......
....................
...................-

Generation = 37, Population = 32.
....................
.....**......**.....
.....**......**.....
....................
....-..........-....
...-............-...
....................
....*..........*....
...*.*........*.*...
...*.*........*.*...
....*....--....*....
....................
....................
....................
....................
.......*....*.......
.....**.****.**.....
.......*....*.......
....................
...................-

Generation = 38, Population = 42.
....................
.....**......**.....
.....**......**.....
....................
....-..........-....
...-............-...
....................
....*..........*....
...*.*........*.*...
...*.*........*.*...
....*....--....*....
....................
....................
....................
....................
......********......
......*.****.*......
......********......
....................
...................-

Generation = 39, Population = 38.
....................
.....**......**.....
.....**......**.....
....................
....-..........-....
...-............-...
....................
....*..........*....
...*.*........*.*...
...*.*........*.*...
....*....--....*....
....................
....................
....................
.......******.......
......*......*......
.....*........*.....
......*......*......
.......******.......
...................-

Generation = 40, Population = 60.
....................
.....**......**.....
.....**......**.....
....................
....-..........-....
...-............-...
....................
....*..........*....
...*.*........*.*...
...*.*........*.*...
....*....--....*....
....................
....................
........****........
.......******.......
......********......
.....**......**.....
......********......
.......******.......
........****.......-

Generation = 41, Population = 36.
....................
.....**......**.....
.....**......**.....
....................
....-..........-....
...-............-...
....................
....*..........*....
...*.*........*.*...
...*.*........*.*...
....*....--....*....
....................
.........**.........
.......*....*.......
......*......*......
.....*........*.....
.....*........*.....
.....*........*.....
......*......*......
.......*....*......-

Generation = 42, Population = 38.
....................
.....**......**.....
.....**......**.....
....................
....-..........-....
...-............-...
....................
....*..........*....
...*.*........*.*...
...*.*........*.*...
....*....--....*....
....................
....................
....................
......*......*......
.....**......**.....
....***......***....
.....**......**.....
......*......*......
...................-

Generation = 43, Population = 40.
....................
.....**......**.....
.....**......**.....
....................
....-..........-....
...-............-...
....................
....*..........*....
...*.*........*.*...
...*.*........*.*...
....*....--....*....
....................
....................
....................
.....**......**.....
....*..*....*..*....
....*..*....*..*....
....*..*....*..*....
.....**......**.....
...................-

Generation = 44, Population = 48.
....................
.....**......**.....
.....**......**.....
....................
....-..........-....
...-............-...
....................
....*..........*....
...*.*........*.*...
...*.*........*.*...
....*....--....*....
....................
....................
....................
.....**......**.....
....*..*....*..*....
...******..******...
....*..*....*..*....
.....**......**.....
...................-

Generation = 45, Population = 40.
....................
.....**......**.....
.....**......**.....
....................
....-..........-....
...-............-...
....................
....*..........*....
...*.*........*.*...
...*.*........*.*...
....*....--....*....
....................
....................
....................
.....**......**.....
...*....*..*....*...
...*....*..*....*...
...*....*..*....*...
.....**......**.....
...................-

Generation = 46, Population = 40.
....................
.....**......**.....
.....**......**.....
....................
....-..........-....
...-............-...
....................
....*..........*....
...*.*........*.*...
...*.*........*.*...
....*....--....*....
....................
....................
....................
....................
....*..*....*..*....
..***..******..***..
....*..*....*..*....
....................
...................-

Generation = 47, Population = 42.
....................
.....**......**.....
.....**......**.....
....................
....-..........-....
...-............-...
....................
....*..........*....
...*.*........*.*...
...*.*........*.*...
....*....--....*....
....................
....................
....................
....................
....*..*.**.*..*....
....****.**.****....
....*..*.**.*..*....
....................
...................-

Generation = 48, Population = 38.
....................
.....**......**.....
.....**......**.....
....................
....-..........-....
...-............-...
....................
....*..........*....
...*.*........*.*...
...*.*........*.*...
....*....--....*....
....................
....................
....................
....................
....*..*.**.*..*....
...**..*....*..**...
....*..*.**.*..*....
....................
...................-

Generation = 49, Population = 42.
....................
.....**......**.....
.....**......**.....
....................
....-..........-....
...-............-...
....................
....*..........*....
...*.*........*.*...
...*.*........*.*...
....*....--....*....
....................
....................
....................
....................
...**...*..*...**...
...*****....*****...
...**...*..*...**...
....................
...................-

Generation = 50, Population = 40.
....................
.....**......**.....
.....**......**.....
....................
....-..........-....
...-............-...
....................
....*..........*....
...*.*........*.*...
...*.*........*.*...
....*....--....*....
....................
....................
....................
....................
...*..**....**..*...
..*...***..***...*..
...*..**....**..*...
....................
...................-

Generation = 51, Population = 36.
....................
.....**......**.....
.....**......**.....
....................
....-..........-....
...-............-...
....................
....*..........*....
...*.*........*.*...
...*.*........*.*...
....*....--....*....
....................
....................
....................
....................
......*.*..*.*......
..**.*..*..*..*.**..
......*.*..*.*......
....................
...................-

Generation = 52, Population = 32.
....................
.....**......**.....
.....**......**.....
....................
....-..........-....
...-............-...
....................
....*..........*....
...*.*........*.*...
...*.*........*.*...
....*....--....*....
....................
....................
....................
....................
.......*....*.......
.....**.****.**.....
.......*....*.......
....................
...................-

Generation = 53, Population = 42.
....................
.....**......**.....
.....**......**.....
....................
....-..........-....
...-............-...
....................
....*..........*....
...*.*........*.*...
...*.*........*.*...
....*....--....*....
....................
....................
....................
....................
......********......
......*.****.*......
......********......
....................
...................-

Generation = 54, Population = 38.
....................
.....**......**.....
.....**......**.....
....................
....-..........-....
...-............-...
....................
....*..........*....
...*.*........*.*...
...*.*........*.*...
....*....--....*....
....................
....................
....................
.......******.......
......*......*......
.....*........*.....
......*......*......
.......******.......
...................-

Generation = 55, Population = 60.
....................
.....**......**.....
.....**......**.....
....................
....-..........-....
...-............-...
....................
....*..........*....
...*.*........*.*...
...*.*........*.*...
....*....--....*....
....................
....................
........****........
.......******.......
......********......
.....**......**.....
......********......
.......******.......
........****.......-

Generation = 56, Population = 36.
....................
.....**......**.....
.....**......**.....
....................
....-..........-....
...-............-...
....................
....*..........*....
...*.*........*.*...
...*.*........*.*...
....*....--....*....
....................
.........**.........
.......*....*.......
......*......*......
.....*........*.....
.....*........*.....
.....*........*.....
......*......*......
.......*....*......-

Generation = 57, Population = 38.
....................
.....**......**.....
.....**......**.....
....................
....-..........-....
...-............-...
....................
....*..........*....
...*.*........*.*...
...*.*........*.*...
....*....--....*....
....................
....................
....................
......*......*......
.....**......**.....
....***......***....
.....**......**.....
......*......*......
...................-

Generation = 58, Population = 40.
....................
.....**......**.....
.....**......**.....
....................
....-..........-....
...-............-...
....................
....*..........*....
...*.*........*.*...
...*.*........*.*...
....*....--....*....
....................
....................
....................
.....**......**.....
....*..*....*..*....
....*..*....*..*....
....*..*....*..*....
.....**......**.....
...................-

Generation = 59, Population = 48.
....................
.....**......**.....
.....**......**.....
....................
....-..........-....
...-............-...
....................
....*..........*....
...*.*........*.*...
...*.*........*.*...
....*....--....*....
....................
....................
....................
.....**......**.....
....*..*....*..*....
...******..******...
....*..*....*..*....
.....**......**.....
...................-

Generation = 60, Population = 40.
....................
.....**......**.....
.....**......**.....
....................
....-..........-....
...-............-...
....................
....*..........*....
...*.*........*.*...
...*.*........*.*...
....*....--....*....
....................
....................
....................
.....**......**.....
...*....*..*....*...
...*....*..*....*...
...*....*..*....*...
.....**......**.....
...................-

Generation = 61, Population = 40.
....................
.....**......**.....
.....**......**.....
....................
....-..........-....
...-............-...
....................
....*..........*....
...*.*........*.*...
...*.*........*.*...
....*....--....*....
....................
....................
....................
....................
....*..*....*..*....
..***..******..***..
....*..*....*..*....
....................
...................-

Generation = 62, Population = 42.
....................
.....**......**.....
.....**......**.....
....................
....-..........-....
...-............-...
....................
....*..........*....
...*.*........*.*...
...*.*........*.*...
....*....--....*....
....................
....................
....................
....................
....*..*.**.*..*....
....****.**.****....
....*..*.**.*..*....
....................
...................-

Generation = 63, Population = 38.
....................
.....**......**.....
.....**......**.....
....................
....-..........-....
...-............-...
....................
....*..........*....
...*.*........*.*...
...*.*........*.*...
....*....--....*....
....................
....................
....................
....................
....*..*.**.*..*....
...**..*....*..**...
....*..*.**.*..*....
....................
...................-

Generation = 64, Population = 42.
....................
.....**......**.....
.....**......**.....
....................
....-..........-....
...-............-...
....................
....*..........*....
...*.*........*.*...
...*.*........*.*...
....*....--....*....
....................
....................
....................
....................
...**...*..*...**...
...*****....*****...
...**...*..*...**...
....................
...................-

Generation = 65, Population = 40.
....................
.....**......**.....
.....**......**.....
....................
....-..........-....
...-............-...
....................
....*..........*....
...*.*........*.*...
...*.*........*.*...
....*....--....*....
....................
....................
....................
....................
...*..**....**..*...
..*...***..***...*..
...*..**....**..*...
....................
...................-

Generation = 66, Population = 36.
....................
.....**......**.....
.....**......**.....
....................
....-..........-....
...-............-...
....................
....*..........*....
...*.*........*.*...
...*.*........*.*...
....*....--....*....
....................
....................
....................
....................
......*.*..*.*......
..**.*..*..*..*.**..
......*.*..*.*......
....................
...................-

Generation = 67, Population = 32.
....................
.....**......**.....
.....**......**.....
....................
....-..........-....
...-............-...
....................
....*..........*....
...*.*........*.*...
...*.*........*.*...
....*....--....*....
....................
....................
....................
....................
.......*....*.......
.....**.****.**.....
.......*....*.......
....................
...................-

Generation = 68, Population = 42.
....................
.....**......**.....
.....**......**.....
....................
....-..........-....
...-............-...
....................
....*..........*....
...*.*........*.*...
...*.*........*.*...
....*....--....*....
....................
....................
....................
....................
......********......
......*.****.*......
......********......
....................
...................-

Generation = 69, Population = 38.
....................
.....**......**.....
.....**......**.....
....................
....-..........-....
...-............-...
....................
....*..........*....
...*.*........*.*...
...*.*........*.*...
....*....--....*....
....................
....................
....................
.......******.......
......*......*......
.....*........*.....
......*......*......
.......******.......
...................-

Generation = 70, Population = 60.
....................
.....**......**.....
.....**......**.....
....................
....-..........-....
...-............-...
....................
....*..........*....
...*.*........*.*...
...*.*........*.*...
....*....--....*....
....................
....................
........****........
.......******.......
......********......
.....**......**.....
......********......
.......******.......
........****.......-

Generation = 71, Population = 36.
....................
.....**......**.....
.....**......**.....
....................
....-..........-....
...-............-...
....................
....*..........*....
...*.*........*.*...
...*.*........*.*...
....*....--....*....
....................
.........**.........
.......*....*.......
......*......*......
.....*........*.....
.....*........*.....
.....*........*.....
......*......*......
.......*....*......-

Generation = 72, Population = 38.
....................
.....**......**.....
.....**......**.....
....................
....-..........-....
...-............-...
....................
....*..........*....
...*.*........*.*...
...*.*........*.*...
....*....--....*....
....................
....................
....................
......*......*......
.....**......**.....
....***......***....
.....**......**.....
......*......*......
...................-

Generation = 73, Population = 40.
....................
.....**......**.....
.....**......**.....
....................
....-..........-....
...-............-...
....................
....*..........*....
...*.*........*.*...
...*.*........*.*...
....*....--....*....
....................
....................
....................
.....**......**.....
....*..*....*..*....
....*..*....*..*....
....*..*....*..*....
.....**......**.....
...................-

Generation = 74, Population = 48.
....................
.....**......**.....
.....**......**.....
....................
....-..........-....
...-............-...
....................
....*..........*....
...*.*........*.*...
...*.*........*.*...
....*....--....*....
....................
....................
....................
.....**......**.....
....*..*....*..*....
...******..******...
....*..*....*..*....
.....**......**.....
...................-

Generation = 75, Population = 40.
....................
.....**......**.....
.....**......**.....
....................
....-..........-....
...-............-...
....................
....*..........*....
...*.*........*.*...
...*.*........*.*...
....*....--....*....
....................
....................
....................
.....**......**.....
...*....*..*....*...
...*....*..*....*...
...*....*..*....*...
.....**......**.....
...................-

Generation = 76, Population = 40.
....................
.....**......**.....
.....**......**.....
....................
....-..........-....
...-............-...
....................
....*..........*....
...*.*........*.*...
...*.*........*.*...
....*....--....*....
....................
....................
....................
....................
....*..*....*..*....
..***..******..***..
....*..*....*..*....
....................
...................-

Generation = 77, Population = 42.
....................
.....**......**.....
.....**......**.....
....................
....-..........-....
...-............-...
....................
....*..........*....
...*.*........*.*...
...*.*........*.*...
....*....--....*....
....................
....................
....................
....................
....*..*.**.*..*....
....****.**.****....
....*..*.**.*..*....
....................
...................-

Generation = 78, Population = 38.
....................
.....**......**.....
.....**......**.....
....................
....-..........-....
...-............-...
....................
....*..........*....
...*.*........*.*...
...*.*........*.*...
....*....--....*....
....................
....................
....................
....................
....*..*.**.*..*....
...**..*....*..**...
....*..*.**.*..*....
....................
...................-

Generation = 79, Population = 42.
....................
.....**......**.....
.....**......**.....
....................
....-..........-....
...-............-...
....................
....*..........*....
...*.*........*.*...
...*.*........*.*...
....*....--....*....
....................
....................
....................
....................
...**...*..*...**...
...*****....*****...
...**...*..*...**...
....................
...................-

Generation = 80, Population = 40.
....................
.....**......**.....
.....**......**.....
....................
....-..........-....
...-............-...
....................
....*..........*....
...*.*........*.*...
...*.*........*.*...
....*....--....*....
....................
....................
....................
....................
...*..**....**..*...
..*...***..***...*..
...*..**....**..*...
....................
...................-

Generation = 81, Population = 36.
....................
.....**......**.....
.....**......**.....
....................
....-..........-....
...-............-...
....................
....*..........*....
...*.*........*.*...
...*.*........*.*...
....*....--....*....
....................
....................
....................
....................
......*.*..*.*......
..**.*..*..*..*.**..
......*.*..*.*......
....................
...................-

Generation = 82, Population = 32.
....................
.....**......**.....
.....**......**.....
....................
....-..........-....
...-............-...
....................
....*..........*....
...*.*........*.*...
...*.*........*.*...
....*....--....*....
....................
....................
....................
....................
.......*....*.......
.....**.****.**.....
.......*....*.......
....................
...................-

Generation = 83, Population = 42.
....................
.....**......**.....
.....**......**.....
....................
....-..........-....
...-............-...
....................
....*..........*....
...*.*........*.*...
...*.*........*.*...
....*....--....*....
....................
....................
....................
....................
......********......
......*.****.*......
......********......
....................
...................-

Generation = 84, Population = 38.
....................
.....**......**.....
.....**......**.....
....................
....-..........-....
...-............-...
....................
....*..........*....
...*.*........*.*...
...*.*........*.*...
....*....--....*....
....................
....................
....................
.......******.......
......*......*......
.....*........*.....
......*......*......
.......******.......
...................-

Generation = 85, Population = 60.
....................
.....**......**.....
.....**......**.....
....................
....-..........-....
...-............-...
....................
....*..........*....
...*.*........*.*...
...*.*........*.*...
....*....--....*....
....................
....................
........****........
.......******.......
......********......
.....**......**.....
......********......
.......******.......
........****.......-

Generation = 86, Population = 36.
....................
.....**......**.....
.....**......**.....
....................
....-..........-....
...-............-...
....................
....*..........*....
...*.*........*.*...
...*.*........*.*...
....*....--....*....
....................
.........**.........
.......*....*.......
......*......*......
.....*........*.....
.....*........*.....
.....*........*.....
......*......*......
.......*....*......-

Generation = 87, Population = 38.
....................
.....**......**.....
.....**......**.....
....................
....-..........-....
...-............-...
....................
....*..........*....
...*.*........*.*...
...*.*........*.*...
....*....--....*....
....................
....................
....................
......*......*......
.....**......**.....
....***......***....
.....**......**.....
......*......*......
...................-

Generation = 88, Population = 40.
....................
.....**......**.....
.....**......**.....
....................
....-..........-....
...-............-...
....................
....*..........*....
...*.*........*.*...
...*.*........*.*...
....*....--....*....
....................
....................
....................
.....**......**.....
....*..*....*..*....
....*..*....*..*....
....*..*....*..*....
.....**......**.....
...................-

Generation = 89, Population = 48.
....................
.....**......**.....
.....**......**.....
....................
....-..........-....
...-............-...
....................
....*..........*....
...*.*........*.*...
...*.*........*.*...
....*....--....*....
....................
....................
....................
.....**......**.....
....*..*....*..*....
...******..******...
....*..*....*..*....
.....**......**.....
...................-

Generation = 90, Population = 40.
....................
.....**......**.....
.....**......**.....
....................
....-..........-....
...-............-...
....................
....*..........*....
...*.*........*.*...
...*.*........*.*...
....*....--....*....
....................
....................
....................
.....**......**.....
...*....*..*....*...
...*....*..*....*...
...*....*..*....*...
.....**......**.....
...................-

Generation = 91, Population = 40.
....................
.....**......**.....
.....**......**.....
....................
....-..........-....
...-............-...
....................
....*..........*....
...*.*........*.*...
...*.*........*.*...
....*....--....*....
....................
....................
....................
....................
....*..*....*..*....
..***..******..***..
....*..*....*..*....
....................
...................-

Generation = 92, Population = 42.
....................
.....**......**.....
.....**......**.....
....................
....-..........-....
...-............-...
....................
....*..........*....
...*.*........*.*...
...*.*........*.*...
....*....--....*....
....................
....................
....................
....................
....*..*.**.*..*....
....****.**.****....
....*..*.**.*..*....
....................
...................-

Generation = 93, Population = 38.
....................
.....**......**.....
.....**......**.....
....................
....-..........-....
...-............-...
....................
....*..........*....
...*.*........*.*...
...*.*........*.*...
....*....--....*....
....................
....................
....................
....................
....*..*.**.*..*....
...**..*....*..**...
....*..*.**.*..*....
....................
...................-

Generation = 94, Population = 42.
....................
.....**......**.....
.....**......**.....
....................
....-..........-....
...-............-...
....................
....*..........*....
...*.*........*.*...
...*.*........*.*...
....*....--....*....
....................
....................
....................
....................
...**...*..*...**...
...*****....*****...
...**...*..*...**...
....................
...................-

Generation = 95, Population = 40.
....................
.....**......**.....
.....**......**.....
....................
....-..........-....
...-............-...
....................
....*..........*....
...*.*........*.*...
...*.*........*.*...
....*....--....*....
....................
....................
....................
....................
...*..**....**..*...
..*...***..***...*..
...*..**....**..*...
....................
...................-

Generation = 96, Population = 36.
....................
.....**......**.....
.....**......**.....
....................
....-..........-....
...-............-...
....................
....*..........*....
...*.*........*.*...
...*.*........*.*...
....*....--....*....
....................
....................
....................
....................
......*.*..*.*......
..**.*..*..*..*.**..
......*.*..*.*......
....................
...................-

Generation = 97, Population = 32.
....................
.....**......**.....
.....**......**.....
....................
....-..........-....
...-............-...
....................
....*..........*....
...*.*........*.*...
...*.*........*.*...
....*....--....*....
....................
....................
....................
....................
.......*....*.......
.....**.****.**.....
.......*....*.......
....................
...................-

Generation = 98, Population = 42.
....................
.....**......**.....
.....**......**.....
....................
....-..........-....
...-............-...
....................
....*..........*....
...*.*........*.*...
...*.*........*.*...
....*....--....*....
....................
....................
....................
....................
......********......
......*.****.*......
......********......
....................
...................-

Generation = 99, Population = 38.
....................
.....**......**.....
.....**......**.....
....................
....-..........-....
...-............-...
....................
....*..........*....
...*.*........*.*...
...*.*........*.*...
....*....--....*....
....................
....................
....................
.......******.......
......*......*......
.....*........*.....
......*......*......
.......******.......
...................-

Generation = 100, Population = 60.
....................
.....**......**.....
.....**......**.....
....................
....-..........-....
...-............-...
....................
....*..........*....
...*.*........*.*...
...*.*........*.*...
....*....--....*....
....................
....................
........****........
.......******.......
......********......
.....**......**.....
......********......
.......******.......
........****.......-

==31451== 
==31451== HEAP SUMMARY:
==31451==     in use at exit: 122,880 bytes in 6 blocks
==31451==   total heap usage: 6,044 allocs, 6,038 frees, 813,031 bytes allocated
==31451== 
==31451== LEAK SUMMARY:
==31451==    definitely lost: 0 bytes in 0 blocks
==31451==    indirectly lost: 0 bytes in 0 blocks
==31451==      possibly lost: 0 bytes in 0 blocks
==31451==    still reachable: 122,880 bytes in 6 blocks
==31451==         suppressed: 0 bytes in 0 blocks
==31451== Rerun with --leak-check=full to see details of leaked memory
==31451== 
==31451== For counts of detected and suppressed errors, rerun with: -v
==31451== ERROR SUMMARY: 0 errors from 0 contexts (suppressed: 21 from 6)
