*** Life<ConwayCell> 109x69 ***
Generation = 0, Population = 0.
.....................................................................
.....................................................................
.....................................................................
.....................................................................
.....................................................................
.....................................................................
.....................................................................
.....................................................................
.....................................................................
.....................................................................
.....................................................................
.....................................................................
.....................................................................
.....................................................................
.....................................................................
.....................................................................
.....................................................................
.....................................................................
.....................................................................
.....................................................................
.....................................................................
.....................................................................
.....................................................................
.....................................................................
.....................................................................
.....................................................................
.....................................................................
.....................................................................
.....................................................................
.....................................................................
.....................................................................
.....................................................................
.....................................................................
.....................................................................
..................................*..................................
..................................*..................................
..................................*..................................
..................................*..................................
..................................*..................................
.....................................................................
..................................*..................................
..................................*..................................
..................................*..................................
..................................*..................................
..................................*..................................
.....................................................................
..................................*..................................
..................................*..................................
..................................*..................................
..................................*..................................
..................................*..................................
.....................................................................
..................................*..................................
..................................*..................................
..................................*..................................
..................................*..................................
..................................*..................................
.....................................................................
..................................*..................................
..................................*..................................
..................................*..................................
..................................*..................................
..................................*..................................
.....................................................................
..................................*..................................
..................................*..................................
..................................*..................................
..................................*..................................
..................................*..................................
.....................................................................
..................................*..................................
..................................*..................................
..................................*..................................
..................................*..................................
..................................*..................................
.....................................................................
.....................................................................
.....................................................................
.....................................................................
.....................................................................
.....................................................................
.....................................................................
.....................................................................
.....................................................................
.....................................................................
.....................................................................
.....................................................................
.....................................................................
.....................................................................
.....................................................................
.....................................................................
.....................................................................
.....................................................................
.....................................................................
.....................................................................
.....................................................................
.....................................................................
.....................................................................
.....................................................................
.....................................................................
.....................................................................
.....................................................................
.....................................................................
.....................................................................
.....................................................................
.....................................................................
.....................................................................
.....................................................................
.....................................................................

Generation = 283, Population = 492.
.....................................................................
.....................................................................
.....................................................................
.....................................................................
....................**.........................**....................
....................**.*.**...............**.*.**....................
....................*..*.*.*.............*.*.*..*....................
.....................*...*.*.............*.*...*.....................
.....................*.**.*...............*.**.*.....................
.......................*.....................*.......................
...................*.**.......................**.*...................
.....................................................................
...................**...........................**...................
.....................................................................
.....................................................................
.....................................................................
.....................................................................
.....................................................................
.....................................................................
.....................................................................
.........*..............***...............***..............*.........
........***...*..........*.................*..........*...***........
.......*..***..*.**...............................**.*..***..*.......
......**...**......*.............................*......**...**......
.....**.*.***.......*......*..*.......*..*......*.......***.*.**.....
.....***.**....***.**......*..*.......*..*......**.***....**.***.....
........*.*....*.....****.*....*.....*....*.****.....*....*.*........
................*****.**..**...*.....*...**..**.*****................
.....**......**.*..**...**....*.......*....**...**..*.**......**.....
....*.......****........**...*.........*...**........****.......*....
....*.*.....**.........................................**.....*.*....
....*.*.......................................................*.*....
...**...........................................................**...
....*.*.......................................................*.*....
.....*.........................................................*.....
............................*...........*............................
...........................*.*.........*.*...........................
...........................*.*.........*.*...........................
............................*...........*............................
.....................................................................
.....................................................................
.....................................................................
.....................................................................
.....................................................................
.....................................................................
.....................................................................
.....................................................................
.....................................................................
.....................................................................
.....................................................................
.....................................................................
.....................................................................
.....................................................................
.....................................................................
.......................***...***.....***...***.......................
.....................................................................
.....................................................................
.....................................................................
.....................................................................
.....................................................................
.....................................................................
.....................................................................
.....................................................................
.....................................................................
.....................................................................
.....................................................................
.....................................................................
.....................................................................
.....................................................................
.....................................................................
............................*...........*............................
...........................*.*.........*.*...........................
...........................*.*.........*.*...........................
............................*...........*............................
.....*.........................................................*.....
....*.*.......................................................*.*....
...**...........................................................**...
....*.*.......................................................*.*....
....*.*.....**.........................................**.....*.*....
....*.......****........**...*.........*...**........****.......*....
.....**......**.*..**...**....*.......*....**...**..*.**......**.....
................*****.**..**...*.....*...**..**.*****................
........*.*....*.....****.*....*.....*....*.****.....*....*.*........
.....***.**....***.**......*..*.......*..*......**.***....**.***.....
.....**.*.***.......*......*..*.......*..*......*.......***.*.**.....
......**...**......*.............................*......**...**......
.......*..***..*.**...............................**.*..***..*.......
........***...*..........*.................*..........*...***........
.........*..............***...............***..............*.........
.....................................................................
.....................................................................
.....................................................................
.....................................................................
.....................................................................
.....................................................................
.....................................................................
...................**...........................**...................
.....................................................................
...................*.**.......................**.*...................
.......................*.....................*.......................
.....................*.**.*...............*.**.*.....................
.....................*...*.*.............*.*...*.....................
....................*..*.*.*.............*.*.*..*....................
....................**.*.**...............**.*.**....................
....................**.........................**....................
.....................................................................
.....................................................................
.....................................................................
.....................................................................

Generation = 323, Population = 192.
.....................................................................
.....................................................................
.....................................................................
....................**.........................**....................
....................**...*.................*...**....................
........................*.*...............*.*........................
........................*..*.............*..*........................
.........................**...............**.........................
.....................................................................
.....................................................................
.....................................................................
.....................................................................
.....................................................................
.....................................................................
.........*.................................................*.........
........*.*...............................................*.*........
........*..*.............................................*..*........
.........**...............................................**.........
.....................................................................
.....................................................................
.............*.........................................*.............
............*.*.......................................*.*............
............*.*.......................................*.*............
.............*.........................................*.............
............................***.......***............................
.....................................................................
..........................*.....*...*.....*..........................
..........................*.....*...*.....*..........................
..........................*.....*...*.....*..........................
.....*.........................................................*.....
.....*......................***.......***......................*.....
.....*.........................................................*.....
.....................................................................
.....................................................................
.....................................................................
............................*...........*............................
...........................*.*.........*.*...........................
...........................*.*.........*.*...........................
............................*...........*............................
.....................................................................
.....................................................................
.....................................................................
.....................................................................
.....................................................................
.....................................................................
.....................................................................
.....................................................................
.....................................................................
.....................................................................
.....................................................................
.....................................................................
.....................................................................
.....................................................................
.....................................................................
.......................***...***.....***...***.......................
.....................................................................
.....................................................................
.....................................................................
.....................................................................
.....................................................................
.....................................................................
.....................................................................
.....................................................................
.....................................................................
.....................................................................
.....................................................................
.....................................................................
.....................................................................
.....................................................................
.....................................................................
............................*...........*............................
...........................*.*.........*.*...........................
...........................*.*.........*.*...........................
............................*...........*............................
.....................................................................
.....................................................................
.....................................................................
.....*.........................................................*.....
.....*......................***.......***......................*.....
.....*.........................................................*.....
..........................*.....*...*.....*..........................
..........................*.....*...*.....*..........................
..........................*.....*...*.....*..........................
.....................................................................
............................***.......***............................
.............*.........................................*.............
............*.*.......................................*.*............
............*.*.......................................*.*............
.............*.........................................*.............
.....................................................................
.....................................................................
.........**...............................................**.........
........*..*.............................................*..*........
........*.*...............................................*.*........
.........*.................................................*.........
.....................................................................
.....................................................................
.....................................................................
.....................................................................
.....................................................................
.....................................................................
.........................**...............**.........................
........................*..*.............*..*........................
........................*.*...............*.*........................
....................**...*.................*...**....................
....................**.........................**....................
.....................................................................
.....................................................................
.....................................................................

Generation = 2823, Population = 192.
.....................................................................
.....................................................................
.....................................................................
....................**.........................**....................
....................**...*.................*...**....................
........................*.*...............*.*........................
........................*..*.............*..*........................
.........................**...............**.........................
.....................................................................
.....................................................................
.....................................................................
.....................................................................
.....................................................................
.....................................................................
.........*.................................................*.........
........*.*...............................................*.*........
........*..*.............................................*..*........
.........**...............................................**.........
.....................................................................
.....................................................................
.............*.........................................*.............
............*.*.......................................*.*............
............*.*.......................................*.*............
.............*.........................................*.............
............................***.......***............................
.....................................................................
..........................*.....*...*.....*..........................
..........................*.....*...*.....*..........................
..........................*.....*...*.....*..........................
.....*.........................................................*.....
.....*......................***.......***......................*.....
.....*.........................................................*.....
.....................................................................
.....................................................................
.....................................................................
............................*...........*............................
...........................*.*.........*.*...........................
...........................*.*.........*.*...........................
............................*...........*............................
.....................................................................
.....................................................................
.....................................................................
.....................................................................
.....................................................................
.....................................................................
.....................................................................
.....................................................................
.....................................................................
.....................................................................
.....................................................................
.....................................................................
.....................................................................
.....................................................................
.....................................................................
.......................***...***.....***...***.......................
.....................................................................
.....................................................................
.....................................................................
.....................................................................
.....................................................................
.....................................................................
.....................................................................
.....................................................................
.....................................................................
.....................................................................
.....................................................................
.....................................................................
.....................................................................
.....................................................................
.....................................................................
............................*...........*............................
...........................*.*.........*.*...........................
...........................*.*.........*.*...........................
............................*...........*............................
.....................................................................
.....................................................................
.....................................................................
.....*.........................................................*.....
.....*......................***.......***......................*.....
.....*.........................................................*.....
..........................*.....*...*.....*..........................
..........................*.....*...*.....*..........................
..........................*.....*...*.....*..........................
.....................................................................
............................***.......***............................
.............*.........................................*.............
............*.*.......................................*.*............
............*.*.......................................*.*............
.............*.........................................*.............
.....................................................................
.....................................................................
.........**...............................................**.........
........*..*.............................................*..*........
........*.*...............................................*.*........
.........*.................................................*.........
.....................................................................
.....................................................................
.....................................................................
.....................................................................
.....................................................................
.....................................................................
.........................**...............**.........................
........................*..*.............*..*........................
........................*.*...............*.*........................
....................**...*.................*...**....................
....................**.........................**....................
.....................................................................
.....................................................................
.....................................................................

*** Life<ConwayCell> 8x8 ***
Generation = 0, Population = 0.
........
........
...**...
...**...
........
........
........
........

Generation = 1, Population = 4.
........
........
...**...
...**...
........
........
........
........

Generation = 2, Population = 4.
........
........
...**...
...**...
........
........
........
........

Generation = 3, Population = 4.
........
........
...**...
...**...
........
........
........
........

Generation = 4, Population = 4.
........
........
...**...
...**...
........
........
........
........

Generation = 5, Population = 4.
........
........
...**...
...**...
........
........
........
........

Generation = 6, Population = 4.
........
........
...**...
...**...
........
........
........
........

Generation = 7, Population = 4.
........
........
...**...
...**...
........
........
........
........

Generation = 8, Population = 4.
........
........
...**...
...**...
........
........
........
........

Generation = 9, Population = 4.
........
........
...**...
...**...
........
........
........
........

Generation = 10, Population = 4.
........
........
...**...
...**...
........
........
........
........

Generation = 11, Population = 4.
........
........
...**...
...**...
........
........
........
........

Generation = 12, Population = 4.
........
........
...**...
...**...
........
........
........
........

Generation = 13, Population = 4.
........
........
...**...
...**...
........
........
........
........

Generation = 14, Population = 4.
........
........
...**...
...**...
........
........
........
........

Generation = 15, Population = 4.
........
........
...**...
...**...
........
........
........
........

Generation = 16, Population = 4.
........
........
...**...
...**...
........
........
........
........

Generation = 17, Population = 4.
........
........
...**...
...**...
........
........
........
........

Generation = 18, Population = 4.
........
........
...**...
...**...
........
........
........
........

Generation = 19, Population = 4.
........
........
...**...
...**...
........
........
........
........

Generation = 20, Population = 4.
........
........
...**...
...**...
........
........
........
........

Generation = 21, Population = 4.
........
........
...**...
...**...
........
........
........
........

Generation = 22, Population = 4.
........
........
...**...
...**...
........
........
........
........

Generation = 23, Population = 4.
........
........
...**...
...**...
........
........
........
........

Generation = 24, Population = 4.
........
........
...**...
...**...
........
........
........
........

Generation = 25, Population = 4.
........
........
...**...
...**...
........
........
........
........

Generation = 26, Population = 4.
........
........
...**...
...**...
........
........
........
........

Generation = 27, Population = 4.
........
........
...**...
...**...
........
........
........
........

Generation = 28, Population = 4.
........
........
...**...
...**...
........
........
........
........

Generation = 29, Population = 4.
........
........
...**...
...**...
........
........
........
........

Generation = 30, Population = 4.
........
........
...**...
...**...
........
........
........
........

Generation = 31, Population = 4.
........
........
...**...
...**...
........
........
........
........

Generation = 32, Population = 4.
........
........
...**...
...**...
........
........
........
........

Generation = 33, Population = 4.
........
........
...**...
...**...
........
........
........
........

Generation = 34, Population = 4.
........
........
...**...
...**...
........
........
........
........

Generation = 35, Population = 4.
........
........
...**...
...**...
........
........
........
........

Generation = 36, Population = 4.
........
........
...**...
...**...
........
........
........
........

Generation = 37, Population = 4.
........
........
...**...
...**...
........
........
........
........

Generation = 38, Population = 4.
........
........
...**...
...**...
........
........
........
........

Generation = 39, Population = 4.
........
........
...**...
...**...
........
........
........
........

Generation = 40, Population = 4.
........
........
...**...
...**...
........
........
........
........

Generation = 41, Population = 4.
........
........
...**...
...**...
........
........
........
........

Generation = 42, Population = 4.
........
........
...**...
...**...
........
........
........
........

Generation = 43, Population = 4.
........
........
...**...
...**...
........
........
........
........

Generation = 44, Population = 4.
........
........
...**...
...**...
........
........
........
........

Generation = 45, Population = 4.
........
........
...**...
...**...
........
........
........
........

Generation = 46, Population = 4.
........
........
...**...
...**...
........
........
........
........

Generation = 47, Population = 4.
........
........
...**...
...**...
........
........
........
........

Generation = 48, Population = 4.
........
........
...**...
...**...
........
........
........
........

Generation = 49, Population = 4.
........
........
...**...
...**...
........
........
........
........

Generation = 50, Population = 4.
........
........
...**...
...**...
........
........
........
........

Generation = 51, Population = 4.
........
........
...**...
...**...
........
........
........
........

Generation = 52, Population = 4.
........
........
...**...
...**...
........
........
........
........

Generation = 53, Population = 4.
........
........
...**...
...**...
........
........
........
........

Generation = 54, Population = 4.
........
........
...**...
...**...
........
........
........
........

Generation = 55, Population = 4.
........
........
...**...
...**...
........
........
........
........

Generation = 56, Population = 4.
........
........
...**...
...**...
........
........
........
........

Generation = 57, Population = 4.
........
........
...**...
...**...
........
........
........
........

Generation = 58, Population = 4.
........
........
...**...
...**...
........
........
........
........

Generation = 59, Population = 4.
........
........
...**...
...**...
........
........
........
........

Generation = 60, Population = 4.
........
........
...**...
...**...
........
........
........
........

Generation = 61, Population = 4.
........
........
...**...
...**...
........
........
........
........

Generation = 62, Population = 4.
........
........
...**...
...**...
........
........
........
........

Generation = 63, Population = 4.
........
........
...**...
...**...
........
........
........
........

Generation = 64, Population = 4.
........
........
...**...
...**...
........
........
........
........

Generation = 65, Population = 4.
........
........
...**...
...**...
........
........
........
........

Generation = 66, Population = 4.
........
........
...**...
...**...
........
........
........
........

Generation = 67, Population = 4.
........
........
...**...
...**...
........
........
........
........

Generation = 68, Population = 4.
........
........
...**...
...**...
........
........
........
........

Generation = 69, Population = 4.
........
........
...**...
...**...
........
........
........
........

Generation = 70, Population = 4.
........
........
...**...
...**...
........
........
........
........

Generation = 71, Population = 4.
........
........
...**...
...**...
........
........
........
........

Generation = 72, Population = 4.
........
........
...**...
...**...
........
........
........
........

Generation = 73, Population = 4.
........
........
...**...
...**...
........
........
........
........

Generation = 74, Population = 4.
........
........
...**...
...**...
........
........
........
........

Generation = 75, Population = 4.
........
........
...**...
...**...
........
........
........
........

Generation = 76, Population = 4.
........
........
...**...
...**...
........
........
........
........

Generation = 77, Population = 4.
........
........
...**...
...**...
........
........
........
........

Generation = 78, Population = 4.
........
........
...**...
...**...
........
........
........
........

Generation = 79, Population = 4.
........
........
...**...
...**...
........
........
........
........

Generation = 80, Population = 4.
........
........
...**...
...**...
........
........
........
........

Generation = 81, Population = 4.
........
........
...**...
...**...
........
........
........
........

Generation = 82, Population = 4.
........
........
...**...
...**...
........
........
........
........

Generation = 83, Population = 4.
........
........
...**...
...**...
........
........
........
........

Generation = 84, Population = 4.
........
........
...**...
...**...
........
........
........
........

Generation = 85, Population = 4.
........
........
...**...
...**...
........
........
........
........

Generation = 86, Population = 4.
........
........
...**...
...**...
........
........
........
........

Generation = 87, Population = 4.
........
........
...**...
...**...
........
........
........
........

Generation = 88, Population = 4.
........
........
...**...
...**...
........
........
........
........

Generation = 89, Population = 4.
........
........
...**...
...**...
........
........
........
........

Generation = 90, Population = 4.
........
........
...**...
...**...
........
........
........
........

Generation = 91, Population = 4.
........
........
...**...
...**...
........
........
........
........

Generation = 92, Population = 4.
........
........
...**...
...**...
........
........
........
........

Generation = 93, Population = 4.
........
........
...**...
...**...
........
........
........
........

Generation = 94, Population = 4.
........
........
...**...
...**...
........
........
........
........

Generation = 95, Population = 4.
........
........
...**...
...**...
........
........
........
........

Generation = 96, Population = 4.
........
........
...**...
...**...
........
........
........
........

Generation = 97, Population = 4.
........
........
...**...
...**...
........
........
........
........

Generation = 98, Population = 4.
........
........
...**...
...**...
........
........
........
........

Generation = 99, Population = 4.
........
........
...**...
...**...
........
........
........
........

Generation = 100, Population = 4.
........
........
...**...
...**...
........
........
........
........

*** Life<ConwayCell> 9x9 ***
Generation = 0, Population = 0.
.*.......
..*......
***......
.........
.......**
.......**
..***....
.***.....
.........

Generation = 1, Population = 15.
.........
*.*......
.**......
.*.......
.......**
...*...**
.*..*....
.*..*....
..*......

Generation = 2, Population = 15.
.........
..*......
*.*......
.**......
.......**
.......**
..***....
.***.....
.........

Generation = 3, Population = 15.
.........
.*.......
..**.....
.**......
.......**
...*...**
.*..*....
.*..*....
..*......

Generation = 4, Population = 16.
.........
..*......
...*.....
.***.....
..*....**
.......**
..***....
.***.....
.........

Generation = 5, Population = 17.
.........
.........
.*.*.....
.*.*.....
.***...**
..*....**
.*..*....
.*..*....
..*......

Generation = 6, Population = 16.
.........
.........
.........
**.**....
.*.*...**
.......**
.***.....
.***.....
.........

Generation = 7, Population = 19.
.........
.........
.........
**.**....
**.**..**
.*.*...**
.*.*.....
.*.*.....
..*......

Generation = 8, Population = 17.
.........
.........
.........
**.**....
.......**
.*.*...**
**.**....
.*.*.....
..*......

Generation = 9, Population = 21.
.........
.........
.........
.........
**.**..**
**.**..**
**.**....
**.**....
..*......

Generation = 10, Population = 15.
.........
.........
.........
.........
**.**..**
.....*.**
.....*...
*...*....
.***.....

Generation = 11, Population = 17.
.........
.........
.........
.........
....*.***
.....*.**
....***..
.****....
.***.....

Generation = 12, Population = 11.
.........
.........
.........
.......*.
.....**.*
........*
..*...**.
.*.......
.*..*....

Generation = 13, Population = 9.
.........
.........
.........
......**.
......*.*
.....*..*
.......*.
.**......
.........

Generation = 14, Population = 7.
.........
.........
.........
......**.
.....**.*
......*.*
.........
.........
.........

Generation = 15, Population = 7.
.........
.........
.........
.....***.
.....*..*
.....**..
.........
.........
.........

Generation = 16, Population = 7.
.........
.........
......*..
.....***.
....*....
.....**..
.........
.........
.........

Generation = 17, Population = 9.
.........
.........
.....***.
.....***.
....*..*.
.....*...
.........
.........
.........

Generation = 18, Population = 7.
.........
......*..
.....*.*.
....*...*
....*..*.
.........
.........
.........
.........

Generation = 19, Population = 9.
.........
......*..
.....***.
....*****
.........
.........
.........
.........
.........

Generation = 20, Population = 10.
.........
.....***.
....*...*
....*...*
.....***.
.........
.........
.........
.........

Generation = 21, Population = 14.
......*..
.....***.
....*.*.*
....*.*.*
.....***.
......*..
.........
.........
.........

Generation = 22, Population = 10.
.....***.
.........
....*...*
....*...*
.........
.....***.
.........
.........
.........

Generation = 23, Population = 9.
......*..
.....***.
.........
.........
.....***.
......*..
......*..
.........
.........

Generation = 24, Population = 11.
.....***.
.....***.
......*..
......*..
.....***.
.........
.........
.........
.........

Generation = 25, Population = 6.
.....*.*.
.........
.........
.........
.....***.
......*..
.........
.........
.........

Generation = 26, Population = 7.
.........
.........
.........
......*..
.....***.
.....***.
.........
.........
.........

Generation = 27, Population = 6.
.........
.........
.........
.....***.
.........
.....*.*.
......*..
.........
.........

Generation = 28, Population = 6.
.........
.........
......*..
......*..
.....*.*.
......*..
......*..
.........
.........

Generation = 29, Population = 8.
.........
.........
.........
.....***.
.....*.*.
.....***.
.........
.........
.........

Generation = 30, Population = 8.
.........
.........
......*..
.....*.*.
....*...*
.....*.*.
......*..
.........
.........

Generation = 31, Population = 12.
.........
.........
......*..
.....***.
....**.**
.....***.
......*..
.........
.........

Generation = 32, Population = 12.
.........
.........
.....***.
....*...*
....*...*
....*...*
.....***.
.........
.........

Generation = 33, Population = 19.
.........
......*..
.....***.
....*.*.*
...***.**
....*.*.*
.....***.
......*..
.........

Generation = 34, Population = 12.
.........
.....***.
.........
...*....*
...*....*
...*....*
.........
.....***.
.........

Generation = 35, Population = 13.
......*..
......*..
......**.
.........
..***..**
.........
......**.
......*..
......*..

Generation = 36, Population = 15.
.........
.....**..
......**.
...*..*.*
...*.....
...*..*.*
......**.
.....**..
.........

Generation = 37, Population = 11.
.........
.....***.
.........
......*..
..***....
......*..
.........
.....***.
.........

Generation = 38, Population = 12.
......*..
......*..
.....*.*.
...*.....
...*.*...
...*.....
.....*.*.
......*..
......*..

Generation = 39, Population = 12.
.........
.....***.
......*..
......*..
..**.....
......*..
......*..
.....***.
.........

Generation = 40, Population = 8.
......*..
.....***.
.........
.........
.........
.........
.........
.....***.
......*..

Generation = 41, Population = 14.
.....***.
.....***.
......*..
.........
.........
.........
......*..
.....***.
.....***.

Generation = 42, Population = 10.
.....*.*.
.........
.....***.
.........
.........
.........
.....***.
.........
.....*.*.

Generation = 43, Population = 8.
.........
.....*.*.
......*..
......*..
.........
......*..
......*..
.....*.*.
.........

Generation = 44, Population = 8.
.........
......*..
.....***.
.........
.........
.........
.....***.
......*..
.........

Generation = 45, Population = 14.
.........
.....***.
.....***.
......*..
.........
......*..
.....***.
.....***.
.........

Generation = 46, Population = 12.
......*..
.....*.*.
.........
.....***.
.........
.....***.
.........
.....*.*.
......*..

Generation = 47, Population = 10.
......*..
......*..
.....*.*.
......*..
.........
......*..
.....*.*.
......*..
......*..

Generation = 48, Population = 12.
.........
.....***.
.....*.*.
......*..
.........
......*..
.....*.*.
.....***.
.........

Generation = 49, Population = 12.
......*..
.....*.*.
.....*.*.
......*..
.........
......*..
.....*.*.
.....*.*.
......*..

Generation = 50, Population = 12.
......*..
.....*.*.
.....*.*.
......*..
.........
......*..
.....*.*.
.....*.*.
......*..

Generation = 51, Population = 12.
......*..
.....*.*.
.....*.*.
......*..
.........
......*..
.....*.*.
.....*.*.
......*..

Generation = 52, Population = 12.
......*..
.....*.*.
.....*.*.
......*..
.........
......*..
.....*.*.
.....*.*.
......*..

Generation = 53, Population = 12.
......*..
.....*.*.
.....*.*.
......*..
.........
......*..
.....*.*.
.....*.*.
......*..

Generation = 54, Population = 12.
......*..
.....*.*.
.....*.*.
......*..
.........
......*..
.....*.*.
.....*.*.
......*..

Generation = 55, Population = 12.
......*..
.....*.*.
.....*.*.
......*..
.........
......*..
.....*.*.
.....*.*.
......*..

Generation = 56, Population = 12.
......*..
.....*.*.
.....*.*.
......*..
.........
......*..
.....*.*.
.....*.*.
......*..

Generation = 57, Population = 12.
......*..
.....*.*.
.....*.*.
......*..
.........
......*..
.....*.*.
.....*.*.
......*..

Generation = 58, Population = 12.
......*..
.....*.*.
.....*.*.
......*..
.........
......*..
.....*.*.
.....*.*.
......*..

Generation = 59, Population = 12.
......*..
.....*.*.
.....*.*.
......*..
.........
......*..
.....*.*.
.....*.*.
......*..

Generation = 60, Population = 12.
......*..
.....*.*.
.....*.*.
......*..
.........
......*..
.....*.*.
.....*.*.
......*..

Generation = 61, Population = 12.
......*..
.....*.*.
.....*.*.
......*..
.........
......*..
.....*.*.
.....*.*.
......*..

Generation = 62, Population = 12.
......*..
.....*.*.
.....*.*.
......*..
.........
......*..
.....*.*.
.....*.*.
......*..

Generation = 63, Population = 12.
......*..
.....*.*.
.....*.*.
......*..
.........
......*..
.....*.*.
.....*.*.
......*..

Generation = 64, Population = 12.
......*..
.....*.*.
.....*.*.
......*..
.........
......*..
.....*.*.
.....*.*.
......*..

Generation = 65, Population = 12.
......*..
.....*.*.
.....*.*.
......*..
.........
......*..
.....*.*.
.....*.*.
......*..

Generation = 66, Population = 12.
......*..
.....*.*.
.....*.*.
......*..
.........
......*..
.....*.*.
.....*.*.
......*..

Generation = 67, Population = 12.
......*..
.....*.*.
.....*.*.
......*..
.........
......*..
.....*.*.
.....*.*.
......*..

Generation = 68, Population = 12.
......*..
.....*.*.
.....*.*.
......*..
.........
......*..
.....*.*.
.....*.*.
......*..

Generation = 69, Population = 12.
......*..
.....*.*.
.....*.*.
......*..
.........
......*..
.....*.*.
.....*.*.
......*..

Generation = 70, Population = 12.
......*..
.....*.*.
.....*.*.
......*..
.........
......*..
.....*.*.
.....*.*.
......*..

Generation = 71, Population = 12.
......*..
.....*.*.
.....*.*.
......*..
.........
......*..
.....*.*.
.....*.*.
......*..

Generation = 72, Population = 12.
......*..
.....*.*.
.....*.*.
......*..
.........
......*..
.....*.*.
.....*.*.
......*..

Generation = 73, Population = 12.
......*..
.....*.*.
.....*.*.
......*..
.........
......*..
.....*.*.
.....*.*.
......*..

Generation = 74, Population = 12.
......*..
.....*.*.
.....*.*.
......*..
.........
......*..
.....*.*.
.....*.*.
......*..

Generation = 75, Population = 12.
......*..
.....*.*.
.....*.*.
......*..
.........
......*..
.....*.*.
.....*.*.
......*..

Generation = 76, Population = 12.
......*..
.....*.*.
.....*.*.
......*..
.........
......*..
.....*.*.
.....*.*.
......*..

Generation = 77, Population = 12.
......*..
.....*.*.
.....*.*.
......*..
.........
......*..
.....*.*.
.....*.*.
......*..

Generation = 78, Population = 12.
......*..
.....*.*.
.....*.*.
......*..
.........
......*..
.....*.*.
.....*.*.
......*..

Generation = 79, Population = 12.
......*..
.....*.*.
.....*.*.
......*..
.........
......*..
.....*.*.
.....*.*.
......*..

Generation = 80, Population = 12.
......*..
.....*.*.
.....*.*.
......*..
.........
......*..
.....*.*.
.....*.*.
......*..

Generation = 81, Population = 12.
......*..
.....*.*.
.....*.*.
......*..
.........
......*..
.....*.*.
.....*.*.
......*..

Generation = 82, Population = 12.
......*..
.....*.*.
.....*.*.
......*..
.........
......*..
.....*.*.
.....*.*.
......*..

Generation = 83, Population = 12.
......*..
.....*.*.
.....*.*.
......*..
.........
......*..
.....*.*.
.....*.*.
......*..

Generation = 84, Population = 12.
......*..
.....*.*.
.....*.*.
......*..
.........
......*..
.....*.*.
.....*.*.
......*..

Generation = 85, Population = 12.
......*..
.....*.*.
.....*.*.
......*..
.........
......*..
.....*.*.
.....*.*.
......*..

Generation = 86, Population = 12.
......*..
.....*.*.
.....*.*.
......*..
.........
......*..
.....*.*.
.....*.*.
......*..

Generation = 87, Population = 12.
......*..
.....*.*.
.....*.*.
......*..
.........
......*..
.....*.*.
.....*.*.
......*..

Generation = 88, Population = 12.
......*..
.....*.*.
.....*.*.
......*..
.........
......*..
.....*.*.
.....*.*.
......*..

Generation = 89, Population = 12.
......*..
.....*.*.
.....*.*.
......*..
.........
......*..
.....*.*.
.....*.*.
......*..

Generation = 90, Population = 12.
......*..
.....*.*.
.....*.*.
......*..
.........
......*..
.....*.*.
.....*.*.
......*..

Generation = 91, Population = 12.
......*..
.....*.*.
.....*.*.
......*..
.........
......*..
.....*.*.
.....*.*.
......*..

Generation = 92, Population = 12.
......*..
.....*.*.
.....*.*.
......*..
.........
......*..
.....*.*.
.....*.*.
......*..

Generation = 93, Population = 12.
......*..
.....*.*.
.....*.*.
......*..
.........
......*..
.....*.*.
.....*.*.
......*..

Generation = 94, Population = 12.
......*..
.....*.*.
.....*.*.
......*..
.........
......*..
.....*.*.
.....*.*.
......*..

Generation = 95, Population = 12.
......*..
.....*.*.
.....*.*.
......*..
.........
......*..
.....*.*.
.....*.*.
......*..

Generation = 96, Population = 12.
......*..
.....*.*.
.....*.*.
......*..
.........
......*..
.....*.*.
.....*.*.
......*..

Generation = 97, Population = 12.
......*..
.....*.*.
.....*.*.
......*..
.........
......*..
.....*.*.
.....*.*.
......*..

Generation = 98, Population = 12.
......*..
.....*.*.
.....*.*.
......*..
.........
......*..
.....*.*.
.....*.*.
......*..

Generation = 99, Population = 12.
......*..
.....*.*.
.....*.*.
......*..
.........
......*..
.....*.*.
.....*.*.
......*..

Generation = 100, Population = 12.
......*..
.....*.*.
.....*.*.
......*..
.........
......*..
.....*.*.
.....*.*.
......*..

*** Life<ConwayCell> 17x17 ***
Generation = 0, Population = 0.
.................
.................
....***...***....
.................
..*....*.*....*..
..*....*.*....*..
..*....*.*....*..
....***...***....
.................
....***...***....
..*....*.*....*..
..*....*.*....*..
..*....*.*....*..
.................
....***...***....
.................
.................

Generation = 1, Population = 56.
.................
.....*.....*.....
.....*.....*.....
.....**...**.....
.................
.***..**.**..***.
...*.*.*.*.*.*...
.....**...**.....
.................
.....**...**.....
...*.*.*.*.*.*...
.***..**.**..***.
.................
.....**...**.....
.....*.....*.....
.....*.....*.....
.................

Generation = 2, Population = 72.
.................
.................
....**.....**....
.....**...**.....
..*..*.*.*.*..*..
..***.**.**.***..
...*.*.*.*.*.*...
....***...***....
.................
....***...***....
...*.*.*.*.*.*...
..***.**.**.***..
..*..*.*.*.*..*..
.....**...**.....
....**.....**....
.................
.................

Generation = 3, Population = 48.
.................
.................
....***...***....
.................
..*....*.*....*..
..*....*.*....*..
..*....*.*....*..
....***...***....
.................
....***...***....
..*....*.*....*..
..*....*.*....*..
..*....*.*....*..
.................
....***...***....
.................
.................

Generation = 4, Population = 56.
.................
.....*.....*.....
.....*.....*.....
.....**...**.....
.................
.***..**.**..***.
...*.*.*.*.*.*...
.....**...**.....
.................
.....**...**.....
...*.*.*.*.*.*...
.***..**.**..***.
.................
.....**...**.....
.....*.....*.....
.....*.....*.....
.................

Generation = 5, Population = 72.
.................
.................
....**.....**....
.....**...**.....
..*..*.*.*.*..*..
..***.**.**.***..
...*.*.*.*.*.*...
....***...***....
.................
....***...***....
...*.*.*.*.*.*...
..***.**.**.***..
..*..*.*.*.*..*..
.....**...**.....
....**.....**....
.................
.................

Generation = 6, Population = 48.
.................
.................
....***...***....
.................
..*....*.*....*..
..*....*.*....*..
..*....*.*....*..
....***...***....
.................
....***...***....
..*....*.*....*..
..*....*.*....*..
..*....*.*....*..
.................
....***...***....
.................
.................

Generation = 7, Population = 56.
.................
.....*.....*.....
.....*.....*.....
.....**...**.....
.................
.***..**.**..***.
...*.*.*.*.*.*...
.....**...**.....
.................
.....**...**.....
...*.*.*.*.*.*...
.***..**.**..***.
.................
.....**...**.....
.....*.....*.....
.....*.....*.....
.................

Generation = 8, Population = 72.
.................
.................
....**.....**....
.....**...**.....
..*..*.*.*.*..*..
..***.**.**.***..
...*.*.*.*.*.*...
....***...***....
.................
....***...***....
...*.*.*.*.*.*...
..***.**.**.***..
..*..*.*.*.*..*..
.....**...**.....
....**.....**....
.................
.................

Generation = 9, Population = 48.
.................
.................
....***...***....
.................
..*....*.*....*..
..*....*.*....*..
..*....*.*....*..
....***...***....
.................
....***...***....
..*....*.*....*..
..*....*.*....*..
..*....*.*....*..
.................
....***...***....
.................
.................

Generation = 10, Population = 56.
.................
.....*.....*.....
.....*.....*.....
.....**...**.....
.................
.***..**.**..***.
...*.*.*.*.*.*...
.....**...**.....
.................
.....**...**.....
...*.*.*.*.*.*...
.***..**.**..***.
.................
.....**...**.....
.....*.....*.....
.....*.....*.....
.................

Generation = 11, Population = 72.
.................
.................
....**.....**....
.....**...**.....
..*..*.*.*.*..*..
..***.**.**.***..
...*.*.*.*.*.*...
....***...***....
.................
....***...***....
...*.*.*.*.*.*...
..***.**.**.***..
..*..*.*.*.*..*..
.....**...**.....
....**.....**....
.................
.................

Generation = 12, Population = 48.
.................
.................
....***...***....
.................
..*....*.*....*..
..*....*.*....*..
..*....*.*....*..
....***...***....
.................
....***...***....
..*....*.*....*..
..*....*.*....*..
..*....*.*....*..
.................
....***...***....
.................
.................

Generation = 13, Population = 56.
.................
.....*.....*.....
.....*.....*.....
.....**...**.....
.................
.***..**.**..***.
...*.*.*.*.*.*...
.....**...**.....
.................
.....**...**.....
...*.*.*.*.*.*...
.***..**.**..***.
.................
.....**...**.....
.....*.....*.....
.....*.....*.....
.................

Generation = 14, Population = 72.
.................
.................
....**.....**....
.....**...**.....
..*..*.*.*.*..*..
..***.**.**.***..
...*.*.*.*.*.*...
....***...***....
.................
....***...***....
...*.*.*.*.*.*...
..***.**.**.***..
..*..*.*.*.*..*..
.....**...**.....
....**.....**....
.................
.................

Generation = 15, Population = 48.
.................
.................
....***...***....
.................
..*....*.*....*..
..*....*.*....*..
..*....*.*....*..
....***...***....
.................
....***...***....
..*....*.*....*..
..*....*.*....*..
..*....*.*....*..
.................
....***...***....
.................
.................

Generation = 16, Population = 56.
.................
.....*.....*.....
.....*.....*.....
.....**...**.....
.................
.***..**.**..***.
...*.*.*.*.*.*...
.....**...**.....
.................
.....**...**.....
...*.*.*.*.*.*...
.***..**.**..***.
.................
.....**...**.....
.....*.....*.....
.....*.....*.....
.................

Generation = 17, Population = 72.
.................
.................
....**.....**....
.....**...**.....
..*..*.*.*.*..*..
..***.**.**.***..
...*.*.*.*.*.*...
....***...***....
.................
....***...***....
...*.*.*.*.*.*...
..***.**.**.***..
..*..*.*.*.*..*..
.....**...**.....
....**.....**....
.................
.................

Generation = 18, Population = 48.
.................
.................
....***...***....
.................
..*....*.*....*..
..*....*.*....*..
..*....*.*....*..
....***...***....
.................
....***...***....
..*....*.*....*..
..*....*.*....*..
..*....*.*....*..
.................
....***...***....
.................
.................

Generation = 19, Population = 56.
.................
.....*.....*.....
.....*.....*.....
.....**...**.....
.................
.***..**.**..***.
...*.*.*.*.*.*...
.....**...**.....
.................
.....**...**.....
...*.*.*.*.*.*...
.***..**.**..***.
.................
.....**...**.....
.....*.....*.....
.....*.....*.....
.................

Generation = 20, Population = 72.
.................
.................
....**.....**....
.....**...**.....
..*..*.*.*.*..*..
..***.**.**.***..
...*.*.*.*.*.*...
....***...***....
.................
....***...***....
...*.*.*.*.*.*...
..***.**.**.***..
..*..*.*.*.*..*..
.....**...**.....
....**.....**....
.................
.................

Generation = 21, Population = 48.
.................
.................
....***...***....
.................
..*....*.*....*..
..*....*.*....*..
..*....*.*....*..
....***...***....
.................
....***...***....
..*....*.*....*..
..*....*.*....*..
..*....*.*....*..
.................
....***...***....
.................
.................

Generation = 22, Population = 56.
.................
.....*.....*.....
.....*.....*.....
.....**...**.....
.................
.***..**.**..***.
...*.*.*.*.*.*...
.....**...**.....
.................
.....**...**.....
...*.*.*.*.*.*...
.***..**.**..***.
.................
.....**...**.....
.....*.....*.....
.....*.....*.....
.................

Generation = 23, Population = 72.
.................
.................
....**.....**....
.....**...**.....
..*..*.*.*.*..*..
..***.**.**.***..
...*.*.*.*.*.*...
....***...***....
.................
....***...***....
...*.*.*.*.*.*...
..***.**.**.***..
..*..*.*.*.*..*..
.....**...**.....
....**.....**....
.................
.................

Generation = 24, Population = 48.
.................
.................
....***...***....
.................
..*....*.*....*..
..*....*.*....*..
..*....*.*....*..
....***...***....
.................
....***...***....
..*....*.*....*..
..*....*.*....*..
..*....*.*....*..
.................
....***...***....
.................
.................

Generation = 25, Population = 56.
.................
.....*.....*.....
.....*.....*.....
.....**...**.....
.................
.***..**.**..***.
...*.*.*.*.*.*...
.....**...**.....
.................
.....**...**.....
...*.*.*.*.*.*...
.***..**.**..***.
.................
.....**...**.....
.....*.....*.....
.....*.....*.....
.................

Generation = 26, Population = 72.
.................
.................
....**.....**....
.....**...**.....
..*..*.*.*.*..*..
..***.**.**.***..
...*.*.*.*.*.*...
....***...***....
.................
....***...***....
...*.*.*.*.*.*...
..***.**.**.***..
..*..*.*.*.*..*..
.....**...**.....
....**.....**....
.................
.................

Generation = 27, Population = 48.
.................
.................
....***...***....
.................
..*....*.*....*..
..*....*.*....*..
..*....*.*....*..
....***...***....
.................
....***...***....
..*....*.*....*..
..*....*.*....*..
..*....*.*....*..
.................
....***...***....
.................
.................

Generation = 28, Population = 56.
.................
.....*.....*.....
.....*.....*.....
.....**...**.....
.................
.***..**.**..***.
...*.*.*.*.*.*...
.....**...**.....
.................
.....**...**.....
...*.*.*.*.*.*...
.***..**.**..***.
.................
.....**...**.....
.....*.....*.....
.....*.....*.....
.................

Generation = 29, Population = 72.
.................
.................
....**.....**....
.....**...**.....
..*..*.*.*.*..*..
..***.**.**.***..
...*.*.*.*.*.*...
....***...***....
.................
....***...***....
...*.*.*.*.*.*...
..***.**.**.***..
..*..*.*.*.*..*..
.....**...**.....
....**.....**....
.................
.................

Generation = 30, Population = 48.
.................
.................
....***...***....
.................
..*....*.*....*..
..*....*.*....*..
..*....*.*....*..
....***...***....
.................
....***...***....
..*....*.*....*..
..*....*.*....*..
..*....*.*....*..
.................
....***...***....
.................
.................

Generation = 31, Population = 56.
.................
.....*.....*.....
.....*.....*.....
.....**...**.....
.................
.***..**.**..***.
...*.*.*.*.*.*...
.....**...**.....
.................
.....**...**.....
...*.*.*.*.*.*...
.***..**.**..***.
.................
.....**...**.....
.....*.....*.....
.....*.....*.....
.................

Generation = 32, Population = 72.
.................
.................
....**.....**....
.....**...**.....
..*..*.*.*.*..*..
..***.**.**.***..
...*.*.*.*.*.*...
....***...***....
.................
....***...***....
...*.*.*.*.*.*...
..***.**.**.***..
..*..*.*.*.*..*..
.....**...**.....
....**.....**....
.................
.................

Generation = 33, Population = 48.
.................
.................
....***...***....
.................
..*....*.*....*..
..*....*.*....*..
..*....*.*....*..
....***...***....
.................
....***...***....
..*....*.*....*..
..*....*.*....*..
..*....*.*....*..
.................
....***...***....
.................
.................

Generation = 34, Population = 56.
.................
.....*.....*.....
.....*.....*.....
.....**...**.....
.................
.***..**.**..***.
...*.*.*.*.*.*...
.....**...**.....
.................
.....**...**.....
...*.*.*.*.*.*...
.***..**.**..***.
.................
.....**...**.....
.....*.....*.....
.....*.....*.....
.................

Generation = 35, Population = 72.
.................
.................
....**.....**....
.....**...**.....
..*..*.*.*.*..*..
..***.**.**.***..
...*.*.*.*.*.*...
....***...***....
.................
....***...***....
...*.*.*.*.*.*...
..***.**.**.***..
..*..*.*.*.*..*..
.....**...**.....
....**.....**....
.................
.................

Generation = 36, Population = 48.
.................
.................
....***...***....
.................
..*....*.*....*..
..*....*.*....*..
..*....*.*....*..
....***...***....
.................
....***...***....
..*....*.*....*..
..*....*.*....*..
..*....*.*....*..
.................
....***...***....
.................
.................

Generation = 37, Population = 56.
.................
.....*.....*.....
.....*.....*.....
.....**...**.....
.................
.***..**.**..***.
...*.*.*.*.*.*...
.....**...**.....
.................
.....**...**.....
...*.*.*.*.*.*...
.***..**.**..***.
.................
.....**...**.....
.....*.....*.....
.....*.....*.....
.................

Generation = 38, Population = 72.
.................
.................
....**.....**....
.....**...**.....
..*..*.*.*.*..*..
..***.**.**.***..
...*.*.*.*.*.*...
....***...***....
.................
....***...***....
...*.*.*.*.*.*...
..***.**.**.***..
..*..*.*.*.*..*..
.....**...**.....
....**.....**....
.................
.................

Generation = 39, Population = 48.
.................
.................
....***...***....
.................
..*....*.*....*..
..*....*.*....*..
..*....*.*....*..
....***...***....
.................
....***...***....
..*....*.*....*..
..*....*.*....*..
..*....*.*....*..
.................
....***...***....
.................
.................

Generation = 40, Population = 56.
.................
.....*.....*.....
.....*.....*.....
.....**...**.....
.................
.***..**.**..***.
...*.*.*.*.*.*...
.....**...**.....
.................
.....**...**.....
...*.*.*.*.*.*...
.***..**.**..***.
.................
.....**...**.....
.....*.....*.....
.....*.....*.....
.................

Generation = 41, Population = 72.
.................
.................
....**.....**....
.....**...**.....
..*..*.*.*.*..*..
..***.**.**.***..
...*.*.*.*.*.*...
....***...***....
.................
....***...***....
...*.*.*.*.*.*...
..***.**.**.***..
..*..*.*.*.*..*..
.....**...**.....
....**.....**....
.................
.................

Generation = 42, Population = 48.
.................
.................
....***...***....
.................
..*....*.*....*..
..*....*.*....*..
..*....*.*....*..
....***...***....
.................
....***...***....
..*....*.*....*..
..*....*.*....*..
..*....*.*....*..
.................
....***...***....
.................
.................

Generation = 43, Population = 56.
.................
.....*.....*.....
.....*.....*.....
.....**...**.....
.................
.***..**.**..***.
...*.*.*.*.*.*...
.....**...**.....
.................
.....**...**.....
...*.*.*.*.*.*...
.***..**.**..***.
.................
.....**...**.....
.....*.....*.....
.....*.....*.....
.................

Generation = 44, Population = 72.
.................
.................
....**.....**....
.....**...**.....
..*..*.*.*.*..*..
..***.**.**.***..
...*.*.*.*.*.*...
....***...***....
.................
....***...***....
...*.*.*.*.*.*...
..***.**.**.***..
..*..*.*.*.*..*..
.....**...**.....
....**.....**....
.................
.................

Generation = 45, Population = 48.
.................
.................
....***...***....
.................
..*....*.*....*..
..*....*.*....*..
..*....*.*....*..
....***...***....
.................
....***...***....
..*....*.*....*..
..*....*.*....*..
..*....*.*....*..
.................
....***...***....
.................
.................

Generation = 46, Population = 56.
.................
.....*.....*.....
.....*.....*.....
.....**...**.....
.................
.***..**.**..***.
...*.*.*.*.*.*...
.....**...**.....
.................
.....**...**.....
...*.*.*.*.*.*...
.***..**.**..***.
.................
.....**...**.....
.....*.....*.....
.....*.....*.....
.................

Generation = 47, Population = 72.
.................
.................
....**.....**....
.....**...**.....
..*..*.*.*.*..*..
..***.**.**.***..
...*.*.*.*.*.*...
....***...***....
.................
....***...***....
...*.*.*.*.*.*...
..***.**.**.***..
..*..*.*.*.*..*..
.....**...**.....
....**.....**....
.................
.................

Generation = 48, Population = 48.
.................
.................
....***...***....
.................
..*....*.*....*..
..*....*.*....*..
..*....*.*....*..
....***...***....
.................
....***...***....
..*....*.*....*..
..*....*.*....*..
..*....*.*....*..
.................
....***...***....
.................
.................

Generation = 49, Population = 56.
.................
.....*.....*.....
.....*.....*.....
.....**...**.....
.................
.***..**.**..***.
...*.*.*.*.*.*...
.....**...**.....
.................
.....**...**.....
...*.*.*.*.*.*...
.***..**.**..***.
.................
.....**...**.....
.....*.....*.....
.....*.....*.....
.................

Generation = 50, Population = 72.
.................
.................
....**.....**....
.....**...**.....
..*..*.*.*.*..*..
..***.**.**.***..
...*.*.*.*.*.*...
....***...***....
.................
....***...***....
...*.*.*.*.*.*...
..***.**.**.***..
..*..*.*.*.*..*..
.....**...**.....
....**.....**....
.................
.................

Generation = 51, Population = 48.
.................
.................
....***...***....
.................
..*....*.*....*..
..*....*.*....*..
..*....*.*....*..
....***...***....
.................
....***...***....
..*....*.*....*..
..*....*.*....*..
..*....*.*....*..
.................
....***...***....
.................
.................

Generation = 52, Population = 56.
.................
.....*.....*.....
.....*.....*.....
.....**...**.....
.................
.***..**.**..***.
...*.*.*.*.*.*...
.....**...**.....
.................
.....**...**.....
...*.*.*.*.*.*...
.***..**.**..***.
.................
.....**...**.....
.....*.....*.....
.....*.....*.....
.................

Generation = 53, Population = 72.
.................
.................
....**.....**....
.....**...**.....
..*..*.*.*.*..*..
..***.**.**.***..
...*.*.*.*.*.*...
....***...***....
.................
....***...***....
...*.*.*.*.*.*...
..***.**.**.***..
..*..*.*.*.*..*..
.....**...**.....
....**.....**....
.................
.................

Generation = 54, Population = 48.
.................
.................
....***...***....
.................
..*....*.*....*..
..*....*.*....*..
..*....*.*....*..
....***...***....
.................
....***...***....
..*....*.*....*..
..*....*.*....*..
..*....*.*....*..
.................
....***...***....
.................
.................

Generation = 55, Population = 56.
.................
.....*.....*.....
.....*.....*.....
.....**...**.....
.................
.***..**.**..***.
...*.*.*.*.*.*...
.....**...**.....
.................
.....**...**.....
...*.*.*.*.*.*...
.***..**.**..***.
.................
.....**...**.....
.....*.....*.....
.....*.....*.....
.................

Generation = 56, Population = 72.
.................
.................
....**.....**....
.....**...**.....
..*..*.*.*.*..*..
..***.**.**.***..
...*.*.*.*.*.*...
....***...***....
.................
....***...***....
...*.*.*.*.*.*...
..***.**.**.***..
..*..*.*.*.*..*..
.....**...**.....
....**.....**....
.................
.................

Generation = 57, Population = 48.
.................
.................
....***...***....
.................
..*....*.*....*..
..*....*.*....*..
..*....*.*....*..
....***...***....
.................
....***...***....
..*....*.*....*..
..*....*.*....*..
..*....*.*....*..
.................
....***...***....
.................
.................

Generation = 58, Population = 56.
.................
.....*.....*.....
.....*.....*.....
.....**...**.....
.................
.***..**.**..***.
...*.*.*.*.*.*...
.....**...**.....
.................
.....**...**.....
...*.*.*.*.*.*...
.***..**.**..***.
.................
.....**...**.....
.....*.....*.....
.....*.....*.....
.................

Generation = 59, Population = 72.
.................
.................
....**.....**....
.....**...**.....
..*..*.*.*.*..*..
..***.**.**.***..
...*.*.*.*.*.*...
....***...***....
.................
....***...***....
...*.*.*.*.*.*...
..***.**.**.***..
..*..*.*.*.*..*..
.....**...**.....
....**.....**....
.................
.................

Generation = 60, Population = 48.
.................
.................
....***...***....
.................
..*....*.*....*..
..*....*.*....*..
..*....*.*....*..
....***...***....
.................
....***...***....
..*....*.*....*..
..*....*.*....*..
..*....*.*....*..
.................
....***...***....
.................
.................

Generation = 61, Population = 56.
.................
.....*.....*.....
.....*.....*.....
.....**...**.....
.................
.***..**.**..***.
...*.*.*.*.*.*...
.....**...**.....
.................
.....**...**.....
...*.*.*.*.*.*...
.***..**.**..***.
.................
.....**...**.....
.....*.....*.....
.....*.....*.....
.................

Generation = 62, Population = 72.
.................
.................
....**.....**....
.....**...**.....
..*..*.*.*.*..*..
..***.**.**.***..
...*.*.*.*.*.*...
....***...***....
.................
....***...***....
...*.*.*.*.*.*...
..***.**.**.***..
..*..*.*.*.*..*..
.....**...**.....
....**.....**....
.................
.................

Generation = 63, Population = 48.
.................
.................
....***...***....
.................
..*....*.*....*..
..*....*.*....*..
..*....*.*....*..
....***...***....
.................
....***...***....
..*....*.*....*..
..*....*.*....*..
..*....*.*....*..
.................
....***...***....
.................
.................

Generation = 64, Population = 56.
.................
.....*.....*.....
.....*.....*.....
.....**...**.....
.................
.***..**.**..***.
...*.*.*.*.*.*...
.....**...**.....
.................
.....**...**.....
...*.*.*.*.*.*...
.***..**.**..***.
.................
.....**...**.....
.....*.....*.....
.....*.....*.....
.................

Generation = 65, Population = 72.
.................
.................
....**.....**....
.....**...**.....
..*..*.*.*.*..*..
..***.**.**.***..
...*.*.*.*.*.*...
....***...***....
.................
....***...***....
...*.*.*.*.*.*...
..***.**.**.***..
..*..*.*.*.*..*..
.....**...**.....
....**.....**....
.................
.................

Generation = 66, Population = 48.
.................
.................
....***...***....
.................
..*....*.*....*..
..*....*.*....*..
..*....*.*....*..
....***...***....
.................
....***...***....
..*....*.*....*..
..*....*.*....*..
..*....*.*....*..
.................
....***...***....
.................
.................

Generation = 67, Population = 56.
.................
.....*.....*.....
.....*.....*.....
.....**...**.....
.................
.***..**.**..***.
...*.*.*.*.*.*...
.....**...**.....
.................
.....**...**.....
...*.*.*.*.*.*...
.***..**.**..***.
.................
.....**...**.....
.....*.....*.....
.....*.....*.....
.................

Generation = 68, Population = 72.
.................
.................
....**.....**....
.....**...**.....
..*..*.*.*.*..*..
..***.**.**.***..
...*.*.*.*.*.*...
....***...***....
.................
....***...***....
...*.*.*.*.*.*...
..***.**.**.***..
..*..*.*.*.*..*..
.....**...**.....
....**.....**....
.................
.................

Generation = 69, Population = 48.
.................
.................
....***...***....
.................
..*....*.*....*..
..*....*.*....*..
..*....*.*....*..
....***...***....
.................
....***...***....
..*....*.*....*..
..*....*.*....*..
..*....*.*....*..
.................
....***...***....
.................
.................

Generation = 70, Population = 56.
.................
.....*.....*.....
.....*.....*.....
.....**...**.....
.................
.***..**.**..***.
...*.*.*.*.*.*...
.....**...**.....
.................
.....**...**.....
...*.*.*.*.*.*...
.***..**.**..***.
.................
.....**...**.....
.....*.....*.....
.....*.....*.....
.................

Generation = 71, Population = 72.
.................
.................
....**.....**....
.....**...**.....
..*..*.*.*.*..*..
..***.**.**.***..
...*.*.*.*.*.*...
....***...***....
.................
....***...***....
...*.*.*.*.*.*...
..***.**.**.***..
..*..*.*.*.*..*..
.....**...**.....
....**.....**....
.................
.................

Generation = 72, Population = 48.
.................
.................
....***...***....
.................
..*....*.*....*..
..*....*.*....*..
..*....*.*....*..
....***...***....
.................
....***...***....
..*....*.*....*..
..*....*.*....*..
..*....*.*....*..
.................
....***...***....
.................
.................

Generation = 73, Population = 56.
.................
.....*.....*.....
.....*.....*.....
.....**...**.....
.................
.***..**.**..***.
...*.*.*.*.*.*...
.....**...**.....
.................
.....**...**.....
...*.*.*.*.*.*...
.***..**.**..***.
.................
.....**...**.....
.....*.....*.....
.....*.....*.....
.................

Generation = 74, Population = 72.
.................
.................
....**.....**....
.....**...**.....
..*..*.*.*.*..*..
..***.**.**.***..
...*.*.*.*.*.*...
....***...***....
.................
....***...***....
...*.*.*.*.*.*...
..***.**.**.***..
..*..*.*.*.*..*..
.....**...**.....
....**.....**....
.................
.................

Generation = 75, Population = 48.
.................
.................
....***...***....
.................
..*....*.*....*..
..*....*.*....*..
..*....*.*....*..
....***...***....
.................
....***...***....
..*....*.*....*..
..*....*.*....*..
..*....*.*....*..
.................
....***...***....
.................
.................

Generation = 76, Population = 56.
.................
.....*.....*.....
.....*.....*.....
.....**...**.....
.................
.***..**.**..***.
...*.*.*.*.*.*...
.....**...**.....
.................
.....**...**.....
...*.*.*.*.*.*...
.***..**.**..***.
.................
.....**...**.....
.....*.....*.....
.....*.....*.....
.................

Generation = 77, Population = 72.
.................
.................
....**.....**....
.....**...**.....
..*..*.*.*.*..*..
..***.**.**.***..
...*.*.*.*.*.*...
....***...***....
.................
....***...***....
...*.*.*.*.*.*...
..***.**.**.***..
..*..*.*.*.*..*..
.....**...**.....
....**.....**....
.................
.................

Generation = 78, Population = 48.
.................
.................
....***...***....
.................
..*....*.*....*..
..*....*.*....*..
..*....*.*....*..
....***...***....
.................
....***...***....
..*....*.*....*..
..*....*.*....*..
..*....*.*....*..
.................
....***...***....
.................
.................

Generation = 79, Population = 56.
.................
.....*.....*.....
.....*.....*.....
.....**...**.....
.................
.***..**.**..***.
...*.*.*.*.*.*...
.....**...**.....
.................
.....**...**.....
...*.*.*.*.*.*...
.***..**.**..***.
.................
.....**...**.....
.....*.....*.....
.....*.....*.....
.................

Generation = 80, Population = 72.
.................
.................
....**.....**....
.....**...**.....
..*..*.*.*.*..*..
..***.**.**.***..
...*.*.*.*.*.*...
....***...***....
.................
....***...***....
...*.*.*.*.*.*...
..***.**.**.***..
..*..*.*.*.*..*..
.....**...**.....
....**.....**....
.................
.................

Generation = 81, Population = 48.
.................
.................
....***...***....
.................
..*....*.*....*..
..*....*.*....*..
..*....*.*....*..
....***...***....
.................
....***...***....
..*....*.*....*..
..*....*.*....*..
..*....*.*....*..
.................
....***...***....
.................
.................

Generation = 82, Population = 56.
.................
.....*.....*.....
.....*.....*.....
.....**...**.....
.................
.***..**.**..***.
...*.*.*.*.*.*...
.....**...**.....
.................
.....**...**.....
...*.*.*.*.*.*...
.***..**.**..***.
.................
.....**...**.....
.....*.....*.....
.....*.....*.....
.................

Generation = 83, Population = 72.
.................
.................
....**.....**....
.....**...**.....
..*..*.*.*.*..*..
..***.**.**.***..
...*.*.*.*.*.*...
....***...***....
.................
....***...***....
...*.*.*.*.*.*...
..***.**.**.***..
..*..*.*.*.*..*..
.....**...**.....
....**.....**....
.................
.................

Generation = 84, Population = 48.
.................
.................
....***...***....
.................
..*....*.*....*..
..*....*.*....*..
..*....*.*....*..
....***...***....
.................
....***...***....
..*....*.*....*..
..*....*.*....*..
..*....*.*....*..
.................
....***...***....
.................
.................

Generation = 85, Population = 56.
.................
.....*.....*.....
.....*.....*.....
.....**...**.....
.................
.***..**.**..***.
...*.*.*.*.*.*...
.....**...**.....
.................
.....**...**.....
...*.*.*.*.*.*...
.***..**.**..***.
.................
.....**...**.....
.....*.....*.....
.....*.....*.....
.................

Generation = 86, Population = 72.
.................
.................
....**.....**....
.....**...**.....
..*..*.*.*.*..*..
..***.**.**.***..
...*.*.*.*.*.*...
....***...***....
.................
....***...***....
...*.*.*.*.*.*...
..***.**.**.***..
..*..*.*.*.*..*..
.....**...**.....
....**.....**....
.................
.................

Generation = 87, Population = 48.
.................
.................
....***...***....
.................
..*....*.*....*..
..*....*.*....*..
..*....*.*....*..
....***...***....
.................
....***...***....
..*....*.*....*..
..*....*.*....*..
..*....*.*....*..
.................
....***...***....
.................
.................

Generation = 88, Population = 56.
.................
.....*.....*.....
.....*.....*.....
.....**...**.....
.................
.***..**.**..***.
...*.*.*.*.*.*...
.....**...**.....
.................
.....**...**.....
...*.*.*.*.*.*...
.***..**.**..***.
.................
.....**...**.....
.....*.....*.....
.....*.....*.....
.................

Generation = 89, Population = 72.
.................
.................
....**.....**....
.....**...**.....
..*..*.*.*.*..*..
..***.**.**.***..
...*.*.*.*.*.*...
....***...***....
.................
....***...***....
...*.*.*.*.*.*...
..***.**.**.***..
..*..*.*.*.*..*..
.....**...**.....
....**.....**....
.................
.................

Generation = 90, Population = 48.
.................
.................
....***...***....
.................
..*....*.*....*..
..*....*.*....*..
..*....*.*....*..
....***...***....
.................
....***...***....
..*....*.*....*..
..*....*.*....*..
..*....*.*....*..
.................
....***...***....
.................
.................

Generation = 91, Population = 56.
.................
.....*.....*.....
.....*.....*.....
.....**...**.....
.................
.***..**.**..***.
...*.*.*.*.*.*...
.....**...**.....
.................
.....**...**.....
...*.*.*.*.*.*...
.***..**.**..***.
.................
.....**...**.....
.....*.....*.....
.....*.....*.....
.................

Generation = 92, Population = 72.
.................
.................
....**.....**....
.....**...**.....
..*..*.*.*.*..*..
..***.**.**.***..
...*.*.*.*.*.*...
....***...***....
.................
....***...***....
...*.*.*.*.*.*...
..***.**.**.***..
..*..*.*.*.*..*..
.....**...**.....
....**.....**....
.................
.................

Generation = 93, Population = 48.
.................
.................
....***...***....
.................
..*....*.*....*..
..*....*.*....*..
..*....*.*....*..
....***...***....
.................
....***...***....
..*....*.*....*..
..*....*.*....*..
..*....*.*....*..
.................
....***...***....
.................
.................

Generation = 94, Population = 56.
.................
.....*.....*.....
.....*.....*.....
.....**...**.....
.................
.***..**.**..***.
...*.*.*.*.*.*...
.....**...**.....
.................
.....**...**.....
...*.*.*.*.*.*...
.***..**.**..***.
.................
.....**...**.....
.....*.....*.....
.....*.....*.....
.................

Generation = 95, Population = 72.
.................
.................
....**.....**....
.....**...**.....
..*..*.*.*.*..*..
..***.**.**.***..
...*.*.*.*.*.*...
....***...***....
.................
....***...***....
...*.*.*.*.*.*...
..***.**.**.***..
..*..*.*.*.*..*..
.....**...**.....
....**.....**....
.................
.................

Generation = 96, Population = 48.
.................
.................
....***...***....
.................
..*....*.*....*..
..*....*.*....*..
..*....*.*....*..
....***...***....
.................
....***...***....
..*....*.*....*..
..*....*.*....*..
..*....*.*....*..
.................
....***...***....
.................
.................

Generation = 97, Population = 56.
.................
.....*.....*.....
.....*.....*.....
.....**...**.....
.................
.***..**.**..***.
...*.*.*.*.*.*...
.....**...**.....
.................
.....**...**.....
...*.*.*.*.*.*...
.***..**.**..***.
.................
.....**...**.....
.....*.....*.....
.....*.....*.....
.................

Generation = 98, Population = 72.
.................
.................
....**.....**....
.....**...**.....
..*..*.*.*.*..*..
..***.**.**.***..
...*.*.*.*.*.*...
....***...***....
.................
....***...***....
...*.*.*.*.*.*...
..***.**.**.***..
..*..*.*.*.*..*..
.....**...**.....
....**.....**....
.................
.................

Generation = 99, Population = 48.
.................
.................
....***...***....
.................
..*....*.*....*..
..*....*.*....*..
..*....*.*....*..
....***...***....
.................
....***...***....
..*....*.*....*..
..*....*.*....*..
..*....*.*....*..
.................
....***...***....
.................
.................

Generation = 100, Population = 56.
.................
.....*.....*.....
.....*.....*.....
.....**...**.....
.................
.***..**.**..***.
...*.*.*.*.*.*...
.....**...**.....
.................
.....**...**.....
...*.*.*.*.*.*...
.***..**.**..***.
.................
.....**...**.....
.....*.....*.....
.....*.....*.....
.................

