==15496== Memcheck, a memory error detector
==15496== Copyright (C) 2002-2011, and GNU GPL'd, by Julian Seward et al.
==15496== Using Valgrind-3.7.0 and LibVEX; rerun with -h for copyright info
==15496== Command: ./RunLife.c++.app
==15496== 
*** Life<ConwayCell> 109x69 ***
Generation = 0  Population = 35
.....................................................................
.....................................................................
.....................................................................
.....................................................................
.....................................................................
.....................................................................
.....................................................................
.....................................................................
.....................................................................
.....................................................................
.....................................................................
.....................................................................
.....................................................................
.....................................................................
.....................................................................
.....................................................................
.....................................................................
.....................................................................
.....................................................................
.....................................................................
.....................................................................
.....................................................................
.....................................................................
.....................................................................
.....................................................................
.....................................................................
.....................................................................
.....................................................................
.....................................................................
.....................................................................
.....................................................................
.....................................................................
.....................................................................
.....................................................................
..................................*..................................
..................................*..................................
..................................*..................................
..................................*..................................
..................................*..................................
.....................................................................
..................................*..................................
..................................*..................................
..................................*..................................
..................................*..................................
..................................*..................................
.....................................................................
..................................*..................................
..................................*..................................
..................................*..................................
..................................*..................................
..................................*..................................
.....................................................................
..................................*..................................
..................................*..................................
..................................*..................................
..................................*..................................
..................................*..................................
.....................................................................
..................................*..................................
..................................*..................................
..................................*..................................
..................................*..................................
..................................*..................................
.....................................................................
..................................*..................................
..................................*..................................
..................................*..................................
..................................*..................................
..................................*..................................
.....................................................................
..................................*..................................
..................................*..................................
..................................*..................................
..................................*..................................
..................................*..................................
.....................................................................
.....................................................................
.....................................................................
.....................................................................
.....................................................................
.....................................................................
.....................................................................
.....................................................................
.....................................................................
.....................................................................
.....................................................................
.....................................................................
.....................................................................
.....................................................................
.....................................................................
.....................................................................
.....................................................................
.....................................................................
.....................................................................
.....................................................................
.....................................................................
.....................................................................
.....................................................................
.....................................................................
.....................................................................
.....................................................................
.....................................................................
.....................................................................
.....................................................................
.....................................................................
.....................................................................
.....................................................................
.....................................................................
.....................................................................



Generation = 283  Population = 492
.....................................................................
.....................................................................
.....................................................................
.....................................................................
....................**.........................**....................
....................**.*.**...............**.*.**....................
....................*..*.*.*.............*.*.*..*....................
.....................*...*.*.............*.*...*.....................
.....................*.**.*...............*.**.*.....................
.......................*.....................*.......................
...................*.**.......................**.*...................
.....................................................................
...................**...........................**...................
.....................................................................
.....................................................................
.....................................................................
.....................................................................
.....................................................................
.....................................................................
.....................................................................
.........*..............***...............***..............*.........
........***...*..........*.................*..........*...***........
.......*..***..*.**...............................**.*..***..*.......
......**...**......*.............................*......**...**......
.....**.*.***.......*......*..*.......*..*......*.......***.*.**.....
.....***.**....***.**......*..*.......*..*......**.***....**.***.....
........*.*....*.....****.*....*.....*....*.****.....*....*.*........
................*****.**..**...*.....*...**..**.*****................
.....**......**.*..**...**....*.......*....**...**..*.**......**.....
....*.......****........**...*.........*...**........****.......*....
....*.*.....**.........................................**.....*.*....
....*.*.......................................................*.*....
...**...........................................................**...
....*.*.......................................................*.*....
.....*.........................................................*.....
............................*...........*............................
...........................*.*.........*.*...........................
...........................*.*.........*.*...........................
............................*...........*............................
.....................................................................
.....................................................................
.....................................................................
.....................................................................
.....................................................................
.....................................................................
.....................................................................
.....................................................................
.....................................................................
.....................................................................
.....................................................................
.....................................................................
.....................................................................
.....................................................................
.....................................................................
.......................***...***.....***...***.......................
.....................................................................
.....................................................................
.....................................................................
.....................................................................
.....................................................................
.....................................................................
.....................................................................
.....................................................................
.....................................................................
.....................................................................
.....................................................................
.....................................................................
.....................................................................
.....................................................................
.....................................................................
............................*...........*............................
...........................*.*.........*.*...........................
...........................*.*.........*.*...........................
............................*...........*............................
.....*.........................................................*.....
....*.*.......................................................*.*....
...**...........................................................**...
....*.*.......................................................*.*....
....*.*.....**.........................................**.....*.*....
....*.......****........**...*.........*...**........****.......*....
.....**......**.*..**...**....*.......*....**...**..*.**......**.....
................*****.**..**...*.....*...**..**.*****................
........*.*....*.....****.*....*.....*....*.****.....*....*.*........
.....***.**....***.**......*..*.......*..*......**.***....**.***.....
.....**.*.***.......*......*..*.......*..*......*.......***.*.**.....
......**...**......*.............................*......**...**......
.......*..***..*.**...............................**.*..***..*.......
........***...*..........*.................*..........*...***........
.........*..............***...............***..............*.........
.....................................................................
.....................................................................
.....................................................................
.....................................................................
.....................................................................
.....................................................................
.....................................................................
...................**...........................**...................
.....................................................................
...................*.**.......................**.*...................
.......................*.....................*.......................
.....................*.**.*...............*.**.*.....................
.....................*...*.*.............*.*...*.....................
....................*..*.*.*.............*.*.*..*....................
....................**.*.**...............**.*.**....................
....................**.........................**....................
.....................................................................
.....................................................................
.....................................................................
.....................................................................



Generation = 323  Population = 192
.....................................................................
.....................................................................
.....................................................................
....................**.........................**....................
....................**...*.................*...**....................
........................*.*...............*.*........................
........................*..*.............*..*........................
.........................**...............**.........................
.....................................................................
.....................................................................
.....................................................................
.....................................................................
.....................................................................
.....................................................................
.........*.................................................*.........
........*.*...............................................*.*........
........*..*.............................................*..*........
.........**...............................................**.........
.....................................................................
.....................................................................
.............*.........................................*.............
............*.*.......................................*.*............
............*.*.......................................*.*............
.............*.........................................*.............
............................***.......***............................
.....................................................................
..........................*.....*...*.....*..........................
..........................*.....*...*.....*..........................
..........................*.....*...*.....*..........................
.....*.........................................................*.....
.....*......................***.......***......................*.....
.....*.........................................................*.....
.....................................................................
.....................................................................
.....................................................................
............................*...........*............................
...........................*.*.........*.*...........................
...........................*.*.........*.*...........................
............................*...........*............................
.....................................................................
.....................................................................
.....................................................................
.....................................................................
.....................................................................
.....................................................................
.....................................................................
.....................................................................
.....................................................................
.....................................................................
.....................................................................
.....................................................................
.....................................................................
.....................................................................
.....................................................................
.......................***...***.....***...***.......................
.....................................................................
.....................................................................
.....................................................................
.....................................................................
.....................................................................
.....................................................................
.....................................................................
.....................................................................
.....................................................................
.....................................................................
.....................................................................
.....................................................................
.....................................................................
.....................................................................
.....................................................................
............................*...........*............................
...........................*.*.........*.*...........................
...........................*.*.........*.*...........................
............................*...........*............................
.....................................................................
.....................................................................
.....................................................................
.....*.........................................................*.....
.....*......................***.......***......................*.....
.....*.........................................................*.....
..........................*.....*...*.....*..........................
..........................*.....*...*.....*..........................
..........................*.....*...*.....*..........................
.....................................................................
............................***.......***............................
.............*.........................................*.............
............*.*.......................................*.*............
............*.*.......................................*.*............
.............*.........................................*.............
.....................................................................
.....................................................................
.........**...............................................**.........
........*..*.............................................*..*........
........*.*...............................................*.*........
.........*.................................................*.........
.....................................................................
.....................................................................
.....................................................................
.....................................................................
.....................................................................
.....................................................................
.........................**...............**.........................
........................*..*.............*..*........................
........................*.*...............*.*........................
....................**...*.................*...**....................
....................**.........................**....................
.....................................................................
.....................................................................
.....................................................................



Generation = 2823  Population = 192
.....................................................................
.....................................................................
.....................................................................
....................**.........................**....................
....................**...*.................*...**....................
........................*.*...............*.*........................
........................*..*.............*..*........................
.........................**...............**.........................
.....................................................................
.....................................................................
.....................................................................
.....................................................................
.....................................................................
.....................................................................
.........*.................................................*.........
........*.*...............................................*.*........
........*..*.............................................*..*........
.........**...............................................**.........
.....................................................................
.....................................................................
.............*.........................................*.............
............*.*.......................................*.*............
............*.*.......................................*.*............
.............*.........................................*.............
............................***.......***............................
.....................................................................
..........................*.....*...*.....*..........................
..........................*.....*...*.....*..........................
..........................*.....*...*.....*..........................
.....*.........................................................*.....
.....*......................***.......***......................*.....
.....*.........................................................*.....
.....................................................................
.....................................................................
.....................................................................
............................*...........*............................
...........................*.*.........*.*...........................
...........................*.*.........*.*...........................
............................*...........*............................
.....................................................................
.....................................................................
.....................................................................
.....................................................................
.....................................................................
.....................................................................
.....................................................................
.....................................................................
.....................................................................
.....................................................................
.....................................................................
.....................................................................
.....................................................................
.....................................................................
.....................................................................
.......................***...***.....***...***.......................
.....................................................................
.....................................................................
.....................................................................
.....................................................................
.....................................................................
.....................................................................
.....................................................................
.....................................................................
.....................................................................
.....................................................................
.....................................................................
.....................................................................
.....................................................................
.....................................................................
.....................................................................
............................*...........*............................
...........................*.*.........*.*...........................
...........................*.*.........*.*...........................
............................*...........*............................
.....................................................................
.....................................................................
.....................................................................
.....*.........................................................*.....
.....*......................***.......***......................*.....
.....*.........................................................*.....
..........................*.....*...*.....*..........................
..........................*.....*...*.....*..........................
..........................*.....*...*.....*..........................
.....................................................................
............................***.......***............................
.............*.........................................*.............
............*.*.......................................*.*............
............*.*.......................................*.*............
.............*.........................................*.............
.....................................................................
.....................................................................
.........**...............................................**.........
........*..*.............................................*..*........
........*.*...............................................*.*........
.........*.................................................*.........
.....................................................................
.....................................................................
.....................................................................
.....................................................................
.....................................................................
.....................................................................
.........................**...............**.........................
........................*..*.............*..*........................
........................*.*...............*.*........................
....................**...*.................*...**....................
....................**.........................**....................
.....................................................................
.....................................................................
.....................................................................



*** Life<FredkinCell> 20x20 ***
Generation = 0  Population = 4
--------------------
--------------------
--------------------
--------------------
--------------------
--------------------
--------------------
--------------------
--------------------
---------00---------
---------00---------
--------------------
--------------------
--------------------
--------------------
--------------------
--------------------
--------------------
--------------------
--------------------



Generation = 1  Population = 8
--------------------
--------------------
--------------------
--------------------
--------------------
--------------------
--------------------
--------------------
---------00---------
--------0--0--------
--------0--0--------
---------00---------
--------------------
--------------------
--------------------
--------------------
--------------------
--------------------
--------------------
--------------------



Generation = 2  Population = 16
--------------------
--------------------
--------------------
--------------------
--------------------
--------------------
--------------------
---------00---------
---------11---------
-------01--10-------
-------01--10-------
---------11---------
---------00---------
--------------------
--------------------
--------------------
--------------------
--------------------
--------------------
--------------------



*** Life<Cell> 20x20 ***
Generation = 0  Population = 6
--------------------
--------------------
--------------------
--------------------
--------------------
--------------------
--------------------
--------------------
--------------------
---------00---------
--------0000--------
--------------------
--------------------
--------------------
--------------------
--------------------
--------------------
--------------------
--------------------
--------------------



Generation = 1  Population = 12
--------------------
--------------------
--------------------
--------------------
--------------------
--------------------
--------------------
--------------------
---------00---------
--------------------
-------011110-------
--------0000--------
--------------------
--------------------
--------------------
--------------------
--------------------
--------------------
--------------------
--------------------



Generation = 2  Population = 24
--------------------
--------------------
--------------------
--------------------
--------------------
--------------------
--------------------
---------00---------
--------0110--------
-------00--00-------
------01****10------
---------11---------
--------0000--------
--------------------
--------------------
--------------------
--------------------
--------------------
--------------------
--------------------



Generation = 3  Population = 32
--------------------
--------------------
--------------------
--------------------
--------------------
--------------------
---------00---------
--------------------
---------**---------
--------1001--------
-----01*....*10-----
------000**000------
-------011110-------
--------0000--------
--------------------
--------------------
--------------------
--------------------
--------------------
--------------------



Generation = 4  Population = 28
--------------------
--------------------
--------------------
--------------------
--------------------
---------00---------
--------0110--------
--------------------
---------..---------
-----00-*11*-00-----
----01*......*10----
--------1..1--------
--------------------
---------11---------
--------0000--------
--------------------
--------------------
--------------------
--------------------
--------------------



Generation = 5  Population = 52
--------------------
--------------------
--------------------
--------------------
---------00---------
--------------------
-------01**10-------
--------0000--------
-----00-0**0-00-----
--------.--.--------
---01**.*..*.**10---
----0000-..-0000----
--------1111--------
--------------------
-------011110-------
--------0000--------
--------------------
--------------------
--------------------
--------------------



*** Life<ConwayCell> 10x10 ***
Generation = 0  Population = 22
..........
....**....
...*..*...
..*.**.*..
.*..**..*.
**********
..........
..........
..........
..........



Generation = 1  Population = 24
..........
....**....
...*..*...
..*....*..
*........*
****..****
.********.
..........
..........
..........



Generation = 2  Population = 22
..........
....**....
...****...
..........
*..*..*..*
*........*
*...**...*
..******..
..........
..........



Generation = 3  Population = 20
..........
...*..*...
...*..*...
...*..*...
..........
**..**..**
.*......*.
...*..*...
...****...
..........



Generation = 4  Population = 30
..........
..........
..******..
..........
....**....
**......**
***.**.***
..**..**..
...****...
....**....



Generation = 5  Population = 22
..........
...****...
...****...
..........
..........
*.**..**.*
*...**...*
..........
..*....*..
...*..*...



*** Life<ConwayCell> 20x20 ***
Generation = 0  Population = 34
....................
....................
....................
....................
....**........**....
..**..**....**..**..
.........**.........
........*..*........
....................
....................
...**..........**...
....**........**....
.....**********.....
....................
....................
....................
....................
....................
....................
....................



Generation = 1  Population = 58
....................
....................
....................
....................
...****......****...
...****......****...
.......******.......
.........**.........
....................
....................
...***........***...
...*...******...*...
....************....
......********......
....................
....................
....................
....................
....................
....................



Generation = 2  Population = 46
....................
....................
....................
....**........**....
...*..*......*..*...
...*....****....*...
....*****..*****....
....................
....................
....*..........*....
...**...****...**...
...*............*...
....**........**....
....................
.......******.......
....................
....................
....................
....................
....................



Generation = 3  Population = 64
....................
....................
....................
....**........**....
...*.*...**...*.*...
...*....****....*...
....*****..*****....
.....***....***.....
....................
...**....**....**...
...**....**....**...
...*.*...**...*.*...
....*..........*....
........****........
........****........
........****........
....................
....................
....................
....................



Generation = 4  Population = 54
....................
....................
....................
....**........**....
...*.*..*..*..*.*...
...*............*...
....*..........*....
....*...*..*...*....
....***......***....
...**....**....**...
..*..*..*..*..*..*..
...*.*...**...*.*...
....*...*..*...*....
........*..*........
.......*....*.......
........*..*........
.........**.........
....................
....................
....................



*** Life<FredkinCell> 10x10 ***
Generation = 0  Population = 10
0000000000
----------
----------
----------
----------
----------
----------
----------
----------
----------



Generation = 1  Population = 12
1--------1
0000000000
----------
----------
----------
----------
----------
----------
----------
----------



Generation = 2  Population = 18
2-000000-2
----------
0000000000
----------
----------
----------
----------
----------
----------
----------



Generation = 3  Population = 16
--1----1--
-0------0-
1--------1
0000000000
----------
----------
----------
----------
----------
----------



Generation = 4  Population = 22
---0--0---
----------
2000000002
----------
0000000000
----------
----------
----------
----------
----------



Generation = 5  Population = 26
--1-00-1--
000-00-000
3--------3
----------
1--------1
0000000000
----------
----------
----------
----------



*** Life<FredkinCell> 20x20 ***
Generation = 0  Population = 34
--------------------
--------------------
--------------------
--------------------
----00--------00----
--00--00----00--00--
---------00---------
--------0--0--------
--------------------
--------------------
---00----------00---
----00--------00----
-----0000000000-----
--------------------
--------------------
--------------------
--------------------
--------------------
--------------------
--------------------



Generation = 1  Population = 64
--------------------
--------------------
--------------------
----00--------00----
--0-11-0----0-11-0--
-011--11000011--110-
--00--00-11-00--00--
-------0----0-------
--------0--0--------
---00----------00---
--01------------10--
-------000000-------
--------------------
-----0000000000-----
--------------------
--------------------
--------------------
--------------------
--------------------
--------------------



Generation = 2  Population = 92
--------------------
--------------------
----00--------00----
--00--00----00--00--
--10--01-00-10--01--
01-------11-------10
----00-10--01-00----
--00---1-00-1---00--
---00----00----00---
----10--0--0--01----
-01----000000----10-
--00--01----10--00--
-----00------00-----
----01--------10----
-----0000000000-----
--------------------
--------------------
--------------------
--------------------
--------------------



Generation = 3  Population = 122
--------------------
----00--------00----
--0-11-0----0-11-0--
-0------0000------0-
0---11--------11---0
12-1001------1001-21
000-11--1111--11-000
-01-00020--02000-10-
-------0----0-------
-00--10-1001-01--00-
01--00--1--1--00--10
---10----00----01---
--00------------00--
---01200000000210---
--------------------
-----0000000000-----
--------------------
--------------------
--------------------
--------------------



Generation = 4  Population = 116
----00--------00----
--00--00----00--00--
---------00---------
--------1--1--------
10------0000------01
2-12--21011012--21-2
---0220------0220---
-----1-3----3-1-----
----0-01000010-0----
--10--10----01--01--
1------020020------1
00-------11-------00
-01100000--00000110-
--------------------
---00----------00---
----01--------10----
-----0000000000-----
--------------------
--------------------
--------------------



Generation = 5  Population = 152
--0-11-0----0-11-0--
-011--11000011--110-
--00--00-11-00--00--
00-----020020-----00
-1-0--0-1111-0--0-1-
322-----1221-----223
0----3-111111-3----0
---002-4-00-4-200---
--0--0--------0--0--
0021-1-11--11-1-1200
2-11-----11-----11-2
---1000-0--0-0001---
--------1--1--------
-00--2000--0002--00-
--01------------10--
-------000000-------
--------------------
-----0000000000-----
--------------------
--------------------



*** Life<CellCell> 10x10 ***
Generation = 0  Population = 10
0---------
-0--------
--0-------
---0------
----0-----
-----0----
------0---
-------0--
--------0-
---------0



Generation = 1  Population = 0
----------
----------
----------
----------
----------
----------
----------
----------
----------
----------



Generation = 2  Population = 0
----------
----------
----------
----------
----------
----------
----------
----------
----------
----------



*** Life<CellCell> 20x20 ***
Generation = 0  Population = 26
--------------------
--------------------
--------------------
--------------------
--------------------
-----00------00-----
----0---0--0---0----
---0-----00-----0---
---0------------0---
----0----------0----
-----0--------0-----
------0------0------
-------0----0-------
--------0--0--------
---------00---------
--------------------
--------------------
--------------------
--------------------
--------------------



Generation = 1  Population = 32
--------------------
--------------------
--------------------
--------------------
-----00------00-----
-----1100--0011-----
------00----00------
--01-----11-----10--
--01-----00-----10--
--------------------
--------------------
--------------------
--------------------
--------------------
---------11---------
---------00---------
--------------------
--------------------
--------------------
--------------------



Generation = 2  Population = 52
--------------------
--------------------
--------------------
-----00------00-----
----0---0--0---0----
----0--110011--0----
--00-----00-----00--
-0--0-000--000-0--0-
-0--0---0--0---0--0-
--00-----00-----00--
--------------------
--------------------
--------------------
---------00---------
--------0--0--------
--------0--0--------
---------00---------
--------------------
--------------------
--------------------



Generation = 3  Population = 92
--------------------
--------------------
-----00------00-----
-----1100--0011-----
---01-0-1--1-0-10---
--0-111**11**111-0--
--110-0-0--0-0-011--
01--1-1------1-1--10
01--100-1--1-001--10
--11-----11-----11--
--00-----00-----00--
--------------------
---------00---------
---------11---------
-------01--10-------
-------01--10-------
---------11---------
---------00---------
--------------------
--------------------



Generation = 4  Population = 64
--------------------
-----00------00-----
----0---0--0---0----
---0-----00-----0---
---1------------1---
-01-*--..--..--*-10-
0---10-01--10-01---0
-----0-0----0-0-----
--------------------
0----00------00----0
-0--0---0--0---0--0-
--00------------00--
--------0--0--------
-------0----0-------
------0------0------
------0------0------
-------0----0-------
--------0--0--------
---------00---------
--------------------



Generation = 5  Population = 92
-----00------00-----
-----1100--0011-----
------00----00------
--01-----11-----10--
-0-*-----00-----*-0-
-1*0*--..--..--*0*1-
--11----*00*----11--
0----1-1----1-1----0
0-----00----00-----0
-----1100--0011-----
------00-00-00------
--11------------11--
--00-----00-----00--
--------------------
-----01------10-----
-----01------10-----
--------------------
--------------------
---------11---------
---------00---------



Generation = 6  Population = 132
----0---0--0---0----
----0--110011--0----
--00-----00-----00--
--1-0-100--001-0-1--
01-.----1--1----.-10
0-.-*1-.*--*.-1*-.-0
0----0--*--*--0----0
11011-1*-11-*1-11011
11---0-1----1-0---11
0---0*--1--1--*0---0
--00----0110----00--
-0--0-00----00-0--0-
-0--0---0110---0--0-
--00-00--11--00-00--
----0--0----0--0----
----0--0----0--0----
-----00------00-----
---------00---------
--------0--0--------
--------0--0--------



Generation = 7  Population = 194
---010--1--1--010---
--0-111**11**111-0--
-0-10-0-0--0-0-01-0-
0-*1--*------*--1*-0
-*-*-00--00--00-*-*-
--.0*-1**11**1-*0.--
--1111--*--*--1111--
**--*-**0**0**-*--**
*--1110*-00-*0111--*
1-1-1*1-*--*-1*1-1-1
0-11000------00011-0
01--1-110--011-1--10
01--1---1**1---1--10
--11-11------11-11--
--0-1--111111--1-0--
---01--11--11--10---
-----11--11--11-----
-----00--11--00-----
-------01--10-------
-------010010-------



Generation = 8  Population = 128
---1*---*--*---*1---
----***..--..***----
-----0-01--10-0-----
--.*--*001100*--*.--
-*0.111------111.0*-
-1.1.--..**..--.1.1-
0-**-*00.00.00*-**-0
**-1.-..1..1..-.1-**
*--*-*-.----.-*-*--*
--*-*.*0*--*0*.*-*--
-0---11------11---0-
1----0--------0----1
----*----**----*----
0--*-**------**-*--0
-01-*---*--*---*-10-
---1-----00-----1---
---0------------0---
----0----------0----
-----0---11---0-----
------0-*--*-0------



*** Life<ConwayCell> 20x20 ***
Generation = 0  Population = 26
....................
....................
....................
....................
....................
.....**......**.....
....*...*..*...*....
...*.....**.....*...
...*............*...
....*..........*....
.....*........*.....
......*......*......
.......*....*.......
........*..*........
.........**.........
....................
....................
....................
....................
....................



Generation = 1  Population = 32
....................
....................
....................
....................
....................
.....*........*.....
....**...**...**....
...**....**....**...
...**..........**...
....*..........*....
.....*........*.....
......*......*......
.......*....*.......
........****........
.........**.........
....................
....................
....................
....................
....................



Generation = 2  Population = 34
....................
....................
....................
....................
....................
....**........**....
...*.*...**...*.*...
.........**.........
.....*........*.....
...***........***...
.....*........*.....
......*......*......
.......******.......
........*..*........
........*..*........
....................
....................
....................
....................
....................



Generation = 3  Population = 36
....................
....................
....................
....................
....................
....**........**....
.....*...**...*.....
....*....**....*....
.....*........*.....
.....**......**.....
.....**......**.....
......********......
.......******.......
....................
....................
....................
....................
....................
....................
....................



Generation = 4  Population = 34
....................
....................
....................
....................
....................
....**........**....
.....*...**...*.....
....**...**...**....
....***......***....
....*..........*....
........****........
.....*........*.....
......*......*......
........****........
....................
....................
....................
....................
....................
....................



==15496== 
==15496== HEAP SUMMARY:
==15496==     in use at exit: 122,880 bytes in 6 blocks
==15496==   total heap usage: 10,825 allocs, 10,819 frees, 366,597 bytes allocated
==15496== 
==15496== LEAK SUMMARY:
==15496==    definitely lost: 0 bytes in 0 blocks
==15496==    indirectly lost: 0 bytes in 0 blocks
==15496==      possibly lost: 0 bytes in 0 blocks
==15496==    still reachable: 122,880 bytes in 6 blocks
==15496==         suppressed: 0 bytes in 0 blocks
==15496== Rerun with --leak-check=full to see details of leaked memory
==15496== 
==15496== For counts of detected and suppressed errors, rerun with: -v
==15496== ERROR SUMMARY: 0 errors from 0 contexts (suppressed: 0 from 0)
