
Generation: 0 Population: 2100
....................................................................................................
....................................................................................................
....................................................................................................
...**........**........**........**........**........**........**........**........**........**.....
....*...*.....*...*.....*...*.....*...*.....*...*.....*...*.....*...*.....*...*.....*...*.....*...*.
....*.*.*.....*.*.*.....*.*.*.....*.*.*.....*.*.*.....*.*.*.....*.*.*.....*.*.*.....*.*.*.....*.*.*.
....*...*.....*...*.....*...*.....*...*.....*...*.....*...*.....*...*.....*...*.....*...*.....*...*.
...**........**........**........**........**........**........**........**........**........**.....
....................................................................................................
****************************************************************************************************
....................................................................................................
....................................................................................................
....................................................................................................
...**........**........**........**........**........**........**........**........**........**.....
....*...*.....*...*.....*...*.....*...*.....*...*.....*...*.....*...*.....*...*.....*...*.....*...*.
....*.*.*.....*.*.*.....*.*.*.....*.*.*.....*.*.*.....*.*.*.....*.*.*.....*.*.*.....*.*.*.....*.*.*.
....*...*.....*...*.....*...*.....*...*.....*...*.....*...*.....*...*.....*...*.....*...*.....*...*.
...**........**........**........**........**........**........**........**........**........**.....
....................................................................................................
****************************************************************************************************
....................................................................................................
....................................................................................................
....................................................................................................
...**........**........**........**........**........**........**........**........**........**.....
....*...*.....*...*.....*...*.....*...*.....*...*.....*...*.....*...*.....*...*.....*...*.....*...*.
....*.*.*.....*.*.*.....*.*.*.....*.*.*.....*.*.*.....*.*.*.....*.*.*.....*.*.*.....*.*.*.....*.*.*.
....*...*.....*...*.....*...*.....*...*.....*...*.....*...*.....*...*.....*...*.....*...*.....*...*.
...**........**........**........**........**........**........**........**........**........**.....
....................................................................................................
****************************************************************************************************
....................................................................................................
....................................................................................................
....................................................................................................
...**........**........**........**........**........**........**........**........**........**.....
....*...*.....*...*.....*...*.....*...*.....*...*.....*...*.....*...*.....*...*.....*...*.....*...*.
....*.*.*.....*.*.*.....*.*.*.....*.*.*.....*.*.*.....*.*.*.....*.*.*.....*.*.*.....*.*.*.....*.*.*.
....*...*.....*...*.....*...*.....*...*.....*...*.....*...*.....*...*.....*...*.....*...*.....*...*.
...**........**........**........**........**........**........**........**........**........**.....
....................................................................................................
****************************************************************************************************
....................................................................................................
....................................................................................................
....................................................................................................
...**........**........**........**........**........**........**........**........**........**.....
....*...*.....*...*.....*...*.....*...*.....*...*.....*...*.....*...*.....*...*.....*...*.....*...*.
....*.*.*.....*.*.*.....*.*.*.....*.*.*.....*.*.*.....*.*.*.....*.*.*.....*.*.*.....*.*.*.....*.*.*.
....*...*.....*...*.....*...*.....*...*.....*...*.....*...*.....*...*.....*...*.....*...*.....*...*.
...**........**........**........**........**........**........**........**........**........**.....
....................................................................................................
****************************************************************************************************
....................................................................................................
....................................................................................................
....................................................................................................
...**........**........**........**........**........**........**........**........**........**.....
....*...*.....*...*.....*...*.....*...*.....*...*.....*...*.....*...*.....*...*.....*...*.....*...*.
....*.*.*.....*.*.*.....*.*.*.....*.*.*.....*.*.*.....*.*.*.....*.*.*.....*.*.*.....*.*.*.....*.*.*.
....*...*.....*...*.....*...*.....*...*.....*...*.....*...*.....*...*.....*...*.....*...*.....*...*.
...**........**........**........**........**........**........**........**........**........**.....
....................................................................................................
****************************************************************************************************
....................................................................................................
....................................................................................................
....................................................................................................
...**........**........**........**........**........**........**........**........**........**.....
....*...*.....*...*.....*...*.....*...*.....*...*.....*...*.....*...*.....*...*.....*...*.....*...*.
....*.*.*.....*.*.*.....*.*.*.....*.*.*.....*.*.*.....*.*.*.....*.*.*.....*.*.*.....*.*.*.....*.*.*.
....*...*.....*...*.....*...*.....*...*.....*...*.....*...*.....*...*.....*...*.....*...*.....*...*.
...**........**........**........**........**........**........**........**........**........**.....
....................................................................................................
****************************************************************************************************
....................................................................................................
....................................................................................................
....................................................................................................
...**........**........**........**........**........**........**........**........**........**.....
....*...*.....*...*.....*...*.....*...*.....*...*.....*...*.....*...*.....*...*.....*...*.....*...*.
....*.*.*.....*.*.*.....*.*.*.....*.*.*.....*.*.*.....*.*.*.....*.*.*.....*.*.*.....*.*.*.....*.*.*.
....*...*.....*...*.....*...*.....*...*.....*...*.....*...*.....*...*.....*...*.....*...*.....*...*.
...**........**........**........**........**........**........**........**........**........**.....
....................................................................................................
****************************************************************************************************
....................................................................................................
....................................................................................................
....................................................................................................
...**........**........**........**........**........**........**........**........**........**.....
....*...*.....*...*.....*...*.....*...*.....*...*.....*...*.....*...*.....*...*.....*...*.....*...*.
....*.*.*.....*.*.*.....*.*.*.....*.*.*.....*.*.*.....*.*.*.....*.*.*.....*.*.*.....*.*.*.....*.*.*.
....*...*.....*...*.....*...*.....*...*.....*...*.....*...*.....*...*.....*...*.....*...*.....*...*.
...**........**........**........**........**........**........**........**........**........**.....
....................................................................................................
****************************************************************************************************
....................................................................................................
....................................................................................................
....................................................................................................
...**........**........**........**........**........**........**........**........**........**.....
....*...*.....*...*.....*...*.....*...*.....*...*.....*...*.....*...*.....*...*.....*...*.....*...*.
....*.*.*.....*.*.*.....*.*.*.....*.*.*.....*.*.*.....*.*.*.....*.*.*.....*.*.*.....*.*.*.....*.*.*.
....*...*.....*...*.....*...*.....*...*.....*...*.....*...*.....*...*.....*...*.....*...*.....*...*.
...**........**........**........**........**........**........**........**........**........**.....
....................................................................................................
****************************************************************************************************


Generation: 10 Population: 1464
....................................................................................................
.....***.......***.......***.......***.......***.......***.......***.......***.......***........*...
.....***.......***.......***.......***.......***.......***.......***.......***.......***.......*.*..
......*.........*.........*.........*.........*.........*.........*.........*.........*........*.*..
................................................................................................**..
.....**.............................................................................................
....*.**...**........**........**........**........**........**........**........**..........*..**..
...**.*..**.*......**.*......**.*......**.*......**.*......**.*......**.*......**.*......**..**.*...
....**...**........**........**........**........**........**........**........**........*.....*....
**.......**........**........**........**........**........**........**........**........**.***.....
**.........................................................................................**.......
...............................................................................................****.
.............................................................................................*.....*
..............*.........*.........*.........*.........*.........*.........*.........*.......*.....*.
...***......*..*......*..*......*..*......*..*......*..*......*..*......*..*......*..*......*.......
..*...*....*...*.....*...*.....*...*.....*...*.....*...*.....*...*.....*...*.....*...*.....*....*...
.*.....*......*.........*.........*.........*.........*.........*.........*.........*.....***..***..
..*...*..**.**.....**.**.....**.**.....**.**.....**.**.....**.**.....**.**.....**.**.....**.....*...
.*****...**........**........**........**........**........**........**........**........**.*..*....
**.......**........**........**........**........**........**........**........**........**....*....
**.........................................................................................**.......
...............................................................................................****.
.............................................................................................*.....*
..............*.........*.........*.........*.........*.........*.........*.........*.......*.....*.
...***......*..*......*..*......*..*......*..*......*..*......*..*......*..*......*..*......*.......
..*...*....*...*.....*...*.....*...*.....*...*.....*...*.....*...*.....*...*.....*...*.....*....*...
.*.....*......*.........*.........*.........*.........*.........*.........*.........*.....***..***..
..*...*..**.**.....**.**.....**.**.....**.**.....**.**.....**.**.....**.**.....**.**.....**.....*...
.*****...**........**........**........**........**........**........**........**........**.*..*....
**.......**........**........**........**........**........**........**........**........**....*....
**.........................................................................................**.......
...............................................................................................****.
.............................................................................................*.....*
..............*.........*.........*.........*.........*.........*.........*.........*.......*.....*.
...***......*..*......*..*......*..*......*..*......*..*......*..*......*..*......*..*......*.......
..*...*....*...*.....*...*.....*...*.....*...*.....*...*.....*...*.....*...*.....*...*.....*....*...
.*.....*......*.........*.........*.........*.........*.........*.........*.........*.....***..***..
..*...*..**.**.....**.**.....**.**.....**.**.....**.**.....**.**.....**.**.....**.**.....**.....*...
.*****...**........**........**........**........**........**........**........**........**.*..*....
**.......**........**........**........**........**........**........**........**........**....*....
**.........................................................................................**.......
...............................................................................................****.
.............................................................................................*.....*
..............*.........*.........*.........*.........*.........*.........*.........*.......*.....*.
...***......*..*......*..*......*..*......*..*......*..*......*..*......*..*......*..*......*.......
..*...*....*...*.....*...*.....*...*.....*...*.....*...*.....*...*.....*...*.....*...*.....*....*...
.*.....*......*.........*.........*.........*.........*.........*.........*.........*.....***..***..
..*...*..**.**.....**.**.....**.**.....**.**.....**.**.....**.**.....**.**.....**.**.....**.....*...
.*****...**........**........**........**........**........**........**........**........**.*..*....
**.......**........**........**........**........**........**........**........**........**....*....
**.........................................................................................**.......
...............................................................................................****.
.............................................................................................*.....*
..............*.........*.........*.........*.........*.........*.........*.........*.......*.....*.
...***......*..*......*..*......*..*......*..*......*..*......*..*......*..*......*..*......*.......
..*...*....*...*.....*...*.....*...*.....*...*.....*...*.....*...*.....*...*.....*...*.....*....*...
.*.....*......*.........*.........*.........*.........*.........*.........*.........*.....***..***..
..*...*..**.**.....**.**.....**.**.....**.**.....**.**.....**.**.....**.**.....**.**.....**.....*...
.*****...**........**........**........**........**........**........**........**........**.*..*....
**.......**........**........**........**........**........**........**........**........**....*....
**.........................................................................................**.......
...............................................................................................****.
.............................................................................................*.....*
..............*.........*.........*.........*.........*.........*.........*.........*.......*.....*.
...***......*..*......*..*......*..*......*..*......*..*......*..*......*..*......*..*......*.......
..*...*....*...*.....*...*.....*...*.....*...*.....*...*.....*...*.....*...*.....*...*.....*....*...
.*.....*......*.........*.........*.........*.........*.........*.........*.........*.....***..***..
..*...*..**.**.....**.**.....**.**.....**.**.....**.**.....**.**.....**.**.....**.**.....**.....*...
.*****...**........**........**........**........**........**........**........**........**.*..*....
**.......**........**........**........**........**........**........**........**........**....*....
**.........................................................................................**.......
...............................................................................................****.
.............................................................................................*.....*
..............*.........*.........*.........*.........*.........*.........*.........*.......*.....*.
...***......*..*......*..*......*..*......*..*......*..*......*..*......*..*......*..*......*.......
..*...*....*...*.....*...*.....*...*.....*...*.....*...*.....*...*.....*...*.....*...*.....*....*...
.*.....*......*.........*.........*.........*.........*.........*.........*.........*.....***..***..
..*...*..**.**.....**.**.....**.**.....**.**.....**.**.....**.**.....**.**.....**.**.....**.....*...
.*****...**........**........**........**........**........**........**........**........**.*..*....
**.......**........**........**........**........**........**........**........**........**....*....
**.........................................................................................**.......
...............................................................................................****.
.............................................................................................*.....*
..............*.........*.........*.........*.........*.........*.........*.........*.......*.....*.
...***......*..*......*..*......*..*......*..*......*..*......*..*......*..*......*..*......*.......
..*...*....*...*.....*...*.....*...*.....*...*.....*...*.....*...*.....*...*.....*...*.....*....*...
.*.....*......*.........*.........*.........*.........*.........*.........*.........*.....***..***..
..*...*..**.**.....**.**.....**.**.....**.**.....**.**.....**.**.....**.**.....**.**.....**.....*...
.*****...**........**........**........**........**........**........**........**........**.*..*....
**.......**........**........**........**........**........**........**........**........**....*....
**.........................................................................................**.......
...............................................................................................****.
.............................................................................................**....*
..................................................................................................*.
....**............................................................................................*.
....**..........................................................................................*...
..............................................................................................*.....
...............................................................................................*....
................................................................................................*...
...............................................................................................**...


Generation: 20 Population: 472
....**.................................................................................*............
...*..*.................................................................................*...........
..*..*.................................................................................***......**..
..*..*...................................................................................*......*.*.
..***...............**........**........**........**........**........**........**..............***.
...................*..*......*..*......*..*......*..*......*..*......*..*......*..*.......*.........
.........**.........*.**......*.**......*.**......*.**......*.**......*.**......*.**....*...........
........*...*.........*.........*.........*.........*.........*.........*.........*.....*...........
........*....*........**........**........**........**........**........**........**...**...*.......
.........*..*..........................................................................**...........
...........**..........................................................................**...*.......
....*....................................................................................*.**...***.
....*...........................................................................................**..
....***...........................................................................................*.
....*.**.....................................................................................**.**..
........*...................................................................................*...**..
.*.......*......................................................................................*...
*.*..*..*...................................................................................*..*....
.****.........................................................................................*.....
.*.*.**..................................................................................**.....***.
.*.......................................................................................**.....*..*
.*...*.........................................................................................**.*.
..**..*.............................................................................................
.....**.....................................................................................**......
............................................................................................**......
....*...*...........................................................................................
.*.......*..........................................................................................
*.*..*..*...........................................................................................
.****...............................................................................................
.*.*.**..................................................................................**.....***.
.*.......................................................................................**.....*..*
.*...*.........................................................................................**.*.
..**..*.............................................................................................
.....**.....................................................................................**......
............................................................................................**......
....*...*...........................................................................................
.*.......*..........................................................................................
*.*..*..*...........................................................................................
.****...............................................................................................
.*.*.**..................................................................................**.....***.
.*.......................................................................................**.....*..*
.*...*.........................................................................................**.*.
..**..*.............................................................................................
.....**.....................................................................................**......
............................................................................................**......
....*...*...........................................................................................
.*.......*..........................................................................................
*.*..*..*...........................................................................................
.****...............................................................................................
.*.*.**..................................................................................**.....***.
.*.......................................................................................**.....*..*
.*...*.........................................................................................**.*.
..**..*.............................................................................................
.....**.....................................................................................**......
............................................................................................**......
....*...*...........................................................................................
.*.......*..........................................................................................
*.*..*..*...........................................................................................
.****...............................................................................................
.*.*.**..................................................................................**.....***.
.*.......................................................................................**.....*..*
.*...*.........................................................................................**.*.
..**..*.............................................................................................
.....**.....................................................................................**......
............................................................................................**......
....*...*...........................................................................................
.*.......*..........................................................................................
*.*..*..*...........................................................................................
.****...............................................................................................
.*.*.**..................................................................................**.....***.
.*.......................................................................................**.....*..*
.*...*.........................................................................................**.*.
..**..*.............................................................................................
.....**.....................................................................................**......
............................................................................................**......
....*...*...........................................................................................
.*.......*..........................................................................................
*.*..*..*...........................................................................................
.****...............................................................................................
.*.*.**..................................................................................**.....***.
.*.......................................................................................**.....*..*
.*...*.........................................................................................**.*.
..**..*..........................................................................................*..
.....**.............................................................................................
...........................................................................................**.......
....*...*.................................................................................***.......
.........*.....................................................................................*....
*....*..*.................................................................................***...**..
*.....**..................................................................................******.**.
*........................................................................................*..**..***.
**.......................................................................................***....***.
.........................................................................................**.........
....................................................................................................
....................................................................................................
....**............................................................................................**
....**............................................................................................**
....................................................................................................
....................................................................................................
....................................................................................................
....................................................................................................

