
Generation: 0 Population: 37
.....*....
.....*....
....*.....
.....*....
....*.....
.....*....
....*.....
.....*....
....*.....
.....*....
....*.....
.....*....
....*.....
.....*....
....*.....
.....*....
....*.....
.....*....
....*.....
.....*....
....*.....
.....*....
....*.....
.....*....
....*.....
...*......
..*.......
..*.......
...*......
....*.....
.....*....
......*...
.......*..
........*.
.......*..
......*...
.....*....


Generation: 20 Population: 64
..........
..........
..........
..........
.**....**.
..**..**..
..**..**..
.***..***.
..**..**..
.*......*.
...*..*...
.*.*..**..
**.*..*...
**........
..........
..........
..........
***.......
..........
..........
..........
..........
..........
..........
..........
......**..
.....*..*.
..........
....*.....
....*.....
..**......
....*.....
....****..
.......*..
..*.*..*.*
..*.*....*
..***...*.


Generation: 40 Population: 38
**........
*.*.......
.**.......
..**......
...*......
.......*..
......***.
.....*.*.*
....**.*.*
.....*...*
.....*...*
......***.
..........
..........
..........
..........
..........
***.......
..........
..........
..........
..........
..........
..........
..........
......**..
......**..
..........
..........
..........
..........
..........
..........
..........
.....**...
.....**...
..........

