
Generation: 0 Population: 544
0000000000000000000000000000000000000000000000000000000
-------------------------------------------------------
0000000000000000000000000000000000000000000000000000000
-------------------------------------------------------
0000000000000000000000000000000000000000000000000000000
-------------------------------------------------------
0000000000000000000000000000000000000000000000000000000
-------------------------------------------------------
0000000000000000000000000000000000000000000000000000000
-------------------------------------------------------
-------------------------------------------------------
-----------------------00000-00000---------------------
-----------------------0---------0---------------------
-----------------------0--0---0--0---------------------
-----------------------0----1----0---------------------
-----------------------1--0---0--1---------------------
-----------------------1---000---1---------------------
-----------------------00000000000---------------------
----------------------------1--------------------------
----------------------------1--------------------------
----------------------------1--------------------------
----------------------------1--------------------------
----------------------------1--------------------------
----------------------------1--------------------------
----------------------------1--------------------------
----------------------------1--------------------------
----------------------------1--------------------------
----------------------------1--------------------------
-------------------------------------------------------
-------------------------------------------------------
-------------------------------------------------------
0000000000000000000000000000000000000000000000000000000
-------------------------------------------------------
-------------------------------------------------------
-------------------------------------------------------
-------------------------------------------------------
-------------------------------------------------------
0000000000000000000000000000000000000000000000000000000
-------------------------------------------------------
-------------------------------------------------------
-------------------------------------------------------
-------------------------------------------------------
0000000000000000000000000000000000000000000000000000000
-------------------------------------------------------
-------------------------------------------------------
-------------------------------------------------------
-------------------------------------------------------
-------------------------------------------------------
0000000000000000000000000000000000000000000000000000000
-------------------------------------------------------
-------------------------------------------------------
-------------------------------------------------------
-------------------------------------------------------
-------------------------------------------------------
-------------------------------------------------------


Generation: 1 Population: 593
1-----------------------------------------------------1
-------------------------------------------------------
1-----------------------------------------------------1
-------------------------------------------------------
1-----------------------------------------------------1
-------------------------------------------------------
1-----------------------------------------------------1
-------------------------------------------------------
1-----------------------------------------------------1
0000000000000000000000000000000000000000000000000000000
-----------------------00000-00000---------------------
----------------------0----1-1----0--------------------
----------------------0--0-0-0-0--0--------------------
----------------------0-00-000-00-0--------------------
----------------------0-0--0-0--0-0--------------------
----------------------0-00-----00-0--------------------
----------------------0--00-1-00--0--------------------
----------------------0----1-1----0--------------------
-----------------------0000---0000---------------------
---------------------------0-0-------------------------
---------------------------0-0-------------------------
---------------------------0-0-------------------------
---------------------------0-0-------------------------
---------------------------0-0-------------------------
---------------------------0-0-------------------------
---------------------------0-0-------------------------
---------------------------0-0-------------------------
---------------------------010-------------------------
----------------------------0--------------------------
-------------------------------------------------------
0000000000000000000000000000000000000000000000000000000
1-----------------------------------------------------1
0000000000000000000000000000000000000000000000000000000
-------------------------------------------------------
-------------------------------------------------------
-------------------------------------------------------
0000000000000000000000000000000000000000000000000000000
1-----------------------------------------------------1
0000000000000000000000000000000000000000000000000000000
-------------------------------------------------------
-------------------------------------------------------
0000000000000000000000000000000000000000000000000000000
1-----------------------------------------------------1
0000000000000000000000000000000000000000000000000000000
-------------------------------------------------------
-------------------------------------------------------
-------------------------------------------------------
0000000000000000000000000000000000000000000000000000000
1-----------------------------------------------------1
0000000000000000000000000000000000000000000000000000000
-------------------------------------------------------
-------------------------------------------------------
-------------------------------------------------------
-------------------------------------------------------
-------------------------------------------------------


Generation: 2 Population: 652
-0---------------------------------------------------0-
-------------------------------------------------------
-0---------------------------------------------------0-
-------------------------------------------------------
-0---------------------------------------------------0-
-------------------------------------------------------
-0---------------------------------------------------0-
-------------------------------------------------------
2-000000000000000000000000000000000000000000000000000-2
-----------------------11111-11111---------------------
00000000000000000000000-111101111-000000000000000000000
---------------------01-0-------0-10-------------------
---------------------0-0-1--0--1-0-0-------------------
---------------------0-----1-1-----0-------------------
---------------------0---0010100---0-------------------
---------------------0-----000-----0-------------------
---------------------0-0--10-01--0-0-------------------
---------------------01-0-0-0-0-0-10-------------------
-----------------------1--10-01--1---------------------
-----------------------000-1-1-000---------------------
--------------------------0---0------------------------
--------------------------0---0------------------------
--------------------------0---0------------------------
--------------------------0---0------------------------
--------------------------0---0------------------------
--------------------------0---0------------------------
--------------------------0-0-0------------------------
--------------------------0-2-0------------------------
----------------------------1--------------------------
0000000000000000000000000000-00000000000000000000000000
-------------------------------------------------------
-0---------------------------------------------------0-
-------------------------------------------------------
0000000000000000000000000000000000000000000000000000000
-------------------------------------------------------
0000000000000000000000000000000000000000000000000000000
-------------------------------------------------------
-0---------------------------------------------------0-
-------------------------------------------------------
0000000000000000000000000000000000000000000000000000000
0000000000000000000000000000000000000000000000000000000
-------------------------------------------------------
-0---------------------------------------------------0-
-------------------------------------------------------
0000000000000000000000000000000000000000000000000000000
-------------------------------------------------------
0000000000000000000000000000000000000000000000000000000
-------------------------------------------------------
-0---------------------------------------------------0-
-------------------------------------------------------
0000000000000000000000000000000000000000000000000000000
-------------------------------------------------------
-------------------------------------------------------
-------------------------------------------------------
-------------------------------------------------------

