
Generation: 0 Population: 86
-------------------------------------------------------
-------------------------------------------------------
-------------------------------------------------------
-------------------------------------------------------
-------------------------------------------------------
-------------------------------------------------------
-------------------------------------------------------
-------------------------------------------------------
-------------------------------------------------------
-------------------------------------------------------
-------------------------------------------------------
-----------------------00000-00000---------------------
-----------------------0---------0---------------------
-----------------------0--0---0--0---------------------
-----------------------0----1----0---------------------
-----------------------1--0---0--1---------------------
-----------------------1---000---1---------------------
-----------------------00000000000---------------------
----------------------------1--------------------------
----------------------1-----1-----1--------------------
-----------------------1----1----1---------------------
------------------------1---1---1----------------------
-------------------------1--1--1-----------------------
--------------------------1-1-1------------------------
---------------------------111-------------------------
----------------------------1--------------------------
----------------------------1--------------------------
----------------------------1--------------------------
----------------------------1--------------------------
----------------------------1--------------------------
----------------------------1--------------------------
----------------------------1--------------------------
----------------------------1--------------------------
----------------------------1--------------------------
----------------------------1--------------------------
--------------------------1---1------------------------
-------------------------1-----1-----------------------
------------------------1-------1----------------------
-----------------------1---------1---------------------
----------------------1-----------1--------------------
---------------------1-------------1-------------------
--------------------1---------------1------------------
--------------------1---------------1------------------
--------------------1---------------1------------------
-------------------------------------------------------
-------------------------------------------------------
-------------------------------------------------------
-------------------------------------------------------
-------------------------------------------------------
-------------------------------------------------------
-------------------------------------------------------
-------------------------------------------------------
-------------------------------------------------------
-------------------------------------------------------
-------------------------------------------------------


Generation: 1 Population: 116
-------------------------------------------------------
-------------------------------------------------------
-------------------------------------------------------
-------------------------------------------------------
-------------------------------------------------------
-------------------------------------------------------
-------------------------------------------------------
-------------------------------------------------------
-------------------------------------------------------
-------------------------------------------------------
-----------------------00000-00000---------------------
----------------------0----1-1----0--------------------
----------------------0--0-0-0-0--0--------------------
----------------------0-00-000-00-0--------------------
----------------------0-0--0-0--0-0--------------------
----------------------0-00-----00-0--------------------
----------------------0--00-1-00--0--------------------
----------------------0----1-1----0--------------------
----------------------00000---00000--------------------
---------------------0-----0-0-----0-------------------
---------------------------0-0-------------------------
---------------------------0-0-------------------------
---------------------------0-0-------------------------
---------------------------0-0-------------------------
---------------------------1-1-------------------------
-------------------------------------------------------
---------------------------0-0-------------------------
---------------------------0-0-------------------------
---------------------------0-0-------------------------
---------------------------0-0-------------------------
---------------------------0-0-------------------------
---------------------------0-0-------------------------
---------------------------0-0-------------------------
---------------------------0-0-------------------------
--------------------------00100------------------------
---------------------------000-------------------------
-------------------------------------------------------
-------------------------------------------------------
-------------------------------------------------------
-------------------------------------------------------
-------------------------------------------------------
-------------------01---------------10-----------------
-------------------0-0-------------0-0-----------------
-------------------010-------------010-----------------
--------------------0---------------0------------------
-------------------------------------------------------
-------------------------------------------------------
-------------------------------------------------------
-------------------------------------------------------
-------------------------------------------------------
-------------------------------------------------------
-------------------------------------------------------
-------------------------------------------------------
-------------------------------------------------------
-------------------------------------------------------


Generation: 2 Population: 136
-------------------------------------------------------
-------------------------------------------------------
-------------------------------------------------------
-------------------------------------------------------
-------------------------------------------------------
-------------------------------------------------------
-------------------------------------------------------
-------------------------------------------------------
-------------------------------------------------------
-----------------------00000-00000---------------------
-----------------------1---------1---------------------
---------------------01-0-------0-10-------------------
---------------------0-0-1--0--1-0-0-------------------
---------------------0-----1-1-----0-------------------
---------------------0---0010100---0-------------------
---------------------0-----000-----0-------------------
---------------------0-0--10-01--0-0-------------------
---------------------0--0-0-0-0-0--0-------------------
--------------------------10-01------------------------
--------------------0--000-1-1-000--0------------------
---------------------0----0---0----0-------------------
--------------------------0---0------------------------
--------------------------0---0------------------------
--------------------------0---0------------------------
--------------------------02-20------------------------
-------------------------------------------------------
--------------------------01-10------------------------
--------------------------0---0------------------------
--------------------------0---0------------------------
--------------------------0---0------------------------
--------------------------0---0------------------------
--------------------------0---0------------------------
--------------------------0---0------------------------
----------------------------0--------------------------
-------------------------01-2-10-----------------------
----------------------------1--------------------------
---------------------------000-------------------------
-------------------------------------------------------
-------------------------------------------------------
-------------------------------------------------------
-------------------00---------------00-----------------
------------------0-2---------------2-0----------------
------------------0--10-----------01--0----------------
------------------0-2-0-----------0-2-0----------------
--------------------1---------------1------------------
--------------------0---------------0------------------
-------------------------------------------------------
-------------------------------------------------------
-------------------------------------------------------
-------------------------------------------------------
-------------------------------------------------------
-------------------------------------------------------
-------------------------------------------------------
-------------------------------------------------------
-------------------------------------------------------


Generation: 12 Population: 448
-----------------------1---------1---------------------
-----------------------0--0---0--0---------------------
-----------------------3----0----3---------------------
-------------------0103--0-----0--3010-----------------
-------------------0---1----0----1---0-----------------
-------------------0--1100--0--0011--0-----------------
-------------------0----1--121--1----0-----------------
---------------0000--03-----2-----30--0000-------------
---------------1---1---51--010--15---1---1-------------
---------------0--0220------0------0220--0-------------
---------------3----1--41-------14--1----3-------------
-----------0103--03-----0---2---0-----30--3010---------
-----------0---0---00--801-----108--00---0---0---------
-----------0--1100------3-------3------0011--0---------
-----------0----1--12---------------21--1----0---------
-----------0---101--4---0-------0---4--101---0---------
-----------0---001-021-----5-5-----120-100---0---------
-----------0121--2--3---------------3--2--1210---------
---------------100----------2----------001-------------
----------0----20-04-1-------------1-40-02----0--------
-----------0---11----1-3-2--0--2-3-1----11---0---------
------------0--0-10--3------1------3--01-0--0----------
-------------0--0----3--2---2---2--3----0--0-----------
----------------0-00--63012---21036--00-0--------------
----------------01-4----0--7-7--0----4-10--------------
-------------------0121--1-----1--1210-----------------
----------------01-----217--3--712-----10--------------
----------------0-----20---------02-----0--------------
----------------0----3-1----3----1-3----0--------------
----------------0---0--10100300101--0---0--------------
----------------0--101------1------101--0--------------
----------------0-----0---1---1---0-----0--------------
----------------0---2--1-3-----3-1--2---0--------------
----------------0---0---------------0---0--------------
---------------0----3--14-------41--3----0-------------
----------------0-0-2-----2---2-----2-0-0--------------
-------------------11---1--4-4--1---11-----------------
------------------------1-------1----------------------
-----------00------1-2--0--2-2--0--2-1------00---------
----------0-1-------4---0---1---0---4-------1-0--------
---------0--------------0---3---0--------------0-------
--------0---------------2---3---2---------------0------
--------0------10------214--2--412------01------0------
--------0-----3-3-----------1-----------3-3-----0------
-------------1--------------2--------------1-----------
------------2---------------1---------------2----------
------------1------01------000------10------1----------
------------0-----1-4---------------4-1-----0----------
-----------------0---------------------0---------------
----------------0-----------------------0--------------
----------------0------10-------01------0--------------
----------------0-----2-0-------0-2-----0--------------
---------------------1-------------1-------------------
--------------------2---------------2------------------
--------------------1---------------1------------------


Generation: 112 Population: 1020
-9+7+--+--+--+-+-+-+++-+++-+++-+-+-+++-+-+++-+---6-7+--
8564+++-+-+---96-9++++++++-+++7-+++++++++++---+6-79++87
+28--+-++++-+++-++++++++++++++-+++++++++++++++--+++---+
--+9+++9+++++++++++++++++++++++++++++++++++++++6+++++++
-+++-+-++++-++++++++++++++++++++++++++-+++++8+++++4+-+-
+++-+++-++++++++++++++++++-++++++++++++++-+-+++-+++-+-+
++++++++++-+++-+++++++-+++-+++++++++++-+-+-++++++9+++--
+-+++++-+++++-++++++++++8++++++++++++++++++++++-+++-+++
++6+++-+++++++++-+++++++++++++++++++++++++++++-+++++++-
+-+++++-+++++++++++++++++++++++++++++++++++++++++++++-+
++++++-++++++++++9++++++++++++++++++++++-+++++++++9++++
+++++++++++++++++++++++++++++++++++++++++++++++++++++++
++++++++++++++++++++++++-+++++++++++++++-++++++++++++++
++-+++++++++++++++++++++++++++++++++++++++++++++++++++-
+9++++++++++++++++++++++-++++++++++++++++++++++++++++++
+++-+++++++++++-+++++++++++++++++++++++-+++++++++++++++
+++++++++++++++++++++++++++++++++++++++-+++++++++++++++
+++++++++++++++++++++++++++++++++++++++++++++++++++++++
+++++++++++++++++++++++++++++++++++++++++++++++++++++++
+++++++++++++++++++++++++++++++++++++++++++++++++++++++
+++++++++++++++++++++++++++++++++++++++++++++++++++-+++
+-++++++++++++-++++++++++++++++++++++++++++++++++++++++
-+++++++++++++++++++++++++-+++++++++-++8+++++++++++++--
+---+++++++++++++++++++-8++++++-+++++-+++++++++++++-+-+
-+++++++++++++++++++++++++++++++++++++++++++++-++++++++
+-+++++++++++-++++++++++++-+6++++++++-++++++++++---++++
++++++++++-+++++-+++++++++-+++-+++++++++-++++++++++-+++
+-+9+++++++-+++9+++9+++++++++++++++++++++++-+++++++6+++
++++++-+++++++-+++++++-+-++++++++++++++++-+++++++++++++
++++++7+9++++++7+++++++++++++++++++++++++++++++++++++++
++++++++++++++++++++++-+++-+++++++++++-++++++++++++++++
+++-+++++++++++-+++++++5-++++++-+++++++++++++++++++++++
++++++++++++++++++++++++-++++++++++++++++++++++++++++++
+++++++8++++++-++++++++++8+++-+++++++++++++++++++++++++
-++++-+-+++++++++9++++-+++++++++++++++++++++++++++++++-
+++++++--++++++++++++++++++++++++++++++++++++-+-+-+++8+
-+++++++++++++++++++++++-+++++++++++++++-+++++-+++++++-
+-+-++--+-+-++++++++++++++-++++++++-+-+++++++++++++-7-+
-+-+-++--+++++++++++++++++++++++++++++-+++++++++++++-+-
--+-+--+8-+-+++-+++-++++-++++++++++++-+-+++++-++-++-+-7
-+-++-+7-+++++-++++++-++++++++++++++++-+-+++++++-+-+++-
+-+-+++-+++++++++++++++++++++++++++++++++++++-+++++-+-+
++++++++++++++++++++++++++++++++++++++++++++9++++++++++
+-+-+-+5+++++++++++++++++++++++++++++++++++++++9+7+-+-+
+++++-+5+-++++++++++++++++-+++++++++-++++++++++-+++++++
+-+++++6+++++++++++++++++++++++++++++++9+++++-+++7+++5+
-+-++++4-+++++---+++++++-++++++++++++++++++++++++++++++
++++++-5+++++++++++++++++++++++++++-+++++++++++-+-+-+++
+6+++++7--++++-+++++++-+-+++++++++++++++-++++++-+++++++
+++-+++++++++++++++++++++++++++++++++++++++++-+++-+++--
-++--+-+++++++++++++++++-+++++++++++++-+++++++-+++4-+++
7-+++++-+++++++++++++++++++++++++++++++++++++++++++6+8+
+-+-++-++-+-++++-++++++++++++++++++++++++++++++++++-+++
++--+-+-+++-++-++++++-+-+++++++++++++-+-+++-+-+-+-+-+-3
-++++--8-+++-+-+-9-+++-+-+-+++-+-+++++-+++++-+-+----+2-

