
Generation: 0 Population: 38
.........................
.........................
.........................
.........................
.........................
.........................
.........................
........*****............
........*...*............
........*...*............
........*...*............
........*...*............
........*...*............
........*...*............
........*...*............
........*...******.......
........*........*.......
........**********.......
.........................
.........................
.........................
.........................
.........................
.........................
.........................


Generation: 20 Population: 40
.........................
.........................
.........................
.........................
.........................
.........................
......*..................
.....*.*.................
.....*.*...***...........
......*....*..*..........
..........*...*..........
.**.......****...........
*..*.......*.............
.**......................
.........................
...................*.....
..................*.*....
............***....*.....
............**.*.........
............*............
.............**..........
...........*.*...........
............*............
.........................
.........................


Generation: 40 Population: 58
...........***...........
..........*...*..........
..........**.**..........
.........................
.........................
.......***....**.........
.............*..*........
..............**.........
..........*..............
.........*...............
.........***.............
.**.......*..............
*..*.......*.............
.**......................
.........................
...................*.....
..................*.*....
...................*.....
..........*****..........
.........**.*.**.........
.........*..**.**........
..........*...**.........
..........*..**..........
............**...........
.........................

