
Generation: 0 Population: 49
-------------------------------------------------------
-------------------------------------------------------
-------------------------------------------------------
-------------------------------------------------------
-------------------------------------------------------
-------------------------------------------------------
-------------------------------------------------------
-------------------------------------------------------
-------------------------------------------------------
-------------------------------------------------------
-------------------------------------------------------
-----------------------00000-00000---------------------
-----------------------0---------0---------------------
-----------------------0--0---0--0---------------------
-----------------------0----1----0---------------------
-----------------------1--0---0--1---------------------
-----------------------1---000---1---------------------
-----------------------00000000000---------------------
----------------------------1--------------------------
----------------------------1--------------------------
----------------------------1--------------------------
----------------------------1--------------------------
----------------------------1--------------------------
----------------------------1--------------------------
----------------------------1--------------------------
----------------------------1--------------------------
----------------------------1--------------------------
----------------------------1--------------------------
-------------------------------------------------------
-------------------------------------------------------
-------------------------------------------------------
-------------------------------------------------------
-------------------------------------------------------
-------------------------------------------------------
-------------------------------------------------------
-------------------------------------------------------
-------------------------------------------------------
-------------------------------------------------------
-------------------------------------------------------
-------------------------------------------------------
-------------------------------------------------------
-------------------------------------------------------
-------------------------------------------------------
-------------------------------------------------------
-------------------------------------------------------
-------------------------------------------------------
-------------------------------------------------------
-------------------------------------------------------
-------------------------------------------------------
-------------------------------------------------------
-------------------------------------------------------
-------------------------------------------------------
-------------------------------------------------------
-------------------------------------------------------
-------------------------------------------------------


Generation: 1 Population: 80
-------------------------------------------------------
-------------------------------------------------------
-------------------------------------------------------
-------------------------------------------------------
-------------------------------------------------------
-------------------------------------------------------
-------------------------------------------------------
-------------------------------------------------------
-------------------------------------------------------
-------------------------------------------------------
-----------------------00000-00000---------------------
----------------------0----1-1----0--------------------
----------------------0--0-0-0-0--0--------------------
----------------------0-00-000-00-0--------------------
----------------------0-0--0-0--0-0--------------------
----------------------0-00-----00-0--------------------
----------------------0--00-1-00--0--------------------
----------------------0----1-1----0--------------------
-----------------------0000---0000---------------------
---------------------------0-0-------------------------
---------------------------0-0-------------------------
---------------------------0-0-------------------------
---------------------------0-0-------------------------
---------------------------0-0-------------------------
---------------------------0-0-------------------------
---------------------------0-0-------------------------
---------------------------0-0-------------------------
---------------------------010-------------------------
----------------------------0--------------------------
-------------------------------------------------------
-------------------------------------------------------
-------------------------------------------------------
-------------------------------------------------------
-------------------------------------------------------
-------------------------------------------------------
-------------------------------------------------------
-------------------------------------------------------
-------------------------------------------------------
-------------------------------------------------------
-------------------------------------------------------
-------------------------------------------------------
-------------------------------------------------------
-------------------------------------------------------
-------------------------------------------------------
-------------------------------------------------------
-------------------------------------------------------
-------------------------------------------------------
-------------------------------------------------------
-------------------------------------------------------
-------------------------------------------------------
-------------------------------------------------------
-------------------------------------------------------
-------------------------------------------------------
-------------------------------------------------------
-------------------------------------------------------


Generation: 2 Population: 94
-------------------------------------------------------
-------------------------------------------------------
-------------------------------------------------------
-------------------------------------------------------
-------------------------------------------------------
-------------------------------------------------------
-------------------------------------------------------
-------------------------------------------------------
-------------------------------------------------------
-----------------------00000-00000---------------------
-----------------------1---------1---------------------
---------------------01-0-------0-10-------------------
---------------------0-0-1--0--1-0-0-------------------
---------------------0-----1-1-----0-------------------
---------------------0---0010100---0-------------------
---------------------0-----000-----0-------------------
---------------------0-0--10-01--0-0-------------------
---------------------01-0-0-0-0-0-10-------------------
-----------------------1--10-01--1---------------------
-----------------------000-1-1-000---------------------
--------------------------0---0------------------------
--------------------------0---0------------------------
--------------------------0---0------------------------
--------------------------0---0------------------------
--------------------------0---0------------------------
--------------------------0---0------------------------
--------------------------0-0-0------------------------
--------------------------0-2-0------------------------
----------------------------1--------------------------
----------------------------0--------------------------
-------------------------------------------------------
-------------------------------------------------------
-------------------------------------------------------
-------------------------------------------------------
-------------------------------------------------------
-------------------------------------------------------
-------------------------------------------------------
-------------------------------------------------------
-------------------------------------------------------
-------------------------------------------------------
-------------------------------------------------------
-------------------------------------------------------
-------------------------------------------------------
-------------------------------------------------------
-------------------------------------------------------
-------------------------------------------------------
-------------------------------------------------------
-------------------------------------------------------
-------------------------------------------------------
-------------------------------------------------------
-------------------------------------------------------
-------------------------------------------------------
-------------------------------------------------------
-------------------------------------------------------
-------------------------------------------------------

