==16499== Memcheck, a memory error detector
==16499== Copyright (C) 2002-2011, and GNU GPL'd, by Julian Seward et al.
==16499== Using Valgrind-3.7.0 and LibVEX; rerun with -h for copyright info
==16499== Command: RunLife.c++.app
==16499== 
*** Life<ConwayCell> 109x69 ***

Generation = 0 Population = 35
.....................................................................
.....................................................................
.....................................................................
.....................................................................
.....................................................................
.....................................................................
.....................................................................
.....................................................................
.....................................................................
.....................................................................
.....................................................................
.....................................................................
.....................................................................
.....................................................................
.....................................................................
.....................................................................
.....................................................................
.....................................................................
.....................................................................
.....................................................................
.....................................................................
.....................................................................
.....................................................................
.....................................................................
.....................................................................
.....................................................................
.....................................................................
.....................................................................
.....................................................................
.....................................................................
.....................................................................
.....................................................................
.....................................................................
.....................................................................
..................................*..................................
..................................*..................................
..................................*..................................
..................................*..................................
..................................*..................................
.....................................................................
..................................*..................................
..................................*..................................
..................................*..................................
..................................*..................................
..................................*..................................
.....................................................................
..................................*..................................
..................................*..................................
..................................*..................................
..................................*..................................
..................................*..................................
.....................................................................
..................................*..................................
..................................*..................................
..................................*..................................
..................................*..................................
..................................*..................................
.....................................................................
..................................*..................................
..................................*..................................
..................................*..................................
..................................*..................................
..................................*..................................
.....................................................................
..................................*..................................
..................................*..................................
..................................*..................................
..................................*..................................
..................................*..................................
.....................................................................
..................................*..................................
..................................*..................................
..................................*..................................
..................................*..................................
..................................*..................................
.....................................................................
.....................................................................
.....................................................................
.....................................................................
.....................................................................
.....................................................................
.....................................................................
.....................................................................
.....................................................................
.....................................................................
.....................................................................
.....................................................................
.....................................................................
.....................................................................
.....................................................................
.....................................................................
.....................................................................
.....................................................................
.....................................................................
.....................................................................
.....................................................................
.....................................................................
.....................................................................
.....................................................................
.....................................................................
.....................................................................
.....................................................................
.....................................................................
.....................................................................
.....................................................................
.....................................................................
.....................................................................
.....................................................................
.....................................................................

Generation = 283 Population = 492
.....................................................................
.....................................................................
.....................................................................
.....................................................................
....................**.........................**....................
....................**.*.**...............**.*.**....................
....................*..*.*.*.............*.*.*..*....................
.....................*...*.*.............*.*...*.....................
.....................*.**.*...............*.**.*.....................
.......................*.....................*.......................
...................*.**.......................**.*...................
.....................................................................
...................**...........................**...................
.....................................................................
.....................................................................
.....................................................................
.....................................................................
.....................................................................
.....................................................................
.....................................................................
.........*..............***...............***..............*.........
........***...*..........*.................*..........*...***........
.......*..***..*.**...............................**.*..***..*.......
......**...**......*.............................*......**...**......
.....**.*.***.......*......*..*.......*..*......*.......***.*.**.....
.....***.**....***.**......*..*.......*..*......**.***....**.***.....
........*.*....*.....****.*....*.....*....*.****.....*....*.*........
................*****.**..**...*.....*...**..**.*****................
.....**......**.*..**...**....*.......*....**...**..*.**......**.....
....*.......****........**...*.........*...**........****.......*....
....*.*.....**.........................................**.....*.*....
....*.*.......................................................*.*....
...**...........................................................**...
....*.*.......................................................*.*....
.....*.........................................................*.....
............................*...........*............................
...........................*.*.........*.*...........................
...........................*.*.........*.*...........................
............................*...........*............................
.....................................................................
.....................................................................
.....................................................................
.....................................................................
.....................................................................
.....................................................................
.....................................................................
.....................................................................
.....................................................................
.....................................................................
.....................................................................
.....................................................................
.....................................................................
.....................................................................
.....................................................................
.......................***...***.....***...***.......................
.....................................................................
.....................................................................
.....................................................................
.....................................................................
.....................................................................
.....................................................................
.....................................................................
.....................................................................
.....................................................................
.....................................................................
.....................................................................
.....................................................................
.....................................................................
.....................................................................
.....................................................................
............................*...........*............................
...........................*.*.........*.*...........................
...........................*.*.........*.*...........................
............................*...........*............................
.....*.........................................................*.....
....*.*.......................................................*.*....
...**...........................................................**...
....*.*.......................................................*.*....
....*.*.....**.........................................**.....*.*....
....*.......****........**...*.........*...**........****.......*....
.....**......**.*..**...**....*.......*....**...**..*.**......**.....
................*****.**..**...*.....*...**..**.*****................
........*.*....*.....****.*....*.....*....*.****.....*....*.*........
.....***.**....***.**......*..*.......*..*......**.***....**.***.....
.....**.*.***.......*......*..*.......*..*......*.......***.*.**.....
......**...**......*.............................*......**...**......
.......*..***..*.**...............................**.*..***..*.......
........***...*..........*.................*..........*...***........
.........*..............***...............***..............*.........
.....................................................................
.....................................................................
.....................................................................
.....................................................................
.....................................................................
.....................................................................
.....................................................................
...................**...........................**...................
.....................................................................
...................*.**.......................**.*...................
.......................*.....................*.......................
.....................*.**.*...............*.**.*.....................
.....................*...*.*.............*.*...*.....................
....................*..*.*.*.............*.*.*..*....................
....................**.*.**...............**.*.**....................
....................**.........................**....................
.....................................................................
.....................................................................
.....................................................................
.....................................................................

Generation = 323 Population = 192
.....................................................................
.....................................................................
.....................................................................
....................**.........................**....................
....................**...*.................*...**....................
........................*.*...............*.*........................
........................*..*.............*..*........................
.........................**...............**.........................
.....................................................................
.....................................................................
.....................................................................
.....................................................................
.....................................................................
.....................................................................
.........*.................................................*.........
........*.*...............................................*.*........
........*..*.............................................*..*........
.........**...............................................**.........
.....................................................................
.....................................................................
.............*.........................................*.............
............*.*.......................................*.*............
............*.*.......................................*.*............
.............*.........................................*.............
............................***.......***............................
.....................................................................
..........................*.....*...*.....*..........................
..........................*.....*...*.....*..........................
..........................*.....*...*.....*..........................
.....*.........................................................*.....
.....*......................***.......***......................*.....
.....*.........................................................*.....
.....................................................................
.....................................................................
.....................................................................
............................*...........*............................
...........................*.*.........*.*...........................
...........................*.*.........*.*...........................
............................*...........*............................
.....................................................................
.....................................................................
.....................................................................
.....................................................................
.....................................................................
.....................................................................
.....................................................................
.....................................................................
.....................................................................
.....................................................................
.....................................................................
.....................................................................
.....................................................................
.....................................................................
.....................................................................
.......................***...***.....***...***.......................
.....................................................................
.....................................................................
.....................................................................
.....................................................................
.....................................................................
.....................................................................
.....................................................................
.....................................................................
.....................................................................
.....................................................................
.....................................................................
.....................................................................
.....................................................................
.....................................................................
.....................................................................
............................*...........*............................
...........................*.*.........*.*...........................
...........................*.*.........*.*...........................
............................*...........*............................
.....................................................................
.....................................................................
.....................................................................
.....*.........................................................*.....
.....*......................***.......***......................*.....
.....*.........................................................*.....
..........................*.....*...*.....*..........................
..........................*.....*...*.....*..........................
..........................*.....*...*.....*..........................
.....................................................................
............................***.......***............................
.............*.........................................*.............
............*.*.......................................*.*............
............*.*.......................................*.*............
.............*.........................................*.............
.....................................................................
.....................................................................
.........**...............................................**.........
........*..*.............................................*..*........
........*.*...............................................*.*........
.........*.................................................*.........
.....................................................................
.....................................................................
.....................................................................
.....................................................................
.....................................................................
.....................................................................
.........................**...............**.........................
........................*..*.............*..*........................
........................*.*...............*.*........................
....................**...*.................*...**....................
....................**.........................**....................
.....................................................................
.....................................................................
.....................................................................

Generation = 2823 Population = 192
.....................................................................
.....................................................................
.....................................................................
....................**.........................**....................
....................**...*.................*...**....................
........................*.*...............*.*........................
........................*..*.............*..*........................
.........................**...............**.........................
.....................................................................
.....................................................................
.....................................................................
.....................................................................
.....................................................................
.....................................................................
.........*.................................................*.........
........*.*...............................................*.*........
........*..*.............................................*..*........
.........**...............................................**.........
.....................................................................
.....................................................................
.............*.........................................*.............
............*.*.......................................*.*............
............*.*.......................................*.*............
.............*.........................................*.............
............................***.......***............................
.....................................................................
..........................*.....*...*.....*..........................
..........................*.....*...*.....*..........................
..........................*.....*...*.....*..........................
.....*.........................................................*.....
.....*......................***.......***......................*.....
.....*.........................................................*.....
.....................................................................
.....................................................................
.....................................................................
............................*...........*............................
...........................*.*.........*.*...........................
...........................*.*.........*.*...........................
............................*...........*............................
.....................................................................
.....................................................................
.....................................................................
.....................................................................
.....................................................................
.....................................................................
.....................................................................
.....................................................................
.....................................................................
.....................................................................
.....................................................................
.....................................................................
.....................................................................
.....................................................................
.....................................................................
.......................***...***.....***...***.......................
.....................................................................
.....................................................................
.....................................................................
.....................................................................
.....................................................................
.....................................................................
.....................................................................
.....................................................................
.....................................................................
.....................................................................
.....................................................................
.....................................................................
.....................................................................
.....................................................................
.....................................................................
............................*...........*............................
...........................*.*.........*.*...........................
...........................*.*.........*.*...........................
............................*...........*............................
.....................................................................
.....................................................................
.....................................................................
.....*.........................................................*.....
.....*......................***.......***......................*.....
.....*.........................................................*.....
..........................*.....*...*.....*..........................
..........................*.....*...*.....*..........................
..........................*.....*...*.....*..........................
.....................................................................
............................***.......***............................
.............*.........................................*.............
............*.*.......................................*.*............
............*.*.......................................*.*............
.............*.........................................*.............
.....................................................................
.....................................................................
.........**...............................................**.........
........*..*.............................................*..*........
........*.*...............................................*.*........
.........*.................................................*.........
.....................................................................
.....................................................................
.....................................................................
.....................................................................
.....................................................................
.....................................................................
.........................**...............**.........................
........................*..*.............*..*........................
........................*.*...............*.*........................
....................**...*.................*...**....................
....................**.........................**....................
.....................................................................
.....................................................................
.....................................................................

*** Life<ConwayCell> 0x0 ***

Generation = 0 Population = 0

Generation = 1 Population = 0

Generation = 2 Population = 0

Generation = 3 Population = 0

Generation = 4 Population = 0

Generation = 5 Population = 0

*** Life<ConwayCell> 1x1 ***

Generation = 0 Population = 1
*

Generation = 1 Population = 0
.

Generation = 2 Population = 0
.

Generation = 3 Population = 0
.

Generation = 4 Population = 0
.

Generation = 5 Population = 0
.

*** Life<ConwayCell> 1x1 ***

Generation = 0 Population = 0
.

Generation = 1 Population = 0
.

Generation = 2 Population = 0
.

Generation = 3 Population = 0
.

Generation = 4 Population = 0
.

Generation = 5 Population = 0
.

*** Life<ConwayCell> 1x10 ***

Generation = 0 Population = 4
...**.**..

Generation = 1 Population = 0
..........

Generation = 2 Population = 0
..........

Generation = 3 Population = 0
..........

Generation = 4 Population = 0
..........

Generation = 5 Population = 0
..........

*** Life<ConwayCell> 2x2 ***

Generation = 0 Population = 2
*.
.*

Generation = 1 Population = 0
..
..

Generation = 2 Population = 0
..
..

Generation = 3 Population = 0
..
..

Generation = 4 Population = 0
..
..

Generation = 5 Population = 0
..
..

*** Life<ConwayCell> 20x1 ***

Generation = 0 Population = 5
.
.
.
.
.
.
*
*
*
.
.
.
.
.
*
*
.
.
.
.

Generation = 1 Population = 1
.
.
.
.
.
.
.
*
.
.
.
.
.
.
.
.
.
.
.
.

Generation = 2 Population = 0
.
.
.
.
.
.
.
.
.
.
.
.
.
.
.
.
.
.
.
.

Generation = 3 Population = 0
.
.
.
.
.
.
.
.
.
.
.
.
.
.
.
.
.
.
.
.

Generation = 4 Population = 0
.
.
.
.
.
.
.
.
.
.
.
.
.
.
.
.
.
.
.
.

Generation = 5 Population = 0
.
.
.
.
.
.
.
.
.
.
.
.
.
.
.
.
.
.
.
.

*** Life<ConwayCell> 3x5 ***

Generation = 0 Population = 4
*..*.
.*...
..*..

Generation = 1 Population = 2
.....
.**..
.....

Generation = 2 Population = 0
.....
.....
.....

Generation = 3 Population = 0
.....
.....
.....

Generation = 4 Population = 0
.....
.....
.....

Generation = 5 Population = 0
.....
.....
.....

*** Life<ConwayCell> 4x4 ***

Generation = 0 Population = 16
****
****
****
****

Generation = 1 Population = 4
*..*
....
....
*..*

Generation = 2 Population = 0
....
....
....
....

Generation = 3 Population = 0
....
....
....
....

Generation = 4 Population = 0
....
....
....
....

Generation = 5 Population = 0
....
....
....
....

*** Life<ConwayCell> 10x10 ***

Generation = 0 Population = 2
*.........
..........
..........
..........
..........
..........
..........
..........
..........
.........*

Generation = 1 Population = 0
..........
..........
..........
..........
..........
..........
..........
..........
..........
..........

Generation = 2 Population = 0
..........
..........
..........
..........
..........
..........
..........
..........
..........
..........

Generation = 3 Population = 0
..........
..........
..........
..........
..........
..........
..........
..........
..........
..........

Generation = 4 Population = 0
..........
..........
..........
..........
..........
..........
..........
..........
..........
..........

Generation = 5 Population = 0
..........
..........
..........
..........
..........
..........
..........
..........
..........
..........

*** Life<ConwayCell> 2x20 ***

Generation = 0 Population = 39
********************
*******************.

Generation = 1 Population = 4
*..................*
*..................*

Generation = 2 Population = 0
....................
....................

Generation = 3 Population = 0
....................
....................

Generation = 4 Population = 0
....................
....................

Generation = 5 Population = 0
....................
....................

*** Life<FredkinCell> 20x20 ***

Generation = 0 Population = 4
--------------------
--------------------
--------------------
--------------------
--------------------
--------------------
--------------------
--------------------
--------------------
---------00---------
---------00---------
--------------------
--------------------
--------------------
--------------------
--------------------
--------------------
--------------------
--------------------
--------------------

Generation = 1 Population = 8
--------------------
--------------------
--------------------
--------------------
--------------------
--------------------
--------------------
--------------------
---------00---------
--------0--0--------
--------0--0--------
---------00---------
--------------------
--------------------
--------------------
--------------------
--------------------
--------------------
--------------------
--------------------

Generation = 2 Population = 16
--------------------
--------------------
--------------------
--------------------
--------------------
--------------------
--------------------
---------00---------
---------11---------
-------01--10-------
-------01--10-------
---------11---------
---------00---------
--------------------
--------------------
--------------------
--------------------
--------------------
--------------------
--------------------

*** Life<FredkinCell> 0x0 ***

Generation = 0 Population = 0

Generation = 1 Population = 0

Generation = 2 Population = 0

Generation = 3 Population = 0

Generation = 4 Population = 0

Generation = 5 Population = 0

*** Life<FredkinCell> 1x1 ***

Generation = 0 Population = 1
+

Generation = 1 Population = 0
-

Generation = 2 Population = 0
-

Generation = 3 Population = 0
-

Generation = 4 Population = 0
-

Generation = 5 Population = 0
-

*** Life<FredkinCell> 1x1 ***

Generation = 0 Population = 1
0

Generation = 1 Population = 0
-

Generation = 2 Population = 0
-

Generation = 3 Population = 0
-

Generation = 4 Population = 0
-

Generation = 5 Population = 0
-

*** Life<FredkinCell> 1x10 ***

Generation = 0 Population = 4
---00-00--

Generation = 1 Population = 6
--011-110-

Generation = 2 Population = 6
-01-2-2-10

Generation = 3 Population = 5
012-----21

Generation = 4 Population = 6
1-31---132

Generation = 5 Population = 6
--412-21-3

*** Life<FredkinCell> 2x2 ***

Generation = 0 Population = 2
0-
-0

Generation = 1 Population = 0
--
--

Generation = 2 Population = 0
--
--

Generation = 3 Population = 0
--
--

Generation = 4 Population = 0
--
--

Generation = 5 Population = 0
--
--

*** Life<FredkinCell> 20x1 ***

Generation = 0 Population = 5
-
-
-
-
-
-
0
0
0
-
-
-
-
-
0
0
-
-
-
-

Generation = 1 Population = 8
-
-
-
-
-
0
1
-
1
0
-
-
-
0
1
1
0
-
-
-

Generation = 2 Population = 10
-
-
-
-
0
1
2
-
2
1
0
-
0
1
-
-
1
0
-
-

Generation = 3 Population = 12
-
-
-
0
1
-
3
-
3
-
1
-
1
2
1
1
2
1
0
-

Generation = 4 Population = 6
-
-
0
1
2
-
-
-
-
-
-
-
2
-
-
-
-
-
1
0

Generation = 5 Population = 9
-
0
1
-
3
1
-
-
-
-
-
0
-
2
-
-
-
1
2
1

*** Life<FredkinCell> 3x5 ***

Generation = 0 Population = 4
0--0-
-0---
--0--

Generation = 1 Population = 4
--0-0
---0-
---0-

Generation = 2 Population = 6
-0-0-
---1-
--010

Generation = 3 Population = 8
0--00
-0---
-0021

Generation = 4 Population = 6
--000
-0---
0---2

Generation = 5 Population = 4
--0-0
---1-
---2-

*** Life<FredkinCell> 4x4 ***

Generation = 0 Population = 16
0000
0000
0000
0000

Generation = 1 Population = 8
-11-
1--1
1--1
-11-

Generation = 2 Population = 8
-22-
2--2
2--2
-22-

Generation = 3 Population = 8
-33-
3--3
3--3
-33-

Generation = 4 Population = 8
-44-
4--4
4--4
-44-

Generation = 5 Population = 8
-55-
5--5
5--5
-55-

*** Life<FredkinCell> 10x10 ***

Generation = 0 Population = 2
0---------
----------
----------
----------
----------
----------
----------
----------
----------
---------0

Generation = 1 Population = 4
-0--------
0---------
----------
----------
----------
----------
----------
----------
---------0
--------0-

Generation = 2 Population = 4
--0-------
----------
0---------
----------
----------
----------
----------
---------0
----------
-------0--

Generation = 3 Population = 12
-0-0------
0-0-------
-0--------
0---------
----------
----------
---------0
--------0-
-------0-0
------0-0-

Generation = 4 Population = 8
--0-0-----
----------
0---------
----------
0---------
---------0
----------
---------0
----------
-----0-0--

Generation = 5 Population = 16
-0---0----
0-0-0-----
-0--------
----------
-0-------0
0-------0-
----------
--------0-
-----0-0-0
----0---0-

*** Life<FredkinCell> 2x20 ***

Generation = 0 Population = 39
00000000000000000001
1000000000000000000-

Generation = 1 Population = 36
-1111111111111111112
-11111111111111111--

Generation = 2 Population = 35
0-2222222222222222-3
1-222222222222222--0

Generation = 3 Population = 33
0--333333333333333-4
1--3333333333333--01

Generation = 4 Population = 33
012-444444444444-415
112-44444444444---0-

Generation = 5 Population = 26
-1---55555555555-516
-1---555555555----0-

*** Life<Cell> 20x20 ***

Generation = 0 Population = 6
--------------------
--------------------
--------------------
--------------------
--------------------
--------------------
--------------------
--------------------
--------------------
---------00---------
--------0000--------
--------------------
--------------------
--------------------
--------------------
--------------------
--------------------
--------------------
--------------------
--------------------

Generation = 1 Population = 12
--------------------
--------------------
--------------------
--------------------
--------------------
--------------------
--------------------
--------------------
---------00---------
--------------------
-------011110-------
--------0000--------
--------------------
--------------------
--------------------
--------------------
--------------------
--------------------
--------------------
--------------------

Generation = 2 Population = 24
--------------------
--------------------
--------------------
--------------------
--------------------
--------------------
--------------------
---------00---------
--------0110--------
-------00--00-------
------01****10------
---------11---------
--------0000--------
--------------------
--------------------
--------------------
--------------------
--------------------
--------------------
--------------------

Generation = 3 Population = 32
--------------------
--------------------
--------------------
--------------------
--------------------
--------------------
---------00---------
--------------------
---------**---------
--------1001--------
-----01*....*10-----
------000**000------
-------011110-------
--------0000--------
--------------------
--------------------
--------------------
--------------------
--------------------
--------------------

Generation = 4 Population = 28
--------------------
--------------------
--------------------
--------------------
--------------------
---------00---------
--------0110--------
--------------------
---------..---------
-----00-*00*-00-----
----01*......*10----
--------0..0--------
--------------------
---------11---------
--------0000--------
--------------------
--------------------
--------------------
--------------------
--------------------

Generation = 5 Population = 52
--------------------
--------------------
--------------------
--------------------
---------00---------
--------------------
-------01**10-------
--------0000--------
-----00-0**0-00-----
--------.--.--------
---01**.*..*.**10---
----0000-..-0000----
--------1111--------
--------------------
-------011110-------
--------0000--------
--------------------
--------------------
--------------------
--------------------

*** Life<Cell> 0x0 ***

Generation = 0 Population = 0

Generation = 1 Population = 0

Generation = 2 Population = 0

Generation = 3 Population = 0

Generation = 4 Population = 0

Generation = 5 Population = 0

*** Life<Cell> 1x1 ***

Generation = 0 Population = 0
-

Generation = 1 Population = 0
-

Generation = 2 Population = 0
-

Generation = 3 Population = 0
-

Generation = 4 Population = 0
-

Generation = 5 Population = 0
-

*** Life<Cell> 1x1 ***

Generation = 0 Population = 1
0

Generation = 1 Population = 0
-

Generation = 2 Population = 0
-

Generation = 3 Population = 0
-

Generation = 4 Population = 0
-

Generation = 5 Population = 0
-

*** Life<Cell> 1x10 ***

Generation = 0 Population = 4
---00-00--

Generation = 1 Population = 6
--011-110-

Generation = 2 Population = 6
-01-*-*-10

Generation = 3 Population = 5
01*-.-.-*1

Generation = 4 Population = 4
1-.1.-.1.*

Generation = 5 Population = 1
-1.-.-.-..

*** Life<Cell> 2x2 ***

Generation = 0 Population = 2
0-
-0

Generation = 1 Population = 0
--
--

Generation = 2 Population = 0
--
--

Generation = 3 Population = 0
--
--

Generation = 4 Population = 0
--
--

Generation = 5 Population = 0
--
--

*** Life<Cell> 20x1 ***

Generation = 0 Population = 5
-
-
-
-
-
-
0
0
0
-
-
-
-
-
0
0
-
-
-
-

Generation = 1 Population = 8
-
-
-
-
-
0
1
-
1
0
-
-
-
0
1
1
0
-
-
-

Generation = 2 Population = 10
-
-
-
-
0
1
*
-
*
1
0
-
0
1
-
-
1
0
-
-

Generation = 3 Population = 10
-
-
-
0
1
-
.
-
.
-
1
-
1
*
1
1
*
1
0
-

Generation = 4 Population = 10
-
-
0
1
*
1
.
-
.
1
-
-
*
*
-
-
*
-
1
0

Generation = 5 Population = 10
-
0
1
-
*
1
.
-
.
-
1
0
.
.
1
1
.
-
*
1

*** Life<Cell> 3x5 ***

Generation = 0 Population = 4
0--0-
-0---
--0--

Generation = 1 Population = 4
--0-0
---0-
---0-

Generation = 2 Population = 6
-0-0-
---1-
--010

Generation = 3 Population = 8
0--00
-0---
-00*1

Generation = 4 Population = 7
--000
-0---
0--**

Generation = 5 Population = 3
--0-0
-----
--0..

*** Life<Cell> 4x4 ***

Generation = 0 Population = 16
0000
0000
0000
0000

Generation = 1 Population = 8
-11-
1--1
1--1
-11-

Generation = 2 Population = 8
-**-
*--*
*--*
-**-

Generation = 3 Population = 8
-**-
*--*
*--*
-**-

Generation = 4 Population = 8
-**-
*--*
*--*
-**-

Generation = 5 Population = 8
-**-
*--*
*--*
-**-

*** Life<Cell> 10x10 ***

Generation = 0 Population = 2
0---------
----------
----------
----------
----------
----------
----------
----------
----------
---------0

Generation = 1 Population = 4
-0--------
0---------
----------
----------
----------
----------
----------
----------
---------0
--------0-

Generation = 2 Population = 4
--0-------
----------
0---------
----------
----------
----------
----------
---------0
----------
-------0--

Generation = 3 Population = 12
-0-0------
0-0-------
-0--------
0---------
----------
----------
---------0
--------0-
-------0-0
------0-0-

Generation = 4 Population = 8
--0-0-----
----------
0---------
----------
0---------
---------0
----------
---------0
----------
-----0-0--

Generation = 5 Population = 16
-0---0----
0-0-0-----
-0--------
----------
-0-------0
0-------0-
----------
--------0-
-----0-0-0
----0---0-

*** Life<Cell> 2x20 ***

Generation = 0 Population = 39
00000000000000000001
1000000000000000000-

Generation = 1 Population = 36
-111111111111111111*
-11111111111111111--

Generation = 2 Population = 34
0-****************-.
1-***************--0

Generation = 3 Population = 7
0-*..............*1.
1-*..............-0-

Generation = 4 Population = 5
0-...............*-.
1-...............-00

Generation = 5 Population = 6
01................-.
11...............-00

==16499== 
==16499== HEAP SUMMARY:
==16499==     in use at exit: 122,880 bytes in 6 blocks
==16499==   total heap usage: 19,330 allocs, 19,324 frees, 2,334,016 bytes allocated
==16499== 
==16499== LEAK SUMMARY:
==16499==    definitely lost: 0 bytes in 0 blocks
==16499==    indirectly lost: 0 bytes in 0 blocks
==16499==      possibly lost: 0 bytes in 0 blocks
==16499==    still reachable: 122,880 bytes in 6 blocks
==16499==         suppressed: 0 bytes in 0 blocks
==16499== Rerun with --leak-check=full to see details of leaked memory
==16499== 
==16499== For counts of detected and suppressed errors, rerun with: -v
==16499== ERROR SUMMARY: 0 errors from 0 contexts (suppressed: 4 from 4)
