==16495== Memcheck, a memory error detector
==16495== Copyright (C) 2002-2011, and GNU GPL'd, by Julian Seward et al.
==16495== Using Valgrind-3.7.0 and LibVEX; rerun with -h for copyright info
==16495== Command: ./RunLife.c++.app
==16495== 
*** Life<FredkinCell> 20x20 ***
Generation = 1, Population = 8
--------------------
--------------------
--------------------
--------------------
--------------------
--------------------
--------------------
--------------------
---------00---------
--------0--0--------
--------0--0--------
---------00---------
--------------------
--------------------
--------------------
--------------------
--------------------
--------------------
--------------------
--------------------
Generation = 2, Population = 16
--------------------
--------------------
--------------------
--------------------
--------------------
--------------------
--------------------
---------00---------
---------11---------
-------01--10-------
-------01--10-------
---------11---------
---------00---------
--------------------
--------------------
--------------------
--------------------
--------------------
--------------------
--------------------
==16495== 
==16495== HEAP SUMMARY:
==16495==     in use at exit: 122,896 bytes in 7 blocks
==16495==   total heap usage: 2,384 allocs, 2,377 frees, 184,884 bytes allocated
==16495== 
==16495== LEAK SUMMARY:
==16495==    definitely lost: 16 bytes in 1 blocks
==16495==    indirectly lost: 0 bytes in 0 blocks
==16495==      possibly lost: 0 bytes in 0 blocks
==16495==    still reachable: 122,880 bytes in 6 blocks
==16495==         suppressed: 0 bytes in 0 blocks
==16495== Rerun with --leak-check=full to see details of leaked memory
==16495== 
==16495== For counts of detected and suppressed errors, rerun with: -v
==16495== ERROR SUMMARY: 0 errors from 0 contexts (suppressed: 0 from 0)
