*** Life<ConwayCell> 109x69 ***
Generation = 0, Population = 35.
.....................................................................
.....................................................................
.....................................................................
.....................................................................
.....................................................................
.....................................................................
.....................................................................
.....................................................................
.....................................................................
.....................................................................
.....................................................................
.....................................................................
.....................................................................
.....................................................................
.....................................................................
.....................................................................
.....................................................................
.....................................................................
.....................................................................
.....................................................................
.....................................................................
.....................................................................
.....................................................................
.....................................................................
.....................................................................
.....................................................................
.....................................................................
.....................................................................
.....................................................................
.....................................................................
.....................................................................
.....................................................................
.....................................................................
.....................................................................
..................................*..................................
..................................*..................................
..................................*..................................
..................................*..................................
..................................*..................................
.....................................................................
..................................*..................................
..................................*..................................
..................................*..................................
..................................*..................................
..................................*..................................
.....................................................................
..................................*..................................
..................................*..................................
..................................*..................................
..................................*..................................
..................................*..................................
.....................................................................
..................................*..................................
..................................*..................................
..................................*..................................
..................................*..................................
..................................*..................................
.....................................................................
..................................*..................................
..................................*..................................
..................................*..................................
..................................*..................................
..................................*..................................
.....................................................................
..................................*..................................
..................................*..................................
..................................*..................................
..................................*..................................
..................................*..................................
.....................................................................
..................................*..................................
..................................*..................................
..................................*..................................
..................................*..................................
..................................*..................................
.....................................................................
.....................................................................
.....................................................................
.....................................................................
.....................................................................
.....................................................................
.....................................................................
.....................................................................
.....................................................................
.....................................................................
.....................................................................
.....................................................................
.....................................................................
.....................................................................
.....................................................................
.....................................................................
.....................................................................
.....................................................................
.....................................................................
.....................................................................
.....................................................................
.....................................................................
.....................................................................
.....................................................................
.....................................................................
.....................................................................
.....................................................................
.....................................................................
.....................................................................
.....................................................................
.....................................................................
.....................................................................
.....................................................................
.....................................................................

Generation = 283, Population = 492.
.....................................................................
.....................................................................
.....................................................................
.....................................................................
....................**.........................**....................
....................**.*.**...............**.*.**....................
....................*..*.*.*.............*.*.*..*....................
.....................*...*.*.............*.*...*.....................
.....................*.**.*...............*.**.*.....................
.......................*.....................*.......................
...................*.**.......................**.*...................
.....................................................................
...................**...........................**...................
.....................................................................
.....................................................................
.....................................................................
.....................................................................
.....................................................................
.....................................................................
.....................................................................
.........*..............***...............***..............*.........
........***...*..........*.................*..........*...***........
.......*..***..*.**...............................**.*..***..*.......
......**...**......*.............................*......**...**......
.....**.*.***.......*......*..*.......*..*......*.......***.*.**.....
.....***.**....***.**......*..*.......*..*......**.***....**.***.....
........*.*....*.....****.*....*.....*....*.****.....*....*.*........
................*****.**..**...*.....*...**..**.*****................
.....**......**.*..**...**....*.......*....**...**..*.**......**.....
....*.......****........**...*.........*...**........****.......*....
....*.*.....**.........................................**.....*.*....
....*.*.......................................................*.*....
...**...........................................................**...
....*.*.......................................................*.*....
.....*.........................................................*.....
............................*...........*............................
...........................*.*.........*.*...........................
...........................*.*.........*.*...........................
............................*...........*............................
.....................................................................
.....................................................................
.....................................................................
.....................................................................
.....................................................................
.....................................................................
.....................................................................
.....................................................................
.....................................................................
.....................................................................
.....................................................................
.....................................................................
.....................................................................
.....................................................................
.....................................................................
.......................***...***.....***...***.......................
.....................................................................
.....................................................................
.....................................................................
.....................................................................
.....................................................................
.....................................................................
.....................................................................
.....................................................................
.....................................................................
.....................................................................
.....................................................................
.....................................................................
.....................................................................
.....................................................................
.....................................................................
............................*...........*............................
...........................*.*.........*.*...........................
...........................*.*.........*.*...........................
............................*...........*............................
.....*.........................................................*.....
....*.*.......................................................*.*....
...**...........................................................**...
....*.*.......................................................*.*....
....*.*.....**.........................................**.....*.*....
....*.......****........**...*.........*...**........****.......*....
.....**......**.*..**...**....*.......*....**...**..*.**......**.....
................*****.**..**...*.....*...**..**.*****................
........*.*....*.....****.*....*.....*....*.****.....*....*.*........
.....***.**....***.**......*..*.......*..*......**.***....**.***.....
.....**.*.***.......*......*..*.......*..*......*.......***.*.**.....
......**...**......*.............................*......**...**......
.......*..***..*.**...............................**.*..***..*.......
........***...*..........*.................*..........*...***........
.........*..............***...............***..............*.........
.....................................................................
.....................................................................
.....................................................................
.....................................................................
.....................................................................
.....................................................................
.....................................................................
...................**...........................**...................
.....................................................................
...................*.**.......................**.*...................
.......................*.....................*.......................
.....................*.**.*...............*.**.*.....................
.....................*...*.*.............*.*...*.....................
....................*..*.*.*.............*.*.*..*....................
....................**.*.**...............**.*.**....................
....................**.........................**....................
.....................................................................
.....................................................................
.....................................................................
.....................................................................

Generation = 323, Population = 192.
.....................................................................
.....................................................................
.....................................................................
....................**.........................**....................
....................**...*.................*...**....................
........................*.*...............*.*........................
........................*..*.............*..*........................
.........................**...............**.........................
.....................................................................
.....................................................................
.....................................................................
.....................................................................
.....................................................................
.....................................................................
.........*.................................................*.........
........*.*...............................................*.*........
........*..*.............................................*..*........
.........**...............................................**.........
.....................................................................
.....................................................................
.............*.........................................*.............
............*.*.......................................*.*............
............*.*.......................................*.*............
.............*.........................................*.............
............................***.......***............................
.....................................................................
..........................*.....*...*.....*..........................
..........................*.....*...*.....*..........................
..........................*.....*...*.....*..........................
.....*.........................................................*.....
.....*......................***.......***......................*.....
.....*.........................................................*.....
.....................................................................
.....................................................................
.....................................................................
............................*...........*............................
...........................*.*.........*.*...........................
...........................*.*.........*.*...........................
............................*...........*............................
.....................................................................
.....................................................................
.....................................................................
.....................................................................
.....................................................................
.....................................................................
.....................................................................
.....................................................................
.....................................................................
.....................................................................
.....................................................................
.....................................................................
.....................................................................
.....................................................................
.....................................................................
.......................***...***.....***...***.......................
.....................................................................
.....................................................................
.....................................................................
.....................................................................
.....................................................................
.....................................................................
.....................................................................
.....................................................................
.....................................................................
.....................................................................
.....................................................................
.....................................................................
.....................................................................
.....................................................................
.....................................................................
............................*...........*............................
...........................*.*.........*.*...........................
...........................*.*.........*.*...........................
............................*...........*............................
.....................................................................
.....................................................................
.....................................................................
.....*.........................................................*.....
.....*......................***.......***......................*.....
.....*.........................................................*.....
..........................*.....*...*.....*..........................
..........................*.....*...*.....*..........................
..........................*.....*...*.....*..........................
.....................................................................
............................***.......***............................
.............*.........................................*.............
............*.*.......................................*.*............
............*.*.......................................*.*............
.............*.........................................*.............
.....................................................................
.....................................................................
.........**...............................................**.........
........*..*.............................................*..*........
........*.*...............................................*.*........
.........*.................................................*.........
.....................................................................
.....................................................................
.....................................................................
.....................................................................
.....................................................................
.....................................................................
.........................**...............**.........................
........................*..*.............*..*........................
........................*.*...............*.*........................
....................**...*.................*...**....................
....................**.........................**....................
.....................................................................
.....................................................................
.....................................................................

Generation = 2823, Population = 192.
.....................................................................
.....................................................................
.....................................................................
....................**.........................**....................
....................**...*.................*...**....................
........................*.*...............*.*........................
........................*..*.............*..*........................
.........................**...............**.........................
.....................................................................
.....................................................................
.....................................................................
.....................................................................
.....................................................................
.....................................................................
.........*.................................................*.........
........*.*...............................................*.*........
........*..*.............................................*..*........
.........**...............................................**.........
.....................................................................
.....................................................................
.............*.........................................*.............
............*.*.......................................*.*............
............*.*.......................................*.*............
.............*.........................................*.............
............................***.......***............................
.....................................................................
..........................*.....*...*.....*..........................
..........................*.....*...*.....*..........................
..........................*.....*...*.....*..........................
.....*.........................................................*.....
.....*......................***.......***......................*.....
.....*.........................................................*.....
.....................................................................
.....................................................................
.....................................................................
............................*...........*............................
...........................*.*.........*.*...........................
...........................*.*.........*.*...........................
............................*...........*............................
.....................................................................
.....................................................................
.....................................................................
.....................................................................
.....................................................................
.....................................................................
.....................................................................
.....................................................................
.....................................................................
.....................................................................
.....................................................................
.....................................................................
.....................................................................
.....................................................................
.....................................................................
.......................***...***.....***...***.......................
.....................................................................
.....................................................................
.....................................................................
.....................................................................
.....................................................................
.....................................................................
.....................................................................
.....................................................................
.....................................................................
.....................................................................
.....................................................................
.....................................................................
.....................................................................
.....................................................................
.....................................................................
............................*...........*............................
...........................*.*.........*.*...........................
...........................*.*.........*.*...........................
............................*...........*............................
.....................................................................
.....................................................................
.....................................................................
.....*.........................................................*.....
.....*......................***.......***......................*.....
.....*.........................................................*.....
..........................*.....*...*.....*..........................
..........................*.....*...*.....*..........................
..........................*.....*...*.....*..........................
.....................................................................
............................***.......***............................
.............*.........................................*.............
............*.*.......................................*.*............
............*.*.......................................*.*............
.............*.........................................*.............
.....................................................................
.....................................................................
.........**...............................................**.........
........*..*.............................................*..*........
........*.*...............................................*.*........
.........*.................................................*.........
.....................................................................
.....................................................................
.....................................................................
.....................................................................
.....................................................................
.....................................................................
.........................**...............**.........................
........................*..*.............*..*........................
........................*.*...............*.*........................
....................**...*.................*...**....................
....................**.........................**....................
.....................................................................
.....................................................................
.....................................................................

*** Life<FredkinCell> 20x20 ***
Generation = 0, Population = 4.
--------------------
--------------------
--------------------
--------------------
--------------------
--------------------
--------------------
--------------------
--------------------
---------00---------
---------00---------
--------------------
--------------------
--------------------
--------------------
--------------------
--------------------
--------------------
--------------------
--------------------

Generation = 1, Population = 8.
--------------------
--------------------
--------------------
--------------------
--------------------
--------------------
--------------------
--------------------
---------00---------
--------0--0--------
--------0--0--------
---------00---------
--------------------
--------------------
--------------------
--------------------
--------------------
--------------------
--------------------
--------------------

Generation = 2, Population = 16.
--------------------
--------------------
--------------------
--------------------
--------------------
--------------------
--------------------
---------00---------
---------11---------
-------01--10-------
-------01--10-------
---------11---------
---------00---------
--------------------
--------------------
--------------------
--------------------
--------------------
--------------------
--------------------

*** Life<Cell> 20x20 ***
Generation = 0, Population = 6.
--------------------
--------------------
--------------------
--------------------
--------------------
--------------------
--------------------
--------------------
--------------------
---------00---------
--------0000--------
--------------------
--------------------
--------------------
--------------------
--------------------
--------------------
--------------------
--------------------
--------------------

Generation = 1, Population = 12.
--------------------
--------------------
--------------------
--------------------
--------------------
--------------------
--------------------
--------------------
---------00---------
--------------------
-------011110-------
--------0000--------
--------------------
--------------------
--------------------
--------------------
--------------------
--------------------
--------------------
--------------------

Generation = 2, Population = 24.
--------------------
--------------------
--------------------
--------------------
--------------------
--------------------
--------------------
---------00---------
--------0110--------
-------00--00-------
------01****10------
---------11---------
--------0000--------
--------------------
--------------------
--------------------
--------------------
--------------------
--------------------
--------------------

Generation = 3, Population = 32.
--------------------
--------------------
--------------------
--------------------
--------------------
--------------------
---------00---------
--------------------
---------**---------
--------1001--------
-----01*....*10-----
------000**000------
-------011110-------
--------0000--------
--------------------
--------------------
--------------------
--------------------
--------------------
--------------------

Generation = 4, Population = 28.
--------------------
--------------------
--------------------
--------------------
--------------------
---------00---------
--------0110--------
--------------------
---------..---------
-----00-*11*-00-----
----01*......*10----
--------1..1--------
--------------------
---------11---------
--------0000--------
--------------------
--------------------
--------------------
--------------------
--------------------

Generation = 5, Population = 52.
--------------------
--------------------
--------------------
--------------------
---------00---------
--------------------
-------01**10-------
--------0000--------
-----00-0**0-00-----
--------.--.--------
---01**.*..*.**10---
----0000-..-0000----
--------1111--------
--------------------
-------011110-------
--------0000--------
--------------------
--------------------
--------------------
--------------------

*** Life<ConwayCell> 15x17 ***
Generation = 0, Population = 48.
.................
.................
....***...***....
.................
..*....*.*....*..
..*....*.*....*..
..*....*.*....*..
....***...***....
.................
....***...***....
..*....*.*....*..
..*....*.*....*..
..*....*.*....*..
.................
....***...***....
.................
.................

Generation = 1, Population = 56.
.................
.....*.....*.....
.....*.....*.....
.....**...**.....
.................
.***..**.**..***.
...*.*.*.*.*.*...
.....**...**.....
.................
.....**...**.....
...*.*.*.*.*.*...
.***..**.**..***.
.................
.....**...**.....
.....*.....*.....
.....*.....*.....
.................

Generation = 2, Population = 72.
.................
.................
....**.....**....
.....**...**.....
..*..*.*.*.*..*..
..***.**.**.***..
...*.*.*.*.*.*...
....***...***....
.................
....***...***....
...*.*.*.*.*.*...
..***.**.**.***..
..*..*.*.*.*..*..
.....**...**.....
....**.....**....
.................
.................

Generation = 3, Population = 48.
.................
.................
....***...***....
.................
..*....*.*....*..
..*....*.*....*..
..*....*.*....*..
....***...***....
.................
....***...***....
..*....*.*....*..
..*....*.*....*..
..*....*.*....*..
.................
....***...***....
.................
.................

Generation = 4, Population = 56.
.................
.....*.....*.....
.....*.....*.....
.....**...**.....
.................
.***..**.**..***.
...*.*.*.*.*.*...
.....**...**.....
.................
.....**...**.....
...*.*.*.*.*.*...
.***..**.**..***.
.................
.....**...**.....
.....*.....*.....
.....*.....*.....
.................

Generation = 5, Population = 72.
.................
.................
....**.....**....
.....**...**.....
..*..*.*.*.*..*..
..***.**.**.***..
...*.*.*.*.*.*...
....***...***....
.................
....***...***....
...*.*.*.*.*.*...
..***.**.**.***..
..*..*.*.*.*..*..
.....**...**.....
....**.....**....
.................
.................

*** Life<ConwayCell> 8x17 ***
Generation = 0, Population = 5.
.................
..*..............
...*.............
.***.............
.................
.................
.................
.................

Generation = 1, Population = 5.
.................
.................
.*.*.............
..**.............
..*..............
.................
.................
.................

Generation = 2, Population = 5.
.................
.................
...*.............
.*.*.............
..**.............
.................
.................
.................

Generation = 3, Population = 5.
.................
.................
..*..............
...**............
..**.............
.................
.................
.................

Generation = 4, Population = 5.
.................
.................
...*.............
....*............
..***............
.................
.................
.................

Generation = 5, Population = 5.
.................
.................
.................
..*.*............
...**............
...*.............
.................
.................

*** Life<ConwayCell> 12x17 ***
Generation = 0, Population = 21.
**.............**
**.............**
..**.............
..**.............
.................
.................
.................
...............*.
..***..........*.
.***...........*.
.................
.................

Generation = 1, Population = 19.
**.............**
*..............**
...*.............
..**.............
.................
.................
.................
...*.............
.*..*.........***
.*..*............
..*..............
.................

Generation = 2, Population = 21.
**.............**
**.............**
..**.............
..**.............
.................
.................
.................
...............*.
..***..........*.
.***...........*.
.................
.................

Generation = 3, Population = 19.
**.............**
*..............**
...*.............
..**.............
.................
.................
.................
...*.............
.*..*.........***
.*..*............
..*..............
.................

Generation = 4, Population = 21.
**.............**
**.............**
..**.............
..**.............
.................
.................
.................
...............*.
..***..........*.
.***...........*.
.................
.................

Generation = 5, Population = 19.
**.............**
*..............**
...*.............
..**.............
.................
.................
.................
...*.............
.*..*.........***
.*..*............
..*..............
.................

*** Life<FredkinCell> 8x17 ***
Generation = 0, Population = 23.
--------0--------
--------0--------
--------0--------
00000000-00000000
--------0--------
--------0--------
--------0--------
--------0--------

Generation = 1, Population = 46.
-------010-------
-------0-0-------
0000000-1-0000000
1------1-1------1
0000000-1-0000000
-------0-0-------
-------0-0-------
-------010-------

Generation = 11, Population = 61.
30--2-2-3-2-2--03
22-2---------2-22
30-0-0-0-0-0-0-03
--333---3---333--
---0-0--3--0-0---
2-12--22-22--21-2
---0--20-02--0---
3-04-5-----5-40-3

Generation = 21, Population = 77.
-02-404050404-20-
-52-3---5---3-25-
----3-5-7-5-3----
44756---5---65744
20202--0-0--20202
5764-72-5-27-4675
---0----7----0---
-1-84945754948-1-

Generation = 31, Population = 72.
80204-------40208
9----+-----+----9
6-804-6---6-408-6
7-+--8-1-1-8--+-7
4-202-6-9-6-202-4
7----9-+9+-9----7
20408-50905-80402
-----+56965+-----

Generation = 41, Population = 78.
+----080+080----+
++--5+--+--+5--++
--+0607---7060+--
8---+++1-1+++---8
6--0---0-0---0--6
8++-5+-+++-+5-++8
-0-0+0-0+0-0+0-0-
-36+6-6---6-6+63-

*** Life<FredkinCell> 8x16 ***
Generation = 0, Population = 32.
1------88------1
-2----7--7----2-
--3--6----6--3--
---45------54---
---45------54---
--3--6----6--3--
-2----7--7----2-
1------88------1

Generation = 1, Population = 4.
-------99-------
----------------
----------------
----------------
----------------
----------------
----------------
-------99-------

Generation = 6, Population = 40.
--0121----1210--
---00--00--00---
------0--0------
------0220------
------0220------
------0--0------
---00--00--00---
--0121----1210--

Generation = 11, Population = 20.
--1----------1--
-----08--80-----
0--------------0
-------33-------
-------33-------
0--------------0
-----08--80-----
--1----------1--

Generation = 16, Population = 76.
211--22--22--112
2-1111-55-1111-2
10----4334----01
-0-56-1--1-65-0-
-0-56-1--1-65-0-
10----4334----01
2-1111-55-1111-2
211--22--22--112

Generation = 21, Population = 32.
--1--2-++-2--1--
-------55-------
---12-5--5-21---
------2--2------
------2--2------
---12-5--5-21---
-------55-------
--1--2-++-2--1--

*** Life<FredkinCell> 8x16 ***
Generation = 0, Population = 64.
0000000000000000
----------------
0000000000000000
----------------
0000000000000000
----------------
0000000000000000
----------------

Generation = 1, Population = 24.
1--------------1
----------------
1--------------1
----------------
1--------------1
----------------
1--------------1
0000000000000000

Generation = 2, Population = 20.
-0------------0-
----------------
-0------------0-
----------------
-0------------0-
----------------
2-000000000000-2
----------------

Generation = 3, Population = 44.
1-0----------0-1
----------------
1-0----------0-1
----------------
1-0----------0-1
0000000000000000
--1----------1--
0-000000000000-0

Generation = 4, Population = 20.
---0--------0---
----------------
---0--------0---
----------------
201-00000000-102
----------------
---0--------0---
----------------

Generation = 5, Population = 52.
--0-0------0-0--
----------------
--0-0------0-0--
0000000000000000
3-2-1------1-2-3
0000000000000000
--1-0------0-1--
---0--------0---

*** Life<Cell> 8x16 ***
Generation = 0, Population = 128.
0000000000000000
****************
0000000000000000
****************
0000000000000000
****************
0000000000000000
****************

Generation = 1, Population = 22.
-11111111111111-
................
1--------------1
................
1--------------1
................
1--------------1
*..............*

Generation = 2, Population = 26.
0*------------*0
.**************.
-0------------0-
................
-0------------0-
................
*0------------0*
................

Generation = 3, Population = 50.
1*-1111111111-*1
...**********...
11-0000000000-11
................
1-0----------0-1
**............**
.10----------01.
................

Generation = 4, Population = 50.
*.--********--.*
................
**--11111111--**
*.************.*
*0-0--------0-0*
*..............*
*-10--------01-*
................

Generation = 5, Population = 46.
..-1.******.1-..
**............**
**---******---**
................
*101-000000-101*
*..*........*..*
.-*10------01*-.
................

*** Life<Cell> 8x16 ***
Generation = 0, Population = 9.
................
................
.......**.......
......*4-*......
......*--*......
.......**.......
................
................

Generation = 1, Population = 11.
................
................
......***.......
......*-0*......
......*0-*......
.......**.......
................
................

Generation = 2, Population = 11.
................
.......*........
......*.**......
.....*.--*......
......*--*......
......***.......
................
................

Generation = 3, Population = 17.
................
.......**.......
......****......
.....**--**.....
.....**--*......
......***.......
.......*........
................

Generation = 4, Population = 12.
................
......*..*......
.....*....*.....
.......--.*.....
.......--**.....
.....*..*.......
......***.......
................

Generation = 5, Population = 12.
................
................
.........**.....
.......--.**....
.......--**.....
......*.*.......
......***.......
.......*........

*** Life<Cell> 8x16 ***
Generation = 0, Population = 28.
......****......
.....*....*.....
....*..**..*....
....*.*--*.*....
....*.*--*.*....
....*..**..*....
.....*....*.....
......****......

Generation = 1, Population = 36.
......****......
.....*....*.....
....*.****.*....
...**.*--*.**...
...**.*--*.**...
....*.****.*....
.....*....*.....
......****......

Generation = 2, Population = 32.
......****......
.....*....*.....
...**.****.**...
......*--*......
......*--*......
...**.****.**...
.....*....*.....
......****......

Generation = 3, Population = 32.
......****......
....**....**....
....*.****.*....
......*--*......
......*--*......
....*.****.*....
....**....**....
......****......

Generation = 4, Population = 32.
.....******.....
....*......*....
....*.****.*....
......*--*......
......*--*......
....*.****.*....
....*......*....
.....******.....

Generation = 5, Population = 28.
.....******.....
....*......*....
......****......
......*--*......
......*--*......
......****......
....*......*....
.....******.....

*** Life<Cell> 8x16 ***
Generation = 0, Population = 28.
......*00*......
.....*....*.....
....*..**..*....
....4.*--*.3....
....3.*--*.4....
....*..**..*....
.....*....*.....
......*00*......

Generation = 1, Population = 28.
......*--*......
.....*....*.....
....*.****.*....
...*-.*--*.-*...
...*-.*--*.-*...
....*.****.*....
.....*....*.....
......*--*......

Generation = 2, Population = 28.
.......00.......
.....*....*.....
....*.****.*....
...*-.*--*.-*...
...*-.*--*.-*...
....*.****.*....
.....*....*.....
.......00.......

Generation = 3, Population = 28.
.......11.......
.....*....*.....
....*.****.*....
...*-.*--*.-*...
...*-.*--*.-*...
....*.****.*....
.....*....*.....
.......11.......

Generation = 4, Population = 28.
.......**.......
.....*....*.....
....*.****.*....
...*-.*--*.-*...
...*-.*--*.-*...
....*.****.*....
.....*....*.....
.......**.......

Generation = 5, Population = 24.
................
.....*....*.....
....*.****.*....
...*-.*--*.-*...
...*-.*--*.-*...
....*.****.*....
.....*....*.....
................

