*** Life<ConwayCell> 12x17 ***
Generation = 0, Population = 21.
**.............**
**.............**
..**.............
..**.............
.................
.................
.................
...............*.
..***..........*.
.***...........*.
.................
.................

Generation = 1, Population = 19.
**.............**
*..............**
...*.............
..**.............
.................
.................
.................
...*.............
.*..*.........***
.*..*............
..*..............
.................

Generation = 2, Population = 21.
**.............**
**.............**
..**.............
..**.............
.................
.................
.................
...............*.
..***..........*.
.***...........*.
.................
.................

Generation = 3, Population = 19.
**.............**
*..............**
...*.............
..**.............
.................
.................
.................
...*.............
.*..*.........***
.*..*............
..*..............
.................

Generation = 4, Population = 21.
**.............**
**.............**
..**.............
..**.............
.................
.................
.................
...............*.
..***..........*.
.***...........*.
.................
.................

Generation = 5, Population = 19.
**.............**
*..............**
...*.............
..**.............
.................
.................
.................
...*.............
.*..*.........***
.*..*............
..*..............
.................

