*** Life<Cell> 8x16 ***
Generation = 0, Population = 9.
................
................
.......**.......
......*4-*......
......*--*......
.......**.......
................
................

Generation = 1, Population = 11.
................
................
......***.......
......*-0*......
......*0-*......
.......**.......
................
................

Generation = 2, Population = 11.
................
.......*........
......*.**......
.....*.--*......
......*--*......
......***.......
................
................

Generation = 3, Population = 17.
................
.......**.......
......****......
.....**--**.....
.....**--*......
......***.......
.......*........
................

Generation = 4, Population = 12.
................
......*..*......
.....*....*.....
.......--.*.....
.......--**.....
.....*..*.......
......***.......
................

Generation = 5, Population = 12.
................
................
.........**.....
.......--.**....
.......--**.....
......*.*.......
......***.......
.......*........

