*** Life<Cell> 8x16 ***
Generation = 0, Population = 128.
0000000000000000
****************
0000000000000000
****************
0000000000000000
****************
0000000000000000
****************

Generation = 1, Population = 22.
-11111111111111-
................
1--------------1
................
1--------------1
................
1--------------1
*..............*

Generation = 2, Population = 26.
0*------------*0
.**************.
-0------------0-
................
-0------------0-
................
*0------------0*
................

Generation = 3, Population = 50.
1*-1111111111-*1
...**********...
11-0000000000-11
................
1-0----------0-1
**............**
.10----------01.
................

Generation = 4, Population = 50.
*.--********--.*
................
**--11111111--**
*.************.*
*0-0--------0-0*
*..............*
*-10--------01-*
................

Generation = 5, Population = 46.
..-1.******.1-..
**............**
**---******---**
................
*101-000000-101*
*..*........*..*
.-*10------01*-.
................

