*** Life<ConwayCell> 8x17 ***
Generation = 0, Population = 5.
.................
..*..............
...*.............
.***.............
.................
.................
.................
.................

Generation = 1, Population = 5.
.................
.................
.*.*.............
..**.............
..*..............
.................
.................
.................

Generation = 2, Population = 5.
.................
.................
...*.............
.*.*.............
..**.............
.................
.................
.................

Generation = 3, Population = 5.
.................
.................
..*..............
...**............
..**.............
.................
.................
.................

Generation = 4, Population = 5.
.................
.................
...*.............
....*............
..***............
.................
.................
.................

Generation = 5, Population = 5.
.................
.................
.................
..*.*............
...**............
...*.............
.................
.................

