*** Life<Cell> 8x16 ***
Generation = 0, Population = 28.
......****......
.....*....*.....
....*..**..*....
....*.*--*.*....
....*.*--*.*....
....*..**..*....
.....*....*.....
......****......

Generation = 1, Population = 36.
......****......
.....*....*.....
....*.****.*....
...**.*--*.**...
...**.*--*.**...
....*.****.*....
.....*....*.....
......****......

Generation = 2, Population = 32.
......****......
.....*....*.....
...**.****.**...
......*--*......
......*--*......
...**.****.**...
.....*....*.....
......****......

Generation = 3, Population = 32.
......****......
....**....**....
....*.****.*....
......*--*......
......*--*......
....*.****.*....
....**....**....
......****......

Generation = 4, Population = 32.
.....******.....
....*......*....
....*.****.*....
......*--*......
......*--*......
....*.****.*....
....*......*....
.....******.....

Generation = 5, Population = 28.
.....******.....
....*......*....
......****......
......*--*......
......*--*......
......****......
....*......*....
.....******.....

