*** Life<ConwayCell> 15x17 ***
Generation = 0, Population = 48.
.................
.................
....***...***....
.................
..*....*.*....*..
..*....*.*....*..
..*....*.*....*..
....***...***....
.................
....***...***....
..*....*.*....*..
..*....*.*....*..
..*....*.*....*..
.................
....***...***....
.................
.................

Generation = 1, Population = 56.
.................
.....*.....*.....
.....*.....*.....
.....**...**.....
.................
.***..**.**..***.
...*.*.*.*.*.*...
.....**...**.....
.................
.....**...**.....
...*.*.*.*.*.*...
.***..**.**..***.
.................
.....**...**.....
.....*.....*.....
.....*.....*.....
.................

Generation = 2, Population = 72.
.................
.................
....**.....**....
.....**...**.....
..*..*.*.*.*..*..
..***.**.**.***..
...*.*.*.*.*.*...
....***...***....
.................
....***...***....
...*.*.*.*.*.*...
..***.**.**.***..
..*..*.*.*.*..*..
.....**...**.....
....**.....**....
.................
.................

Generation = 3, Population = 48.
.................
.................
....***...***....
.................
..*....*.*....*..
..*....*.*....*..
..*....*.*....*..
....***...***....
.................
....***...***....
..*....*.*....*..
..*....*.*....*..
..*....*.*....*..
.................
....***...***....
.................
.................

Generation = 4, Population = 56.
.................
.....*.....*.....
.....*.....*.....
.....**...**.....
.................
.***..**.**..***.
...*.*.*.*.*.*...
.....**...**.....
.................
.....**...**.....
...*.*.*.*.*.*...
.***..**.**..***.
.................
.....**...**.....
.....*.....*.....
.....*.....*.....
.................

Generation = 5, Population = 72.
.................
.................
....**.....**....
.....**...**.....
..*..*.*.*.*..*..
..***.**.**.***..
...*.*.*.*.*.*...
....***...***....
.................
....***...***....
...*.*.*.*.*.*...
..***.**.**.***..
..*..*.*.*.*..*..
.....**...**.....
....**.....**....
.................
.................

