*** Life<FredkinCell> 8x16 ***
Generation = 0, Population = 64.
0000000000000000
----------------
0000000000000000
----------------
0000000000000000
----------------
0000000000000000
----------------

Generation = 1, Population = 24.
1--------------1
----------------
1--------------1
----------------
1--------------1
----------------
1--------------1
0000000000000000

Generation = 2, Population = 20.
-0------------0-
----------------
-0------------0-
----------------
-0------------0-
----------------
2-000000000000-2
----------------

Generation = 3, Population = 44.
1-0----------0-1
----------------
1-0----------0-1
----------------
1-0----------0-1
0000000000000000
--1----------1--
0-000000000000-0

Generation = 4, Population = 20.
---0--------0---
----------------
---0--------0---
----------------
201-00000000-102
----------------
---0--------0---
----------------

Generation = 5, Population = 52.
--0-0------0-0--
----------------
--0-0------0-0--
0000000000000000
3-2-1------1-2-3
0000000000000000
--1-0------0-1--
---0--------0---

