*** Life<FredkinCell> 8x17 ***
Generation = 0, Population = 23.
--------0--------
--------0--------
--------0--------
00000000-00000000
--------0--------
--------0--------
--------0--------
--------0--------

Generation = 1, Population = 46.
-------010-------
-------0-0-------
0000000-1-0000000
1------1-1------1
0000000-1-0000000
-------0-0-------
-------0-0-------
-------010-------

Generation = 11, Population = 61.
30--2-2-3-2-2--03
22-2---------2-22
30-0-0-0-0-0-0-03
--333---3---333--
---0-0--3--0-0---
2-12--22-22--21-2
---0--20-02--0---
3-04-5-----5-40-3

Generation = 21, Population = 77.
-02-404050404-20-
-52-3---5---3-25-
----3-5-7-5-3----
44756---5---65744
20202--0-0--20202
5764-72-5-27-4675
---0----7----0---
-1-84945754948-1-

Generation = 31, Population = 72.
80204-------40208
9----+-----+----9
6-804-6---6-408-6
7-+--8-1-1-8--+-7
4-202-6-9-6-202-4
7----9-+9+-9----7
20408-50905-80402
-----+56965+-----

Generation = 41, Population = 78.
+----080+080----+
++--5+--+--+5--++
--+0607---7060+--
8---+++1-1+++---8
6--0---0-0---0--6
8++-5+-+++-+5-++8
-0-0+0-0+0-0+0-0-
-36+6-6---6-6+63-

