*** Life<FredkinCell> 8x16 ***
Generation = 0, Population = 32.
1------88------1
-2----7--7----2-
--3--6----6--3--
---45------54---
---45------54---
--3--6----6--3--
-2----7--7----2-
1------88------1

Generation = 1, Population = 4.
-------99-------
----------------
----------------
----------------
----------------
----------------
----------------
-------99-------

Generation = 6, Population = 40.
--0121----1210--
---00--00--00---
------0--0------
------0220------
------0220------
------0--0------
---00--00--00---
--0121----1210--

Generation = 11, Population = 20.
--1----------1--
-----08--80-----
0--------------0
-------33-------
-------33-------
0--------------0
-----08--80-----
--1----------1--

Generation = 16, Population = 76.
211--22--22--112
2-1111-55-1111-2
10----4334----01
-0-56-1--1-65-0-
-0-56-1--1-65-0-
10----4334----01
2-1111-55-1111-2
211--22--22--112

Generation = 21, Population = 32.
--1--2-++-2--1--
-------55-------
---12-5--5-21---
------2--2------
------2--2------
---12-5--5-21---
-------55-------
--1--2-++-2--1--

