*** Life<Cell> 8x16 ***
Generation = 0, Population = 28.
......*00*......
.....*....*.....
....*..**..*....
....4.*--*.3....
....3.*--*.4....
....*..**..*....
.....*....*.....
......*00*......

Generation = 1, Population = 28.
......*--*......
.....*....*.....
....*.****.*....
...*-.*--*.-*...
...*-.*--*.-*...
....*.****.*....
.....*....*.....
......*--*......

Generation = 2, Population = 28.
.......00.......
.....*....*.....
....*.****.*....
...*-.*--*.-*...
...*-.*--*.-*...
....*.****.*....
.....*....*.....
.......00.......

Generation = 3, Population = 28.
.......11.......
.....*....*.....
....*.****.*....
...*-.*--*.-*...
...*-.*--*.-*...
....*.****.*....
.....*....*.....
.......11.......

Generation = 4, Population = 28.
.......**.......
.....*....*.....
....*.****.*....
...*-.*--*.-*...
...*-.*--*.-*...
....*.****.*....
.....*....*.....
.......**.......

Generation = 5, Population = 24.
................
.....*....*.....
....*.****.*....
...*-.*--*.-*...
...*-.*--*.-*...
....*.****.*....
.....*....*.....
................

