*** Life<ConwayCell> Glider ***

Generation = 0, Population = 5.
..*.................
*.*.................
.**.................
....................
....................
....................
....................
....................
....................
....................
....................
....................
....................
....................
....................
....................
....................
....................
....................
....................

Generation = 1, Population = 5.
.*..................
..**................
.**.................
....................
....................
....................
....................
....................
....................
....................
....................
....................
....................
....................
....................
....................
....................
....................
....................
....................

Generation = 2, Population = 5.
..*.................
...*................
.***................
....................
....................
....................
....................
....................
....................
....................
....................
....................
....................
....................
....................
....................
....................
....................
....................
....................

Generation = 3, Population = 5.
....................
.*.*................
..**................
..*.................
....................
....................
....................
....................
....................
....................
....................
....................
....................
....................
....................
....................
....................
....................
....................
....................

Generation = 4, Population = 5.
....................
...*................
.*.*................
..**................
....................
....................
....................
....................
....................
....................
....................
....................
....................
....................
....................
....................
....................
....................
....................
....................

Generation = 8, Population = 5.
....................
....................
....*...............
..*.*...............
...**...............
....................
....................
....................
....................
....................
....................
....................
....................
....................
....................
....................
....................
....................
....................
....................

Generation = 12, Population = 5.
....................
....................
....................
.....*..............
...*.*..............
....**..............
....................
....................
....................
....................
....................
....................
....................
....................
....................
....................
....................
....................
....................
....................

Generation = 16, Population = 5.
....................
....................
....................
....................
......*.............
....*.*.............
.....**.............
....................
....................
....................
....................
....................
....................
....................
....................
....................
....................
....................
....................
....................

Generation = 20, Population = 5.
....................
....................
....................
....................
....................
.......*............
.....*.*............
......**............
....................
....................
....................
....................
....................
....................
....................
....................
....................
....................
....................
....................

Generation = 28, Population = 5.
....................
....................
....................
....................
....................
....................
....................
.........*..........
.......*.*..........
........**..........
....................
....................
....................
....................
....................
....................
....................
....................
....................
....................

Generation = 36, Population = 5.
....................
....................
....................
....................
....................
....................
....................
....................
....................
...........*........
.........*.*........
..........**........
....................
....................
....................
....................
....................
....................
....................
....................

Generation = 44, Population = 5.
....................
....................
....................
....................
....................
....................
....................
....................
....................
....................
....................
.............*......
...........*.*......
............**......
....................
....................
....................
....................
....................
....................

Generation = 52, Population = 5.
....................
....................
....................
....................
....................
....................
....................
....................
....................
....................
....................
....................
....................
...............*....
.............*.*....
..............**....
....................
....................
....................
....................