*** Life<Cell> Rings ***

Generation = 0, Population = 44.
---------------------------
---------------------------
---------------------------
---------------------------
---------------------------
---------------------------
----------0000000----------
---------0-------0---------
--------0---------0--------
-------0----000----0-------
-------0---0---0---0-------
-------0---0---0---0-------
-------0---0---0---0-------
-------0----000----0-------
--------0---------0--------
---------0-------0---------
----------0000000----------
---------------------------
---------------------------
---------------------------
---------------------------
---------------------------
---------------------------

Generation = 1, Population = 72.
---------------------------
---------------------------
---------------------------
---------------------------
---------------------------
----------0000000----------
----------1-----1----------
-----------00000-----------
------------000------------
------01----1-1----10------
------0-0-01-0-10-0-0------
------0-0-0-0-0-0-0-0------
------0-0-01-0-10-0-0------
------01----1-1----10------
------------000------------
-----------00000-----------
----------1-----1----------
----------0000000----------
---------------------------
---------------------------
---------------------------
---------------------------
---------------------------

Generation = 2, Population = 88.
---------------------------
---------------------------
---------------------------
---------------------------
----------0000000----------
---------0-------0---------
---------0*0---0*0---------
-----------11111-----------
------00----111----00------
-----0-*--0-*-*-0--*-0-----
-----0-01--*---*--10-0-----
-----0---------------0-----
-----0-01--*---*--10-0-----
-----0-*--0-*-*-0--*-0-----
------00----111----00------
-----------11111-----------
---------0*0---0*0---------
---------0-------0---------
----------0000000----------
---------------------------
---------------------------
---------------------------
---------------------------

Generation = 3, Population = 124.
---------------------------
---------------------------
---------------------------
----------0000000----------
----------1-----1----------
--------010-000-010--------
--------0-.--0--.-0--------
------00-0--***--0-00------
------1-0-0-***-0-0-1------
----010.-0-0*0*0-0-.010----
----0---*0-*---*-0*---0----
----0-0-------------0-0----
----0---*0-*---*-0*---0----
----010.-0-0*0*0-0-.010----
------1-0-0-***-0-0-1------
------00-0--***--0-00------
--------0-.--0--.-0--------
--------010-000-010--------
----------1-----1----------
----------0000000----------
---------------------------
---------------------------
---------------------------

Generation = 4, Population = 116.
---------------------------
---------------------------
----------0000000----------
---------0-------0---------
--------0---------0--------
-------0----111----0-------
------0-10*-0-0-*01-0------
-----0-1---1...1---1-0-----
----0--0---0...0---0--0----
---0---.010-.1.-010.---0---
---0---0*--*-0-*--*0---0---
---0---0-----------0---0---
---0---0*--*-0-*--*0---0---
---0---.010-.1.-010.---0---
----0--0---0...0---0--0----
-----0-1---1...1---1-0-----
------0-10*-0-0-*01-0------
-------0----111----0-------
--------0---------0--------
---------0-------0---------
----------0000000----------
---------------------------
---------------------------

Generation = 5, Population = 148.
---------------------------
----------0000000----------
----------1-----1----------
-----------00000-----------
------------000------------
--------0100---0010--------
--------*-*01010*-*--------
------0*-0-**.**-0-*0------
------11-0-1*.*1-0-11------
--01---.--10.*.01--.---10--
--0-0-0-.--.-1-.--.-0-0-0--
--0-0-0-0---------0-0-0-0--
--0-0-0-.--.-1-.--.-0-0-0--
--01---.--10.*.01--.---10--
------11-0-1*.*1-0-11------
------0*-0-**.**-0-*0------
--------*-*01010*-*--------
--------0100---0010--------
------------000------------
-----------00000-----------
----------1-----1----------
----------0000000----------
---------------------------

Generation = 6, Population = 170.
----------0000000----------
---------0-------0---------
---------0*0---0*0---------
-----------11111-----------
--------0010-1-0100--------
-------0--1-1-1-1--0-------
------0-.-.-*-*-.-.-0------
-----0-.010.....010.-0-----
--00-0---10*...*01---0-00--
-0-*---*--*-.*.-*--*---*-0-
-0-01-10.-0.0*0.0-.01-10-0-
-0-------0-------0-------0-
-0-01-10.-0.0*0.0-.01-10-0-
-0-*---*--*-.*.-*--*---*-0-
--00-0---10*...*01---0-00--
-----0-.010.....010.-0-----
------0-.-.-*-*-.-.-0------
-------0--1-1-1-1--0-------
--------0010-1-0100--------
-----------11111-----------
---------0*0---0*0---------
---------0-------0---------
----------0000000----------