*** Life<FredkinCell> Rings ***

Generation = 0, Population = 44.
---------------------------
---------------------------
---------------------------
---------------------------
---------------------------
---------------------------
----------0000000----------
---------0-------0---------
--------0---------0--------
-------0----000----0-------
-------0---0---0---0-------
-------0---0---0---0-------
-------0---0---0---0-------
-------0----000----0-------
--------0---------0--------
---------0-------0---------
----------0000000----------
---------------------------
---------------------------
---------------------------
---------------------------
---------------------------
---------------------------

Generation = 1, Population = 72.
---------------------------
---------------------------
---------------------------
---------------------------
---------------------------
----------0000000----------
----------1-----1----------
-----------00000-----------
------------000------------
------01----1-1----10------
------0-0-01-0-10-0-0------
------0-0-0-0-0-0-0-0------
------0-0-01-0-10-0-0------
------01----1-1----10------
------------000------------
-----------00000-----------
----------1-----1----------
----------0000000----------
---------------------------
---------------------------
---------------------------
---------------------------
---------------------------

Generation = 2, Population = 88.
---------------------------
---------------------------
---------------------------
---------------------------
----------0000000----------
---------0-------0---------
---------020---020---------
-----------11111-----------
------00----111----00------
-----0-2--0-2-2-0--2-0-----
-----0-01--2---2--10-0-----
-----0---------------0-----
-----0-01--2---2--10-0-----
-----0-2--0-2-2-0--2-0-----
------00----111----00------
-----------11111-----------
---------020---020---------
---------0-------0---------
----------0000000----------
---------------------------
---------------------------
---------------------------
---------------------------

Generation = 3, Population = 120.
---------------------------
---------------------------
---------------------------
----------0000000----------
----------1-----1----------
--------010-000-010--------
--------0----0----0--------
------00-0--222--0-00------
------1-0-0-222-0-0-1------
----010--0-03030-0--010----
----0---20-------02---0----
----0-0-------------0-0----
----0---20-------02---0----
----010--0-03030-0--010----
------1-0-0-222-0-0-1------
------00-0--222--0-00------
--------0----0----0--------
--------010-000-010--------
----------1-----1----------
----------0000000----------
---------------------------
---------------------------
---------------------------

Generation = 4, Population = 140.
---------------------------
---------------------------
----------0000000----------
---------0-------0---------
--------0---------0--------
-------0----111----0-------
------0-102-0-0-201-0------
-----0-1---1---1---1-0-----
----0--0---03-30---0--0----
---0---2010141410102---0---
---0---03-0200020-30---0---
---0---0-----------0---0---
---0---03-0200020-30---0---
---0---2010141410102---0---
----0--0---03-30---0--0----
-----0-1---1---1---1-0-----
------0-102-0-0-201-0------
-------0----111----0-------
--------0---------0--------
---------0-------0---------
----------0000000----------
---------------------------
---------------------------

Generation = 5, Population = 166.
---------------------------
----------0000000----------
----------1-----1----------
-----------00000-----------
------------000------------
--------0100---0010--------
--------2-3010103-2--------
------02-0-22-22-0-20------
------1--0-1-2-1-0--1------
--01--031-1--2--1-130--10--
--0-0-01-0-31113-0-10-0-0--
--0-0-0-0---------0-0-0-0--
--0-0-01-0-31113-0-10-0-0--
--01--031-1--2--1-130--10--
------1--0-1-2-1-0--1------
------02-0-22-22-0-20------
--------2-3010103-2--------
--------0100---0010--------
------------000------------
-----------00000-----------
----------1-----1----------
----------0000000----------
---------------------------

Generation = 6, Population = 198.
----------0000000----------
---------0-------0---------
---------020---020---------
-----------11111-----------
--------0010-1-0100--------
-------0--1-1-1-1--0-------
------0-3---2-2---3-0------
-----0-30103---30103-0-----
--00-0-0-102333201-0-0-00--
-0-2-1142--1---1--2411-2-0-
-0-01-1---04-2-40---1-10-0-
-0-------0-------0-------0-
-0-01-1---04-2-40---1-10-0-
-0-2-1142--1---1--2411-2-0-
--00-0-0-102333201-0-0-00--
-----0-30103---30103-0-----
------0-3---2-2---3-0------
-------0--1-1-1-1--0-------
--------0010-1-0100--------
-----------11111-----------
---------020---020---------
---------0-------0---------
----------0000000----------