*** Life<FredkinCell> Triangle ***

Generation = 0, Population = 12.
-----------
-----------
-----------
-----0-----
----0-0----
---0---0---
--0000000--
-----------
-----------
-----------

Generation = 1, Population = 20.
-----------
-----------
-----0-----
-----------
-----0-----
---10001---
-011---110-
--0000000--
-----------
-----------

Generation = 2, Population = 28.
-----------
-----0-----
----0-0----
-----------
---0-1-0---
-0---1---0-
01220-02210
---1---1---
--0000000--
-----------

Generation = 3, Population = 48.
-----0-----
-----------
---0-0-0---
---00000---
-00--2--00-
-1---2---1-
12-31013-21
000-000-000
-011---110-
--0000000--

Generation = 4, Population = 32.
----0-0----
---0---0---
--0101010--
-0-------0-
0-1-----1-0
---1---1---
-3242-2423-
-----1-----
----0-0----
---1---1---

Generation = 5, Population = 46.
-----------
---10001---
--12---21--
--0000000--
-0-------0-
0102---2010
14-53035-41
-0010-0100-
-----0-----
--0-----0--

Generation = 6, Population = 38.
---00000---
-----------
-0-30-03-0-
---1---1---
-11-020-11-
-----2-----
-5-64-46-5-
---2---2---
-0-1---1-0-
-0-1-0-1-0-