*** Life<ConwayCell> Diehard ***

Generation = 0, Population = 7.
..............................
..............................
..............................
..............................
..............................
..............................
.................*............
...........**.................
............*...***...........
..............................
..............................
..............................
..............................
..............................
..............................
..............................
..............................
..............................
..............................
..............................
..............................
..............................
..............................
..............................
..............................

Generation = 30, Population = 15.
..............................
..............................
..............................
..............................
..............................
..............................
...........***...***..........
..........*...*...............
..........*...*...............
..........*...*...............
...........***................
..............................
..............................
..............................
..............................
..............................
..............................
..............................
..............................
..............................
..............................
..............................
..............................
..............................
..............................

Generation = 60, Population = 33.
..............................
..............................
..............................
..............................
..............................
..............................
..............................
.............**...............
...........*..*...*...........
........****......*...........
.........*...**.**............
.........*.*..***.............
.........****..**.............
..........*..**...............
...........***................
............*.................
..............................
..............................
..............................
..............................
..............................
..............................
..............................
..............................
..............................

Generation = 90, Population = 27.
..............................
..............................
..............................
..............................
..............................
..............................
..............................
.........*....................
........***...................
........****..................
.......*......................
.......**.....................
.......***....................
............*.*...............
............*.*...............
.........*..***...............
.........*....................
........*.*...................
.........*....................
.........*....................
..............................
..............................
..............................
..............................
..............................

Generation = 120, Population = 11.
..............................
..............................
..............................
..............................
..............................
..............................
..............................
..............................
..............................
..............................
..............................
..............................
..............................
..............................
..............................
...........**.................
...........***................
...........**.................
..........***.................
..........*...................
..............................
..............................
..............................
..............................
..............................

Generation = 127, Population = 5.
..............................
..............................
..............................
..............................
..............................
..............................
..............................
..............................
..............................
..............................
..............................
..............................
..............................
..............................
..............................
..............................
..............................
...........*..................
..........*..*................
...........**.................
..............................
..............................
..............................
..............................
..............................

Generation = 128, Population = 3.
..............................
..............................
..............................
..............................
..............................
..............................
..............................
..............................
..............................
..............................
..............................
..............................
..............................
..............................
..............................
..............................
..............................
..............................
..........*...................
...........**.................
..............................
..............................
..............................
..............................
..............................

Generation = 129, Population = 2.
..............................
..............................
..............................
..............................
..............................
..............................
..............................
..............................
..............................
..............................
..............................
..............................
..............................
..............................
..............................
..............................
..............................
..............................
...........*..................
...........*..................
..............................
..............................
..............................
..............................
..............................

Generation = 130, Population = 0.
..............................
..............................
..............................
..............................
..............................
..............................
..............................
..............................
..............................
..............................
..............................
..............................
..............................
..............................
..............................
..............................
..............................
..............................
..............................
..............................
..............................
..............................
..............................
..............................
..............................

Generation = 131, Population = 0.
..............................
..............................
..............................
..............................
..............................
..............................
..............................
..............................
..............................
..............................
..............................
..............................
..............................
..............................
..............................
..............................
..............................
..............................
..............................
..............................
..............................
..............................
..............................
..............................
..............................