*** Life<FredkinCell> Box ***

Generation = 0, Population = 12.
----------
----------
---0000---
---0--0---
---0--0---
---0000---
----------
----------
----------
----------

Generation = 1, Population = 16.
----------
---0000---
--0----0--
--0----0--
--0----0--
--0----0--
---0000---
----------
----------
----------

Generation = 2, Population = 32.
---0000---
---1--1---
-01-00-10-
-0-0--0-0-
-0-0--0-0-
-01-00-10-
---1--1---
---0000---
----------
----------

Generation = 3, Population = 44.
--0----0--
-0-2002-0-
0-2-11-2-0
0-01--10-0
0-01--10-0
0-2-11-2-0
-0-2002-0-
--0----0--
---0000---
----------

Generation = 4, Population = 34.
----00----
---3113---
103----301
--1----1--
--1----1--
103----301
---3113---
---0--0---
---1--1---
---0000---

Generation = 5, Population = 34.
----------
00-4224-00
2---11---2
0--1--1--0
0--1--1--0
2---11---2
00------00
--0----0--
--0----0--
--0----0--

Generation = 6, Population = 50.
00-0000-00
-1-5335-1-
---0--0---
-012--210-
-012--210-
----22----
-1--11--1-
0-10--01-0
-0-1--1-0-
-010--010-