*** Life<Cell> Box ***

Generation = 0, Population = 12.
----------
----------
---0000---
---0--0---
---0--0---
---0000---
----------
----------
----------
----------

Generation = 1, Population = 16.
----------
---0000---
--0----0--
--0----0--
--0----0--
--0----0--
---0000---
----------
----------
----------

Generation = 2, Population = 32.
---0000---
---1--1---
-01-00-10-
-0-0--0-0-
-0-0--0-0-
-01-00-10-
---1--1---
---0000---
----------
----------

Generation = 3, Population = 44.
--0----0--
-0-*00*-0-
0-*-11-*-0
0-01--10-0
0-01--10-0
0-*-11-*-0
-0-*00*-0-
--0----0--
---0000---
----------

Generation = 4, Population = 26.
----00----
---.11.---
10.----.01
--1----1--
--1----1--
10.----.01
---.11.---
---0--0---
---1--1---
---0000---

Generation = 5, Population = 44.
---0--0---
00-.--.-00
*1.-11-.1*
0-*1--1*-0
0-*1--1*-0
*1.-11-.1*
00-.**.-00
--01--10--
--0----0--
--0----0--

Generation = 6, Population = 30.
000-00-000
--0.11.0--
.-.-**-.-.
-0.----.0-
-0.----.0-
.-.----.-.
---....---
0--*--*--0
-0------0-
-010--010-