*** Life<Cell> Triangle ***

Generation = 0, Population = 12.
-----------
-----------
-----------
-----0-----
----0-0----
---0---0---
--0000000--
-----------
-----------
-----------

Generation = 1, Population = 20.
-----------
-----------
-----0-----
-----------
-----0-----
---10001---
-011---110-
--0000000--
-----------
-----------

Generation = 2, Population = 28.
-----------
-----0-----
----0-0----
-----------
---0-1-0---
-0---1---0-
01**0-0**10
---1---1---
--0000000--
-----------

Generation = 3, Population = 48.
-----0-----
-----------
---0-0-0---
---00000---
-00--*--00-
-1---*---1-
1*.*101*.*1
000-000-000
-011---110-
--0000000--

Generation = 4, Population = 28.
----0-0----
---0---0---
--0101010--
-0-------0-
0-1--.--1-0
---1-.-1---
-..**-**..-
-----1-----
----0-0----
---1---1---

Generation = 5, Population = 34.
-----------
---10001---
--1*---*1--
--0000000--
-0---.---0-
0--*-.-*--0
-..**0**..-
---10-01---
-----0-----
--0-----0--

Generation = 6, Population = 34.
---00000---
-----------
-0-.0-0.-0-
---1---1---
----0*0----
--0*-*-*0--
1.*..-..*.1
--0-----0--
--11---11--
-0-1-0-1-0-