*** Life<Cell> 5x5 ***

Generation = 0, Population = 15.
*****
-----
*****
-----
*****

Generation = 1, Population = 9.
.***.
-----
.***.
-----
.***.

Generation = 2, Population = 3.
..*..
-----
..*..
-----
..*..

Generation = 3, Population = 0.
.....
-----
.....
-----
.....

Generation = 4, Population = 0.
.....
-----
.....
-----
.....

Generation = 5, Population = 0.
.....
-----
.....
-----
.....

Generation = 6, Population = 0.
.....
-----
.....
-----
.....

Generation = 7, Population = 0.
.....
-----
.....
-----
.....

Generation = 8, Population = 0.
.....
-----
.....
-----
.....

Generation = 9, Population = 0.
.....
-----
.....
-----
.....

Generation = 10, Population = 0.
.....
-----
.....
-----
.....

Generation = 11, Population = 0.
.....
-----
.....
-----
.....

Generation = 12, Population = 0.
.....
-----
.....
-----
.....

Generation = 13, Population = 0.
.....
-----
.....
-----
.....

Generation = 14, Population = 0.
.....
-----
.....
-----
.....

Generation = 15, Population = 0.
.....
-----
.....
-----
.....
