*** Life<Cell> 10x5 ***

Generation = 0, Population = 30.
-----
-----
*****
-----
-----
00000
00000
00000
00000
*****

Generation = 1, Population = 29.
-----
00000
.***.
00000
00000
-111-
1---1
1---1
1---1
*...*

Generation = 2, Population = 20.
00000
11111
.....
-----
-----
0-*-0
*-0-*
-0-0-
-0-0-
.....

Generation = 3, Population = 26.
-111-
-***-
.***.
-----
0-0-0
1-.-1
*010*
-101-
11-11
.....

Generation = 4, Population = 26.
0-*-0
1...1
.*.*.
00-00
1---1
--.--
*1*1*
1*1*1
*-0-*
.....

Generation = 5, Population = 23.
1-.-1
*.*.*
.*.*.
-----
*---*
-1*1-
**.**
*.-.*
*111*
.....

Generation = 6, Population = 25.
*1.1*
*.*.*
.***.
00-00
.-0-.
1-.-1
*...*
..1..
*---*
.***.

Generation = 7, Population = 22.
*****
*...*
.....
1---1
*---*
*1.1*
.*.*.
.*-*.
.---.
.***.

Generation = 8, Population = 20.
*****
*.*.*
.....
*0-0*
*---*
*-.-*
.*.*.
..-..
.-1-.
..*..

Generation = 9, Population = 21.
*.*.*
*.*.*
*.*.*
*1-1*
*---*
*-.-*
.....
..1..
.1*1.
.....

Generation = 10, Population = 22.
.....
*.*.*
*.*.*
**0**
*---*
.1.1.
.....
.***.
.***.
..*..

Generation = 11, Population = 17.
.....
.....
*...*
*.1.*
*000*
.-.-.
.*.*.
.*.*.
.....
.***.

Generation = 12, Population = 13.
.....
.....
.*.*.
*.*.*
*-1-*
*-.-*
.....
.....
.*.*.
..*..

Generation = 13, Population = 13.
.....
.....
.***.
*.*.*
*-*-*
.1.1.
.....
.....
..*..
..*..

Generation = 14, Population = 12.
.....
..*..
.***.
*...*
*0*0*
.-*-.
.....
.....
.....
.....

Generation = 15, Population = 12.
.....
.***.
.***.
*...*
*-*-*
.-*-.
.....
.....
.....
.....
