*** Life<Cell> 5x5 ***

Generation = 0, Population = 15.
00000
-----
*****
-----
00000

Generation = 1, Population = 7.
1---1
-----
.***.
-----
1---1

Generation = 2, Population = 15.
-0-0-
00000
..*..
00000
-0-0-

Generation = 3, Population = 16.
-101-
11111
.....
11111
-101-

Generation = 4, Population = 12.
--1--
*****
.....
*****
--1--

Generation = 5, Population = 12.
1-*-1
.***.
.....
.***.
1-*-1

Generation = 6, Population = 12.
-1*1-
.***.
.....
.***.
-1*1-

Generation = 7, Population = 8.
1-.-1
.*.*.
.....
.*.*.
1-.-1

Generation = 8, Population = 0.
--.--
.....
.....
.....
--.--

Generation = 9, Population = 0.
--.--
.....
.....
.....
--.--

Generation = 10, Population = 0.
--.--
.....
.....
.....
--.--

Generation = 11, Population = 0.
--.--
.....
.....
.....
--.--

Generation = 12, Population = 0.
--.--
.....
.....
.....
--.--

Generation = 13, Population = 0.
--.--
.....
.....
.....
--.--

Generation = 14, Population = 0.
--.--
.....
.....
.....
--.--

Generation = 15, Population = 0.
--.--
.....
.....
.....
--.--
