*** Life<Cell> 5x10 ***

Generation = 0, Population = 20.
-----00000
-----.....
*****00000
-----.....
-----*****

Generation = 1, Population = 22.
----01---1
00000.....
.****----1
00000.....
----0.***.

Generation = 2, Population = 26.
000--*0-0-
11111.....
.....0--0
11111..**.
000-1*.*..

Generation = 3, Population = 22.
-1---*1--1
-**-*.**..
.....-0-11
-**--..**.
-1-0-****.

Generation = 4, Population = 21.
0*---*--0-
1**-.....*
...*.01--*
1**--*....
0*0--.*.*.

Generation = 5, Population = 18.
-.--0.10--
-.*-***.**
...**-*01.
-..-1*.*..
-.-0-.....

Generation = 6, Population = 14.
-.001.-1-1
-..1.....*
.....-.1-*
-..1-*.**.
-.0--.....

Generation = 7, Population = 18.
-.11*.1--*
-.***....*
....*0**1*
-..--.***.
-.---.....

Generation = 8, Population = 13.
-.-***-10.
-.*......*
....*-..**
-..-1....*
-.---..*..

Generation = 9, Population = 15.
-.-**.-*1.
-....*.*.*
...*.0..**
-..1*....*
-.--1.....

Generation = 10, Population = 17.
-.1.*.1**.
-..*.*.*.*
...*.1*..*
-..-.*..**
-.--*.....

Generation = 11, Population = 18.
-.-******.
-.**.....*
.....*.*.*
-..1.**.**
-.-0......

Generation = 12, Population = 23.
-.-******.
-.**.....*
..**.*.*.*
-..*.*****
-.01*.....

Generation = 13, Population = 20.
-.-******.
-........*
.....*.*.*
-....*.*.*
-.1******.

Generation = 14, Population = 16.
-.1.*****.
-........*
.........*
-..*.....*
-.****.**.

Generation = 15, Population = 17.
-.-..****.
-....***.*
........**
-.**.....*
-.***...*.
