*** Life<Cell> 10x10 ***

Generation = 0, Population = 15.
----------
-----*****
*****-----
-----*****
----------

Generation = 1, Population = 31.
-----00000
0000-****.
.****0----
0000-****.
-----00000

Generation = 2, Population = 30.
00000-1111
111-0....*
.....10---
111-0....*
00000-1111

Generation = 3, Population = 18.
-11---*---
-*-01....*
....**10--
-*-01....*
-11---*---

Generation = 4, Population = 24.
0-*-00.1-1
1*11-..*..
......-10-
1*11-..*..
0-*-00.1-1

Generation = 5, Population = 26.
11*011**--
-.**-..*..
......1*10
-.**-..*..
11*011**--

Generation = 6, Population = 14.
*-.1--**1-
1...-.....
......*.-1
1...-.....
*-.1--**1-

Generation = 7, Population = 19.
.1.-11.**1
*...-.*.*.
........1-
*...-.*.*.
.1.-11.**1

Generation = 8, Population = 21.
.-.1******
....1**...
........-1
....1**...
.-.1******

Generation = 9, Population = 11.
.-.*...**.
...*-....*
........1-
...*-....*
.-.*...**.

Generation = 10, Population = 9.
.-......*.
....1..*.*
........-1
....1..*.*
.-......*.

Generation = 11, Population = 5.
.-......*.
....-....*
........1-
....-....*
.-......*.

Generation = 12, Population = 5.
.-........
....-...**
........-1
....-...**
.-........

Generation = 13, Population = 5.
.-........
....-...**
........1-
....-...**
.-........

Generation = 14, Population = 6.
.-........
....-...**
.......*-1
....-...**
.-........

Generation = 15, Population = 5.
.-........
....-...**
.......*--
....-...**
.-........
