*** Life<ConwayCell> 30x69 ***

Generation = 0,  Population = 56.
***...............................................................***
***.................................................................*
***.................................................................*
.....................................................................
.....................................................................
...................................*.................................
...................................*.................................
...................................*.................................
.....................................................................
.....................................................................
.....................................................................
.....................................................................
.....................................................................
..............***................****.............***................
.................................****................................
.................................****................................
.....................................................................
.....................................................................
.....................................................................
.....................................................................
.....................................................................
...................................*.................................
...................................*.................................
...................................*.................................
.....................................................................
.....................................................................
.....................................................................
***...............................................................***
***...............................................................***
***...............................................................***


Generation = 10,  Population = 41.
..*................................................................**
.*.*...............................................................**
*..*.................................................................
.**..................................................................
.....................................................................
...................................*.................................
...................................*.................................
...................................*.................................
.....................................................................
.....................................................................
.....................................................................
.....................................................................
.....................................................................
..............***.................................***................
..............................**......**.............................
.....................................................................
.....................................................................
.....................................................................
.....................................................................
.....................................................................
.....................................................................
...................................*.................................
...................................*.................................
...................................*.................................
.....................................................................
.....................................................................
.**...............................................................**.
*..*.............................................................*..*
.*.*.............................................................*.*.
..*...............................................................*..


Generation = 20,  Population = 37.
..*................................................................**
.*.*...............................................................**
*..*.................................................................
.**..................................................................
.....................................................................
...................................*.................................
...................................*.................................
...................................*.................................
.....................................................................
.....................................................................
.....................................................................
.....................................................................
.....................................................................
..............***.................................***................
.....................................................................
.....................................................................
.....................................................................
.....................................................................
.....................................................................
.....................................................................
.....................................................................
...................................*.................................
...................................*.................................
...................................*.................................
.....................................................................
.....................................................................
.**...............................................................**.
*..*.............................................................*..*
.*.*.............................................................*.*.
..*...............................................................*..

