*** Life<FredkinCell> 30x69 ***

Generation = 0,  Population = 48.
000---------------------------------------------------------------000
000---------------------------------------------------------------000
000---------------------------------------------------------------000
---------------------------------------------------------------------
---------------------------------------------------------------------
---------------------------------------------------------------------
---------------------------------------------------------------------
---------------------------------------------------------------------
---------------------------------------------------------------------
---------------------------------------------------------------------
---------------------------------------------------------------------
---------------------------------------------------------------------
---------------------------------000---------------------------------
---------------------------------000---------------------------------
---------------------------------000---------------------------------
---------------------------------000---------------------------------
---------------------------------------------------------------------
---------------------------------------------------------------------
---------------------------------------------------------------------
---------------------------------------------------------------------
---------------------------------------------------------------------
---------------------------------------------------------------------
---------------------------------------------------------------------
---------------------------------------------------------------------
---------------------------------------------------------------------
---------------------------------------------------------------------
---------------------------------------------------------------------
000---------------------------------------------------------------000
000---------------------------------------------------------------000
000---------------------------------------------------------------000


Generation = 10,  Population = 368.
--050-----010-------------------------------------------010-----050--
--236-----210-------------------------------------------012-----632--
02-4-70-03-10--------------------000--------------------01-30-07-4-20
534-322-111----------------------111----------------------111-223-435
06-3-00-000--------------------01-2-10--------------------000-00-3-60
--720--------------------------01-1-10--------------------------027--
--020--------------------------01-2-10--------------------------020--
-------------------------------01-3-10-------------------------------
--010----------------------------131----------------------------010--
--310----------------------------212----------------------------013--
02-10--------------------000-------------000--------------------01-20
111----------------------111-------------111----------------------111
000--------------------01-3-20---------02-3-10--------------------000
-----------------------01-1-31---------13-1-10-----------------------
-----------------------01-1-31---------13-1-10-----------------------
-----------------------01-3-20---------02-3-10-----------------------
-------------------------111-------------111-------------------------
000----------------------000-------------000----------------------000
111------------------------------212------------------------------111
02-10----------------------------131----------------------------01-20
--310--------------------------01-3-10--------------------------013--
--010--------------------------01-2-10--------------------------010--
-------------------------------01-1-10-------------------------------
--020--------------------------01-2-10--------------------------020--
--720----------------------------111----------------------------027--
06-3-00-000----------------------000----------------------000-00-3-60
534-322-111-----------------------------------------------111-223-435
02-4-70-03-10-------------------------------------------01-30-07-4-20
--236-----210-------------------------------------------012-----632--
--050-----010-------------------------------------------010-----050--


Generation = 19,  Population = 316.
---------2-6-3---2-2-0--------0-4---4-0--------0-2-2---3-6-2---------
---------13---3-3---10--------01--3--10--------01---3-3---31---------
---------3-----------0--------0---5---0--------0-----------3---------
----------3---3-2---0----------0-----0----------0---2-3---3----------
-----------2-1---1-0------------2-4-2------------0-1---1-2-----------
------------000-000--------------212--------------000-000------------
---------------------------------------------------------------------
---------------------------------------------------------------------
030---------------------------------------------------------------030
3-42-------------000-----------------------------000-------------24-3
02-30-----------0-1-0---------------------------0-1-0-----------03-20
6---31---------0-----1-------------------------1-----0---------13---6
3---0---------0--0-0--3-----------------------3--0-0--0---------0---3
31-20---------012---421-----------------------124---210---------02-13
-1-3-0--------012---421-----------------------124---210--------0-3-1-
-1-3-0--------0--0-0--3-----------------------3--0-0--0--------0-3-1-
31-20----------0-----1-------------------------1-----0----------02-13
3---0-----------0-1-0---------------------------0-1-0-----------0---3
6---31-----------000-----------------------------000-----------13---6
02-30-----------------------------------------------------------03-20
3-42-------------------------------------------------------------24-3
030---------------------------------------------------------------030
---------------------------------------------------------------------
---------------------------------------------------------------------
------------000-000-------------------------------000-000------------
-----------2-1---1-0-------------121-------------0-1---1-2-----------
----------3---3-2---0-----------23-32-----------0---2-3---3----------
---------3-----------0---------01-2-10---------0-----------3---------
---------13---3-3---10--------01-4-4-10--------01---3-3---31---------
---------2-6-3---2-2-0---------000-000---------0-2-2---3-6-2---------


Generation = 20,  Population = 336.
--------030---------010------010-232-010------010---------030--------
--------324---------210------012-545-210------012---------423--------
--------040---------010------010-161-010------010---------040--------
---------------------------------------------------------------------
------------020-020--------------050--------------020-020------------
------------111-111--------------323--------------111-111------------
------------000-000--------------121--------------000-000------------
211---------------------------------------------------------------112
-----------------000-----------------------------000-----------------
-----------------111-----------------------------111-----------------
130--------------020-----------------------------020--------------031
----421----------111-----------------------------111----------124----
-------------010-----040---------------------040-----010-------------
-------------012-----323---------------------323-----210-------------
----110------012-----323---------------------323-----210------011----
----110------010-----040---------------------040-----010------011----
-----------------111-----------------------------111-----------------
-----------------020-----------------------------020-----------------
----421----------111-----------------------------111----------124----
130--------------000-----------------------------000--------------031
---------------------------------------------------------------------
---------------------------------------------------------------------
211---------------------------------------------------------------112
------------000-000-------------------------------000-000------------
------------111-111--------------131--------------111-111------------
------------020-020-------------------------------020-020------------
---------------------------------------------------------------------
--------040---------010-----------------------010---------040--------
--------324---------210------012-515-210------012---------423--------
--------030---------010-----------------------010---------030--------


Generation = 29,  Population = 877.
-2-8------------0-1---2---23-121--5--121-32---2---1-0------------8-2-
-3-5------------33-6-3-4-2--321--8-8--123--2-4-3-6-33------------5-3-
021-0+0---------14-5--3---43-131--+--131-34---3--5-41---------0+0-120
---1-6-0-----4706-5-4---200-023-------320-002---4-5-6074-----0-6-1---
---43-11----0-3-16151-31-003--5---+---5--300-13-15161-3-0----11-34---
---2-2-1----73-32---03--200--2-6-8-8-6-2--002--30---23-37----1-2-2---
----000-030-05-35---11---001--3---8---3--100---11---53-50-030-000----
-------0--2-1-4-3021-1---12---------------21---1-1203-4-1-2--0-------
-------2---403200-322-1-1-3---3---9---3---3-1-1-223-002304---2-------
-------13---3---24----1024-4-1-3-7-7-3-1-4-4201----42---3---31-------
----------22-20-16--22-012-2--2---8---2--2-210-22--61-02-22----------
-----3413-212-6--3-----11-5-1-----------1-5-11-----3--6-212-3143-----
----2-3-031-----3-5-3-8-40704-8---7---8-40704-8-3-5-3-----130-3-2----
----02-30--36--4--3355-77---77-5-3-3-5-77---77-5533--4--63--03-20----
----15-53-----3---2355-77---77-5--1--5-77---77-5532---3-----35-51----
----1-2-2002-3-1-1--3-8-40704-8-3---3-8-40704-8-3--1-1-3-2002-2-1----
-----0000-141-40---211411-5-113022-220311-5-114112---04-141-0000-----
--------11----1-2---1---12-21----333----12-21---1---2-1----11--------
--------33--24-0--33-00-24-41-----------14-42-00-33--0-42--33--------
---------1-----01-512-1-1-3-1010-151-0101-3-1-1-215-10-----1---------
-------1--1-3-3-222----1012011-3-6-6-3-1102101----222-3-3-1--1-------
-------22-3205-35--32---0----113-121-311----0---23--53-5023-22-------
-------0-2-012-34-----21-00---------------00-12-----43-210-2-0-------
----000-030-0-2-22030-211-1--030-030-030--1-112-03022-2-0-030-000----
---2-2-1-----2303-6-000--00--2-4-+-+-4-2--00--000-6-3032-----1-2-2---
---43-11--------16-40--0--3--000-121-000--3--0--04-61--------11-34---
---1-6-0--------66-24---100-010-------010-001---42-66--------0-6-1---
021-0+0---------0-1-0701-11---1--020--1---11-1070-1-0---------0+0-120
-3-5-------------12363-4-4--331--7-7--133--4-4-36321-------------5-3-
-2-8-----------------302-12---1--010--1---21-203-----------------8-2-


Generation = 30,  Population = 876.
13-90----------213--------343-324---423-343--------312----------09-31
--26-36--------14-47------324-233---332-423------74-41--------63-62--
132-1+1------70-2-26----11-4-2-22---22-2-4-11----62-2-07------1+1-231
73-2-7-16----58-7-6-53--311-134-------431-113--35-6-7-85----61-7-2-37
--154-220--61-4-2-2-2042-1-4-06-------60-4-1-2402-2-2-4-16--022-451--
--83-3-2-1438-3-3-3-1---3-112-----------211-3---1-3-3-3-8341-2-3-38--
----111-1---1-1-6-1--21--1-21-----------12-1--12--1-6-1-1---1-111----
----21-1--30--5-4-3--2----3---------------3----2--3-4-5--03--1-12----
------0----5--3-1--330202-4---------------4-202033--1-3--5----0------
------5-400140--3--2---1--25-------------52--1---2--3--041004-5------
-----40--1---3---7343301--43-------------34--1033437---3---1--04-----
-----45--332327034---1--2-6-21---------12-6-2--1---430723233--54-----
---23-4-1--0--4--26040--5-8-50---------05-8-5--04062--4--0--1-4-32---
---21-0-1--471---244--3-8-2-8-36-----63-8-2-8-3--442---174--1-0-12---
---72-1-4-0-2--3---4--3-8-2-8-36-----63-8-2-8-3--4---3--2-0-4-1-27---
---72-3-3-1-1--2---0--9-5-8-5-9-4-4-4-9-5-8-5-9--0---2--1-1-3-3-27---
-----11-1--521---133--5-2-6-2-4-3-5-3-4-2-6-2-5--331---125--1-11-----
-----23-2--2--2--13120--2-4-2-00-----00-2-4-2--02131--2--2--2-32-----
-------1-423353132---1--3-2-2-00-----00-2-2-3--1---231353324-1-------
-------1-2---2---1623020--4-21---------12-4--0203261---2---2-1-------
------52--2241--3--4---2--3-22---------22-3--2---4--3--1422--25------
------0330-3--1-6--4300010-0-------------0-0100034--6-1--3-0330------
----21-1-3----3-5-3--2---1-0-------------0-1---2--3-5-3----3-1-12----
----111-14141-3-3-1--2322--01-----------10--2232--1-3-3-14141-111----
--83-3-2-14--34-4-7-1--0-1100-----------0011-0--1-7-4-43--41-2-3-38--
--154-220----60-2-2-1----0-0-11-------11-0-0----1-2-2-06----022-451--
73-2-7-16------07-4-5-30211-121-------121-11203-5-4-70------61-7-2-37
132-1+1--------11-2-18--12-0-0-01---10-0-0-21--81-2-11--------1+1-231
--26-36----------23-74----134-231---132-431----47-32----------63-62--
13-90------------206------302-200---002-203------602------------09-31


Generation = 40,  Population = 472.
----572-260---------052-35-83-354---453-38-53-250---------062-275----
--------------------645-54-67-85+---+58-76-45-546--------------------
----3+1-0+0---------083-16-71-372---273-17-61-380---------0+0-1+3----
768-5+6-657-----------------------------------------------756-6+5-867
5--6------------------------166-41-14-661------------------------6--5
-493------------------------745-8-4-8-547------------------------394-
2--5------------------------133-6-9-6-331------------------------5--2
-444-------------------------------------------------------------444-
273-------------------------123-42-24-321-------------------------372
----------------------------221-5-7-5-122----------------------------
579-------------------------112-6-+-6-211-------------------------975
75+---------------------------------------------------------------+57
---372---320---------------------------------------------023---273---
---775---244-------------434-------------434-------------442---577---
---+88---223-------------434-------------434-------------322---88+---
---864---032---------------------------------------------230---468---
---------------------------------------------------------------------
-------------------------252-------------252-------------------------
95+----------------------434-------------434----------------------+59
53+-------------------------344-33-33-443-------------------------+35
-575------------------------244-46-64-442------------------------575-
4--3------------------------111-4-4-4-111------------------------3--4
-354-----------------------------535-----------------------------453-
4--6------------------------123-24-42-321------------------------6--4
----------------------------546-8+-+8-645----------------------------
5+4-------------------------071-1-3-1-170-------------------------4+5
768-5+6-657----------------------616----------------------756-6+5-867
----3+1-0+0---------290-17-32-151---151-23-71-092---------0+0-1+3----
--------------------755-56-77-859---958-77-65-557--------------------
----572-260---------040-03-42-230---032-24-30-040---------062-275----


Generation = 140,  Population = 820.
+++-----+++-+++------+9++++--9++-+++-++9--++++9+------+++-+++-----+++
+++-----+++-+++------++++++--+++-+++-+++--++++++------+++-+++-----+++
+++-----++8-9++------++++++--+++-+++-+++--++++++------++9-8++-----+++
---------------------+++-----++9-----9++-----+++---------------------
+++-+++-----+++--++++++-----------------------++++++--+++-----+++-+++
+++-+++-----+++--++++++-----------------------++++++--+++-----+++-+++
+++-+++-----++5--8+++++-----------------------+++++8--5++-----+++-+++
-----------------+++-----------------------------+++-----------------
+++-++6-+++--+++8++----------+++-----+++----------++8+++--+++-6++-+++
+++-+++-+++--++9+++----------+++-----+++----------+++9++--+++-+++-+++
+++-+++-+++--++9+++----------+++-----+++----------+++9++--+++-+++-+++
+++----------+++-------------++6-----6++-------------+++----------+++
+++-+++-+--++++--+++-----+++-------------+++-----+++--++++--+-+++-+++
+++-+++-+--++++--+++-----+++-------------+++-----+++--++++--+-+++-+++
----+++-+--++++--+++-----+++-------------+++-----+++--++++--+-+++----
----+++-+--++++--+++-----+++-------------+++-----+++--++++--+-+++----
+++-+++-+++-+--7-------------++5-----5++-------------7--+-+++-+++-+++
+++-+++-+++-+--8-------------+++-----+++-------------8--+-+++-+++-+++
+++----------+++-------------+++-----+++-------------+++----------+++
+++-+++-+++--++++++----------+++-----+++----------++++++--+++-+++-+++
+++-+++-+++-----+--+-----------------------------+--+-----+++-+++-+++
+++-+++-+++-----+--+-----------------------------+--+-----+++-+++-+++
-----------------+++-----------------------------+++-----------------
++9-+++-----9++--++++++-----------------------++++++--++9-----+++-9++
+++-+++-----+++-----+--+-----+++-----+++-----+--+-----+++-----+++-+++
+++-+++-----++9-----+--+-----+++-----+++-----+--+-----9++-----+++-+++
---------------------+++-----+++-----+++-----+++---------------------
+++-----+++-8+8------++++++--+++-----+++--++++++------8+8-+++-----+++
+++-----+++-+++---------+++------+++------+++---------+++-+++-----+++
+++-----+++-+++---------+++---------------+++---------+++-+++-----+++

