*** Life<Cell> 30x69 ***

Generation = 0,  Population = 48.
---------------------------------000---------------------------------
---------------------------------000---------------------------------
---------------------------------------------------------------------
---------------------------------------------------------------------
---------------------------------------------------------------------
---------------------------------------------------------------------
---------------------------------------------------------------------
---------------------------------------------------------------------
---------------------------------------------------------------------
---------------------------------------------------------------------
---------------------------------------------------------------------
000---------------------------------------------------------------000
000---------------------------------------------------------------000
000---------------------------------------------------------------000
000---------------------------------------------------------------000
000---------------------------------------------------------------000
000---------------------------------------------------------------000
---------------------------------------------------------------------
---------------------------------------------------------------------
---------------------------------------------------------------------
---------------------------------------------------------------------
---------------------------------------------------------------------
---------------------------------------------------------------------
---------------------------------------------------------------------
---------------------------------------------------------------------
---------------------------------------------------------------------
---------------------------------------------------------------------
---------------------------------------------------------------------
---------------------------------000---------------------------------
---------------------------------000---------------------------------


Generation = 10,  Population = 370.
-----------------------01-*0-1.**...**.1-0*-10-----------------------
000--------------------010.-.-.*..-..*.-.-.010--------------------000
111----------------------1111*.-1...1-.*1111----------------------111
0*-10--------------------000-1**-*1*-**1-000--------------------01-*0
*1.10-------------------------1--1.1--1-------------------------01.1*
-.*10-------------------------0-.-1-.-0-------------------------01*.-
.*.-0----------------------------*.*----------------------------0-.*.
-.---0---------------------------1*1---------------------------0---.-
.-*.-1-------------------------011.110-------------------------1-.*-.
*..*-*--000--------------------010-010--------------------000--*-*..*
**111---111----------------------111----------------------111---111**
**.--.---.-10--------------------000--------------------01-.---.--.**
**..**1..--10-------------------------------------------01--..1**..**
*....1.-.1*10-------------------------------------------01*1.-.1....*
*....1.-.1*10-------------------------------------------01*1.-.1....*
**..**1..--10-------------------------------------------01--..1**..**
**.--.---.-10-------------------------------------------01-.---.--.**
**111---111-----------------------------------------------111---111**
*..*-*--000----------------------000----------------------000--*-*..*
.-*.-1---------------------------111---------------------------1-.*-.
-.---0-------------------------010-010-------------------------0---.-
.*.-0--------------------------011.110--------------------------0-.*.
-.*10----------------------------1*1----------------------------01*.-
*1.10----------------------------*.*----------------------------01.1*
0*-10-------------------------0-.-1-.-0-------------------------01-*0
111---------------------------1--1.1--1---------------------------111
000----------------------000-1**-*1*-**1-000----------------------000
-------------------------1111*.-1...1-.*1111-------------------------
-----------------------010.-.-.*..-..*.-.-.010-----------------------
-----------------------01-*0-1.**...**.1-0*-10-----------------------


Generation = 60,  Population = 278.
.................**...............................**.................
.................*.*.............................*.*.................
..................***...........................***..................
..*.........-.....*..*.........................*..*.....-.........*..
..*............***.***..**.................**..***.***............*..
..*............*.........**.......-.......**.........*............*..
..............-..*.......*.................*.......*..-..............
..............***...*...*...*...........*...*...*...***..............
..............**...*..*....*.*.........*.*....*..*...**..............
...............*.......*...*..*.......*..*...*.......*...............
...............****....**.**..*.......*..**.**....****...............
...........********........**.**.....**.**........********...........
...........*..**.*....****.....*.....*.....****....*.**..*...........
............*...**.**...*.*...11..-..11...*.*...**.**...*............
..............**...*..*.*....*...---...*....*.*..*...**..............
..............*..**..**.*.*.*....---....*.*.*.**..**..*..............
...............***......***.**.-..-..-.**.***......***...............
.....................*.-.***.............***.-.*.....................
.......................*.*....*.......*....*.*.......................
......................**.*.*.*.........*.*.*.**......................
......................**...**...........**...**......................
.....................*.........................*.....................
.........-.....-.....*.........................*.....-.....-.........
.....................*.*....*...........*....*.*.....................
-............................*....-....*............................-
.....-..................***..*.........*..***..................-.....
........................***.**.........**.***........................
....--....................*.**.........**.*....................--....
....-..*....................*...........*....................*..-....
......-*.................-.................-.................*-......


Generation = 110,  Population = 198.
.........................*.................*.........................
........................**.................**........................
.......................***.................***.......................
..*...............................................................*..
..*.......................****.........****.......................*..
..*......................*...**...-...**...*......................*..
.........................*...***.....***...*.........................
..........**......**.........**.......**.........**......**..........
..........**..*..*.*.........*.........*.........*.*..*..**..........
.....*.......*****.*...*.....................*...*.*****.......*.....
....**.......*.........................................*.......**....
...**.*........*..*...............................*..*........*.**...
.....*.........***...........*.........*...........***.........*.....
.............................*....-....*.............................
...............................*..-..*...............................
..............................**..-..**..............................
.............................**.*.-.*.**.............................
.............................**.**.**.**.............................
............................**...*.*...**............................
.............................**.**.**.**.............................
.....................................................................
.....................................................................
.........-.....-...**...........................**...-.....-.........
...................**...........................**...................
-.........................*....***-***....*.........................-
.....-...................**..**.*...*.**..**...................-.....
.......................**..*.....*.*.....*..**.......................
....--.................**.**...**...**...**.**.................--....
....-..................*..**.............**..*..................-....
......-.................**.................**.................-......

