*** Life<ConwayCell> 40x100 ***

Generation = 0,  Population = 240.
*..................*...................*...................*...................*...................*
*..................*...................*...................*...................*...................*
*..................*...................*...................*...................*...................*
*..................*...................*...................*...................*...................*
*..................*...................*...................*...................*...................*
*..................*...................*...................*...................*...................*
*..................*...................*...................*...................*...................*
*..................*...................*...................*...................*...................*
*..................*...................*...................*...................*...................*
*..................*...................*...................*...................*...................*
*..................*...................*...................*...................*...................*
*..................*...................*...................*...................*...................*
*..................*...................*...................*...................*...................*
*..................*...................*...................*...................*...................*
*..................*...................*...................*...................*...................*
*..................*...................*...................*...................*...................*
*..................*...................*...................*...................*...................*
*..................*...................*...................*...................*...................*
*..................*...................*...................*...................*...................*
*..................*...................*...................*...................*...................*
*..................*...................*...................*...................*...................*
*..................*...................*...................*...................*...................*
*..................*...................*...................*...................*...................*
*..................*...................*...................*...................*...................*
*..................*...................*...................*...................*...................*
*..................*...................*...................*...................*...................*
*..................*...................*...................*...................*...................*
*..................*...................*...................*...................*...................*
*..................*...................*...................*...................*...................*
*..................*...................*...................*...................*...................*
*..................*...................*...................*...................*...................*
*..................*...................*...................*...................*...................*
*..................*...................*...................*...................*...................*
*..................*...................*...................*...................*...................*
*..................*...................*...................*...................*...................*
*..................*...................*...................*...................*...................*
*..................*...................*...................*...................*...................*
*..................*...................*...................*...................*...................*
*..................*...................*...................*...................*...................*
*..................*...................*...................*...................*...................*


Generation = 10,  Population = 436.
....................................................................................................
....................................................................................................
...................*...................*...................*...................*....................
..............**.......**.........**.......**.........**.......**.........**.......**...............
....**.......*.....*.....*.......*.....*.....*.......*.....*.....*.......*.....*.....*........**....
....*.*......*.....*.....*.......*.....*.....*.......*.....*.....*.......*.....*.....*.......*.*....
.....*........***.....***.........***.....***.........***.....***.........***.....***.........*.....
.....*........................................................................................*.....
...*.**.****...............*...*...............*...*...............*...*...............*...*.**.*...
..*....*....*.............*.*.*.*.............*.*.*.*.............*.*.*.*.............*.*.*.*....*..
..*..........*...........*.......*...........*.......*...........*.......*...........*...........*..
..*..........*...........*.......*...........*.......*...........*.......*...........*...........*..
..*..........*...........*.......*...........*.......*...........*.......*...........*...........*..
..*..........*...........*.......*...........*.......*...........*.......*...........*...........*..
..*..........*...........*.......*...........*.......*...........*.......*...........*...........*..
..*..........*...........*.......*...........*.......*...........*.......*...........*...........*..
..*..........*...........*.......*...........*.......*...........*.......*...........*...........*..
..*..........*...........*.......*...........*.......*...........*.......*...........*...........*..
..*..........*...........*.......*...........*.......*...........*.......*...........*...........*..
..*..........*...........*.......*...........*.......*...........*.......*...........*...........*..
..*..........*...........*.......*...........*.......*...........*.......*...........*...........*..
..*..........*...........*.......*...........*.......*...........*.......*...........*...........*..
..*..........*...........*.......*...........*.......*...........*.......*...........*...........*..
..*..........*...........*.......*...........*.......*...........*.......*...........*...........*..
..*..........*...........*.......*...........*.......*...........*.......*...........*...........*..
..*..........*...........*.......*...........*.......*...........*.......*...........*...........*..
..*..........*...........*.......*...........*.......*...........*.......*...........*...........*..
..*..........*...........*.......*...........*.......*...........*.......*...........*...........*..
..*..........*...........*.......*...........*.......*...........*.......*...........*...........*..
..*..........*...........*.......*...........*.......*...........*.......*...........*...........*..
..*....*....*.............*.*.*.*.............*.*.*.*.............*.*.*.*.............*.*.*.*....*..
...*.**.****...............*...*...............*...*...............*...*...............*...*.**.*...
.....*........................................................................................*.....
.....*........***.....***.........***.....***.........***.....***.........***.....***.........*.....
....*.*......*.....*.....*.......*.....*.....*.......*.....*.....*.......*.....*.....*.......*.*....
....**.......*.....*.....*.......*.....*.....*.......*.....*.....*.......*.....*.....*........**....
..............**.......**.........**.......**.........**.......**.........**.......**...............
...................*...................*...................*...................*....................
....................................................................................................
....................................................................................................


Generation = 20,  Population = 482.
....................................................................................................
....................................................................................................
....................................................................................................
....................................................................................................
.......................***.......***.......***.......***.......***.......***.......***..............
.......................***.......***.......***.......***.......***.......***.......***..............
....................................................................................................
...*...................**.........**.......**.........**.......**.........**.......**........***....
...*.*....*...***.....**..*.....*..**.....**..*.....*..**.....**..*.....*..**.....**..*......**.**..
..*....**.*...*.*........**.....**...........**.....**...........**.....**...........**......**.**..
.....***......**........***.....***.........***.....***.........***.....***.........***........***..
...*..*.......................................................................................**....
.....*....*....................................................................................*....
.**.*....*.*...................................................................................*..*.
...........**..................................................................................*....
*.....*....*...**......................................................................*.....*.....*
*....*.....*...*.*......*.*.....*.*.........*.*.....*.*.........*.*.....*.*............*..***.*....*
*..........*......*..*...............*...*...............*...*...............*...*.....*...........*
*..........*...*....*.*....*...*....*.*.*.*....*...*....*.*.*.*....*...*....*.*.*.*....*...........*
*..........*...*...........*...*...............*...*...............*...*...........*...*...........*
*..........*...*...........*...*...............*...*...............*...*...........*...*...........*
*..........*...*....*.*....*...*....*.*.*.*....*...*....*.*.*.*....*...*....*.*.*.*....*...........*
*..........*......*..*...............*...*...............*...*...............*...*.....*...........*
*....*.....*...*.*......*.*.....*.*.........*.*.....*.*.........*.*.....*.*............*..***.*....*
*.....*....*...**......................................................................*.....*.....*
...........**..................................................................................*....
.**.*....*.*...................................................................................*..*.
.....*....*....................................................................................*....
...*..*.......................................................................................**....
.....***......**........***.....***.........***.....***.........***.....***.........***........***..
..*....**.*...*.*........**.....**...........**.....**...........**.....**...........**......**.**..
...*.*....*...***.....**..*.....*..**.....**..*.....*..**.....**..*.....*..**.....**..*......**.**..
...*...................**.........**.......**.........**.......**.........**.......**........***....
....................................................................................................
.......................***.......***.......***.......***.......***.......***.......***..............
.......................***.......***.......***.......***.......***.......***.......***..............
....................................................................................................
....................................................................................................
....................................................................................................
....................................................................................................


Generation = 30,  Population = 314.
....................................................................................................
.........................*.......*...........*.......*...........*.......*...........*..............
........................***.....***.........***.....***.........***.....***.........***.............
......................**.**.....**.**.....**.**.....**.**.....**.**.....**.**.....**.**.............
....................................................................................................
......................*.*.........*.*.....*.*.........*.*.....*.*.........*.*.....*.*...............
.......................*...........*.......*...........*.......*...........*.......*................
...............*....................................................................................
.........**...*.*...................................................................................
......**.**..*..*...................................................................................
.......*.**...**....................................................................................
..***..*......**....................................................................................
..***.........***...................................................................................
.............*..*.............................................................................*.....
.*.**...**...*....*..........................................................................*.*....
.*.**....**.**....*...........................................................................**....
..*....*.....*....*.................................................................................
.......*...*.....*..................................................................................
...............*...........*...*...............*...*...............*...*............................
............*.**.*........*.*.*.*.............*.*.*.*.............*.*.*.*...........................
............*.**.*........*.*.*.*.............*.*.*.*.............*.*.*.*...........................
...............*...........*...*...............*...*...............*...*............................
.......*...*.....*..................................................................................
..*....*.....*....*.................................................................................
.*.**....**.**....*...........................................................................**....
.*.**...**...*....*..........................................................................*.*....
.............*..*.............................................................................*.....
..***.........***...................................................................................
..***..*......**....................................................................................
.......*.**...**....................................................................................
......**.**..*..*...................................................................................
.........**...*.*...................................................................................
...............*....................................................................................
.......................*...........*.......*...........*.......*...........*.......*................
......................*.*.........*.*.....*.*.........*.*.....*.*.........*.*.....*.*...............
....................................................................................................
......................**.**.....**.**.....**.**.....**.**.....**.**.....**.**.....**.**.............
........................***.....***.........***.....***.........***.....***.........***.............
.........................*.......*...........*.......*...........*.......*...........*..............
....................................................................................................


Generation = 40,  Population = 376.
..........................***.***.............***.***.............***.***.............***...........
.....................*.*.*..*.*..*.*.*...*.*.*..*.*..*.*.*...*.*.*..*.*..*.*.*...*.*.*.*.*..........
.........................*.**.**.*...........*.**.**.*...........*.**.**.*...........*...**.........
.........................**.....**...........**.....**...........**.....**...........**.**..........
.....................**.**.......**.**...**.**.......**.**...**.**.......**.**...**.**..*...........
........................*.........*.........*.........*.........*.........*.........*...............
....................................................................................................
.........**.........................................................................................
................***.................................................................................
...........*........................................................................................
.......**.......*.*.................................................................................
.**....***.......*..................................................................................
.*..*....*.**.......................................................................................
..*.**..**.**...*.*...........................................................................*.....
..........*.**.*...*.........................................................................*.*....
..........*...*.*.*...........................................................................**....
...........*........................................................................................
................*...................................................................................
................*..........*...*...............*...*...............*...*............................
..........................*.*.*.*.............*.*.*.*.............*.*.*.*...........................
..........................*.*.*.*.............*.*.*.*.............*.*.*.*...........................
................*..........*...*...............*...*...............*...*............................
................*...................................................................................
...........*........................................................................................
..........*...*.*.*...........................................................................**....
..........*.**.*...*.........................................................................*.*....
..*.**..**.**...*.*...........................................................................*.....
.*..*....*.**.......................................................................................
.**....***.......*..................................................................................
.......**.......*.*.................................................................................
...........*........................................................................................
................***.................................................................................
.........**.........................................................................................
....................................................................................................
........................*.........*.........*.........*.........*.........*.........*...............
.....................**.**.......**.**...**.**.......**.**...**.**.......**.**...**.**..*...........
.........................**.....**...........**.....**...........**.....**...........**.**..........
.........................*.**.**.*...........*.**.**.*...........*.**.**.*...........*...**.........
.....................*.*.*..*.*..*.*.*...*.*.*..*.*..*.*.*...*.*.*..*.*..*.*.*...*.*.*.*.*..........
..........................***.***.............***.***.............***.***.............***...........


Generation = 140,  Population = 184.
....................................................................................................
.........................................................................*..**......................
.......................................................................*.*..**......................
.......................................................................*..***.......................
......................................................................**.******.....................
.........................................................................****..*.....**.............
..................................**.......**.........**.......**...........*..**....**.............
.................................*..*.....*..*.......*..*.....*..*...........*.*....................
..................................**.......**.........**.......**...................................
....................................................................................................
....................................................................................................
....................................................................................................
....................*...............................................................................
....................*................................................................*........*.....
....................*................................................................*.......*.*....
.....................................................................................*........**....
....................................................................................................
....................................................................................................
...............**..........*...*...............*...*...............*...*............................
...........**.*..*........*.*.*.*.............*.*.*.*.............*.*.*.*...........................
...........**.*..*........*.*.*.*.............*.*.*.*.............*.*.*.*...........................
...............**..........*...*...............*...*...............*...*............................
....................................................................................................
....................................................................................................
.....................................................................................*........**....
....................*................................................................*.......*.*....
....................*................................................................*........*.....
....................*...............................................................................
....................................................................................................
....................................................................................................
....................................................................................................
..................................**.......**.........**.......**...................................
.................................*..*.....*..*.......*..*.....*..*...........*.*....................
..................................**.......**.........**.......**...........*..**....**.............
.........................................................................****..*.....**.............
......................................................................**.******.....................
.......................................................................*..***.......................
.......................................................................*.*..**......................
.........................................................................*..**......................
....................................................................................................

