*** Life<ConwayCell> 20x20 ***

Generation = 0,  Population = 20.
********************
....................
....................
....................
....................
....................
....................
....................
....................
....................
....................
....................
....................
....................
....................
....................
....................
....................
....................
....................


Generation = 10,  Population = 26.
....................
....................
.........**.........
........*..*........
....**........**....
....*.***..***.*....
.....*..*..*..*.....
.........**.........
........*..*........
.........**.........
....................
....................
....................
....................
....................
....................
....................
....................
....................
....................


Generation = 20,  Population = 30.
....................
....................
.....**......**.....
....**........**....
......*.****.*......
.........**.........
.......******.......
.......**..**.......
........****........
....................
....................
....................
....................
....................
....................
....................
....................
....................
....................
....................


Generation = 30,  Population = 16.
....................
....................
....**........**....
....**........**....
....................
....................
....................
.....**......**.....
........*..*........
.......*....*.......
....................
....................
....................
....................
....................
....................
....................
....................
....................
....................


Generation = 40,  Population = 8.
....................
....................
....**........**....
....**........**....
....................
....................
....................
....................
....................
....................
....................
....................
....................
....................
....................
....................
....................
....................
....................
....................


Generation = 140,  Population = 8.
....................
....................
....**........**....
....**........**....
....................
....................
....................
....................
....................
....................
....................
....................
....................
....................
....................
....................
....................
....................
....................
....................

