*** Life<FredkinCell> 20x20 ***

Generation = 0,  Population = 40.
00000000000000000000
--------------------
--------------------
--------------------
--------------------
--------------------
--------------------
--------------------
--------------------
--------------------
--------------------
--------------------
--------------------
--------------------
--------------------
--------------------
--------------------
--------------------
--------------------
00000000000000000000


Generation = 10,  Population = 168.
-----0-0-00-0-0-----
--------------------
-------0----0-------
--------------------
20100000000000000102
--------------------
4-0000000000000000-4
--------------------
2-0000000000000000-2
11111111111111111111
11111111111111111111
2-0000000000000000-2
--------------------
4-0000000000000000-4
--------------------
20100000000000000102
--------------------
-------0----0-------
--------------------
-----0-0-00-0-0-----


Generation = 19,  Population = 116.
2-40302-0110-20304-2
1-1---1------1---1-1
-0-0-0--------0-0-0-
--1-1----------1-1--
--------------------
--2--------------2--
-0----------------0-
3------------------3
30122121111112122103
--------------------
--------------------
30122121111112122103
3------------------3
-0----------------0-
--2--------------2--
--------------------
--1-1----------1-1--
-0-0-0--------0-0-0-
1-1---1------1---1-1
2-40302-0110-20304-2


Generation = 20,  Population = 144.
3-------1--1-------3
20201020000002010202
----2----------2----
---0------------0---
----1----------1----
---0------------0---
--------------------
40100001000010000104
--------------------
34314433333333441343
34314433333333441343
--------------------
40100001000010000104
--------------------
---0------------0---
----1----------1----
---0------------0---
----2----------2----
20201020000002010202
3-------1--1-------3


Generation = 29,  Population = 192.
8-----5-6--6-5-----8
717-635-4444-536-717
--2-5---6226---5-2--
-------0-00-0-------
--3-1--1-22-1--1-3--
958-4242----2424-859
+---1212----2121---+
---0-11-1--1-11-0---
+--9-42-4--4-24-9--+
79+7----7777----7+97
79+7----7777----7+97
+--9-42-4--4-24-9--+
---0-11-1--1-11-0---
+---1212----2121---+
958-4242----2424-859
--3-1--1-22-1--1-3--
-------0-00-0-------
--2-5---6226---5-2--
717-635-4444-536-717
8-----5-6--6-5-----8


Generation = 30,  Population = 180.
9-8-5-6-7--7-6-5-8-9
--------5555--------
8-3-6-6------6-6-3-8
------51711715------
+-4-2----------2-4-+
----535314413535----
+-1--------------1-+
--2112222112222112--
+------------------+
8++86986888868968++8
8++86986888868968++8
+------------------+
--2112222112222112--
+-1--------------1-+
----535314413535----
+-4-2----------2-4-+
------51711715------
8-3-6-6------6-6-3-8
--------5555--------
9-8-5-6-7--7-6-5-8-9


Generation = 40,  Population = 168.
9--36394944949363--9
82806462666626460828
83536182766728163538
+342438282282834243+
--------------------
--------------------
---------44---------
--------------------
-------5-55-5-------
-------8----8-------
-------8----8-------
-------5-55-5-------
--------------------
---------44---------
--------------------
--------------------
+342438282282834243+
83536182766728163538
82806462666626460828
9--36394944949363--9


Generation = 140,  Population = 208.
+-+-+----------+-+-+
--------------------
+-+-+-+------+-+-+-+
--------------------
+-+-+-+-+--+-+-+-+-+
++++++++++++++++++++
+-+-+-+-++++-+-+-+-+
+-++++++++++++++++-+
+-+-+-++++++++-+-+-+
+-+-++++++++++++-+-+
+-+-++++++++++++-+-+
+-+-+-++++++++-+-+-+
+-++++++++++++++++-+
+-+-+-+-++++-+-+-+-+
++++++++++++++++++++
+-+-+-+-+--+-+-+-+-+
--------------------
+-+-+-+------+-+-+-+
--------------------
+-+-+----------+-+-+

