==12622== Memcheck, a memory error detector
==12622== Copyright (C) 2002-2011, and GNU GPL'd, by Julian Seward et al.
==12622== Using Valgrind-3.7.0 and LibVEX; rerun with -h for copyright info
==12622== Command: RunLife.c++.app
==12622== 
*** Life<ConwayCell> 109x69 ***

Generation = 0, Population = 35.
.....................................................................
.....................................................................
.....................................................................
.....................................................................
.....................................................................
.....................................................................
.....................................................................
.....................................................................
.....................................................................
.....................................................................
.....................................................................
.....................................................................
.....................................................................
.....................................................................
.....................................................................
.....................................................................
.....................................................................
.....................................................................
.....................................................................
.....................................................................
.....................................................................
.....................................................................
.....................................................................
.....................................................................
.....................................................................
.....................................................................
.....................................................................
.....................................................................
.....................................................................
.....................................................................
.....................................................................
.....................................................................
.....................................................................
.....................................................................
..................................*..................................
..................................*..................................
..................................*..................................
..................................*..................................
..................................*..................................
.....................................................................
..................................*..................................
..................................*..................................
..................................*..................................
..................................*..................................
..................................*..................................
.....................................................................
..................................*..................................
..................................*..................................
..................................*..................................
..................................*..................................
..................................*..................................
.....................................................................
..................................*..................................
..................................*..................................
..................................*..................................
..................................*..................................
..................................*..................................
.....................................................................
..................................*..................................
..................................*..................................
..................................*..................................
..................................*..................................
..................................*..................................
.....................................................................
..................................*..................................
..................................*..................................
..................................*..................................
..................................*..................................
..................................*..................................
.....................................................................
..................................*..................................
..................................*..................................
..................................*..................................
..................................*..................................
..................................*..................................
.....................................................................
.....................................................................
.....................................................................
.....................................................................
.....................................................................
.....................................................................
.....................................................................
.....................................................................
.....................................................................
.....................................................................
.....................................................................
.....................................................................
.....................................................................
.....................................................................
.....................................................................
.....................................................................
.....................................................................
.....................................................................
.....................................................................
.....................................................................
.....................................................................
.....................................................................
.....................................................................
.....................................................................
.....................................................................
.....................................................................
.....................................................................
.....................................................................
.....................................................................
.....................................................................
.....................................................................
.....................................................................
.....................................................................
.....................................................................

Generation = 283, Population = 492.
.....................................................................
.....................................................................
.....................................................................
.....................................................................
....................**.........................**....................
....................**.*.**...............**.*.**....................
....................*..*.*.*.............*.*.*..*....................
.....................*...*.*.............*.*...*.....................
.....................*.**.*...............*.**.*.....................
.......................*.....................*.......................
...................*.**.......................**.*...................
.....................................................................
...................**...........................**...................
.....................................................................
.....................................................................
.....................................................................
.....................................................................
.....................................................................
.....................................................................
.....................................................................
.........*..............***...............***..............*.........
........***...*..........*.................*..........*...***........
.......*..***..*.**...............................**.*..***..*.......
......**...**......*.............................*......**...**......
.....**.*.***.......*......*..*.......*..*......*.......***.*.**.....
.....***.**....***.**......*..*.......*..*......**.***....**.***.....
........*.*....*.....****.*....*.....*....*.****.....*....*.*........
................*****.**..**...*.....*...**..**.*****................
.....**......**.*..**...**....*.......*....**...**..*.**......**.....
....*.......****........**...*.........*...**........****.......*....
....*.*.....**.........................................**.....*.*....
....*.*.......................................................*.*....
...**...........................................................**...
....*.*.......................................................*.*....
.....*.........................................................*.....
............................*...........*............................
...........................*.*.........*.*...........................
...........................*.*.........*.*...........................
............................*...........*............................
.....................................................................
.....................................................................
.....................................................................
.....................................................................
.....................................................................
.....................................................................
.....................................................................
.....................................................................
.....................................................................
.....................................................................
.....................................................................
.....................................................................
.....................................................................
.....................................................................
.....................................................................
.......................***...***.....***...***.......................
.....................................................................
.....................................................................
.....................................................................
.....................................................................
.....................................................................
.....................................................................
.....................................................................
.....................................................................
.....................................................................
.....................................................................
.....................................................................
.....................................................................
.....................................................................
.....................................................................
.....................................................................
............................*...........*............................
...........................*.*.........*.*...........................
...........................*.*.........*.*...........................
............................*...........*............................
.....*.........................................................*.....
....*.*.......................................................*.*....
...**...........................................................**...
....*.*.......................................................*.*....
....*.*.....**.........................................**.....*.*....
....*.......****........**...*.........*...**........****.......*....
.....**......**.*..**...**....*.......*....**...**..*.**......**.....
................*****.**..**...*.....*...**..**.*****................
........*.*....*.....****.*....*.....*....*.****.....*....*.*........
.....***.**....***.**......*..*.......*..*......**.***....**.***.....
.....**.*.***.......*......*..*.......*..*......*.......***.*.**.....
......**...**......*.............................*......**...**......
.......*..***..*.**...............................**.*..***..*.......
........***...*..........*.................*..........*...***........
.........*..............***...............***..............*.........
.....................................................................
.....................................................................
.....................................................................
.....................................................................
.....................................................................
.....................................................................
.....................................................................
...................**...........................**...................
.....................................................................
...................*.**.......................**.*...................
.......................*.....................*.......................
.....................*.**.*...............*.**.*.....................
.....................*...*.*.............*.*...*.....................
....................*..*.*.*.............*.*.*..*....................
....................**.*.**...............**.*.**....................
....................**.........................**....................
.....................................................................
.....................................................................
.....................................................................
.....................................................................

Generation = 323, Population = 192.
.....................................................................
.....................................................................
.....................................................................
....................**.........................**....................
....................**...*.................*...**....................
........................*.*...............*.*........................
........................*..*.............*..*........................
.........................**...............**.........................
.....................................................................
.....................................................................
.....................................................................
.....................................................................
.....................................................................
.....................................................................
.........*.................................................*.........
........*.*...............................................*.*........
........*..*.............................................*..*........
.........**...............................................**.........
.....................................................................
.....................................................................
.............*.........................................*.............
............*.*.......................................*.*............
............*.*.......................................*.*............
.............*.........................................*.............
............................***.......***............................
.....................................................................
..........................*.....*...*.....*..........................
..........................*.....*...*.....*..........................
..........................*.....*...*.....*..........................
.....*.........................................................*.....
.....*......................***.......***......................*.....
.....*.........................................................*.....
.....................................................................
.....................................................................
.....................................................................
............................*...........*............................
...........................*.*.........*.*...........................
...........................*.*.........*.*...........................
............................*...........*............................
.....................................................................
.....................................................................
.....................................................................
.....................................................................
.....................................................................
.....................................................................
.....................................................................
.....................................................................
.....................................................................
.....................................................................
.....................................................................
.....................................................................
.....................................................................
.....................................................................
.....................................................................
.......................***...***.....***...***.......................
.....................................................................
.....................................................................
.....................................................................
.....................................................................
.....................................................................
.....................................................................
.....................................................................
.....................................................................
.....................................................................
.....................................................................
.....................................................................
.....................................................................
.....................................................................
.....................................................................
.....................................................................
............................*...........*............................
...........................*.*.........*.*...........................
...........................*.*.........*.*...........................
............................*...........*............................
.....................................................................
.....................................................................
.....................................................................
.....*.........................................................*.....
.....*......................***.......***......................*.....
.....*.........................................................*.....
..........................*.....*...*.....*..........................
..........................*.....*...*.....*..........................
..........................*.....*...*.....*..........................
.....................................................................
............................***.......***............................
.............*.........................................*.............
............*.*.......................................*.*............
............*.*.......................................*.*............
.............*.........................................*.............
.....................................................................
.....................................................................
.........**...............................................**.........
........*..*.............................................*..*........
........*.*...............................................*.*........
.........*.................................................*.........
.....................................................................
.....................................................................
.....................................................................
.....................................................................
.....................................................................
.....................................................................
.........................**...............**.........................
........................*..*.............*..*........................
........................*.*...............*.*........................
....................**...*.................*...**....................
....................**.........................**....................
.....................................................................
.....................................................................
.....................................................................

Generation = 2823, Population = 192.
.....................................................................
.....................................................................
.....................................................................
....................**.........................**....................
....................**...*.................*...**....................
........................*.*...............*.*........................
........................*..*.............*..*........................
.........................**...............**.........................
.....................................................................
.....................................................................
.....................................................................
.....................................................................
.....................................................................
.....................................................................
.........*.................................................*.........
........*.*...............................................*.*........
........*..*.............................................*..*........
.........**...............................................**.........
.....................................................................
.....................................................................
.............*.........................................*.............
............*.*.......................................*.*............
............*.*.......................................*.*............
.............*.........................................*.............
............................***.......***............................
.....................................................................
..........................*.....*...*.....*..........................
..........................*.....*...*.....*..........................
..........................*.....*...*.....*..........................
.....*.........................................................*.....
.....*......................***.......***......................*.....
.....*.........................................................*.....
.....................................................................
.....................................................................
.....................................................................
............................*...........*............................
...........................*.*.........*.*...........................
...........................*.*.........*.*...........................
............................*...........*............................
.....................................................................
.....................................................................
.....................................................................
.....................................................................
.....................................................................
.....................................................................
.....................................................................
.....................................................................
.....................................................................
.....................................................................
.....................................................................
.....................................................................
.....................................................................
.....................................................................
.....................................................................
.......................***...***.....***...***.......................
.....................................................................
.....................................................................
.....................................................................
.....................................................................
.....................................................................
.....................................................................
.....................................................................
.....................................................................
.....................................................................
.....................................................................
.....................................................................
.....................................................................
.....................................................................
.....................................................................
.....................................................................
............................*...........*............................
...........................*.*.........*.*...........................
...........................*.*.........*.*...........................
............................*...........*............................
.....................................................................
.....................................................................
.....................................................................
.....*.........................................................*.....
.....*......................***.......***......................*.....
.....*.........................................................*.....
..........................*.....*...*.....*..........................
..........................*.....*...*.....*..........................
..........................*.....*...*.....*..........................
.....................................................................
............................***.......***............................
.............*.........................................*.............
............*.*.......................................*.*............
............*.*.......................................*.*............
.............*.........................................*.............
.....................................................................
.....................................................................
.........**...............................................**.........
........*..*.............................................*..*........
........*.*...............................................*.*........
.........*.................................................*.........
.....................................................................
.....................................................................
.....................................................................
.....................................................................
.....................................................................
.....................................................................
.........................**...............**.........................
........................*..*.............*..*........................
........................*.*...............*.*........................
....................**...*.................*...**....................
....................**.........................**....................
.....................................................................
.....................................................................
.....................................................................

*** Life<FredkinCell> 20x20 ***

Generation = 0, Population = 4.
--------------------
--------------------
--------------------
--------------------
--------------------
--------------------
--------------------
--------------------
--------------------
---------00---------
---------00---------
--------------------
--------------------
--------------------
--------------------
--------------------
--------------------
--------------------
--------------------
--------------------

Generation = 1, Population = 8.
--------------------
--------------------
--------------------
--------------------
--------------------
--------------------
--------------------
--------------------
---------00---------
--------0--0--------
--------0--0--------
---------00---------
--------------------
--------------------
--------------------
--------------------
--------------------
--------------------
--------------------
--------------------

Generation = 2, Population = 16.
--------------------
--------------------
--------------------
--------------------
--------------------
--------------------
--------------------
---------00---------
---------11---------
-------01--10-------
-------01--10-------
---------11---------
---------00---------
--------------------
--------------------
--------------------
--------------------
--------------------
--------------------
--------------------

*** Life<Cell> 20x20 ***

Generation = 0, Population = 6.
--------------------
--------------------
--------------------
--------------------
--------------------
--------------------
--------------------
--------------------
--------------------
---------00---------
--------0000--------
--------------------
--------------------
--------------------
--------------------
--------------------
--------------------
--------------------
--------------------
--------------------

Generation = 1, Population = 12.
--------------------
--------------------
--------------------
--------------------
--------------------
--------------------
--------------------
--------------------
---------00---------
--------------------
-------011110-------
--------0000--------
--------------------
--------------------
--------------------
--------------------
--------------------
--------------------
--------------------
--------------------

Generation = 2, Population = 24.
--------------------
--------------------
--------------------
--------------------
--------------------
--------------------
--------------------
---------00---------
--------0110--------
-------00--00-------
------01****10------
---------11---------
--------0000--------
--------------------
--------------------
--------------------
--------------------
--------------------
--------------------
--------------------

Generation = 3, Population = 32.
--------------------
--------------------
--------------------
--------------------
--------------------
--------------------
---------00---------
--------------------
---------**---------
--------1001--------
-----01*....*10-----
------000**000------
-------011110-------
--------0000--------
--------------------
--------------------
--------------------
--------------------
--------------------
--------------------

Generation = 4, Population = 28.
--------------------
--------------------
--------------------
--------------------
--------------------
---------00---------
--------0110--------
--------------------
---------..---------
-----00-*11*-00-----
----01*......*10----
--------1..1--------
--------------------
---------11---------
--------0000--------
--------------------
--------------------
--------------------
--------------------
--------------------

Generation = 5, Population = 52.
--------------------
--------------------
--------------------
--------------------
---------00---------
--------------------
-------01**10-------
--------0000--------
-----00-0**0-00-----
--------.--.--------
---01**.*..*.**10---
----0000-..-0000----
--------1111--------
--------------------
-------011110-------
--------0000--------
--------------------
--------------------
--------------------
--------------------

*** Life<Cell> 20x20 ***

Generation = 0, Population = 25.
--------------------
---------------...--
-------3-------.*.--
------**-------.*.--
-------3-------.*.--
---------------...--
---------**---------
---------11---------
---------22---------
--------9009--------
--------0000--------
--------9119--------
---------..---------
--------------------
--------------------
--------------------
--------------------
--------------------
--------------------
--------------------

Generation = 1, Population = 43.
--------------------
-------0-------...--
-------*0------...--
-----0**0------***--
-------*0------...--
-------0-00----...--
--------0**0--------
--------0**0--------
---------**---------
-------0*--*0-------
-------01--10-------
-------0****0-------
--------0**0--------
--------------------
--------------------
--------------------
--------------------
--------------------
--------------------
--------------------

Generation = 2, Population = 39.
-------0------------
------01-------...--
-----0-.-0-----.*.--
----01..10----0.*.0-
-----0-.--0----.*.--
------01-------...--
---------..-0-------
-------0-..-0-------
-------00..00-------
------0-.--.-0------
------01*--*10------
------0-....-0------
---------..---------
--------0000--------
--------------------
--------------------
--------------------
--------------------
--------------------
--------------------

Generation = 3, Population = 73.
-------10-----------
------1-00-----...--
-----1-*-10---0*.*0-
---01**.*----0-.*.-0
-----1-*0--0--0*.*0-
------1*0-0-0--...--
------0--..010------
------01-..--0------
--------1..1--------
-----010.--.010-----
-----01-.00.-10-----
-----01-....-10-----
------0-0**0-0------
-------01--10-------
--------0000--------
--------------------
--------------------
--------------------
--------------------
--------------------

Generation = 4, Population = 86.
-------*------------
--------------0...0-
---0-*-.--10--1***1-
--01-....-000-0...0-
---0-*-.10----1***1-
-------.----1-0...0-
-----0-00..1*-0-----
-----0-*-..--10-----
-----0-0-..---0-----
----0-*1*00*1*-0----
----01*-.11.-*10----
----0-*0*..*0*-0----
------10-**-01------
-------1*00*1-------
--------------------
--------0000--------
--------------------
--------------------
--------------------
--------------------

Generation = 5, Population = 108.
------0.0-----0---0-
---0-0-1--00-01.*.10
---1-.0.-1---0*.*.*0
-01*1....--11--...-0
---1-.0.*1-0-0*.*.*0
---0---*-0--*--.*.10
----01--1..**0-0--0-
----0--*-..0-*10----
-----10--**1001-----
---01-.*.11*-.-10---
---01-.1.--.1.-10---
---010.1....1.010---
----00-1-..-1-00----
--------.11.--------
-------0----0-------
-------01--10-------
--------0000--------
--------------------
--------------------
--------------------

*** Life<ConwayCell> 4x4 ***

Generation = 0, Population = 8.
*..*
*..*
*..*
*..*

Generation = 1, Population = 8.
....
****
****
....

Generation = 2, Population = 8.
.**.
*..*
*..*
.**.

Generation = 3, Population = 8.
.**.
*..*
*..*
.**.

Generation = 4, Population = 8.
.**.
*..*
*..*
.**.

Generation = 5, Population = 8.
.**.
*..*
*..*
.**.

*** Life<ConwayCell> 10x80 ***

Generation = 0, Population = 10.
................................................................................
......*.........................................................................
......**........................................................................
.....*.*........................................................................
................................................................................
..............................*.................................................
..............................**................................................
.............................*.*................................................
................................................................................
................................................................................

Generation = 1, Population = 10.
................................................................................
......**........................................................................
.....*.*........................................................................
.......*........................................................................
................................................................................
..............................**................................................
.............................*.*................................................
...............................*................................................
................................................................................
................................................................................

Generation = 2, Population = 10.
................................................................................
......**........................................................................
.......**.......................................................................
......*.........................................................................
................................................................................
..............................**................................................
...............................**...............................................
..............................*.................................................
................................................................................
................................................................................

Generation = 3, Population = 10.
................................................................................
......***.......................................................................
........*.......................................................................
.......*........................................................................
................................................................................
..............................***...............................................
................................*...............................................
...............................*................................................
................................................................................
................................................................................

Generation = 4, Population = 10.
.......*........................................................................
.......**.......................................................................
......*.*.......................................................................
................................................................................
...............................*................................................
...............................**...............................................
..............................*.*...............................................
................................................................................
................................................................................
................................................................................

Generation = 5, Population = 10.
.......**.......................................................................
......*.*.......................................................................
........*.......................................................................
................................................................................
...............................**...............................................
..............................*.*...............................................
................................*...............................................
................................................................................
................................................................................
................................................................................

*** Life<ConwayCell> 10x80 ***

Generation = 0, Population = 27.
.....*..*............................................*..*.......................
.........*...............................................*......................
.....*...*...........................................*...*......................
......****............................................****......................
...........................*..*.................................................
...............................*................................................
...........................*...*................................................
............................****................................................
................................................................................
................................................................................

Generation = 1, Population = 36.
................................................................................
........**..............................................**......................
......**.**...........................................**.**.....................
......****............................................****......................
.......**..............................................**.......................
..............................**................................................
............................**.**...............................................
............................****................................................
.............................**.................................................
................................................................................

Generation = 2, Population = 27.
................................................................................
.......****............................................****.....................
......*...*...........................................*...*.....................
..........*...............................................*.....................
......*..*............................................*..*......................
.............................****...............................................
............................*...*...............................................
................................*...............................................
............................*..*................................................
................................................................................

Generation = 3, Population = 36.
........**..............................................**......................
.......****............................................****.....................
.......**.**...........................................**.**....................
.........**..............................................**.....................
..............................**................................................
.............................****...............................................
.............................**.**..............................................
...............................**...............................................
................................................................................
................................................................................

Generation = 4, Population = 27.
.......*..*............................................*..*.....................
...........*...............................................*....................
.......*...*...........................................*...*....................
........****............................................****....................
.............................*..*...............................................
.................................*..............................................
.............................*...*..............................................
..............................****..............................................
................................................................................
................................................................................

Generation = 5, Population = 36.
................................................................................
..........**..............................................**....................
........**.**...........................................**.**...................
........****............................................****....................
.........**..............................................**.....................
................................**..............................................
..............................**.**.............................................
..............................****..............................................
...............................**...............................................
................................................................................

*** Life<FredkinCell> 10x80 ***

Generation = 0, Population = 42.
00------------------------------------------------------------------------------
00----------------------0------------------------------------------8------------
00---------------------201----------------------------------------7-------------
------------------------0---------------12-----------------------6--------------
----------------------------------------872--------------------25---------------
----------------------------------------56--------------------22----------------
-------------------------------------------------------------11-----------------
--------------------------------------------------------------------------------
--------------------------------------------------------------------------------
010101010101010-----------------------------------------------------------------

Generation = 1, Population = 51.
--0---------------------0------------------------------------------0------------
110---------------------1-------------------------------------------0-----------
--0-------------------03-20-------------00--------------------------------------
00----------------------1--------------0-----------------------0----------------
------------------------0--------------09-30--------------------6---------------
---------------------------------------0----------------------------------------
----------------------------------------00------------------02------------------
-------------------------------------------------------------00-----------------
000000000000000-----------------------------------------------------------------
1-------------10----------------------------------------------------------------

Generation = 2, Population = 104.
0-10-------------------010----------------------------------------0-------------
2-10------------------0-2-0-------------00---------------------------0----------
-010-----------------014-310------------110--------------------0----0-----------
11--------------------0-2-0-----------011200------------------0-----------------
00---------------------010------------01+-410--------------------0--------------
------------------------0-------------015600----------------00--0---------------
----------------------------------------110----------------01-------------------
000000000000000-------------------------00--------------------10----------------
-------------------------------------------------------------00-----------------
2-01010101010--10---------------------------------------------------------------

Generation = 3, Population = 117.
1---0------------------121--------------00-----------------------0-0-0----------
31210-----------------1-3-1------------0-----------------------0--0---0---------
0-2-0---------------01-5-4-10---------0-2-----------------------0--0------------
-2-0------------------1-3-1----------0-2-3-------------------0---6--0-----------
--0--------------------1-1-----------01-+-5-10--------------000---0-------------
00----------------------1------------0-2-7-------------------122----------------
000000000000000---------0-------------0-2-----------------01--100---------------
1-------------10-----------------------0-------------------00--10---------------
-0-----------0000-----------------------00------------------01------------------
--1---------111210-------------------------------------------00-----------------

Generation = 4, Population = 123.
2-1-10-----------------232--------------110--------------------00-0-------------
4-3-10--------------0---4---0-----------00--------------------0----8---0--------
1-3-10-------------012-----210-------------------------------0--------0---------
--------------------0-------0-------01------00---------------1-------0----------
00----------------------------------012-----210------------01------00-----------
--0000000000000---------2-----------01------00------------00------0-------------
11---------------------010-------------------------------01------0--------------
200000000000002---------0---------------00-----------------------0--------------
----------------------------------------110--------------------00---------------
---1-------12223210---------------------00--------------------10----------------

Generation = 5, Population = 150.
3-2---0-------------0-03430-0----------0-210-------------------11------0--------
----210-------------1---5---1----------0------------------------0---0---0-------
2-4---0-----------01-31-0-13-10-----00--21--00--------------01-----0------------
-20-00--------------1-------1------0-------0---------------0-20----0------------
11-000000000000-----0---1---0------01-31---13-10------------2------11-----------
-01-----------10--------3----------0-------0------------------------0-----------
--0-------------------01-10---------00--21--00----------01------01--------------
-1------------30--------1--------------0-----------------00----1-10-------------
000-0000000----0000-----0--------------02-10--------------------1---------------
--1-0-----02------10-------------------0---------------------02-----------------

*** Life<FredkinCell> 10x8 ***

Generation = 0, Population = 40.
--------
-01--01-
-01--01-
-01--01-
-42--42-
95699569
-11--11-
1--11--1
-11--11-
1--11--1

Generation = 1, Population = 50.
-00--00-
0--00--0
01200120
01200120
-53--53-
+------+
0--00--0
-002200-
02200220
---22---

Generation = 2, Population = 42.
-11--11-
101--011
123--231
---11---
0------0
+-6995-+
1------1
1-1--1-1
133--331
10----01

Generation = 3, Population = 36.
---00---
--2001--
-3----4-
-1-22-2-
153--531
--7--6--
-1-00-1-
-022220-
24-00-42
--------

Generation = 4, Population = 38.
--------
--3112--
14----51
--2331--
26----42
+58--76+
12----21
-1----1-
3-3--3-3
10-22-01

Generation = 5, Population = 42.
--1001--
1-4--3-1
253--262
-13--22-
--3005--
+-9998-+
-3----3-
12----21
4------4
-103301-

*** Life<Cell> 12x80 ***

Generation = 0, Population = 436.
.1---.123.--....-.00---.1..123--123-..1...*..12.123...23..3.13.74---.-123.8*6.12
.123.6.100---2..123--12***3.74---.-123.8*..1...*..123-..123....1---.123.--....-.
.8*..1...*..123-..123....1---.123.*-....-..1..23--123.13.*..123-..123.3.--....-.
3....1---.12..1231233.--....-.00-**.---.-123.8*..1...*.6.12..1.74-..12...1---.12
.12..123--123.13.74---.-12312123.13.700---.123.64-..123----.-123.8*.00---.123.6.
1...*..123-..123....1---..123--123.13.74.00--2---.-123.8*..12-.123.6.13.--....-.
12..123--123.13.74---.-123.8*..1..**..123-..123....1---.123.--....-.00---.123.6.
13.74---.-1*****6.12..123-*..1...**.123-..123....1-00---.123-123.--.123.--....-.
..123--123-.3.13.74---.-123.8*..1...*..12.123....1---.123.--....-.00---.123.6.12
00---.123.6.12..123--12***3.74---.-.1...*..123-..123....1---.123.--....-.123.8*.
3-..123....1--.6.12..123--.1200---.1233.--1--.-123.8*..1...*..12-....-23.13.74-.
.8*.00---.123.6..12..13.700---.123.64-..123----.-12123--123.13.74---.****...**.3

Generation = 1, Population = 508.
.*-0-.****--....0.-1000.*.****00***-**-*.....******...***.*******0--.--**.***.**
******.-1-0--**.***0-***..*.**-0-.0*****..****....***0..***....*--0.-**.0-.*..0.
**.*.-...*.****-..***.**.*--0.-**.*-*...0*.-.***0--**.**...****0*.***.*.-0....0.
*...*--0-*-*..*******.--*..*0.110...000.0***.*...-*....*.-*..-.**-..***..--00*-*
***.*-**---**.**.**---.0*****-**.**.*-----.-**.**-.*-**0000*--**.**.-1---.******
*.***..-**0..-**..*.-0-0..-**--***.-*.**.11-0*-00.0-**.**.***-.-**.*.**.--....-.
***.***---**.**.**-00.--**.*.***......***-..-**....-00-*-**.00....-*-10--.***.*.
-*.**-00.0-.....*.-*..***-...**.***.-**0..-**....*--1000.-**-***.-0.-**.00..*.-*
..***0--**0.*.-*.**--0.0***.*.*.-*..*.***.-**...*---0.***.00*...-.11-00.***.*.-*
-1-0-.-**.*.-*..***00-*...*.**--0.-.-.*.*..-**0..****.*.*0-0.***.-0....0.***.*.*
*0**-**..*.*00**.*******0-.**11-00*-****--*-0.0***.*.*.-..**..-*-....-**.-*.**-.
.*.*-----.***.*.*-*..-*.*-1-00*******-..***0---.--****0-******.**0--.*..**.*****

Generation = 2, Population = 352.
**01-*****--...*1.---1-..**...-1***0..1*...*.******.*****.*******1--.0-*********
.....**-*----.*.*..1-.....*...0-0.1....*.***.........1..........0-1.-**.1-.**.-.
.....1...*.*...-.........*---.-...*0....-..-...*101...**...***.-..*.....--**..1*
....*1-1-.-.........**00....1.---.*.1-1*-.**.....1*......-...1...-....*..1--1.-*
*.*.*-**---**......-00*-.*...-....*.*--00-.-...**0**1*.-1--.-1*...**--0--.*....*
.......-**-..-......---1..-..-0..**1..*..**--.0--*-1.........-*-**.*....--....-*
*.....*-01.*.**.**0-1*01.***......*......-*.1.****.1110.1...--.***-*-*100*****..
-....--1.11.***...-*.**..0.*....***.-..1..1*......00*111.-..-.*..01.1...--..*.-*
.*...1-1..-*..1*...0--.-..*.*.*.1.*.....*.1.....*10--.....--....-***---.....**1*
-*---.-*....1......1--....*...001.0*-...**.-..-.......*.*1--.***.01*.*.1.....*..
*-.*-.****..11..........-0*..--011.1*.*.0-*01.-**......-......-.-*...-**.1....-*
**.*000--.*...*.*1*.*-*.*--0-1......*-*****1--0*0-**.*1-.*..*.***10-..******..*.

Generation = 3, Population = 351.
.*-*-*..**0-...*-.-10-0..**...-**.*1..***..**.****..****...*******--.11****..**.
.**....1.0-0-...*..-0.....*...-01.-...***.***......***..*.*.....10*.1**.*-....-.
.....-.**......-....***...--0.1...*1..**-*.-....-1-...*.....**.-.*...***0-*..***
...**-0*0.-**.......*.11*...-.---**.*-**-........*..****.-...-...-**.....-0--.-*
...**1**-01........0-1.0*....-......*00-1-.1...*.-..-..0-0-.0-**.***0110-.....**
.*...**-.*0*.1...*.*--0*.*1..0-..*.*...****00*100.0-..**.....-*1...*.*..00..*.0.
.......0-*.*..**.*10*.1-.*.*....*........-..-*****.***-.-...--*...0*0*---******.
1....0-*.-*.....**-*...**1..*..**.**-..-..*.......-1.***.-..-..*.1-.-***00*...-*
.....---..-*..-*..*-00.-.**..**.-......**.**.....---0...*.--.*.*0...-0-.....*.-*
-*00-.-....**.*....*0-....*..*-1*.-.-...*..1..-*.........*0-..*..1***..**...**.*
*0.*-...**.*-*...***....-1**.1--**.-*.*.--.1*.-.**...**-**....-.-..*.-...*....-.
****----0*...*...-...-...-----..*..**-*.*..--01.--....*0.......***10..*..**.....

Generation = 4, Population = 367.
.*0.-...**1-....-.0*---..**...0***.*..*.***.**.**..*..**...*****..--*-*.**......
.**...**.10-0......--.*..***..---.-..*....*.**.*.***............--*.*....-*...-*
..**.-...****..-...**.*...00-.-**.**....0**1....1*1*...........-*.......--....**
...*.1-.-.-*.......*..-**...1.1-0**.*0..-.......*....*.**1..*1*.*0......*110-*1.
..**.*..0--.......*10-.1.....1...*..*---*-.*.*.*.0..1..---0.--****..-*-1-*...***
.......1..1**-*.**..---..**..-0.....*******1-.*--.--*****....0.-**.....*1-..*.-.
.....*.1-*.**.**..--***1...**..**..*....*0..-....*.*..0.-...-0*.*.1*-.-00...*.**
-....--.*-**..*...-...**.*.*******..1..1.***..***.0*..**.-..-..*.--*-..*-1....-*
.**..1-1..-**.-****--1.0..****..-*.....**.**.....----*****0-...*1..*-1-....***1*
-*--0.-....*.**..*..--.......*0***-.1...**.-..0.*....*.*..10..*******...*...***.
.1..1...**.*1**...***...0*****1-.*.-*...--.-**0**....**1***...1*0....-.*.**...-.
*..*0--0-**.*....1*..-...010-1..**.**-.*...1-1*.01...**1*.......**--.....**.....

Generation = 5, Population = 345.
.*-.-..**.-0....-.1.0-0..*.*..1**........**.**.***.*........***...00.-...*......
.......*.*101.....*-0*........0--.1**..*.....*.*....*.......****10.*.*...-....-*
.*.**1*.**..*..-...****.*.---.-**.**.*..1****..*-.***...*....*.0*.......00.*.*.*
.....*0.0*-**........*-**..*-*-1-...*1..-..**..*...**...**...-*..-......**-1-.*.
..**..*.-01.*....***11.*.*...-*****..00-*-.**.***-..*..----.01....*.0.-*-..*...*
....*..*.**.*-*.***.-00**.***--**..****....-0.*--.--*.**.....1.-........--..*.-.
......**0*....*.*.-0.*.-.*.......*.*.....1..-.*.**.*..-.1...0-*.*.**0.11-*...***
-....--**1....*..*1.*............**.-..*...*...***1**....1..-....--*1.**0-.*..0.
.**..---..-...1****00-.1*.*.....1.*....*...*..*.*-000*...*--....-...0-0.*..*..**
0*-01*-.*...........01..*.....1*.*0.*..****1*.1.*...*.....*1......***...***....*
***.-*..**..*.*....*....1.....--...-**..00.-*.-.....*..-..**..-.1..*.-....**.*0.
...*-00-0**.*....**..-..*-*-0**.*****0.....-0-..-*...*.*........**1-....***.....

==12622== 
==12622== HEAP SUMMARY:
==12622==     in use at exit: 122,880 bytes in 6 blocks
==12622==   total heap usage: 633,259 allocs, 633,253 frees, 179,367,856 bytes allocated
==12622== 
==12622== LEAK SUMMARY:
==12622==    definitely lost: 0 bytes in 0 blocks
==12622==    indirectly lost: 0 bytes in 0 blocks
==12622==      possibly lost: 0 bytes in 0 blocks
==12622==    still reachable: 122,880 bytes in 6 blocks
==12622==         suppressed: 0 bytes in 0 blocks
==12622== Rerun with --leak-check=full to see details of leaked memory
==12622== 
==12622== For counts of detected and suppressed errors, rerun with: -v
==12622== ERROR SUMMARY: 0 errors from 0 contexts (suppressed: 17 from 6)
