Generation = 0, Population = 192.
-0------0--0------0--00000000--0------0--0------0-
---------------------0------0---------------------
---------------------0------0---------------------
---------------------0------0---------------------
---------------------0------0---------------------
---------------------0------0---------------------
---------------------0------0---------------------
---------------------0------0---------------------
---------------------0------0---------------------
-0------0--0------0--0------0--0------0--0------0-
-0------0--0------0--0------0--0------0--0------0-
---------------------0------0---------------------
---------------------0------0---------------------
---------------------0------0---------------------
---------------------0------0---------------------
---------------------0------0---------------------
---------------------0------0---------------------
---------------------0------0---------------------
---------------------0------0---------------------
-0------0--0------0--0------0--0------0--0------0-
-0------0--0------0--0------0--0------0--0------0-
---------------------0------0---------------------
---------------------0------0---------------------
---------------------0------0---------------------
---------------------0------0---------------------
---------------------0------0---------------------
---------------------0------0---------------------
---------------------0------0---------------------
---------------------0------0---------------------
-0------0--0------0--0------0--0------0--0------0-
-0------0--0------0--0------0--0------0--0------0-
---------------------0------0---------------------
---------------------0------0---------------------
---------------------0------0---------------------
---------------------0------0---------------------
---------------------0------0---------------------
---------------------0------0---------------------
---------------------0------0---------------------
---------------------0------0---------------------
-0------0--0------0--0------0--0------0--0------0-
-0------0--0------0--0------0--0------0--0------0-
---------------------0------0---------------------
---------------------0------0---------------------
---------------------0------0---------------------
---------------------0------0---------------------
---------------------0------0---------------------
---------------------0------0---------------------
---------------------0------0---------------------
---------------------0------0---------------------
-0------0--0------0--00000000--0------0--0------0-

Generation = 1, Population = 504.
0-0----0-00-0----0-00--------00-0----0-00-0----0-0
-0------0--0------0-0--0000--0-0------0--0------0-
--------------------0-0----0-0--------------------
--------------------0-0----0-0--------------------
--------------------0-0----0-0--------------------
--------------------0-0----0-0--------------------
--------------------0-0----0-0--------------------
--------------------0-0----0-0--------------------
-0------0--0------0-0-0----0-0-0------0--0------0-
010----010010----0100-0----0-0010----010010----010
010----010010----0100-0----0-0010----010010----010
-0------0--0------0-0-0----0-0-0------0--0------0-
--------------------0-0----0-0--------------------
--------------------0-0----0-0--------------------
--------------------0-0----0-0--------------------
--------------------0-0----0-0--------------------
--------------------0-0----0-0--------------------
--------------------0-0----0-0--------------------
-0------0--0------0-0-0----0-0-0------0--0------0-
010----010010----0100-0----0-0010----010010----010
010----010010----0100-0----0-0010----010010----010
-0------0--0------0-0-0----0-0-0------0--0------0-
--------------------0-0----0-0--------------------
--------------------0-0----0-0--------------------
--------------------0-0----0-0--------------------
--------------------0-0----0-0--------------------
--------------------0-0----0-0--------------------
--------------------0-0----0-0--------------------
-0------0--0------0-0-0----0-0-0------0--0------0-
010----010010----0100-0----0-0010----010010----010
010----010010----0100-0----0-0010----010010----010
-0------0--0------0-0-0----0-0-0------0--0------0-
--------------------0-0----0-0--------------------
--------------------0-0----0-0--------------------
--------------------0-0----0-0--------------------
--------------------0-0----0-0--------------------
--------------------0-0----0-0--------------------
--------------------0-0----0-0--------------------
-0------0--0------0-0-0----0-0-0------0--0------0-
010----010010----0100-0----0-0010----010010----010
010----010010----0100-0----0-0010----010010----010
-0------0--0------0-0-0----0-0-0------0--0------0-
--------------------0-0----0-0--------------------
--------------------0-0----0-0--------------------
--------------------0-0----0-0--------------------
--------------------0-0----0-0--------------------
--------------------0-0----0-0--------------------
--------------------0-0----0-0--------------------
-0------0--0------0-0--0000--0-0------0--0------0-
0-0----0-00-0----0-00--------00-0----0-00-0----0-0

Generation = 6, Population = 1140.
--1-.*0-*11*-0*.-0*-0.-0--0-.0-*0-.*0-*11*-0*.-1--
---------------1-011-*-....-*-110-1---------------
---000010110100-1..-0-*0**0*-0-..1-001011010000---
-0------0--0---0--1---1*--*1---1--0---0--0------0-
---0--0--11--0-01--1-0.*11*.0-1--10-0--11--0--0---
---0--0--11--0-01-.10010--01001.-10-0--11--0--0---
-.-0--0-.11.-0-01-010---..---010-10-0-.11.-0--0-.-
-*--00-0*--*0-0---0----1..1----0---0-0*--*0-00--*-
0*0-11-1.--.1-1---**---1..1---**---1-1.--.1-11-0*0
1.---11.-11-.1111-1.-1.0..0.1-.1-1111.-11-.11---.1
1.---11.-11-.1111-1.-1.0..0.1-.1-1111.-11-.11---.1
0*0-11-1.--.1-1---**---1..1---**---1-1.--.1-11-0*0
-*--00-0*--*0-0---0----1..1----0---0-0*--*0-00--*-
-.-0--0-.11.-0-01-010-01..10-010-10-0-.11.-0--0-.-
-0-0--0-0110-0-01-.10-01..10-01.-10-0-0110-0--0-0-
-0-0--0-0110-0-01-.10-01..10-01.-10-0-0110-0--0-0-
-.-0--0-.11.-0-01-010-01..10-010-10-0-.11.-0--0-.-
-*--00-0*--*0-0---0----1..1----0---0-0*--*0-00--*-
0*0-11-1.--.1-1---**---1..1---**---1-1.--.1-11-0*0
1.---11.-11-.1111-1.-1.0..0.1-.1-1111.-11-.11---.1
1.---11.-11-.1111-1.-1.0..0.1-.1-1111.-11-.11---.1
0*0-11-1.--.1-1---**---1..1---**---1-1.--.1-11-0*0
-*--00-0*--*0-0---0----1..1----0---0-0*--*0-00--*-
-.-0--0-.11.-0-01-010-01..10-010-10-0-.11.-0--0-.-
-0-0--0-0110-0-01-.10-01..10-01.-10-0-0110-0--0-0-
-0-0--0-0110-0-01-.10-01..10-01.-10-0-0110-0--0-0-
-.-0--0-.11.-0-01-010-01..10-010-10-0-.11.-0--0-.-
-*--00-0*--*0-0---0----1..1----0---0-0*--*0-00--*-
0*0-11-1.--.1-1---**---1..1---**---1-1.--.1-11-0*0
1.---11.-11-.1111-1.-1.0..0.1-.1-1111.-11-.11---.1
1.---11.-11-.1111-1.-1.0..0.1-.1-1111.-11-.11---.1
0*0-11-1.--.1-1---**---1..1---**---1-1.--.1-11-0*0
-*--00-0*--*0-0---0----1..1----0---0-0*--*0-00--*-
-.-0--0-.11.-0-01-010-01..10-010-10-0-.11.-0--0-.-
-0-0--0-0110-0-01-.10-01..10-01.-10-0-0110-0--0-0-
-0-0--0-0110-0-01-.10-01..10-01.-10-0-0110-0--0-0-
-.-0--0-.11.-0-01-010-01..10-010-10-0-.11.-0--0-.-
-*--00-0*--*0-0---0----1..1----0---0-0*--*0-00--*-
0*0-11-1.--.1-1---**---1..1---**---1-1.--.1-11-0*0
1.---11.-11-.1111-1.-1.0..0.1-.1-1111.-11-.11---.1
1.---11.-11-.1111-1.-1.0..0.1-.1-1111.-11-.11---.1
0*0-11-1.--.1-1---**---1..1---**---1-1.--.1-11-0*0
-*--00-0*--*0-0---0----1..1----0---0-0*--*0-00--*-
-.-0--0-.11.-0-01-010---..---010-10-0-.11.-0--0-.-
---0--0--11--0-01-.10010--01001.-10-0--11--0--0---
---0--0--11--0-01--1-0.*11*.0-1--10-0--11--0--0---
-0------0--0---0--1---1*--*1---1--0---0--0------0-
---000010110100-1..-0-*0**0*-0-..1-001011010000---
---------------1-011-*-....-*-110-1---------------
--1-.*0-*11*-0*.-0*-0.-0--0-.0-*0-.*0-*11*-0*.-1--

Generation = 16, Population = 984.
.-*.**.0**-.0...-.....-1..1-.....-...0.-**0.**.*-.
*.-1...11-**0-**....*.-*..*-.*....**-0**-11...1-.*
....*11*.**..**.***-.*..**..*.-***.**..**.*11*....
01*-..0-.**.----.1*..*..**..*..*1.----.**.-0..-*10
.*--.1--.*.1-.-.**...*......*...**.-.-1.*.--1.--*.
1***00**-.*00.1..*...*-****-*...*..1.00*.-**00***1
-.-*-1..*.**.-.-***.*.*....*.*.***-.-.**.*..1-*-.-
-**-*.-.**....*-**-*-.**..**.-*-**-*....**.-.*-**-
-.*-..-.*.***-.*-.***.**..**.***.-*.-***.*.-..-*.-
..**.*..1.**.**.1...*..0..0..*...1.**.**.1..*.**..
.*..*.....*1...*.*..*..-..-..*..*.*...1*.....*..*.
-..-....*..*.-..0.....--..--.....0..-.*..*....-..-
...*111*.*...******.-*......*-.******...*.*111*...
..1*-1...1*...*-*...*........*...*-*...*1...1-*1..
1..*.1.-*..-.*-**-...1.*..*.1...-**-*.-..*-.1.*..1
1..*.1.-*..-.*-**-..*1**..**1*..-**-*.-..*-.1.*..1
.*-.-1...1*...*-*...-.*....*.-...*-*...*1...1-.-*.
-**.-1-..*********1.11..**..11.1*********..-1-.**-
*.*-*.....*.*-..0.......**.......0..-*.*.....*-*.*
*.*.*....*.-.*-***..............***-*.-.*....*.*.*
*.*.*....*.-.*-***..............***-*.-.*....*.*.*
*.*-*.....*.*-..0.......**.......0..-*.*.....*-*.*
-**.-1-..*********1.11..**..11.1*********..-1-.**-
.*-.-1...1*...*-*...-.*....*.-...*-*...*1...1-.-*.
1..*.1.-*..-.*-**-..*1**..**1*..-**-*.-..*-.1.*..1
1..*.1.-*..-.*-**-..*1**..**1*..-**-*.-..*-.1.*..1
.*-.-1...1*...*-*...-.*....*.-...*-*...*1...1-.-*.
-**.-1-..*********1.11..**..11.1*********..-1-.**-
*.*-*.....*.*-..0.......**.......0..-*.*.....*-*.*
*.*.*....*.-.*-***..............***-*.-.*....*.*.*
*.*.*....*.-.*-***..............***-*.-.*....*.*.*
*.*-*.....*.*-..0.......**.......0..-*.*.....*-*.*
-**.-1-..*********1.11..**..11.1*********..-1-.**-
.*-.-1...1*...*-*...-.*....*.-...*-*...*1...1-.-*.
1..*.1.-*..-.*-**-..*1**..**1*..-**-*.-..*-.1.*..1
1..*.1.-*..-.*-**-...1.*..*.1...-**-*.-..*-.1.*..1
..1*-1...1*...*-*...*........*...*-*...*1...1-*1..
...*111*.*...******.-*......*-.******...*.*111*...
-..-....*..*.-..0.....--..--.....0..-.*..*....-..-
.*..*.....*1...*.*..*..-..-..*..*.*...1*.....*..*.
..**.*..1.**.**.1...*..0..0..*...1.**.**.1..*.**..
-.*-..-.*.***-.*-.***.**..**.***.-*.-***.*.-..-*.-
-**-*.-.**....*-**-*-.**..**.-*-**-*....**.-.*-**-
-.-*-1..*.**.-.-***.*.*....*.*.***-.-.**.*..1-*-.-
1***00**-.*00.1..*...*-****-*...*..1.00*.-**00***1
.*--.1--.*.1-.-.**...*......*...**.-.-1.*.--1.--*.
01*-..0-.**.----.1*..*..**..*..*1.----.**.-0..-*10
....*11*.**..**.***-.*..**..*.-***.**..**.*11*....
*.-1...11-**0-**....*.-*..*-.*....**-0**-11...1-.*
.-*.**.0**-.0...-.....-1..1-.....-...0.-**0.**.*-.

