Generation = 0, Population = 16.
------00000---------
--------------------
--------------------
--------------------
--------------------
-------------------0
-------------------0
-------------------0
--------------------
--------------------
--------------------
-------------------0
-------------------0
-------------------0
--------------------
--------------------
--------------------
--------------------
--------------------
------00000---------

Generation = 10, Population = 113.
25422-------22--20-1
-----------------2--
-01-----------10010-
-----------0-0---0-5
------100013-1---1-5
---------1-----1-3--
----01--00--00-0---1
---------0-----1---2
----01--0---01------
------11111---------
------111111-1------
----01--00-00--1---2
---------0-0-0-0---1
----01--00-10--1-3--
-----------1-1---1-5
------100012-0---0--
-------------------2
-01-----------100101
--------------------
25422-------22--2--2

Generation = 30, Population = 161.
8--++-+-4-+-+-9-65-2
02--41---------4264-
--+3-2+-6-7-1-8338--
5-----33-----83+062+
-5--48-82-5-4445--4-
-52-----83-+464878--
---3--+6-95648--3---
---83------51745----
-----9--41-1--3-----
-----64-5577-7------
------7-724---------
-------17--2--4-----
----03------1-3-----
------+3-6+-3---5---
--46---43--55-1-5---
----68--1-464-5---3-
45---22------35-0-2-
--96--+-6-7-14+-4--9
0--12----------40-15
++--+-+-4-+-7-+868-7

Generation = 80, Population = 121.
++---++---++---++--+
-7--+7+++-----++8++-
-+----+++++--------+
-+------++---++----+
--------------------
---+-+--++----+--+-+
---+-++++++--+---+-+
-+-----------+---+--
-+-+-+-------------+
-8-+-+--------------
-------------------+
-+-+-+-------+---+--
-9-6-+-------5---+-+
-+----+++++--+---+-+
---+-+--++---+8-----
---+-+-------------+
--------++---++----+
-+----+++++---------
-+--+++++-----8+9+7+
+----++---++---++--+

