Generation = 0, Population = 20.
.*......*.
.*......*.
.*......*.
.*......*.
.*......*.
.*......*.
.*......*.
.*......*.
.*......*.
.*......*.

Generation = 10, Population = 44.
.**....**.
.*.*..*.*.
..******..
...****...
...****...
...****...
...****...
..******..
.*.*..*.*.
.**....**.

Generation = 30, Population = 16.
.**....**.
.**....**.
..........
..........
..........
..........
..........
..........
.**....**.
.**....**.

Generation = 80, Population = 16.
.**....**.
.**....**.
..........
..........
..........
..........
..........
..........
.**....**.
.**....**.

