Generation = 0, Population = 20.
-0------0-
-0------0-
-0------0-
-0------0-
-0------0-
-0------0-
-0------0-
-0------0-
-0------0-
-0------0-

Generation = 10, Population = 44.
24-2--2-42
---1771---
2--------2
0--3--3--0
13-1--1-31
13-1--1-31
0--3--3--0
2--------2
---1771---
24-2--2-42

Generation = 30, Population = 32.
87------78
----------
8--4--4--8
2-4----4-2
8---88---8
8---88---8
2-4----4-2
8--4--4--8
----------
87------78

Generation = 80, Population = 44.
++------++
++++--++++
+--------+
5--------5
++-+--+-++
++-+--+-++
5--------5
+--------+
++++--++++
++------++

