Generation = 0, Population = 16.
------00000---------
--------------------
--------------------
--------------------
--------------------
-------------------0
-------------------0
-------------------0
--------------------
--------------------
--------------------
-------------------0
-------------------0
-------------------0
--------------------
--------------------
--------------------
--------------------
--------------------
------00000---------

Generation = 10, Population = 125.
-.--....-....--..-1-
0--------------11-..
----1*.*-*.*1---0-*1
--0-0------000----*.
----1*.*0.*.1-1.*-0.
----0----1.-0*-...-*
----0-*-00.*00--0**-
---------0---*.-1*1.
----01--0---01-1-.-.
------11111---------
------111111-1-1-.-.
----01--00-00*.-1*1.
---------0-0-0--0**-
----0-*-00.-0*-...-*
----0------00-1.*-0.
----1*.*0**.100---.*
--0-0-------0-0--1-*
----1*.*-*.*1-----.-
0--------------1--0*
-.--....-....--.*-**

Generation = 30, Population = 112.
***....***...-......
***-..*...*.*....**.
*..*...*.**.**..*..*
.1.**......**..*...*
*..............*.**.
*...*.*...........*.
*-*..*.........***..
*1.............**...
.......1...**...*...
..*....*..***.*.*.**
--.**.*.*..-..*.-**.
.......*****.**.....
.***.-..*..*.**.....
.*-***......1*......
.....*..1.*..*.*....
.**.....**...-...*..
...*-..-.*.**...**..
...*.*......*...*...
...1.*........**....
....................

Generation = 80, Population = 51.
.......***..........
......*.............
......*....*........
......*.....*.......
......**...*........
.......*.*..........
**....*........****.
**...*.*.*.*...***.*
....*..............*
.....*....*.........
..**..*.*...........
....................
....................
.*..............**..
*.*...........****..
.*...........*......
.............**.....
....................
....................
....................

