Generation = 0, Population = 20.
-0------0-
-0------0-
-0------0-
-0------0-
-0------0-
-0------0-
-0------0-
-0------0-
-0------0-
-0------0-

Generation = 10, Population = 36.
-.-*11*-.-
-.*-..-*.-
-*.0..0.*-
0--*..*--0
-**-..-**-
-**-..-**-
0--*..*--0
-*.0..0.*-
-.*-..-*.-
-.-*11*-.-

Generation = 30, Population = 28.
**......**
*........*
*........*
**......**
*........*
*........*
**......**
*........*
*........*
**......**

Generation = 80, Population = 28.
**......**
*........*
*........*
**......**
*........*
*........*
**......**
*........*
*........*
**......**

