Generation = 0, Population = 192.
.*......*..*......*..********..*......*..*......*.
.....................*......*.....................
.....................*......*.....................
.....................*......*.....................
.....................*......*.....................
.....................*......*.....................
.....................*......*.....................
.....................*......*.....................
.....................*......*.....................
.*......*..*......*..*......*..*......*..*......*.
.*......*..*......*..*......*..*......*..*......*.
.....................*......*.....................
.....................*......*.....................
.....................*......*.....................
.....................*......*.....................
.....................*......*.....................
.....................*......*.....................
.....................*......*.....................
.....................*......*.....................
.*......*..*......*..*......*..*......*..*......*.
.*......*..*......*..*......*..*......*..*......*.
.....................*......*.....................
.....................*......*.....................
.....................*......*.....................
.....................*......*.....................
.....................*......*.....................
.....................*......*.....................
.....................*......*.....................
.....................*......*.....................
.*......*..*......*..*......*..*......*..*......*.
.*......*..*......*..*......*..*......*..*......*.
.....................*......*.....................
.....................*......*.....................
.....................*......*.....................
.....................*......*.....................
.....................*......*.....................
.....................*......*.....................
.....................*......*.....................
.....................*......*.....................
.*......*..*......*..*......*..*......*..*......*.
.*......*..*......*..*......*..*......*..*......*.
.....................*......*.....................
.....................*......*.....................
.....................*......*.....................
.....................*......*.....................
.....................*......*.....................
.....................*......*.....................
.....................*......*.....................
.....................*......*.....................
.*......*..*......*..********..*......*..*......*.

Generation = 1, Population = 308.
.....................********.....................
....................**.****.**....................
....................***....***....................
....................***....***....................
....................***....***....................
....................***....***....................
....................***....***....................
....................***....***....................
....................***....***....................
....................***....***....................
....................***....***....................
....................***....***....................
....................***....***....................
....................***....***....................
....................***....***....................
....................***....***....................
....................***....***....................
....................***....***....................
....................***....***....................
....................***....***....................
....................***....***....................
....................***....***....................
....................***....***....................
....................***....***....................
....................***....***....................
....................***....***....................
....................***....***....................
....................***....***....................
....................***....***....................
....................***....***....................
....................***....***....................
....................***....***....................
....................***....***....................
....................***....***....................
....................***....***....................
....................***....***....................
....................***....***....................
....................***....***....................
....................***....***....................
....................***....***....................
....................***....***....................
....................***....***....................
....................***....***....................
....................***....***....................
....................***....***....................
....................***....***....................
....................***....***....................
....................***....***....................
....................**.****.**....................
.....................********.....................

Generation = 6, Population = 176.
..................................................
..................................................
...................*.*......*.*...................
.....................*......*.....................
................*....*......*....*................
...................*..........*...................
...............*...*..........*...*...............
...............*...*..........*...*...............
...............*...*..........*...*...............
...............*...*..........*...*...............
...............*...*..........*...*...............
...............*...*..........*...*...............
...............*...*..........*...*...............
...............*...*..........*...*...............
...............*...*..........*...*...............
...............*...*..........*...*...............
...............*...*..........*...*...............
...............*...*..........*...*...............
...............*...*..........*...*...............
...............*...*..........*...*...............
...............*...*..........*...*...............
...............*...*..........*...*...............
...............*...*..........*...*...............
...............*...*..........*...*...............
...............*...*..........*...*...............
...............*...*..........*...*...............
...............*...*..........*...*...............
...............*...*..........*...*...............
...............*...*..........*...*...............
...............*...*..........*...*...............
...............*...*..........*...*...............
...............*...*..........*...*...............
...............*...*..........*...*...............
...............*...*..........*...*...............
...............*...*..........*...*...............
...............*...*..........*...*...............
...............*...*..........*...*...............
...............*...*..........*...*...............
...............*...*..........*...*...............
...............*...*..........*...*...............
...............*...*..........*...*...............
...............*...*..........*...*...............
...............*...*..........*...*...............
...............*...*..........*...*...............
...................*..........*...................
................*....*......*....*................
.....................*......*.....................
...................*.*......*.*...................
..................................................
..................................................

Generation = 16, Population = 196.
..................................................
..................................................
..................................................
.....................***..***.....................
.................*.*..........*.*.................
.................**...**..**...**.................
................*......****......*................
...............****............****...............
...............***..*........*..***...............
.....................**.**.**.....................
..................................................
..................................................
..................................................
...........*..........................*...........
.......*.**.*........................*.**.*.......
......*.*....*......................*....*.*......
.....*.......*......................*.......*.....
.....*.......*......................*.......*.....
.....*.......*......................*.......*.....
.....*.......*......................*.......*.....
.....*.......*......................*.......*.....
.....*.......*......................*.......*.....
.....*.......*......................*.......*.....
.....*.......*......................*.......*.....
.....*.......*......................*.......*.....
.....*.......*......................*.......*.....
.....*.......*......................*.......*.....
.....*.......*......................*.......*.....
.....*.......*......................*.......*.....
.....*.......*......................*.......*.....
.....*.......*......................*.......*.....
.....*.......*......................*.......*.....
.....*.......*......................*.......*.....
.....*.......*......................*.......*.....
......*.*....*......................*....*.*......
.......*.**.*........................*.**.*.......
...........*..........................*...........
..................................................
..................................................
..................................................
.....................**.**.**.....................
...............***..*........*..***...............
...............****............****...............
................*......****......*................
.................**...**..**...**.................
.................*.*..........*.*.................
.....................***..***.....................
..................................................
..................................................
..................................................

