Generation = 0, Population = 192.
-0------0--0------0--00000000--0------0--0------0-
---------------------0------0---------------------
---------------------0------0---------------------
---------------------0------0---------------------
---------------------0------0---------------------
---------------------0------0---------------------
---------------------0------0---------------------
---------------------0------0---------------------
---------------------0------0---------------------
-0------0--0------0--0------0--0------0--0------0-
-0------0--0------0--0------0--0------0--0------0-
---------------------0------0---------------------
---------------------0------0---------------------
---------------------0------0---------------------
---------------------0------0---------------------
---------------------0------0---------------------
---------------------0------0---------------------
---------------------0------0---------------------
---------------------0------0---------------------
-0------0--0------0--0------0--0------0--0------0-
-0------0--0------0--0------0--0------0--0------0-
---------------------0------0---------------------
---------------------0------0---------------------
---------------------0------0---------------------
---------------------0------0---------------------
---------------------0------0---------------------
---------------------0------0---------------------
---------------------0------0---------------------
---------------------0------0---------------------
-0------0--0------0--0------0--0------0--0------0-
-0------0--0------0--0------0--0------0--0------0-
---------------------0------0---------------------
---------------------0------0---------------------
---------------------0------0---------------------
---------------------0------0---------------------
---------------------0------0---------------------
---------------------0------0---------------------
---------------------0------0---------------------
---------------------0------0---------------------
-0------0--0------0--0------0--0------0--0------0-
-0------0--0------0--0------0--0------0--0------0-
---------------------0------0---------------------
---------------------0------0---------------------
---------------------0------0---------------------
---------------------0------0---------------------
---------------------0------0---------------------
---------------------0------0---------------------
---------------------0------0---------------------
---------------------0------0---------------------
-0------0--0------0--00000000--0------0--0------0-

Generation = 1, Population = 504.
0-0----0-00-0----0-00--------00-0----0-00-0----0-0
-0------0--0------0-0--0000--0-0------0--0------0-
--------------------0-0----0-0--------------------
--------------------0-0----0-0--------------------
--------------------0-0----0-0--------------------
--------------------0-0----0-0--------------------
--------------------0-0----0-0--------------------
--------------------0-0----0-0--------------------
-0------0--0------0-0-0----0-0-0------0--0------0-
010----010010----0100-0----0-0010----010010----010
010----010010----0100-0----0-0010----010010----010
-0------0--0------0-0-0----0-0-0------0--0------0-
--------------------0-0----0-0--------------------
--------------------0-0----0-0--------------------
--------------------0-0----0-0--------------------
--------------------0-0----0-0--------------------
--------------------0-0----0-0--------------------
--------------------0-0----0-0--------------------
-0------0--0------0-0-0----0-0-0------0--0------0-
010----010010----0100-0----0-0010----010010----010
010----010010----0100-0----0-0010----010010----010
-0------0--0------0-0-0----0-0-0------0--0------0-
--------------------0-0----0-0--------------------
--------------------0-0----0-0--------------------
--------------------0-0----0-0--------------------
--------------------0-0----0-0--------------------
--------------------0-0----0-0--------------------
--------------------0-0----0-0--------------------
-0------0--0------0-0-0----0-0-0------0--0------0-
010----010010----0100-0----0-0010----010010----010
010----010010----0100-0----0-0010----010010----010
-0------0--0------0-0-0----0-0-0------0--0------0-
--------------------0-0----0-0--------------------
--------------------0-0----0-0--------------------
--------------------0-0----0-0--------------------
--------------------0-0----0-0--------------------
--------------------0-0----0-0--------------------
--------------------0-0----0-0--------------------
-0------0--0------0-0-0----0-0-0------0--0------0-
010----010010----0100-0----0-0010----010010----010
010----010010----0100-0----0-0010----010010----010
-0------0--0------0-0-0----0-0-0------0--0------0-
--------------------0-0----0-0--------------------
--------------------0-0----0-0--------------------
--------------------0-0----0-0--------------------
--------------------0-0----0-0--------------------
--------------------0-0----0-0--------------------
--------------------0-0----0-0--------------------
-0------0--0------0-0--0000--0-0------0--0------0-
0-0----0-00-0----0-00--------00-0----0-00-0----0-0

Generation = 6, Population = 1268.
--1-3-0-2112-0----21-40----04-12----0-2112-0-3-1--
---------------1-0-1-21311312-1-0-1---------------
---000010110100-1---0-3-22-3-0---1-001011010000---
-0------0--0---0--1---1----1---1--0---0--0------0-
---0--0--11--0-01--1-03211230-1--10-0--11--0--0---
---0--0--11--0-01--10010--01001--10-0--11--0--0---
-3-0--0-3113-0-01-010---33---010-10-0-3113-0--0-3-
----00-02--20-0---01---1--1---10---0-02--20-00----
----11-12--21-1---21---1--1---12---1-12--21-11----
--1--113-11-311111-21-303303-12-111113-11-311--1--
--1--113-11-311111-21-303303-12-111113-11-311--1--
----11-12--21-1---21---1--1---12---1-12--21-11----
----00-02--20-0---01---1--1---10---0-02--20-00----
-3-0--0-3113-0-01-010-01--10-010-10-0-3113-0--0-3-
-0-0--0-0110-0-01-310-01--10-013-10-0-0110-0--0-0-
-0-0--0-0110-0-01-310-01--10-013-10-0-0110-0--0-0-
-3-0--0-3113-0-01-010-01--10-010-10-0-3113-0--0-3-
----00-02--20-0---01---1--1---10---0-02--20-00----
----11-12--21-1---21---1--1---12---1-12--21-11----
--1--113-11-311111-21-303303-12-111113-11-311--1--
--1--113-11-311111-21-303303-12-111113-11-311--1--
----11-12--21-1---21---1--1---12---1-12--21-11----
----00-02--20-0---01---1--1---10---0-02--20-00----
-3-0--0-3113-0-01-010-01--10-010-10-0-3113-0--0-3-
-0-0--0-0110-0-01-310-01--10-013-10-0-0110-0--0-0-
-0-0--0-0110-0-01-310-01--10-013-10-0-0110-0--0-0-
-3-0--0-3113-0-01-010-01--10-010-10-0-3113-0--0-3-
----00-02--20-0---01---1--1---10---0-02--20-00----
----11-12--21-1---21---1--1---12---1-12--21-11----
--1--113-11-311111-21-303303-12-111113-11-311--1--
--1--113-11-311111-21-303303-12-111113-11-311--1--
----11-12--21-1---21---1--1---12---1-12--21-11----
----00-02--20-0---01---1--1---10---0-02--20-00----
-3-0--0-3113-0-01-010-01--10-010-10-0-3113-0--0-3-
-0-0--0-0110-0-01-310-01--10-013-10-0-0110-0--0-0-
-0-0--0-0110-0-01-310-01--10-013-10-0-0110-0--0-0-
-3-0--0-3113-0-01-010-01--10-010-10-0-3113-0--0-3-
----00-02--20-0---01---1--1---10---0-02--20-00----
----11-12--21-1---21---1--1---12---1-12--21-11----
--1--113-11-311111-21-303303-12-111113-11-311--1--
--1--113-11-311111-21-303303-12-111113-11-311--1--
----11-12--21-1---21---1--1---12---1-12--21-11----
----00-02--20-0---01---1--1---10---0-02--20-00----
-3-0--0-3113-0-01-010---33---010-10-0-3113-0--0-3-
---0--0--11--0-01--10010--01001--10-0--11--0--0---
---0--0--11--0-01--1-03211230-1--10-0--11--0--0---
-0------0--0---0--1---1----1---1--0---0--0------0-
---000010110100-1---0-3-22-3-0---1-001011010000---
---------------1-0-1-21311312-1-0-1---------------
--1-3-0-2112-0----21-40----04-12----0-2112-0-3-1--

Generation = 16, Population = 500.
--31-3-4445301-5-4----2-44-2----4-5-1035444-3-13--
-----0------3------------------------3------0-----
-----2------1------------------------1------2-----
-2---0--3--22-----2------------2-----22--3--0---2-
-----2------0------------------------0------2-----
-2---2--1--50-----7------------7-----05--1--2---2-
-----0------3------------------------3------0-----
-----2------1------------------------1------2-----
-----6------4------------------------4------6-----
--55-66-----76-7-4----7-88-7----4-7-67-----66-55--
--74-74-----95-6-5----5-66-5----5-6-59-----47-47--
-----9------4------------------------4------9-----
-----2------0------------------------0------2-----
-7---1--8--90-----2------------2-----09--8--1---7-
-----0------1---------473374---------1------0-----
-----0------1--------1------1--------1------0-----
-8---1--7--61-----3---024420---3-----16--7--1---8-
-----2------1------------------------1------2-----
-----7------4------------------------4------7-----
--75-74-----+8-6-5----6-55-6----5-6-8+-----47-57--
--75-74-----+8-6-5----6-55-6----5-6-8+-----47-57--
-----7------4------------------------4------7-----
-----2------1------------------------1------2-----
-8---1--7--61-----3------------3-----16--7--1---8-
-2---0--1--21-----5------------5-----12--1--0---2-
-2---0--1--21-----5------------5-----12--1--0---2-
-8---1--7--61-----3------------3-----16--7--1---8-
-----2------1------------------------1------2-----
-----7------4------------------------4------7-----
--75-74-----+8-6-5----6-55-6----5-6-8+-----47-57--
--75-74-----+8-6-5----6-55-6----5-6-8+-----47-57--
-----7------4------------------------4------7-----
-----2------1------------------------1------2-----
-8---1--7--61-----3---024420---3-----16--7--1---8-
-----0------1--------1------1--------1------0-----
-----0------1---------473374---------1------0-----
-7---1--8--90-----2------------2-----09--8--1---7-
-----2------0------------------------0------2-----
-----9------4------------------------4------9-----
--74-74-----95-6-5----5-66-5----5-6-59-----47-47--
--55-66-----76-7-4----7-88-7----4-7-67-----66-55--
-----6------4------------------------4------6-----
-----2------1------------------------1------2-----
-----0------3------------------------3------0-----
-2---2--1--50-----7------------7-----05--1--2---2-
-----2------0------------------------0------2-----
-2---0--3--22-----2------------2-----22--3--0---2-
-----2------1------------------------1------2-----
-----0------3------------------------3------0-----
--31-3-4445301-5-4----2-44-2----4-5-1035444-3-13--

