==30993== Memcheck, a memory error detector
==30993== Copyright (C) 2002-2011, and GNU GPL'd, by Julian Seward et al.
==30993== Using Valgrind-3.7.0 and LibVEX; rerun with -h for copyright info
==30993== Command: RunLife.c++.app
==30993== 
*** Life<FredkinCell> 20x20 ***

Generation = 0, Population = 4.
--------------------
--------------------
--------------------
--------------------
--------------------
--------------------
--------------------
--------------------
--------------------
---------00---------
---------00---------
--------------------
--------------------
--------------------
--------------------
--------------------
--------------------
--------------------
--------------------
--------------------

Generation = 1, Population = 8.
--------------------
--------------------
--------------------
--------------------
--------------------
--------------------
--------------------
--------------------
---------00---------
--------0--0--------
--------0--0--------
---------00---------
--------------------
--------------------
--------------------
--------------------
--------------------
--------------------
--------------------
--------------------

Generation = 2, Population = 16.
--------------------
--------------------
--------------------
--------------------
--------------------
--------------------
--------------------
---------00---------
---------11---------
-------01--10-------
-------01--10-------
---------11---------
---------00---------
--------------------
--------------------
--------------------
--------------------
--------------------
--------------------
--------------------

*** Life<FredkinCell> 44x102 ***

Generation = 0, Population = 46.
------------------------------------------------------------------------------------------------------
------------------------------------------------------------------------------------------------------
------------------------------------------------------------------------------------------------------
------------------------------------------------------------------------------------------------------
------------------------------------00000000----------------------------------------------------------
------------------------------------------------------------------------------------------------------
------------------------------------------------------------------------------------------------------
------------------------------------------------------------------------------------------------------
------------------------------------------------------------------------------------------------------
------------------------------------------------------------------------------------------------------
------------------------------------------------------------------------------------------------------
-------------------------------------------------------------------0000-------------------------------
----------------000-------------------------------------------------00-00-----------------------------
--------------------00------------------------------------------------0000----------------------------
------------------00----------------------------------------------------------------------------------
------------------------------------------------------------------------------------------------------
------------------------------------------------------------------------------------------------------
------------------------------------------------------------------------------------------------------
------------------------------------------00----------------------------------------------------------
------------------------------------------------------------------------------------------------------
------------------------------------------------------------------------------------------------------
------------------------------------------00----------------------------------------------------------
------------------------------------------------------------------------------------------------------
-------------00---------------------------------------------------------------------------------------
-------------00---------------------------------------------------------------------------------------
------------------------------------------00----------------------------------------------------------
------------------------------------------------------------------------------------------------------
------------------------------------------------------------------------------------------------------
------------------------------------------------------------------------------------------------------
------------------------------------------------------------------------------------------------------
---------------------------------------------------------------------------000000000------------------
------------------------------------------------------------------------------------------------------
------------------------------------------------------------------------------------------------------
------------------------------------------------------------------------------------------------------
------------------------------------------------------------------------------------------------------
------------------------------------------------------------------------------------------------------
------------------------------------------------------------------------------------------------------
------------------------------------------------------------------------------------------------------
------------------------------------------------------------------------------------------------------
------------------------------------------------------------------------------------------------------
------------------------------------------------------------------------------------------------------
------------------------------------------------------------------------------------------------------
------------------------------------------------------------------------------------------------------
------------------------------------------------------------------------------------------------------

Generation = 1, Population = 117.
------------------------------------------------------------------------------------------------------
------------------------------------------------------------------------------------------------------
------------------------------------------------------------------------------------------------------
------------------------------------00000000----------------------------------------------------------
-----------------------------------01------10---------------------------------------------------------
------------------------------------00000000----------------------------------------------------------
------------------------------------------------------------------------------------------------------
------------------------------------------------------------------------------------------------------
------------------------------------------------------------------------------------------------------
------------------------------------------------------------------------------------------------------
-------------------------------------------------------------------0000-------------------------------
----------------000---------------------------------------------------1-0-----------------------------
---------------01-1000---------------------------------------------01-01------------------------------
----------------00--110---------------------------------------------00---10---------------------------
-----------------011-0------------------------------------------------0000----------------------------
------------------00----------------------------------------------------------------------------------
------------------------------------------------------------------------------------------------------
------------------------------------------00----------------------------------------------------------
-----------------------------------------0110---------------------------------------------------------
------------------------------------------00----------------------------------------------------------
------------------------------------------00----------------------------------------------------------
-----------------------------------------0110---------------------------------------------------------
-------------00---------------------------00----------------------------------------------------------
------------0--0--------------------------------------------------------------------------------------
------------0--0--------------------------00----------------------------------------------------------
-------------00--------------------------0110---------------------------------------------------------
------------------------------------------00----------------------------------------------------------
------------------------------------------------------------------------------------------------------
------------------------------------------------------------------------------------------------------
---------------------------------------------------------------------------000000000------------------
----------------------------------------------------------------------------111111110-----------------
---------------------------------------------------------------------------000000000------------------
------------------------------------------------------------------------------------------------------
------------------------------------------------------------------------------------------------------
------------------------------------------------------------------------------------------------------
------------------------------------------------------------------------------------------------------
------------------------------------------------------------------------------------------------------
------------------------------------------------------------------------------------------------------
------------------------------------------------------------------------------------------------------
------------------------------------------------------------------------------------------------------
------------------------------------------------------------------------------------------------------
------------------------------------------------------------------------------------------------------
------------------------------------------------------------------------------------------------------
------------------------------------------------------------------------------------------------------

Generation = 6, Population = 403.
----------------------------------01--0000-210--------------------------------------------------------
------------------------------------------------------------------------------------------------------
--------------------------------0000-----0010-00------------------------------------------------------
------------------------------------------------------------------------------------------------------
------------------------------0121-----0210---1-10----------------------------------------------------
-------------------------------------------------------------------0000-------------------------------
----------------000-------------0000-----0010-00--------------------11-00-----------------------------
--------------------00-----------------------------------------------0---0----------------------------
--------------012---1-------------0120----0-10------------------------12-00---------------------------
------------------00--10-------------------------------------------01120---0--------------------------
------------000---4---0-------------00000000------------------------22-0-0-00-------------------------
----------------00--12--00--------------------------------------------101----0------------------------
----------012---4---5---1-----------------00------------------------------12-00-----------------------
--------------00--11--21--10---------------------------------------01100231-1210----------------------
--------------2---3---2-01--------------01-210----------------------21-2-0-11-------------------------
----------------11--00--00----------------11-------------------------1---10000------------------------
----------------2---1-00--------------00-0-2-000----------------------13-00---------------------------
-------------00---00--10----------------00-211---------------------0110-0210--------------------------
-------------11---2-01--------------01-3-5-32--210------------------00-11-----------------------------
-----------01--10---00----------------11-12--111----------------------0000----------------------------
-----------01--10-00------------------11-1-3-111------------------------------------------------------
---------00--11--00-----------------01-31----2-210----------------------------------------------------
---------11--11--11---------------------00-111--------------------------------------------------------
-------01--11--11--10---------------------------------------------------------------------------------
-------01--11--11--10---------------------01-------------------------------000000000------------------
---------11--11--11-----------------01-31----2-210----------------------------------------------------
---------00--11--00----------------------------------------------------------222222210----------------
-----------01--10---------------------00-01--000------------------------------------------------------
-----------01--10----------------------------------------------------------0111-----0000--------------
-------------11-------------------------01-210--------------------------------------------------------
-------------00------------------------------------------------------------------666543210------------
------------------------------------------00----------------------------------------------------------
---------------------------------------------------------------------------0111-----0000--------------
------------------------------------------------------------------------------------------------------
-----------------------------------------------------------------------------222222210----------------
------------------------------------------------------------------------------------------------------
---------------------------------------------------------------------------000000000------------------
------------------------------------------------------------------------------------------------------
------------------------------------------------------------------------------------------------------
------------------------------------------------------------------------------------------------------
------------------------------------------------------------------------------------------------------
------------------------------------------------------------------------------------------------------
------------------------------------------------------------------------------------------------------
------------------------------------------------------------------------------------------------------

Generation = 11, Population = 836.
-----------------------------------22------32----------------------0000-------------------------------
----------------000---------000000---0----0--0--0-00------------------1-0-----------------------------
---------------01-1000-----01----101--1--3--1-0--0-10--------------022--1-----------------------------
--------------00-000-10---00--00000--00-----0-0-0--000--------------01--01----------------------------
-------------01-301-2-00-01--22--3--35-3-2--4321---1-10------------02-23------------------------------
--------------0000-11-210-00--0000-00-0---0--00-0--000-----------------02--10-------------------------
-----------------052---0---01------2-1-----320---0-10--------------03-023000--------------------------
----------------------0-----00000000-00000--0---0-00----------------01---20---------------------------
-----------------021-0-------------------0121-------------------------2201-0000-----------------------
--------000-------01----000---------0000---000--------------------------------1-0---------------------
-------01-1010---------01-1000-----02--1003--10----------------------------132--1---------------------
------00-000-10-------00-100-10---00--00-0--0-------------------------------13--01--------------------
-----01-313-51-1-----03-602-2-00-01--10-01----0----------------------------31-23----------------------
------0000-1--0-2-----2221-22-210-00--0---1---0--------------------------------22--10-----------------
---------03----10--------132---0---01---23---1-----------------------------23-022000------------------
----------0---1--2------------0---000--00022-00--000------------------------01---10-------------------
---------0-0-1---1-------011-0---011-12101-20221--110--------------0102-------0000--------------------
----------0------00-------00----000---0--3--3--0000-00----------------1-1-----------------------------
------------0---1-4101---------01214-636--2-2-4-3-23210------------032--3-----------------------------
-------------0-1-000-10---------0--2-2--024304--02-2-0--------------12--02-000000000------------------
-----00------12-311-20-0--------0--2-2--0-13-3--02-2-0-------------01-24----111111110-----------------
----0--0------1000-1--0-0------01214-63523---23-3-23210----------------01-----------00----------------
---0----0--------14----00-------00-0-0-00------00--000-------------01-022000--333333210---------------
--0------0--------0---0--0----------------00------------------------00---1000-------00----------------
--0------0-------1-1-1---0------00-0-0-000230--00--000----------------0000--222222220-----------------
---0----0---------1-----0------012-----6--1-22--32--210--------------------000000000------------------
----0--0------------0--0--------000---0--2232--0000-00------------------------------------------------
-----00--------------00----------011-1210--3-121--110------------------------------000000000----------
-------------00-------------------00-00-0--2--0--000--------------------------------122211110---------
------------0--0-----------------------02425420------------------------------------00-------00--------
-----------0----0-----------------------00-000----------------------------------------876543210-------
----------0------0-----------------------------------------------------------------00-------00--------
----------0------0----------------------00-000--------------------------------------122211110---------
-----------0----0----------------------012--210------------------------------------000000000----------
------------0--0------------------------000-00--------------------------------------------------------
-------------00--------------------------0110------------------------------000000000------------------
------------------------------------------00--------------------------------222222220-----------------
---------------------------------------------------------------------------00-------00----------------
------------------------------------------------------------------------------333333210---------------
---------------------------------------------------------------------------00-------00----------------
----------------------------------------------------------------------------111111110-----------------
---------------------------------------------------------------------------000000000------------------
------------------------------------------------------------------------------------------------------
------------------------------------------------------------------------------------------------------

Generation = 26, Population = 1361.
--------------533---2310023-1-1200-----21125-10-20--3---0-02----------------10-11---------------------
----------00--00----------13--01-----------------------------------0113----3231-121-000---------------
000---012------1--9-3----3-223-3543------94--3-73-34--0-1--5-0--0-0146-42-----12-00-11-00-------------
----00------12------35------00----010-1------32--100-----------------3---5---3---0---0---0------------
----1---00-364449-2--3-2--46-76--45-7-86-----4--54--3---3--4321---1-6337-124--2--001--12-00-----------
--00-2-0----------24-2-3--------010--25-3------41--310-------------1335-662-221----1112-1210----------
--4-0-1-----0243329-31-20203-20012-57-4225--2-----------0-021---0-0075-64----2233223---12-------------
---1-2-11----------21--12-----------01------------------------------------------------1001------------
--1-3--34------------4-13-210--201---32022--242-0-13-31--001--------53-73--032331221------------------
-----22-----------12-2-2--------10-2-4-05------22--111-------------0334-3521---------------1000-------
----1---115---213------01172421--4-3-1-8379---92---3-1-1--2-10--------14-00-----------------21-00-----
-10---------16------36----103-1---00-21---3-13---000-11--100---------1---3-------------------2---0----
--7---------8---50-1+1539--3--9144-6-65--35-1-5-2--32----0-210------21-31----------420351024--12-00---
-3-12-----22-7-2--------443-----4-------3---2-3-3------11--010-----0112--------------------3331-1210--
3-4-3-----5-0-6-----016314-602-30176-40325--35--2-132---1-24-------------------------3467325---11-----
23-1-------4-2-41----------3-4-12----------404------------------------------------------------0000----
2-4-2-----0-2--33-31-01---5-3--22-523--415-----------44------11--000---------------141021010----------
33-----------52---------12-5--232-------24-543-41------21--422-----1222------------4111---------------
--3----------11---86-6-51---0--93746497--7-7-5--4-45---53------42--0---23-----------32-22-------------
----20------------030-4---23-46---623-3---43-63----------332-32--112-2---3-----------0---1------------
----2---------235-12402---2335473--8--6524-8357---4-1-5------22--110--36-02142222223--24-00000000000--
--10-3-000------344-----4-------354-----3--------------73------42-----3-4522-------1110-0211----------
--4-2-2-13--------6-0-2-----022002-112-002235---1-11----------------54-44----4567899---43----222222210
---2-12-3-22-------5-4-32----------2-0-10-----------------------------2002------------0000------------
--2-3-2-3-22------2-3--33-23-32---5-2--20-25-01------23--012---------------122322222-------111111111--
-----32-13------03-3--131-------35-6--392--------------54------32--232-----2000-----------------------
-----11---0----------13---42-3-10---1--0--6-42-41------10--211--------------45-66---------------------
------------21----01-33---131-3---21-23---33-45----------132-01--000---------2---0--------------------
------022---6---------223-11223---0120-----51-1------11--111------------------44-22----------------101
21--------00-5-1--------414-----1-------35-753-21------21--431-------------2331-1210------------------
11--------3-0-5-----------1-0-2-----00002335--------------------------------32-56--------------------8
1-10-------2-1-22----------2-0-10---------------------------------------------0000--------------------
0-10------1-2--24---------1-1--10-00-01------11--000-----------------------033322221---------------101
11-----------22---------01-2--010-------35-645-32------10--210-----0110-------------------------------
00-----------22-003----------11-01-3-5-51------42--211--------------21-22----688888742----------------
--------------------00----00-00---11-13---53-----111-00--000---------1---1----------------------------
--------------132---1-------------11-12------22--111------------------13-00----------------111111111--
-----00-----------10-2-0--------01-3-5-42-27---42--210-------------0110-0211--------------------------
-----11------11---3-0-1---------------------------------------------00-11----69+++++96-------222222210
---01--11----22----2-1-10---------------01-310------------------------0000----------------------------
---01--11--12--21-0-1--10-----------------12-------------------------------03332333-1222000-00000000--
-----11----01--10----11---------01-3-5-52------32--210------------------------------------------------
-----00------11------00-----------------01-011---------------------------------------656543210--------
-------------33-------------------00-01-116-3-0--000--------------------------------------------------

Generation = 46, Population = 1904.
3----13--2-3--+-5-75--4--35--32-----9-233---91--330+-5-0---5-20-1--9++-41--3831--658--3--653----10--13
-----0111--13--------93---------1-10--303-------1---2-01----------------------------------------------
--52913-6--+-+--+3+--55+-53--4247-4----7-+8-5--+7-5++----1-6--13--168-6-63196--8497-466-5445--00----22
---21202121--23----1-9-15-----3-12323-6-044--3---320221-10------------4257----------------------------
-461--54+--99+--+7++-69---+----4-58--9-+998--77+-89++-86-----6---4-4+---87-+--------5--512--11--------
-102252425222--235-6-7-3-32-4-44211--9+-+-385--87--4-6--0-10-------3448-+645-----------------------011
51--4-32517---------71-33--524-32--8-7853--+-----25--40-1--4--2-0--3-8--53--46-7-+-+-7----00--------43
1143241637--7--7--47-7-5-4-----13--20--12-3-1-0----422-00--11-1-------5-----30-----------------------2
--3-566-415--4--88----44--63-41--5-5974--6-5--53-35---3-2-4-----0104+7-9543---75-4-555--21------------
13425442--2-3--03---68-3--410-41264--8+--73--4-6---8--4415-4-21-1--265+--732--33-------------------122
-2544-4024--69--+3+9---32---6--3-7387--+-++---+-4-+4254---841-6-0-3-+-489-58-6-79-----10------------42
4-1037--0--6--36-51---1-03-2-52-44376--52-----54-5-22441---01--00-1---62782-----22--------------------
23-3----+5-6--94+8-----8-354---1+6+-9-+--+++7-+7-63+-4-6--7-628-201-75497-4----552--51----------------
3-5---4--9------8+-5827-88-9-7-78-54567------7-355---8-----7----7303-5+-9---5-32--16---------------233
-26-55--5-7+-++6-----2852-8-2-6--6--6-4---9-7+-54-----+-2----52-3025-----3-796-88785----------------63
4--2---3----------63-31--3-6-6-2-32---1------87--235-52----30--111----7--3----3-----24---------------3
-3--3--3--3---4----73-----9-4-3--48------77+-3+--38---643---3--1--4---8+5-3-7--5-3--------------------
-9----2-------------6-5----+-5-7-14-441-4-9+-9---7-74--32--8-54-3----8+----+3-276-37--43-----------222
-66-3-5--887---626+----8----5--+-++---++7++--------93-8--46--4--4-535---+-9-8----8-5----------------53
2----8-32----+6----81+--1----5-32---5664-6581-86-95------34407---54---3158---4--412---33--------------
33----6--5464--4859--4---4683-7+-5-9-+99----89+--36--5-4---4-87-----54-94----5-3-3-622463002----------
5739-9-6-8292--55+++7+67--4---7---5+----6---3-+-9------76---2--+4--445+-875-4-7-5--6-8-234---------011
42-253--5634486287+6---653213-4-224--6-618-+--52--154-03--2----50-----59-2537--+-----857832442------86
--62-7-3--7356241--81+474553--1535-----7-+5-3--647---------10--------6---5144----1-------------------1
-----46-5-62456+85-34335656-376--4854--8---74-9-4-3-5-7121-5024--01-84-9-4-65-68---7433-----2232------
873-4+--48--3+3--+6--718--7--527-----9-+-8-4-++-7758-76845232--65--356975597-6--3----4-013---------011
-----1413-3-2453-6946--14---26+--6-8696456----4+9--6-1141-5--------16-----5-++9+++-------++9999876--32
114--7-2--34-9-22--52-5-3--6-------1-5-3-6-809---45112-1023------24---213-----56-31--101--------------
---12--3657-+--583-18----0----42-52-8--365+-4-+-4423-26-0----32--11-3-44-2-9----446-256-----3443------
32-----4-7-8-+-4-43--33164----14-2-7-3-3-8-9---5483-2---2------32--22-6-44-+-9---5-614----------------
-12--02--28213---36-034-1--3--44--2----55---623-32--2-1--------10-----1-62258-+++++++-++++++98--------
-3-0-----5-5-6-5-9-2-----42-03-51---38-6-5-+55---5-73-6210---------12---0213-43--221------------------
2--12--24--43347-6--5--22-2-3-45--4----93---4+24--26-1-------11-----4-46112-778----4----1111----------
3--1-1-----6-8-7-514--1--4-32---------24-8-9----64110----------43--264--453-1--014--------------------
-11--14--33--38-2-+-1-3--1-0--42-35-58+9978-56-7-----314-------------------------++++98864------------
-11--1-1-----5-512--2--01--411-01-------56-+2----33--3-211-------00045------34------------------------
---03--20-1-7-8-5-2-4-1--141--7--5---6-875----6--434-0-110-----------------5556-----1111--------------
---01--1-2----31--3--73--0111421-42-------8+----453--200-------10--065-3972-6-1-11--------------------
-----22-0-1--25-1-+--62-1033---4---3366--6+-58-3--6---3-10-------------------9+++++++7----------------
-----01--43-35641--45--30210121011-12-----5+--1--4-112-------00----087-0-----10-0-01------------------
------1-2--23--45--43-----1431---1542-2514-83213--431-00-------------------044435554------------------
-------1-46------47--723112002243413-65-35-52-4--422---------------08-2-6-4-4-10-41-00----------------
----01---31------34---------1223002-1137245147--212-10------------------------------------------------
------413----------43572853243314255024-199---4-11-----------------053-136-363---42-3-10--------------

*** Life<FredkinCell> 35x25 ***

Generation = 0, Population = 11.
-------------------------
-------------------------
-------------------------
-------------------------
-------------------------
-------------------------
-------------------------
-------------------------
-------------------------
-------------------------
-------------------------
-------------------------
-------------------------
-------000---------------
-------00----------------
-------------------------
-------------------------
-------------------------
-------------------------
-------------------------
-------------------------
-----------------00------
----00-----------00------
-------------------------
-------------------------
-------------------------
-------------------------
-------------------------
-------------------------
-------------------------
-------------------------
-------------------------
-------------------------
-------------------------
-------------------------

Generation = 1, Population = 26.
-------------------------
-------------------------
-------------------------
-------------------------
-------------------------
-------------------------
-------------------------
-------------------------
-------------------------
-------------------------
-------------------------
-------------------------
-------000---------------
------0-110--------------
------0------------------
-------00----------------
-------------------------
-------------------------
-------------------------
-------------------------
-----------------00------
----00----------0--0-----
---0110---------0--0-----
----00-----------00------
-------------------------
-------------------------
-------------------------
-------------------------
-------------------------
-------------------------
-------------------------
-------------------------
-------------------------
-------------------------
-------------------------

Generation = 50, Population = 393.
--44+------353-24447-4212
-----17-4-5-52-35----3-13
----66-66-46-----56---44-
00-----27-2311-------121-
53--53------5-1--43-----0
2-41------+5--6-4--57----
49+---6-52--+-4554-5-43-2
2-2----5+7--32--2-5------
-6-7--6++638---4-34---365
4--347+7-++4--54--54-----
-54----6864-----75--12---
-3313-3-73-422--33-----13
---65-4+---95----------55
-4+-+-+-+-+4-+++-----++-5
----+--79+---6+-39--8-66-
-36853-----662--77-------
5---796--7----45-----9---
+----+-7++----+8--+5-44-9
-86---36-86-----+7--32-39
-----346-----31------2164
5-5-----5-+--79-37--3-3--
8--5+------++-8-8-8-+--85
--+--+-++-++--7-+795+-+8-
-33--458-----44-6-5--4433
7--5++5+-84--651-5-4-2--2
---227-45+-----28--7112-5
----9968---------8+----25
-----20-9-34-----45--01-3
-------65-54----------44-
-----58-5-6-58-----466-23
26--+-97--9--33--48-32---
43-------31473---37--331-
4----7--+512+-34---25--23
1-22-473-9----3-3--31----
63--98-67---2-1--45-----4
==30993== 
==30993== HEAP SUMMARY:
==30993==     in use at exit: 122,880 bytes in 6 blocks
==30993==   total heap usage: 35,284 allocs, 35,278 frees, 1,834,400 bytes allocated
==30993== 
==30993== LEAK SUMMARY:
==30993==    definitely lost: 0 bytes in 0 blocks
==30993==    indirectly lost: 0 bytes in 0 blocks
==30993==      possibly lost: 0 bytes in 0 blocks
==30993==    still reachable: 122,880 bytes in 6 blocks
==30993==         suppressed: 0 bytes in 0 blocks
==30993== Rerun with --leak-check=full to see details of leaked memory
==30993== 
==30993== For counts of detected and suppressed errors, rerun with: -v
==30993== ERROR SUMMARY: 309787 errors from 8 contexts (suppressed: 4 from 4)
