==30993== Memcheck, a memory error detector
==30993== Copyright (C) 2002-2011, and GNU GPL'd, by Julian Seward et al.
==30993== Using Valgrind-3.7.0 and LibVEX; rerun with -h for copyright info
==30993== Command: RunLife.c++.app
==30993== 
*** Life<Cell> 20x20 ***

Generation = 0, Population = 6.
--------------------
--------------------
--------------------
--------------------
--------------------
--------------------
--------------------
--------------------
--------------------
---------00---------
--------0000--------
--------------------
--------------------
--------------------
--------------------
--------------------
--------------------
--------------------
--------------------
--------------------

Generation = 1, Population = 12.
--------------------
--------------------
--------------------
--------------------
--------------------
--------------------
--------------------
--------------------
---------00---------
--------------------
-------011110-------
--------0000--------
--------------------
--------------------
--------------------
--------------------
--------------------
--------------------
--------------------
--------------------

Generation = 2, Population = 24.
--------------------
--------------------
--------------------
--------------------
--------------------
--------------------
--------------------
---------00---------
--------0110--------
-------00--00-------
------01****10------
---------11---------
--------0000--------
--------------------
--------------------
--------------------
--------------------
--------------------
--------------------
--------------------

Generation = 3, Population = 32.
--------------------
--------------------
--------------------
--------------------
--------------------
--------------------
---------00---------
--------------------
---------**---------
--------1001--------
-----01*....*10-----
------000**000------
-------011110-------
--------0000--------
--------------------
--------------------
--------------------
--------------------
--------------------
--------------------

Generation = 4, Population = 28.
--------------------
--------------------
--------------------
--------------------
--------------------
---------00---------
--------0110--------
--------------------
---------..---------
-----00-*11*-00-----
----01*......*10----
--------1..1--------
--------------------
---------11---------
--------0000--------
--------------------
--------------------
--------------------
--------------------
--------------------

Generation = 5, Population = 52.
--------------------
--------------------
--------------------
--------------------
---------00---------
--------------------
-------01**10-------
--------0000--------
-----00-0**0-00-----
--------.--.--------
---01**.*..*.**10---
----0000-..-0000----
--------1111--------
--------------------
-------011110-------
--------0000--------
--------------------
--------------------
--------------------
--------------------

*** Life<Cell> 54x99 ***

Generation = 0, Population = 578.
---------------------------------------------------------------------------------------------------
-----00---------------------------------------------------0000-------------------------------------
---0---00----------------------------------------------000000000----------------------------------0
--0-----0------------------------------------------------0000-------------------------------------0
-0----000------------------------------------------------00-------------------------------------000
00------------------------------------------------------0---------------------------------------0--
-00-----------------------------------------------------0---------------------------------------0--
---00----------0000000000-----------------------------000----------------------------------00000000
-----000000---0--------0-------------------------------000000-----------------------00000-------0--
-------00------0------0000000000000000000----------------------------------------------------------
-----000--------0----0----------------------0000---------------------------------------------------
---000------------00--------------------------------------------00000000000000---------------------
-------000--------00-------------------------------------------------------------------------------
---------00000000000-------------------------------------------------------------------------------
------------000------------------------------------------------------------------------------------
-------00000---------------------------------------------------------------------------------------
-----000-------------------------------------------------------------------------------------------
---00----------------------------------------------------------------------------------------------
-00------------------------------------00000000000----------0------------0---------------00--------
--000----------------------------------0---------0--------000--00000000000----------------0--------
----00000------------------------------0---------0----------0---------00000----------------0-------
---------00000----------------------00000000000000000-------------------00----------------0--------
--------------000----------------------0--0---0--0-----------------------0---------------0---------
----------------0-----------------------0---0---0---------------------------------------0----------
------------0000------------------------0--000--0--00----------------------------------0-----------
-----------000---------------------------0000000----0----------------------------------0-00--------
--------000------------------00-----------------------------------------------------------000------
---------------------------------------------------------------------------------------------------
-----00---------------------------------------------------0000-------------------------------------
---0---00----------------------------------------------000000000----------------------------------0
--0-----0------------------------------------------------0000-------------------------------------0
-0----000------------------------------------------------00-------------------------------------000
00------------------------------------------------------0---------------------------------------0--
-00-----------------------------------------------------0---------------------------------------0--
---00----------0000000000-----------------------------000----------------------------------00000000
-----000000---0--------0-------------------------------000000-----------------------00000-------0--
-------00------0------0000000000000000000----------------------------------------------------------
-----000--------0----0----------------------0000---------------------------------------------------
---000------------00--------------------------------------------00000000000000---------------------
-------000--------00-------------------------------------------------------------------------------
---------00000000000-------------------------------------------------------------------------------
------------000------------------------------------------------------------------------------------
-------00000---------------------------------------------------------------------------------------
-----000-------------------------------------------------------------------------------------------
---00----------------------------------------------------------------------------------------------
-00------------------------------------00000000000----------0------------0---------------00--------
--000----------------------------------0---------0--------000--00000000000----------------0--------
----00000------------------------------0---------0----------0---------00000----------------0-------
---------00000----------------------00000000000000000-------------------00----------------0--------
--------------000----------------------0--0---0--0-----------------------0---------------0---------
----------------0-----------------------0---0---0---------------------------------------0----------
------------0000------------------------0--000--0--00----------------------------------0-----------
-----------000---------------------------0000000----0----------------------------------0-00--------
--------000------------------00-----------------------------------------------------------000------

Generation = 10, Population = 2111.
1-*.--.-**0-1-*-0------*01------------------0000-------.*0..**.--0---100------------0*---10----0..1
-0.**.*.1..--...100000**.1-------------0*10------------**...*.-..-0*-1--000000------------------1-*
-.*.*1..*.0*1*-1001---0*-1--------------1-01*00*10------.--..-*...*.*.-001----------0111-------0.**
-..11-*-*-010--11--01-0.1-0-00000000000-*0-----1-------*.*.--1*..0.--*-0******10--------10---...*.-
*..0.*.*..-**0-.*..--11***0-----------0---00-0--0------.**-..*.1*1*-----11111---------..**--0-*-*.*
.*1*..0.*00.*-*..----1...**.-0000----01.*1-1-0-*--------.0-.-1-0-00-*------------------1*-01-1..*1*
..*..-0-.*..1-*.*-1.0.-*-*0----1----0-1-.1*..--*.1-----..**00..-1.**000000000--------....--1-*---*0
..*..*1*...**.-**.*0*...--*.--..*----1-110-1.0-.0--------*..*1--*-************.--------...*--*..1..
-1*1**...-...0.1*..0**---*-*---.-11--1.11.--.11-11-10-0..*..*...**.....**.**.*--00----.....-.-0-.0.
.*.10-*.1..-*...*.-..01.01-0---1--.1...**.**.0-*-.---0-..0-1--*01--..*......*.-----00-0...1-.*...*-
1-...---.-..-*.-111..--*.*0.-.-----0-*----0...-.-*..*1-.-*1-.0**-10..-*****...*.--11-.***1*1-0.-.*.
....1.-.....*1.*-1.*.--0---.1----00-10.-*-..--.*-1--10--*1-1.-11..*...**.....*......-.--.1.0-......
-**-.--.1...*.*.1-*---*----.1---------11.--.-**.*-.-1-011...--*1----.*-11.-.-**.--11--**.10--*-1.--
*0-..***.1*...-.-..*1**-1..-10----01*1.*.---.-.-1.1-*1-1*1..*-0001-11-1-....**-----000----*-----.1-
..10-.-*..*.1*-**1..1*11--11--------1-1*.--**.*..-.----*--*1-1*-000-**10-1-1-*--00--011---0-11--.-1
0*1-.-..---.-*.**...**00.10-000000000***.***..1-..*-----.0--.-*-110-1-0-.01..*.-0------0*0.-...*.**
-...0*0.-.-.*0.0--*..-0--1---1111111*-10*-.*-.1--101.-----...010.-----.....0-*1--0----*0.0-*----*0-
.*..*..**1*-00.1*0*1*-*-0------*-*.-*..**..*1*.*......-100-..011...--1-....01--001-----10-.-*1.1-1-
..-*-0---0--..11-0-.1------100*0-..0-.*.*.-*1.0....*--.*0-10.-.-*--..-...*-*.**-1*10000-0-0-.*0-1--
-.-*-0*...*-*.00.0----000000-1-1--1.-0.-.0.**.**...*1-.1-1-*..***....*-11.-.-1-.--00---.-.*--1*-1--
1*0**-1-..*-.**.*---0-000--------*--1*-.----.11-*0...*..-.-***.*..-..**0.....**..**10--.-*--.11----
-...*-*.....-.1**-01*-011-01.-**...**...*.---11**-1..***..1*.*-1*....-*1..-**.1--*00---.1..----0-1-
-...1*01-*-1*.10...----10101.-1*****-**.1*.1.*.-**.-*.11*-..*--0*-1..-.1*...-.-1-*10-----*..1.*---1
-0*0*-0*...1*-*-*010--1-----1-01----..-*.-..*1.*.-0.*001.**.1----..*.*.1.**...0001-----.00*1..*-1**
*-.1*--*...-*.--.*1--*-*--*-...--*-..*1..-...*-1*--.*.-**10.*.--1*1*01-0....--0--0-----.0-*1..--.-1
-*-**-.--...*.*..1-..00000-----*11.1.-111.0..*1..*-1*0-**-**-..11------1..-100------000**--..--*-**
--0-.*-.*1..*.*.*-**00-.*....-1....1-01-1-*.1.**--01.-..--**-1.*-11-11*1..1-0----------.1*-..*..-.-
0-.*.-..*.1.*0-1.*0110----.-----0.-1-0-0*..-.1...-00.-1-***...---.001---.*0-----------*..*.0-1.*--*
0-........--.**.11---0**00..-..-...1**---.1-*10*-10**-01...*--..**-.-.--***--0--------1..1*---0---.
-...-1.**.-.----*01--11*1-11----11-01..--.-**--.-.*-.-1-.1..**********.--111--------01**-1-1--0*...
-..---....**-1**--001--.----1..11-001-0*10*-.*-11*-----**1.0**...-*10*0-----**10------0-0-*0---.-.1
*..-*..1-.-*---1-1.--11***010--00---00-00-*--1--.0-1---*.*1...***1*-------111---------..*.1001...1*
.*1.*.*..0-1---..*---1...**.1---0-----0-.*-**10..----10-*--.-0.--00-*----*-------------.*1*--*..--.
..*..--1..**-**.*-1.0.-*-*0--10-----0-1-.....--..-0---0..**00..-1.**000000000--------....0--..1--*-
..*.*--..-.1*****.*0*...--***--.*----1------1--.---01----*..*---*-************.--------..*.1...*1..
-1*1**...-*..-.1*..0**---*-.---.-11--1.11*0**--*11-1--0..*..*...**.....**.**.*--00----....*-.-0-.0.
.*.10-**-*.-*...*.-..01.01-0-011--.1...**.**.0-*-.---0-..0-1--*01--..*......*.-----00-0**.-1***..*-
1-...---.-..-*.-111..--*.*0.-.-----0-*----0...-.-*..*1-.-*1-.0**-10..-*****...*.--11-.***1*1-0.-.*.
....1.-.....*1.*-1.*.--0---.1----00-10.-*-..--.*-1--10--*1-1.-11..*...**.....*......-.--.1.0-......
-**-.--.1...*.*.1-*---*----.1---------11.--.-**.*-.-1-011...--*1----.*-11.-.-**.--11--**.10--*-1.--
*0-..***.1*...-.-..*1**-1..-10----01*1.*.---.-.-1.1-*1-1*1..*-0001-11-1-....**-----000----*-----.1-
..10-.-*..*.1*-**1..1*11--11--------1-1*.--**.*..-.----*--*1-1*-000-**10-1-1-*--00--011---0-11--.-1
0*1-.-..---.-*.**...**00.10-000000000***.***..1-..*-----.0--.-*-110-1-0-.01..*.-0------0*0.-...*.**
-...0*0.-.-.*0.0--*..-0--1---1111111*-10*-.*-.1--101.-----...010.-----.....0-*1--0----*0.0-*----*0-
.*..*..**1*-00.1*0*1*-*-0------*-*.-*..**..*1*.*......-100-..011...--1-....01--001-----10-.-*1.1-1-
..-*--*11---..11-0-.1------10--0-..0-.*.*.-*1.0....*--.*0---.-.-*--..-...*-*.**-1*10000-0-0*.*0-1--
-.-*1-.*...0-*00.0----000000--1---1.-0.**-**..**..*--*.1-11-.*.......*-11.-.-1-.--00---.-.*1--*-1-*
1*-.*1*0*..1.--.*---0-000--0-*---*--1*-.--0..*-0--*.1***0*-1*-.-*.-..**0.....**..**10--.-.1*0-1---0
-**..*.*-..*-*1**-01*-011-01*0*....**..*.1.*-*1---1.*..**.-*.*-1*....-*1..-**.1--*00---.-..*----0-0
-..1--1..*--.*--.*.----101--1*.*..**-...*-....*-.**-*.*..0--.-10.-*..-.1*...-.-1-*10-----.0-.**----
--*-..*-*-***-.**--0--1--11----.-*-******.*11--*.1-1.10*0-0**.*--....*.1.**...0001-----.--*-.-0--00
-*-01-*.*.0-**-*1*.1--0-0---1**---1.111.*1-.-*.-**-.-.-*-1*-.---0-0*01*-**..1-0--0-------1..10-.0-1
-001*.-*-*1.**.**--..-11-0.--.100-.-.*-.*.--...***--*0.0*---.-0--*1*11*-*..*-0---------..**-.1--*--
--0..*..-*-*-..*.--1--*1*.*-*...*********1-..*-.--1**---.-00-----0-0--.**1.10----------.-*..***.1-.

Generation = 20, Population = 1893.
.....**.*...**.-**0*-..*--.--*-1-0--1-10*.*-*01**-*1-10..........0..-...*--.-**1-1---...***.*.*-*..
10*.*...*..-*.*.***1*.****.1*-..*-*-.--*.*-***0.-.1.1*-...*....***..0.*1.**...---*-10...1.**-*1*...
*..*........*.***...-.1.***..*.**----1-1.-...*0*.....**-*1.*...**..*.*****-.1.-1100-0...**.--.-**..
**.*..*.*1*..*...-**.*1*.**....*.*.-00.-....**....*.--0..*..*..**..1..0*.**........*-*-..-*1.*.....
..*-....**.......**.1*.*..**..0*.*.1*-**-1.*.*-*-0*.**-**..*...**.*-.**.*...*...-.-***....*1-......
...**...****.1...*.-1.*...*..******11..*..-...-...1**1*.*-.*1...*.*-*-....*.-**..-...---..-**.....*
..*****.*.**.-.*.-...*.*-**-1.1.*1--**..*.*....****.--1**.*.-...*.....**-*-.-1.*..1*-*....-.*..1..0
.***...*.*.*..-...***.*.*****1...*.-**....*..--**0-1-.-..****........*.**...**...110......**1...-**
*...*....*...-*..**1.*-...***-1.*.*..**.......*.......-*******.*.**........**.-*1.***.******.-*1.*.
*..**..*-*.-.....****-.......--*...****..*****.*-....-...-.-***-1.**..........0**.*.****....***...-
*.*..*.*.*.....-*....*-*..*.....*1.....-*.*...***....**...****.*..-**.*.*........*.**.........*-...
*...**-**....*..*....-........*.*.-*.*****.....*1*.*.-*1.*-**0****....******.....***1.*.****..****.
1..-....-....*...-.---.-.....*.1*1-...*1**-......**...**......****.1*.1...**.....*..*-****..*.**..*
.-*...*......***.....**-...-..-*....*.*****-....****...1...*..-.0-.*.***..*...--..****11-.**.*...*.
..*...-.....*.-*..*....11....*.*1.-.***.**.*...*.-****..-...-..**--*........-..1..*..1...1..**...1.
*..*.***.......*......-***.-.........**..*.*....***1*.1......****..1***-****......-***...-*.......*
....-**.-....*.1-....*.11.-**........-*........*..*.*.1..........**..****..1-.....*1-.*.....1.*****
....**...*.-.*.**.*-......1*...*.*.0...*........*..*****..-........*....*..***00-.*.*...0***...*.**
....-.-*-*.....*.1-..**.......*....*...*....*.-....****...*-.......***..**...**..***..-........0.*1
-.-.....**....1.*..*..*...**1..*....-...**...***........*.1*...*...*.*-..*...***.1*...1.*..*...-*0*
......--..*.*...*..*.-**..0.*..0.*..******-*.1...........*.*..***.1*.........*......*.-*.****....--
.*.**.*.........*.*..***..11***.*................***.....*-****-.....*....*..*....-1*0-.1.*11-0.**-
.*****..*.*..*.-.**.1.*.*.-......*...*..**....****..**...1...-*...***..1...*..**1*.*0.***..**.*1*.*
-....*-......-.1.*...-1.**0**-*..*1..*-...*....*.****.1*...***.-.*.....-.......-..----...-***.*...*
.....-*.**....-***....-.*-.**...**...*.***.**....-.*.**.*-..........*..-****.***.....***.**...*-*.-
-..*.-****........1**....1*.*.-*....*****.....*...*..******.*..*-1*....*..*.*..-..-*.*..****..*....
*******....*......***.......**1*....**...*.**...*-......-***.**..**-**.*...-.1*.-.-.0-0..****...1..
*.***...*.-**11...*.*.-*--.*1-*-*.-.*....**.*.*.**...-........-...**.**.***.-*-.-**--******.....-..
.1.......*..*.*****--.*....*1*...*..**-**.-...-........******....*..0**1*..*-*.--1--0*.**...**.*...
1....*.*.**.*-**....-.**.***.**-..***..**..*.......*.....*..**..*.**.*....-.-.*.*1---.*.-...*.*****
...1-**..**.*....0...1-*.*--.**..*1***1..1.**.....1.*.1...*-...***...*...-**...*...-1........--....
...1*.**1...***.*.........*..1--.0-***...*....-..-.-*...*..*...*..*-..*.--*.1....***-.*......-...**
..-*.*******1-......-........-*...*-...-.....*.....**.-....*...**1..****..1....*---.*.-...........*
.*...*-....*...**...*..***.*..*.-*0***......**0.**.0..............**..0*-1*.-*.-*..***..*-.....-...
.....**..**.....*.........***.****.-1*1...-0*.-***....**-....-.-.*.**..*....**.1.1-0**...........*.
*.***....*....*-.*...*-1*.0.**.*1*.-*......*.**.**...*...........*.....*.....*..-.**-*....*....0*.*
........-**-...*...*.-..*.0*.*..1.**......*..-.*-.....1...*1.....*........**..-...*..*-........*..*
*.*....-......*-....*-*.*.*.*.0-001...-..-*...........*....*.-...--...**.........**..**..*..****...
....*.*.......*...*..*1...*...---*.-**..*............*...*1**0..**...*..****.....*..-.*...*...*....
0**-.*.......**.*-.-1-....1**...-....1*..*-*....***.*.*.....*-...-.*..*.*.**.....***0.**.*---*.....
*0...*.......*....*.*..-...-*.*.0...*....*-0...***.*..-..***..-.-..*****..*...--..***-*--0*..*...1.
...*-.-.....*......**..-1.-*....*.1.*.....********...1*.*..*-....---........-..1.......-....-.*-***
...-....0.*.-.......**-.****.....***.......*.**.......*...*..**0**.*.-.*.***......-..*........****.
....-*..1.*.*..-*1*.*1.*..11--.*.1...0.**.....*.....*.-.--*..***.-*.*...***--......-......1*0-*-...
...*....*.*-1-*.**.1*.*.*-...-**........*...............*...*.....*.*..**....*-0-.**-.1...*.**.***.
..*.--.-..*-...*.-....*....-.1-.-......**.-*.........*..**.-..*.*....****.**.**..***..1-.*.....0..*
...**1..*.***..-**.-1..*.0*-....1-....*.*..*........-......-.********.0....*.*...1...*.*.....*.....
.*-..*.-.***...*.11...*...*1..-***..**1.*.*...**.-.**.*.0.**..***.1.........**....***.1.**.**..-.1.
***..*..0...-.-*****..-..1-..****...****.*.......*..*....*-..*1*......**...........*.-**......*.-..
.....***..-.*..-**.*.***..**.*.....*-..***...............--***.1.-..*0*.*..*1...-*...--*0*-**.*1-11
1**...**..*.****.**.*..*......*.*.*...........*.*.....*..**....-.******..**....-**.--*1.-...*.**...
1..1...*.***...*.**.**..*****.*1*-*.*****....**.***.1.-.-..-.--01**.0**-.*...-..**.*--..1.*.**-*.-.
*.*...-.**...*..*.0...**.....**--1....1**.**.*..*.***.**.**...-.********....-*0--.*.-.-**....*.-..-
*.*........***..*...*1....**.......**.*.......**-*.*.-1.*-....-....*11.......1.0-..-00-.-..........

Generation = 30, Population = 1349.
..****...***............-1.--.1.-1**...1........*-*...**.........-......*0......*.**...............
.-**.*...*.*...............**.*****.********....*.....-*..............****.....****1-..............
........***..*....**...............-**...-.*........**.0*-*......**....*..-...*..*...*****.........
........***.*...*.*..*.....*....***..-......**.....**--.*.***....*.*..-**.**..***...-.*..-.........
.......**.*.*..*****..*.....****...***...*..*.**1*.*.*..**......*.**....****...***...*..***........
...*..***...*1...*...**.**.**...............*.*..*...*..****.......1.-..*.*............*.......**..
.....*..**..*.........*.-*...*....--..**....*.*....*...*.**.**....*....*.......*...*....****...**.-
...*.*......***.*....****.*..*.........*.**..........*....*..*...**..**...*.........*..**.....*.**.
..........*..***...*****................**...*.*...**..*..*................******...*.*......-**...
.........***..***...**.......-.....**.***........*..*..*.**.......*..**.**.*..*..**....**...*.*...-
.*.*...**.......**...............*.*..*-....*..**..*.....*.........*....*....*....**...........**..
*..*.*..........***....*......................**......*...-....**..**.....**.............*...***...
*...*...*.......**.-..***.......**-....-..-...*....*.**........**...*.-..............-...*.*....*.*
*1..*....*............*..*.-....*..........-.......**...*.......*1.*.....*..*.--....*...-.**.**....
**.**....*..............**.....*.....**..........-**....**..-...*.***....*.**..-.*..*.........*....
***.*.*..*.............**......*....***...........***..**........*.*...-*....*.*****.......*..*....
***..*..**.............**.-.....*..*...............*..**.........**...*.**.*....*****..*.......****
***.**.**..-.......-..*...........**................*.*.............*.**.....*-1*...*..*-**..*.*.**
.....***.........-...........*.......................*.....*....*...******...........*.......**...*
-.-.*.*.......-..............**.......**..........*........*****....*..*....**....*..*.......**..**
.....**0.............*....-.*..**..**.**..-.......**.......**..*........*...*......***0.....*..*..*
.....................*....1........****.............*.......**...*.*..*......**...*..**....**...*..
....................*.....-.........*.......*.....*............*****..*.**..***.....*......*.*..*.*
1*...................******...*............**.**....*.........*..**..**........-.....-...-..*.*....
****......**..-.......-.***.......*.........*....*...**.......*.**....*1**.......................*.
...*....*..*...........*..***.-......*****..*****.....*.**.....**.***.*........-.............*..**.
**.....*....*..*...........**.....***.******...**.....*.**......*******.........-....*......*.*...*
**.**..*...**...*.....-...*....-.*-.......****..........**....-*...*.*........-.-.*.1**.....*..*.*.
.-...*..**..*.**...--.**...**......*...*.*...*......*******....*.**.-..........-.***..*........**..
...**....*.**.*......**.**...***...*.....*..*....***.*...........*..........**...1--.*........*....
**..-.......*....-...***..******......*...*.*....*.*.......1...*.....**..-.*......**1........-.....
*.*...........*......*.....***....-.*.....***.*.....*..........*.*......--.*.......**........-.....
*.............*.....**.......0.......*.....*....*****..........*......*....*..*.-1*....*...........
*.*..*..............******......**....*...**.....*..............*.**........*..1.*.....**1.....-...
*.*.**.....*****....*****....******....*...*......**....-....-.-..**...**...*..**.*....**..........
...*.......**.**......**.**..***....**.............*..............*..........*..*.**...*.......-...
.***....-...............***..................-..*.....................*.*.....**.*....-*...*.**....
.......-.......-......*.......---.*......*.***..*...........**.......*.................**...***....
.***.*......*........*..........1.*0.....*.**..*.............*.......**..*............***.*....*...
0....***...**....-.***...*................-**..***..............*1*..*..............1.**...****....
.-..*.*...............**........1..*.......1..........-........*-**..**.......--....****....*......
.*...*-..*.*...........1*.-.........**.*........***.......**..*..**1...*....-..1..*....**...1..1...
..**.*................-**......***.**.***.*..............*.**..*.....-..*..........*...*.....**..*.
....-.....*....-.....****...1..**...*****.**.............*.*..*...*....*.*.......*......**...**..*.
.......*..*.***.......***-*****........**.*..............**...*.*.*....**......*1****...**....*.*..
....-.......*.**.1.....*.....*.*...*.***..1..............*....*..*.............*.......-...........
.........*..*..1**............**...**.**............-..**.....*.*...........*...***............****
**.............**.1...*.......*....*.................*.........**..........*.***..........*....-.**
**....*........**.***.***...*****..**..........*......*.......-............*...*.**..-....***...-.*
*.*..*****-..*..*.***....**.....**.**.........**....**...**.***..1**.-....*..*....**.-...*..**.***.
-**..****.**.*.**.***.............*.*........*..*.......*******-.*****.....*.*.*..*-0...-.*.*..*...
.*.-........*.****.**.......**..........*...****.*..**..-**..*.-..*..*.-....**.**.**-.....**...*.-.
......-...*..*...**..*......*....-.***.*.*..****..**.***..*.*..*...*.........*...*....-...........-
..........****......**.........................*-.*........*****....*1.........-....-..............

*** Life<Cell> 16x16 ***

Generation = 0, Population = 20.
22------------22
32------------23
----------------
----------------
----------------
----------------
----------------
-------22-------
-------22-------
----------------
----------------
----------------
----------------
----------------
22------------22
32------------23

Generation = 5, Population = 112.
**0.-10--01-.0**
4.-1010--0101-.4
1-1*00-00-00*1-1
01*---0110---*10
*-0---0000---0-*
-10----11----01-
00-00------00-00
--0101-..-1010--
--0101-..-1010--
00-00------00-00
110----11----011
-00---0000---00-
.-----0110-----.
0---00-00-00---0
..--010--010--..
-.0.-10--01-.0.-

Generation = 15, Population = 82.
....--1..1--....
-*****----*****-
*.1**-.**.-**1.*
...***....***...
*.-.*.----.*.-.*
-*.-***..***-.*-
1-...111111...-1
0--.-******-.--0
**.*11....11*.**
..-.-*-..-*-.-..
*.-*.-.**.-.*-.*
-*1*-**..**-*1*-
.*.-..-..-..-.*.
-.-..*1..1*..-.-
...*..0--0..*...
-.-.1.1..1.1.-.-

Generation = 30, Population = 78.
.....-....-.....
-**...-..-...**-
*..*........*..*
.**.*......*.**.
.*..*.-..-.*..*.
*****......*****
...**......**...
**.....**.....**
.****......****.
..**........**..
..0*.*....*.*0..
.***-*....*-***.
.**-..*..*..-**.
-*...*....*...*-
.*...******...*.
3*****....*****3

*** Life<Cell> 16x16 ***

Generation = 0, Population = 20.
00------------00
00------------00
----------------
----------------
----------------
----------------
----------------
-------00-------
-------00-------
----------------
----------------
----------------
----------------
----------------
00------------00
00------------00

Generation = 5, Population = 80.
-*.0--0--0--0.*-
*-----0--0-----*
.---00-00-00---.
0-----0--0-----0
--0---0--0---0--
--0----00----0--
00-00------00-00
--0--0----0--0--
--0--0----0--0--
00-00------00-00
--0----00----0--
--0---0--0---0--
0-----0--0-----0
.---00-00-00---.
*-----0--0-----*
-*.0--0--0--0.*-

Generation = 15, Population = 104.
-...*..--..*...-
.-1-..*..*..-1-.
.1--********--1.
.---.1.11.1.---.
*.*.-1*--*1-.*.*
..*11-*..*-11*..
.**.**-**-**.**.
-.*1-.*--*.-1*.-
-.*1-.*--*.-1*.-
.**.**-**-**.**.
..*11-*..*-11*..
*.*.-1*--*1-.*.*
.---.1.11.1.---.
.1--********--1.
.-1-..*..*..-1-.
-...*..--..*...-

Generation = 30, Population = 24.
-.**........**.-
.-*-........-*-.
**-..........-**
*-.-........-.-*
....-..--..-....
.....-....-.....
......-..-......
....-..--..-....
....-..--..-....
......-..-......
.....-....-.....
....-..--..-....
*-.-........-.-*
**-..........-**
.-*-........-*-.
-.**........**.-
==30993== 
==30993== HEAP SUMMARY:
==30993==     in use at exit: 122,880 bytes in 6 blocks
==30993==   total heap usage: 35,284 allocs, 35,278 frees, 1,834,400 bytes allocated
==30993== 
==30993== LEAK SUMMARY:
==30993==    definitely lost: 0 bytes in 0 blocks
==30993==    indirectly lost: 0 bytes in 0 blocks
==30993==      possibly lost: 0 bytes in 0 blocks
==30993==    still reachable: 122,880 bytes in 6 blocks
==30993==         suppressed: 0 bytes in 0 blocks
==30993== Rerun with --leak-check=full to see details of leaked memory
==30993== 
==30993== For counts of detected and suppressed errors, rerun with: -v
==30993== ERROR SUMMARY: 309787 errors from 8 contexts (suppressed: 4 from 4)
