*** Life<Cell> 20x20 ***

Generation = 0, Population = 26.
--------------------
-..-----------------
-----------...------
--------------------
-----------*0-------
----------0*0-------
-0*0*---------------
--------------------
--------------------
---------00------.**
---------0*---------
--------------------
--------------------
-1.00.-----....-----
--------------------
------*****---------
--------------------
--------------------
---*.--------*------
----0---------------

Generation = 10, Population = 180.
-.0---1-*1.*-1-10-11
*.*-.010*-.*-011-1*-
.**-11-10.-..*-*1-11
--11-1-......1.*.*--
*.*--.1**.-*.*-10.-*
*-.-.01.*.1*.--*0.1-
...-..1-..-1.-.*.-..
.*.-*.*-....-1*1-*-1
1...*.----*-0*..*..*
0.1.-011.1.-*.0*-..*
*-1*.-.***...1-1**..
*1--..1.0*-1*.--0---
*.1.-*.-1.-*..-1-*..
11....-.-1..*.*1-*0-
-*0**1***..*1*..-1.1
*-0***.*...---0-0---
--0.*.....--*.-1*-0*
.*-11..*.*.-..01000*
*0-.**.**--00.110-0-
---0-*-**.--1000--01

Generation = 20, Population = 136.
.**0-**.**.****-*1-.
.*..*.****.***-**..-
..****...***...**...
--...*1......*****..
...-**.**...*.**0***
.-.....**...***..*-*
...*..-.*...**......
.....*............-.
.*......*..1-.......
***.1..-*...**..-...
.....*.**..**.*-....
..-..****.-.**....-.
*.*..****.-*.**.....
..*......1.*...-**.-
1..........*...*-..*
.*..........-.*-*-.-
.0*.......*...*.*.**
.*1..*.....*...10..*
.-.*.**..*....*-.--*
.***.*...*-.*1**1...

Generation = 30, Population = 111.
.......*.......-....
......**...........-
..******............
*.****.*........**..
.*....**............
.0..............***.
.............*..*.*.
............*.**....
..**.***...*....**..
*...1.**......**-...
.*.............*.*..
.....*...***...**.-.
........*****..***..
.**....***.*.*****.-
**.....*.....***-...
**........***...*...
*.*....*..****......
*.*...***.*....*1...
*..*..***.....**.*.*
..........1......**.

Generation = 40, Population = 97.
...............-....
.**................-
..**....***.........
.*.*................
**...............***
**..................
*..****.............
*.*....*..***.......
*.....*******..**...
*........***..***...
*..***..*......**...
....**............-.
.*......**..........
....*.*..*.......*.-
..*....**.......*.*.
....*..........**.**
..*.*.**.*.***..*.*.
.***..**.*.**....*..
.*.*....**..........
.**.......**........

Generation = 50, Population = 77.
.***...........-....
*.***..............-
**..**..***.........
....**..*...........
.................***
....**.........*....
...........**.......
.........*.**...*...
.......**.....*.*...
.*.....***....**....
.*.....***..........
........*****..*..-.
..........*....*.*..
...............*.*.-
..*.................
.***................
*...*..*.***........
*.**..*...*.........
.**....****.*.......
........*...........

Generation = 60, Population = 55.
.........*.....-....
........***........-
**.....*.**.........
**....**..**........
.......****......***
........***.........
....................
....................
................*...
...............*.*..
..................*.
..*............**.*.
***.*............*..
*..****............-
.***..*.............
....................
...*................
..*.................
..**...*............
..*...**............

Generation = 70, Population = 56.
.*..*..........-....
.....*.............-
*.....*.............
**.*.*.*............
..**...*.........***
...*...*............
......*.............
....................
....................
.**.................
*...*...............
*...*...............
*...*.............*.
.***..........****.*
.*.*..........*....*
..***..........****.
**..............*...
**..................
***.................
..*.................

Generation = 80, Population = 48.
.*....**.......-....
***..**.**.........-
....................
....***...*.........
...*.*...*.......***
*.*....**...........
.*.****.............
....................
.................*..
................***.
................**.*
..................**
..................**
.................*.*
................***.
................***.
....................
....................
....................
....................

Generation = 90, Population = 61.
...............-....
..........*........-
..***...**.**.......
**.*....**.**....***
**.**....***.....*.*
...**............*.*
**..............**..
***.............*.*.
................*.*.
....................
.................*..
................*.*.
................*..*
...................*
................*..*
...............*...*
...............**.**
...............**.**
.................*..
....................

Generation = 100, Population = 0.
...............-....
...................-
....................
....................
....................
....................
....................
....................
....................
....................
....................
....................
....................
....................
....................
....................
....................
....................
....................
....................
