*** Life<FredkinCell> 18x18 ***

Generation = 0, Population = 24.
------------------
------------------
-----8------------
------------------
-----------0------
--0---------------
-------------000--
------------------
------------------
---------00-------
---------00-------
------33----------
-------1------00--
-------1----------
-----5---------0--
-----24-------00--
-----24-----------
------------------

Generation = 1, Population = 64.
------------------
-----0------------
----0-0-----------
-----0-----0------
--0-------0-0-----
-0-0-------0-000--
--0---------01-10-
-------------000--
---------00-------
--------0--0------
------000--0------
-----04-000---00--
--------0----0110-
-----0020-----0---
----06-0-------10-
----03-0-----01-0-
----0--0------00--
-----00-----------

Generation = 2, Population = 72.
-----0------------
------------------
---0---0---0------
--0---------------
-----0---0----00--
0---0-------------
------------12-210
--0------00-------
---------11--000--
------0-1--10-----
--------1--10-00--
----01-31-1-------
----------0-01-210
-------3-0----10--
---0-70------002-0
---01---0---01--10
---012-10------1--
-----11-------00--

Generation = 3, Population = 124.
----0-0-----------
---0-0-0---0------
----0-0-0-0-0-----
-0---0-0-0-0--00--
0-0---0-0-0--0110-
-0-0-----0--000-00
0-0-0----00023-3-1
-0-0----0--00-0-00
--0---0------1-10-
-----0--2---------
----000--0----110-
---012-4--2--00-00
----00--0-1-121--1
---0-0------00-1--
--01081-00----1-01
--01-34-10-01--02-
--0-2-42-0--00-2-0
---0--2-0----01-0-

Generation = 4, Population = 71.
-----0-----0------
--0---------------
-0-------0---000--
------------------
-------0-------2--
0-----0--10-------
-----0-----1------
------00----------
-------0---0--02--
--0--100-----00---
------1-----------
--01-34---30--10--
---0-10---2------2
---1-----000------
-0--------00-----2
-01---50-1-1-----0
-01--253-10---03--
-----130------20--

Generation = 5, Population = 131.
--0-0-0---0-0-----
---0-0---0-0-000--
0-------0-0-01-10-
-0-----0-0---00---
0-------000---1-0-
-0------021----0--
0---0-00-0--2-----
------1-0-----00--
--0--00-0-1-0--30-
-0-0021-2--101----
---0-0----01-0-1--
-01---54-0-1002100
-------1---0--121-
-002000-01--0-----
01-1--10-0-10---03
01-1-----2-21-1021
0--02--4--1--0--00
-00-0-4-000--0--0-

Generation = 6, Population = 132.
-0-0-0-0---0--00--
0---0-------------
---0-8-----012--10
0-0---0--10-------
-0---------0--22-0
0-0-0-0----00-----
---0---1-1-1-30---
0-0-0--01-0--01---
------1----01---10
0-0-----300-1-0-0-
---101101-12--12-0
012---6---32-13-11
---00102--211--3--
---3----1-001011-0
-20----10---101---
1-----5-130--12--2
10---2---12--1--1-
-1101--01--001201-

Generation = 7, Population = 146.
----0---0-0-00110-
---0-0-0----000000
----0----0-1-30121
-0-----0021000000-
0-0-0----0-1-033--
-0-0-----2111--0-0
--0-0--20-022--3--
---0-0--20-0---000
----00---111---3-1
----02------2-1010
-002--2--02---23-1
1-31-3-4104302--2-
00----13-03--214--
-0-4-0032--1-12---
-31----21-----2---
211----0-4-2-2-0--
---0---40-----0-2-
----2-412--1-2---0

Generation = 8, Population = 69.
-------------122--
--0------00-------
-0-------102-4----
------01----------
---0-0-0------44-0
----0--0--2-------
------03-----30---
-----11-------11--
-----11-----------
-00--------------1
-11--1-----------2
2-------------31--
-----1-4---1-325--
--0--11-------3---
-4---8-3-----03---
32----5-----------
10-----5-----1-3--
------52-00-------

Generation = 9, Population = 121.
--0------00-02-30-
---0----0-----00--
0-----000-13--0---
-0-0--1-0210-000-0
--0-0-0-0-0--055--
--------02-1-0-0-0
----0---0-0-24----
----0-2--------20-
-00-0--0------03-1
0--0--1---------12
---20-2-------2303
--3----4---3----21
0-0-021-0-3--4--1-
---40223---1-1----
-5--09--1---11-2--
-31----0------20--
--1---56012-0---2-
01---16--111-2-0--

Generation = 10, Population = 146.
-0-------11-132-10
0---0-0-1--00-----
-----8--11--1--1-1
--0--0-11---------
---0--1---1101660-
--0---0013--1-01--
---0100311-23-0-11
-000----2-0-00--1-
-110111-0----11--2
---1022--------0-3
0---1-3----2-03--4
214--36-----023-3-
--10-3-----115252-
00-5--342---1-310-
06-----3-0--2-330-
3--113-1140---3---
1020---7-2-0--03-0
12--22----220-----
