*** Life<ConwayCell> 10x10 ***

Generation = 0, Population = 17.
*........*
*........*
*...*....*
....*.....
.....*....
....**....
..........
*........*
*........*
*........*

Generation = 1, Population = 13.
..........
**......**
..........
....**....
.....*....
....**....
..........
..........
**......**
..........

Generation = 2, Population = 5.
..........
..........
..........
....**....
......*...
....**....
..........
..........
..........
..........

Generation = 3, Population = 3.
..........
..........
..........
.....*....
......*...
.....*....
..........
..........
..........
..........

Generation = 4, Population = 2.
..........
..........
..........
..........
.....**...
..........
..........
..........
..........
..........

Generation = 5, Population = 0.
..........
..........
..........
..........
..........
..........
..........
..........
..........
..........

Generation = 6, Population = 0.
..........
..........
..........
..........
..........
..........
..........
..........
..........
..........

Generation = 7, Population = 0.
..........
..........
..........
..........
..........
..........
..........
..........
..........
..........

Generation = 8, Population = 0.
..........
..........
..........
..........
..........
..........
..........
..........
..........
..........

Generation = 9, Population = 0.
..........
..........
..........
..........
..........
..........
..........
..........
..........
..........

Generation = 10, Population = 0.
..........
..........
..........
..........
..........
..........
..........
..........
..........
..........
