*** Life<Cell> 10x10 ***

Generation = 0, Population = 23.
*........*
000......*
*...*....*
....*.....
.....0..00
....*0..00
...1......
*........*
*..--...--
*........0

Generation = 1, Population = 18.
*.........
1-1.....**
*..*......
....**..**
.....1..--
....*-..--
...-*...**
..........
**.--...--
.........-

Generation = 2, Population = 13.
.*........
---.......
.*.**.....
....**....
.....*..00
....*-..00
...1......
..........
...--...--
.........-

Generation = 3, Population = 7.
..........
---.......
...***....
...*.*....
.....*..--
....*-..--
...-......
..........
...--...--
.........-

Generation = 4, Population = 7.
..........
---.*.....
...*.*....
...*.**...
.....*..--
.....-..--
...-......
..........
...--...--
.........-

Generation = 5, Population = 10.
..........
---.*.....
...*.**...
.....**...
....***.--
.....0..--
...-......
..........
...--...--
.........-
