*** Life<Cell> 8x8 ***

Generation = 0, Population = 16.
0-------
--0-----
---0----
1---00--
---000--
----0---
-00-0---
0-10----

Generation = 1, Population = 21.
-00-----
00------
0----0--
-0-0--0-
0-01--0-
-00-----
-1-010--
-0-1----

Generation = 2, Population = 29.
--10----
-----0--
10-00---
1-010-10
----0010
---0000-
0-0--10-
01-*-0--

Generation = 3, Population = 36.
-0*100--
000---0-
-10---00
*01*10--
0-0111--
0--11-1-
11-0-*-0
-*1.-1--

Generation = 4, Population = 27.
--.--1--
1-1-0-1-
1*1-0--1
*1-.*--0
-0------
---*----
--011*0-
-**.0*00

Generation = 5, Population = 30.
0-.-----
*0*-10--
*.---0-*
.*-*.011
-1011--0
-0-*-01-
---**.--
0**.-.11
