*** Life<Cell> 24x24 ***
Generation = 0, Population = 18.
0----------------------0
------------------------
------------------------
------------------------
------------------------
----------00------------
----------00------------
------------------------
------------------------
------------------------
------------------------
------------------------
---0---------------0----
---0---------------0----
---0---------------0----
------------------------
------------------------
----------00------------
----------00------------
------------------------
------------------------
------------------------
------------------------
0----------------------0

Generation = 1, Population = 44.
-0--------------------0-
0----------------------0
------------------------
------------------------
----------00------------
---------0--0-----------
---------0--0-----------
----------00------------
------------------------
------------------------
------------------------
---0---------------0----
--010-------------010---
--0-0-------------0-0---
--010-------------010---
---0---------------0----
----------00------------
---------0--0-----------
---------0--0-----------
----------00------------
------------------------
------------------------
0----------------------0
-0--------------------0-

Generation = 2, Population = 64.
--0------------------0--
------------------------
0----------------------0
----------00------------
----------11------------
--------01--10----------
--------01--10----------
----------11------------
----------00------------
------------------------
---0---------------0----
---1---------------1----
-0-*-0-----------0-*-0--
-0---0-----------0---0--
-0-*-0-----------0-*-0--
---1------00-------1----
---0------11-------0----
--------01--10----------
--------01--10----------
----------11------------
----------00------------
0----------------------0
------------------------
--0------------------0--

Generation = 3, Population = 112.
-0-0----------------0-0-
0-0------------------0-0
-0--------00----------0-
0--------0--0----------0
--------0----0----------
-------0------0---------
-------0------0---------
--------0----0----------
---------0--0-----------
---0------00-------0----
--010-------------010---
-00-00-----------00-00--
01-.-10---------01-.-10-
0-0-0-0---------0-0-0-0-
01-.-10---00----01-.-10-
-00-00---0--0----00-00--
--010---0----0----010---
---0---0------0----0----
-------0------0---------
--------0----0----------
0--------0--0----------0
-0--------00----------0-
0-0------------------0-0
-0-0----------------0-0-

Generation = 4, Population = 81.
--0-0--------------0-0--
----------00------------
0---------11-----------0
------------------------
0----------------------0
------01------10--------
------01------10--------
------------------------
---0---------------0----
---1------11-------1----
---*------00-------*----
---1---------------1----
--0.0--0-------0--0.0--0
-------0--00---0-------0
--0.0--0--11---0--0.0--0
---1---------------1----
---*---------------*----
---1--01------10---1----
---0--01------10---0----
0----------------------0
------------------------
0---------11-----------0
----------00------------
--0-0--------------0-0--

Generation = 5, Population = 175.
-0---0----00------0---0-
0-0-0----0--0------0-0-0
-0-------0--0---------0-
----------00------------
-0----00------00------0-
0----0--0----0--0------0
-----0--0----0--0-------
---0--00------00---0----
--010-----00------010---
--0-0----0--0-----0-0---
--0*0----0--0-----0*0---
---*---0--00---0---*---0
-1-*-1010-00--0101-*-101
------0-00--0-0-0-----0-
-1-*-10100--0-0101-*-101
---*---0--00---0---*---0
--0*0-00------00--0*0---
--0-00--0----0--0-0-0---
0-0100--0----0--0-010--0
-0-0--00------00---0--0-
----------00------------
-0-------0--0---------0-
0-0-0----0--0------0-0-0
-0---0----00------0---0-

Generation = 6, Population = 192.
------0---11-----0------
--------01--10----------
----0---01--10-----0----
------00--11--00--------
--0---11--11--11-----0--
----01--11--11--10------
0--001--11--11--10-0---0
---1--11--11--11---1----
-0-*-000--11--00-0-*-0--
-0---0--01--10---0---0--
-0-.-0-001--10-0-0-.-0-0
-0-.-0-1-------1-0-.-0-1
0--.-*1*-0---0-*1*-.-*1-
-----0--1---1----0---0-0
0--.-*1*1---1--*1*-.-*1-
-0-.-00---11--0--0-.-0-1
-0-.-01---11--1--0-.-0-0
00--1---11--11--1----0-0
-0-*1---11--11--1--*-0--
--01--11--11--11---1-0--
---0--00--11--00---0----
----0---01--10-----0----
--------01--10----------
------0---11-----0------

Generation = 7, Population = 197.
-----0-00-**-0--0-0-----
----0-00------0--0-0----
---0-00--------0--0-0---
--0-00----------0--0-0--
-0-00------------0--0-0-
0-0---------------00-0-0
-00-1--------------10-0-
000--0------------0-00-0
01-.--1----------1-.-10-
0-010--0--------0-010-00
0-0.0---1-00---1--0.0--1
-10.0-0-----0-0-0-0.0-0*
---.0*-*0-0----*-*0.0**1
----0-00*--0*---0-0-0---
---.0.*.-01-*0-*-*0.0**1
-10.011-00---01---0.0-0*
--0.---00-----*0-10.0---
110-*-01-------0*--10--1
-10.-00---------*00.--00
--1*-0------------0--10-
---1-0----------0-0-00--
-----00--------0--010---
----0-00------0--0-0----
-----0-00-**-0--0-0-----

Generation = 8, Population = 107.
------0-1-..---0-0------
----------00------------
------------------------
------------------------
---1---------------0----
--1---------------1-----
0-1---------------0----0
---1---------------1----
1-0.0-------------0.0--0
-0---0----11-----0---0--
10-.-00---11----00-.-00-
-*-.-0-----------0-.-0-.
-10.1.-.-------*-.1.1..-
---0-0-1.-01*--0-----0--
-10.-...1-*1.-0*1.1.1..-
0*-.---0-------0-0-.-0-*
00-.-01-------.-0*-.-00-
**1-.0----------.00*-0-*
--1.------------*--.0---
---*---------------1----
---*---------------0----
---0---------------*----
---0------00-------1----
------0-1-..---0-0------

Generation = 9, Population = 164.
-----0---0..--0---0-----
------0-01111--0-0------
----------11------------
---0---------------0----
----0---------------0---
00*--------------0*----0
--*--------------01---0-
--0---------------0-----
-1-*------11-------*--0-
01---1---1--1----1---1-0
*10.0110-1--1--1110.0111
-.-.-1----00---1-1-.-1-.
0-1*-*-.--000-0.1.-.-*.-
--0-0---.0-**0------0-0-
--1.-.**--*-*01.**-.-**1
-.-.-1----11---1-1-.-10.
11-.0-*-------.-1.-.0110
*.-1.1----------.--*010.
0-**-0---------0.-0.---0
---*0-----------0-0*----
--0*0-------------0-0---
--0-0-----11------0*0---
--010-0-01111--0-00*0---
---0-0---0..--0---00----

Generation = 10, Population = 191.
----0----1.*00-----0----
--------1****0----------
---0--0-0------0-0-0----
--0-------11------0-----
000--0-----------00--0-0
1-*00-----------1-*00---
0-*0------------1-*1-0--
--1-------11------1-----
-*0.00----**-----1-.0---
-*-1-*-00*--*0-0-*-1-*-1
**1.1--1-*--*00---1.1---
-.-.---1----0--*-*-.---.
---*1*1.-----0-*-.-.-**-
00-0--01.--..-0--0-0--1-
-1**0**.1-.-.1****1.-..*
0*0.--10-0-*-0---*0.-*1.
-*0.--*0--11--.--.-*---1
*.-*.*---------0.--*1*-.
1-*.110-------1-.01.00--
0-1.--------------1.---0
-0-.10----11----00--10--
-0---00-0------0--1.10--
-0-*-0--1****0---1-.-0--
---10----1.*00----------

Generation = 11, Population = 245.
---0-0---*..1-0---0-0---
---00-00-....-00-0------
----00--1---100---0-0---
0-1--00-00**0--0-01--0-0
--1---1---11-----11-----
-0.11----------0*0.110-0
1-.-------00---0*-.-0-0-
0---00---0--0---0-*-00--
1*-.1-100-..-0-00*-*---0
-.---*---*--.-0--*0--*--
****--1-1*11.111-1-*---1
0*0.-1-*00-010-*-.-.010.
011*-*-.------0*1.-.1**1
1-0-001*.--..010-10-0-*-
0*..-...--.1*-.*..-*-*.*
1.1.0-*-0-1*-1-1-.-*0.**
1.-*--.-0-*-00.0-.-*----
*.1*..01--00----.0-.**0.
--*.**11-----1--.1-.--00
10*.--1---11--1-00*.--0-
-1-.*---00**0---1100--00
0-00-11-1---100--0-*-10-
01-*01-0-....-000--.-10-
-00-1----*..1-0--0---0--

Generation = 12, Population = 223.
--010--01...--1------0--
--0---11-...*-11--0-----
0-0---0-*-1----0-01----0
--*0------..------*0----
0-*-0-*10--------*--0---
--***10-------1-.-.**10-
*-.0-1----11--1-.-*-----
---1-1-1-------1-0*1-1-0
-*0.*-*-10..--011.-*--0-
-.01-*000.-1*010-.110.0-
*..*11-1-.--.-*--*1*----
1.1.0*0*1-0----.-.-*-*-.
1*-.1.-.00-000-.**1.*..*
--1011-..--.*1*10*101-.0
1.*.-...1-*-.1.*..-.-..*
-.-*--.-1--.-*--0.0*1***
-.0.--*-1-.-1-.11.0*01-1
..-...---1-1---0*10.**-*
--..*.--1---1---.--.0-11
*1*.--*-0---------.*-1-0
0*0.*--0--..---0--1-1-11
1-1---*0*-1-----011*--1-
---.1-0--...*-1-11-.0*-0
--11*--01...--1---0-01--

Generation = 13, Population = 252.
-0--10--*...10*---0-0-0-
00--00--1*...---0-10-0-0
-----010.--11--1-1*---0-
-0*1---0--..---0-0.1---0
--.-10*-10----1-0.-01-0-
-0*..*--1-00-1*0.0***-10
.0.-1--1-1**11*-.-.10-00
00-*0*1--011--1*01.---0-
1*-..-.--1..0---*.0.--1-
0.---.11-*1**----.--1*11
....**--1*11*-*-1**.-11-
-.-.1.-.-0--100.0.0.0.0.
-.1.-.1.-1011--...-..**.
----**1.*00..-.*1.*--0*-
-**.0...*-.1.-....-.-..*
1*1*0-.0-01.-*111.-.*..*
-.-.-0.-*-.---*-*.1.-*1-
..1...0-1---1-1-.--...0*
11....11*----1-0*11.1-**
***.-0.110--0--1--.*----
1.1..0010-..--0---*--0--
*0*0-1*1*--11-0--**.1-*0
0--.*-10-*...-*---0.-.0-
-0*-*0-1*...10*00-----00

Generation = 14, Population = 261.
-101--00**..*-.00010-0--
1-00-1---*.*.01--0*10---
0-00----.11**00*0-.0---0
01**--01-0..0--101.*--0-
--.-*1*1-1-1--*--.-1--10
1-**..--*---1-.1*1...-*-
.-.-*1--1-..-*.0.-.---1-
-1-*1**-01*-0--.1**101--
*.0.*0.01-..100-*.-.0---
1*--0***0.*..01--.-1*.-*
....**--*.**.1*--.*.1-*-
-.1**.0.--00*--.1.1*-.-*
-.-*-.**-*1---0.*.-**..*
-0-0*.-.*1-.*-..*..01-.-
-...-.*..0.-.1...*1.1*.*
*.*.--.--1*.0**--*0..*.*
1.-.--*-*-.-1-.1**-.-*-1
.*-..*11-1-1-1*-.1-*..1.
--...*-*.---1-1-*-**--**
..*.01.*-111---*-0.*-100
-.-..11-1-.*-01---*----1
*-*10-.-.-1**--00**.-1*1
11-..--1-*.*.-.-1-1*0.-0
-1.-*10-*...*-*-100--1-1

Generation = 15, Population = 241.
-*1-1-1-***.*-*1-1*-0-0-
*011---1-....--10-.-1--0
-0110010.*-..11.-1.-----
--..------..1-0-1*.*0010
-0.1*-.-1*--00*1-.1*10*1
--.*..0-*-----.-**...1*-
.0.0.--1--.*1**1.-.10-*0
--1.-..11-.-101.-**-1*--
*.-..1.-*-*.-1--*.0.---0
-*-11...1.*..1*00.-**.-.
.**...1-*....-*11**.*-*1
-.*...1.1-11*--.*.-.0*-*
-.-.1.**0.---0-.*.-.....
1---**-..*-..-.**..-*-*-
1***0....-.-.**.*.-.-*..
.*..--.---**-.*--.-*.*.*
*.0.--*0*0.-*0.*..-.0*1*
..1..**-1----**-.*0****.
-1....1*.-00-1*0*-.*1-..
....1*.*1*---01*0-.*-*11
1*-..-*1--..01*011.---1-
*0*-1-*1*-*..--11...-*.*
---..1--1*...-.---*.1.--
-*.1.-11*....-.--------*

Generation = 16, Population = 242.
-.-1---0**...-*-0*.-1---
*---011*-.*..01-10*1*0--
--**----*.1..*-.0**0-00-
--..-0010-..*--1**..11*-
0-*-*1.1-*11--**0.*.*-.-
--.*..-1*--0--.1**...-.0
.-.1.--*1-.**..*.-.*--.1
0--.-.*--1.----.-**1-*--
.*0**-.-*-.*--0-*.1.-11-
-*0***..-....-.11.1.**1*
.*...**-*.*.*-.*-.*..1*-
-***..-.--*-*-0...1*-*0*
1.1**.*.-.11--0.**-.*.*.
*-1-..-**.0..-..**.0.0.0
-.**-*...0*1.**.*.-.-*..
....0-.01-**-..-1.0....*
..1.--*-*1*-*-.*..1.-.**
..*..*.-*-01-..0.*-....*
1-..*.-..-11-*.1.-..-0.*
**..**..-*-1-1-.1-**0***
-.-**-.*10..1*.--*.0-0*1
*1*--1.*.1...0---...-**.
1-0**-11*....-.011..-.--
0..-.-*-**...-.---0-0-0.

Generation = 17, Population = 235.
0.1--0--**...-*--..-*---
.0111--.1.*..---*-.*.---
00.*---0*.****-.1..--1-0
0-*.---*--..*---....-**0
--.1*-.--*---0*.1.***-*1
1-**..0*.-----.*.***.-.1
.-.*.--.--***..*.-.*00**
--1.1..-1-*-1-1*-*.--*-0
*.1..-.0.-..11-1*.-.-*--
1.1...**-*.*.-*--.-.*.-*
*....**-.*...1**-.*..*.1
-.....-*10*1*-1.*.-*0.-*
*.*.*..*0.**-01.*.-.....
.--0.*-**.-.*1*...*-.1.-
1***0.*..1.-*...*.1.1...
..*.--*1--..-**-*.1....*
..**0-*0.-.-*0.*..*.-.**
.*.*.*.1*11--..-..-....*
*-.**.-..--*-..*.1**-1.*
**...*..-*1*0-1.-0**-...
-.-*.1.*-1..***--*.111.-
*-.11-...*..*1011**.1*.*
-1-**1-*.....0.1-*..1.--
1*.1.1*1**...-.01------.

Generation = 18, Population = 235.
-.*---10**...0.10..-.0--
.-***--.-.*.*011.0..*0-0
--..--1-*.*.**1.*..00*01
11*.0-0*-0*..00-.*.*-..1
--.-*1*-1.1--1**-...*0.*
--*...1..10011.*.*...1.-
.-..*-0*11*.**.*.-.*-1.*
01*.-..---*1-0*.1..1-.01
..-..-*1.1*.-*--*.-.-*1-
-.*..*.*-.*..1.11.1.**1.
.*...*.1.....*..-....*.-
-*...*-.*1.*.--.**-*1.0.
...**...1...--*..*1**...
*011.*1...0..**....0.-.-
**..1....-.1*.....-.-...
....-1.-11..0.*1*.-...**
.*..10.1.1.1*-.*.*..-.**
.*...*.-*-*-1.*-**-*...*
*1.*.*-..-1.-...*-.*--*.
****.**.1*-.-1**11..-**.
-*1*.**.--.....--..-*-*1
.-.*-1.......-1*-...*.*.
1*-..-1*.*..*1.--.****-0
**.*.-.**....0*-*---0--.

Generation = 19, Population = 242.
-.*-10*-**..*1.-1..-*100
.0**.1-.-.*..-*-.-.*.101
00..-0*0*.*...*.**.-1.-*
*-.*101.-1*..11-*.**1..-
00*1*-.1-.---*.*1.*.*-..
-0.**.-..---**.*.....-.-
.0**.--*-*.....*.0*.-*.*
1-..1*.-11.*11..*..*1.--
..-..-*-**..1*--*.1*-.*-
-....*.*1**.*-.*-*-.*.-.
.**.**.*.**.*.**-.*....-
1.*..*1***...01.**1.-.-.
*..*..***.*.--****-..*..
*1--.**...-****....1*-.-
*..*-.*..1***.....-.-...
**..0**-*-..-.***.-...**
....*1.-.*.**0...**.-...
.*...*.-*1*1**.0.*-....*
.*.*.*-**-**1....1..1-**
.......***-.0*****..-...
-.*....*11...*.-1..1*1.*
*-.*-*.*.....-*.1.......
-*0.*-**....*-.11.....0-
***..-***...*-*-.00-1--.

Generation = 20, Population = 214.
-**1*1*-.*...*.1-..-**1-
*-.*.-1.-.**.-*1*0.*.-1*
--..-1.-*.**..*.**.0*.-*
.1..*1-.-**..--1..*.**.1
-1.-.-*-1.1--...-.*.*0..
--....-.*1-0**.*..**.1.1
*-...10.1***...*.1**-...
--*****--*.**-***...**01
..-.*1*1....*.0-*.*.0*.0
-...**..*...*-.*1*1...1.
.****.......*...-.**...-
*.*...*....*.1*...-.-.-.
*.*.*.....**10....-**...
**1-**..*.0...*.*..**-.-
..*.-....**.......-.1...
**.*-.*-*1..-.****1.....
**...*.-.....-...**.-.**
..*..*.-.*.-..*-.*-...**
..*.*.-..-..*....-*.--**
..*.......-.-.**.***-..*
1.......*-..*..--..***..
.-.*1*.......-*.-*..***.
1.-.*1.......1**-.....-0
*.**.1*.*....-.-*11--10.

Generation = 21, Population = 194.
-****-*0..*....*-..-**--
.-.*.1**1..**-.*.-.*.--*
00..-**0......*....-..-*
.*..*--*0....---*.*....*
0*.-.-.-*.*-0.*.-**..1..
10...*-..---*.*.*....**-
.0.*.--.-........*..-..*
11.*...--*..*-*.......--
..1..-.**...*.1-..*.-..1
-.*....*...**1.**.*.**-.
.**.*......**.**1.**...-
*...**....*..-*...1.1.-.
*.*.*....**.--.*..1**...
*.*-**....-.**.......1.-
....1*.*..*...*...1.*...
*...0..-*-*.-..**.-*....
*...***-**...-*.....-.**
..****.-...-...0.*0..*..
.**...-..1...****1.*-1..
.*.*......-.-*...*..-*.*
-..**....1...**0-*......
.-.***.......-**1..*..*.
**0..*.......***-.*.*.0-
.*.*.-*......0*-*-*01*1.

Generation = 22, Population = 179.
0.***1.-*..*....1..-*.10
*-.*.-..*..*.0**.-..*11.
1-*.-..1.......*...0..0*
..*..--.-*...--1..*...*.
-.*-.1.-**.-1...1.*..*..
-1....1..-00...**.*..**-
.-..*1-.-......*....-.*.
*-.*...1-....-........--
..**.-.**.....*-.*.*0..-
-.*....**....*..*.*.*.1.
.**.**....*.....-.*..*.-
*.*.**...**..1*.*.-.*.-.
*........***10*...-.**..
...-..*..*-*.**...*..-.-
.*..*.*..*.*.***..-**...
...*-..-*1*.-.**..-*....
.*....*-**...0*..**.-.*.
..*...*-**.-.*.1.*1.**..
.*....-..-...*.*.*..--..
.*.**.....-.0....*..0.*.
-....*...-...*.-1**...*.
.1...*.......1..****.*..
**1..**.........1.*...-0
**...-.......-.0.-*-*.-.

Generation = 23, Population = 193.
1*****.0....*.**-..0*.-1
*0...1.**...*1***-.**-*.
*-**-..-*......**..-*.1*
..**.1-.-*...-1*****.***
-**1.-.1**.--...*.**.*..
1-..*.-..-11...**....**1
.0..**-.-......**...-**.
.1**..**-....-........0-
.***.-*........1.***-*.-
-...*.****........*.*.-.
..*.***.*.*..***-...**.-
*.*.**.......-**..1**.-.
.*...*..*...--....1***..
...-.*..**0..........1.-
.....*.*...*......-**...
..*.-*.1.-..-...*.-**...
..*....-.....-...*..0*..
.**....-**.-**.*..-*.*..
.*.*..1..1..**...*.*-1..
..*.*.....-.-**.....-*..
-.*..*...-..**.0-...*.*.
***.**.......*.*...*..*.
..*..**........**...*.0-
*.*..1.......-.-.1.-..-.

Generation = 24, Population = 182.
-.****.1*...*...-..-**--
.-...*.**...*-...0...-*.
*0.*0.*-**.........0..*.
.....-1*0*...1*........*
-*.-.1.***.1-.*....*....
-1..**-.*-**...........*
*1..**-.-......**...0...
**....**1....-.*.**.*.11
.*..*1.........-.***0*.-
-*..*...**.....****...-.
.*......*....*.*1.*..*.-
..*....*.*...-.*..-...-.
.*...**.*...--....-..*..
...-**.***1.......*..*.-
....**.*.**.......1*.*..
....0..*.-..-.....1.....
..**...1*....0..*.*.-*..
.*.*...1**.1***.*.1*.**.
.*.*..-.**........*.--*.
.**.**....-.0.......-**.
1.*..*...-..*..11...*.*.
..*.*.......**.*...**.**
*.*...*.......***....*10
.*...**......-.0*-.-..1.

Generation = 25, Population = 183.
-..***.-*.......-..0.*--
.0...........1...-..*-*.
.1..1..-.....*.....-..**
***.*--.-....**.........
0..-**.....*1**.........
--*...1**1**...*........
.**.*.-.-*.....***.*1***
..*...***....-.*......**
.**.***..*.....-....1**1
1**.**..**....**.....*-.
.**....*........-.*....-
.**...**.*...1***.1...-.
....**....*.--....1.....
...1......-.......**.**-
...*...*..*......****...
....1*.*.1..-.....-.*...
..***.**.*...1**..*.0**.
.*.**..-..******..*****.
**.*..-*.***.....***-1.*
*...**....-.1.......-.**
-.*..*...-.**.*-*..**...
..*..*......**.....**...
..**..*......*......*.--
.*...**......-*-*1.-.***

Generation = 26, Population = 189.
-...*..1........-..-**--
.1**.*.......*...-..*1**
.-.**..-....**.....-.***
*.*.*--.-...............
1.*1******.*-..*........
1-*.*.****.*.*.*....***.
.**..*-.1.....**....-*.*
....*.****...-.*...*....
*...*....*....*-....*..-
*...*..***..........**-.
.....*.*.*...*..1*.....-
.***.****....***..-*..-.
..*****.....-0**..-.....
...*......-..........*.0
...*..*.*........*......
..*.-*.*.**.-.*..*-.....
..*...**.*.*.-.*..*.1.*.
**...**-.......**......*
**.*.*1..*....*..*..1*.*
*.*****...1.**...*..0***
1*.*.**..-.*...-...***..
.**.***....*..*......*..
.****.*.....***....**.10
..*..**......-.-.*.-.**.

Generation = 27, Population = 160.
-.***..-........-..0*.-1
.**..*......**...-...-.*
.1...*.-....**.....-*..*
..*..-1*0...*.........*.
-.*-.....*..1.*......*..
*1..........*..**...***.
.**.*.0.-.*....**...-*..
.*.**.**.*...-.*....*...
...**.*...*....-...***.-
....****.**.........**1.
.***.*...*...*.**...*..-
.*......*...*.....1...-.
.*..........1-.*..-.....
......**..-...*........-
..***.****..............
..**1*...**.-...**-.....
..*....*.*...-**.*..-...
*...*..-*.*...****.**..*
...*..**.....***.*..-..*
.......*..-***....*.1..*
-......*.-**.*.-...*....
.......*...*..*.........
.......*....***.....*.-1
.**.***......0.-...0****

Generation = 28, Population = 161.
-****..-........-..1..1*
.*...*......**...-.**-**
.*...*.1...*.......0..**
.**..-**1..**........**.
1.*1...**..*-..*....*...
*-.*.......*.**.*...*.*.
....*.1*-.....*.....1.*.
.*....**.**..-.**..*....
..*.......*....1...*..*-
.......****...........*.
.***.*.*.**........**..-
**..........*****.-...-.
.......*....*0....1.....
..**.**...-............-
..*......**.............
.*..**....*.-..***1.....
.**..*.......1*.....1...
...*..*1**.......*......
......***..*.....*..-.**
.......**.-*......**-...
-.....***1*..**-...*....
......***.**..*.........
.....*.*....*.*....**.-*
.....**.....*1*-...1****

Generation = 29, Population = 188.
1****..-........-..***-*
**.*.**.....*....-***-..
**...*.**..*.*.....1....
*..*.-..-.***.......****
*..-..*.*.**-***....*.*.
.1***.*.*...***....**...
.....*-*1.*..**.*..**...
.....******..-***..***..
......*....*...**......1
.*.*..**...*.......***..
***...**..**.***.......-
**....*.*..**.**..1*..-.
.**...*.....*-.*..-.....
..**..*...1............-
.**...*..**.....**......
.*.***...**.-.*****.....
.***.*.***...***..*.-...
..*..*.*.*..............
..........*......*..-...
..........-**.....**1...
-........-..***1..**....
.....*....***.**...**...
.....*..*...*.**...*..-*
.....**.....*-*0...-.***

Generation = 30, Population = 141.
-..***.-........-.*..*-.
...*.***....*....0*..-..
.....*.*..*..*....**..*.
*....1*.-..........**.**
*..-**....*.-..*......**
.****.*.*.*.............
..**..-.*.***...*.*.....
.....*....**.-...*.*.*..
.........*.*..*.*.....*-
**...*.....*....*...*...
.....*..*.*..*.*..*....-
.....**...*.....*.*...-.
*..*.**.....*0**..1.....
...*.***.***....*......-
.*....*....*......*.....
*....*.*....-*....*.....
.*...*.*.....*....*.-...
.****..*.**...*.........
..........**......**1...
..........-**.*..*..*...
-........-*....-........
................*...*...
....**......*...*..*.*-*
.....**......-*-...1..**

Generation = 31, Population = 145.
-..*.*.1........-**...1.
...*...*.........1...1..
.......*.........*..****
.....*..-.........***...
*.*-...*.*..-........***
.*.....*..*.............
.*...*1*....*....**.....
.............-.****.....
...........**..***..**.1
.........*.**.*.**......
....**...***...**..*...-
.......*.*.**...*.**..-.
.........*..*-***.*.....
..*....*..**.***.*.....-
....*...*..**....*......
**...*.*....0....***....
**.*.*.*.....**.....-...
.****.*.****......*.....
..**.....*..**....**-...
..........1.*.....*.*...
-........1.*...-........
....................*...
....***........*...*.*1*
....***......1.0...**.**

Generation = 32, Population = 136.
-...*.**........1**...-.
....*..**.......*-..**.*
......*..........*....*.
......*.-.........**....
.*.1..*.*...-......****.
***....*..............*.
......-*..........*.....
......*....**-.*...*....
..........*****........-
.........*...**...*.*...
.........*...*.....*...-
.........*..***...**..-.
.........*...0....**....
........***......**....-
.*....***.*...*..*......
***..*.**..*1....**.....
...*.*.*.*****...*.*-...
*....*******..*...**....
.*..*...*...**...**.-...
.........*-.**....*.....
-........-**...-...*....
.....*..............***.
....*.*.......*....*..**
....*.*......-*1...**..*

Generation = 33, Population = 125.
-....****.......-*....-.
........*.......*1*..**.
.....**..........******.
.....**.1.........**..*.
**.-..*.....-.....*****.
***...***..........**.*.
.*....-*................
..........*..-*.........
..........*....*...*...-
.........*.*.......*....
........***.........*..-
........***.*.*.....*.-.
............*1*.........
..........*......*.*...-
***...*...*.....*.......
***.**......-...**......
*.*..*.......*...*.*1...
.....*........*....*....
.....**.......*..*..-...
.........*-..*...***....
-........-***..-...***..
.....*.............*****
....*.*.......**...*...*
.............1**...**.**

Generation = 34, Population = 104.
-.....***.......-**...1.
........*.......*-....*.
.....**.........*......*
........-..............*
*.*-....*...-.........**
..*...*.*.........*...*.
***...-**...............
.............1..........
.........***...........-
........*..*.......**...
...................**..-
........*.*.*.*.......-.
..........*.*-*.........
.*.........*.*.........-
*.**.*..........*.*.....
....***.....-...***.....
*.**.**.........**.**...
....**.......**....**...
.....**......**..*.*-...
..........-***...*.*....
-........-***..-........
.....*.....*......*....*
.....*.......*.*..*.....
.............*.*...**.**

Generation = 35, Population = 90.
-......**.......-*....*.
.....*..*.......*-....**
......................**
........1..............*
.*.1...*....-.........**
*.**....**............**
.**...-**...............
.*......***..-..........
.........****..........-
.........*.*.......**...
.........*.*.......**..-
.........*............-.
.........**.*1*.........
.**........***.........-
.***.**.........*.*.....
............-..*........
...*...........**...*...
...*.........*****......
....***............*-...
..........-...*.........
-........1*..*.-..*.....
..........**............
............*.....*...**
...................*....

Generation = 36, Population = 74.
-......**.......-.....**
.......**........-...*..
........................
........-...............
.*.*...*.*..-...........
*..*.....*............**
*..*..1*..*.............
.**....*.....-..........
............*..........-
........**.........**...
........**.........**..-
........**.***........-.
.........**..**.........
.*.*......**..*........-
.*.*........*...........
...**.......-..*.*......
.................*......
...*.*........*..*......
....**.......*..*...1...
.....*....1.............
-........***...-........
.........****...........
...........*............
........................

Generation = 37, Population = 70.
-......**.......-.....*.
.......**........-....*.
........................
........-...............
..*.....*...-...........
**.**.**.**.............
*..*..***...............
.**...**.....-..........
........*..............-
........**.........**...
.......*....*......**..-
...........****.......-.
........*.....*.........
.........****.*........-
...*.......*............
..***.......1...*.......
...*.............**.....
.....*..........**......
.....**.............-...
....**...***............
-...........*..-........
.........*..*...........
...........**...........
........................

Generation = 38, Population = 77.
-......**.......-.......
.......**........-......
........................
........1...............
.***...***..-...........
**.****..*..............
*..**....*..............
.**...*......-..........
........**.............-
.......***.........**...
........*..**......**..-
...........**.*.......-.
.........*....**........
.........*****.........-
..***........*..........
..*.*.......-....*......
..**..............*.....
....***.........***.....
......*...*.........-...
....***...**............
-........*..*..-........
............**..........
...........**...........
........................

Generation = 39, Population = 91.
-......**.......-.......
.......**........-......
.......**...............
..*....***..............
**.*.***.*..-...........
*....***.**.............
*.....*.................
.***....**...-..........
.........*.............-
.......*..*........**...
.......*******.....**..-
..........***.**......-.
.........*....**........
...*.....*****.........-
..*.*.....**.*..........
.*..*.......-...........
..*.............*.*.....
...****..........**.....
.......*..**.....*..-...
.....**..***............
-....*....*.**.-........
.............*..........
...........***..........
........................

Generation = 40, Population = 77.
-......**.......-.......
......*..*.......-......
......*.................
.**......*..............
***.**......-...........
*...*....**.............
*.*..**...*.............
.**.....**...-..........
..*......**............-
.......*....*......**...
.......**....**....**..-
...............*......-.
.........*.....*........
...*.....*...*.........-
..*.*....*...*..........
.**.........-...........
..*...............*.....
...****.........*.*.....
.......*.*.*.....**.-...
.....**..*..............
-....**..**.**.-........
..............*.........
............**..........
............*...........

Generation = 41, Population = 88.
-......**.......-.......
......*.*........-......
........................
*.**.*..................
*.*.**...**.-...........
*.*.*.*..**.............
*.**.*..*.*.............
..**....*....-..........
.**......**............-
.......*.*...*.....**...
.......**....**....**..-
........*......*......-.
..............*.........
...*....***...*........-
.**.....................
.**.........-...........
.**.**...........*......
...****...........**....
.......**.*......**.-...
.....*.*.*.**...........
-....**..**..*.-........
...........*..*.........
............**..........
............**..........

Generation = 42, Population = 86.
-......**.......-.......
........*........-......
........................
..**.*..................
*.*...*..**.-...........
*.*...*.*..*............
.....*.**.*.............
....*...*.*..-..........
.***.....**............-
.......*.**..**....**...
.......*.*...**....**..-
.......**....*.*......-.
........*.....**........
..*......*.............-
.*.*.....*..............
*...........-...........
.*....*...........*.....
..**..**...........*....
.......*****.....***-...
.....*.*...**...........
-....**.**...*.-........
..........**..*.........
...........*..*.........
............**..........

Generation = 43, Population = 100.
-......**.......-.......
.......**........-......
........................
.***....................
..*..***.**.-...........
.....**.*..*............
.....**.*.**............
..***..**.**.-..........
..**.......*...........-
..*..........**....**...
......**.**.*..*...**..-
.......*.*...*.*......-.
.......***....**........
..*.....**.............-
.**.....................
***.........-...........
.**...**................
..*...*..**......*.*....
.........****.....**1...
.....*.....**.....*.....
-....*****...*.-........
.........******.........
..........**..*.........
............**..........

Generation = 44, Population = 102.
-......**.......-.......
.......**........-......
..*.....................
.***..*.................
.*****.****.-...........
....*...*..*............
...*....*...*...........
..*.*****...*-..........
.*..*.....***..........-
..**......*****....**...
......**.**.*..*...**..-
.............*.**.....-.
.......*..*...**........
.**....*.*.............-
*..*....................
*..*........-...........
*..*..**................
.**...****.........**...
.........*..*....*..*...
.....*.*.....*....*.....
-....*****....*-........
......**......*.........
.........*....*.........
...........***..........

Generation = 45, Population = 106.
-......**.......-.......
.......**........-......
.***...*................
.....*****..............
.*...******.-...........
.....*....**............
...*..*.**.**...........
..*.******..*1..........
.*..*.**.**............-
..**..........*....**...
.........**....**..**..-
......******.*..*.....-.
........*.....***.......
.**.....*..............-
*..*....................
*****.......-...........
*..*..*.................
.**...*..*.........**...
.........*........*.*...
.....*.*.*...*..........
-....*.......**1........
.....*...*...***........
............*.*.........
............**..........

Generation = 46, Population = 76.
-......**.......-.......
..*...*..........-......
..*......*..............
.*..**....*.............
....*......*-...........
....**......*...........
...*.........*..........
..*.*.......**..........
.*..*....**..*.........-
..**....*......*...**...
.......*...*..***..**..-
.......*...*.....*....-.
..........*...***.......
.**............*.......-
*...*...................
*...*.......-...........
*...**..................
.**................**...
......*..**.........*...
......*.*....*..........
-...**..*...*..-........
............*...........
............*..*........
............**..........

Generation = 47, Population = 89.
-......*........-.......
.......**........-......
.***.*..................
...***....*.............
...*.......*-...........
...***......*...........
...*.*.......*..........
..*.*.......***.........
.*..*....*..***........-
..**....***....**..**...
.......**.....***.***..-
..........**.....*....-.
..............***.......
.*............***......-
*..*....................
**.**.......-...........
*..***..................
.*...*.............**...
.......*.*.........**...
......*.*...............
-....*.*....**.-........
...........***..........
...........**...........
............**..........

Generation = 48, Population = 79.
-......**.......-.......
..*...***........-......
..**.**.................
.....*..................
..*........*-...........
..**.*......*...........
..*..*........*.........
..*.**..................
.*..*...*****..........-
..**...*..*.....***.*...
.......**..*..*...*.*..-
.................***..-.
..............*..*......
..............*.*......-
*..**..........*........
**...*......-...........
*..*.*..................
.....**............**...
......***..........**...
......*.*...............
-.....**...*.*.-........
........................
........................
...........***..........

Generation = 49, Population = 83.
-.....*.*.......-.......
..**.*..*........-......
..****..................
..*****.................
..***.......-...........
.****...................
.**..**.................
.**.**...***............
.*..**..****.....*.....-
..**...*....*....**.....
.......**.......*...*..-
.................*.*..-.
...............***......
..............*.*......-
**..*..........*........
****.*......-...........
**...*..................
....**.............**...
........*..........**...
.....*..*...............
-.....**.......-........
........................
............*...........
............*...........

Generation = 50, Population = 65.
-......*........-.......
..*..***.........-......
.*......................
.*....*.................
............-...........
........................
*.....*...*.............
*.......*..*............
.*...**.*...*....**....-
..***.**..**....***.....
.......**.......*..*...-
...............*.**...-.
...............*.**.....
..............*..*.....-
*..**..........*........
...*.*......-...........
*..*.**.................
....**.............**...
....**.............**...
......*.*...............
-.....**.......-........
........................
........................
........................

Generation = 51, Population = 64.
-......*........-.......
......**.........-......
.**..*.*................
........................
............-...........
........................
........................
**...**..*.*............
.******.***.*...*.*....-
..***....*.*....*..*....
...*..***......*...*...-
...............*...*..-.
..............**........
..............**.**....-
...**...................
..**.**.....-...........
...*..*.................
...*...............**...
....*.*............**...
......*.................
-.....**.......-........
........................
........................
........................

Generation = 52, Population = 64.
-.....**........-.......
.......**........-......
.......*................
........................
............-...........
........................
........................
**.*..****.*............
*.....***...*....*.....-
.*.........*...*****....
..***..**......**.***..-
.......*.......**.....-.
..................*.....
..............***......-
..****..................
..*..**.....-...........
...*.**.................
...***.............**...
.....*.............**...
......*.................
-.....**.......-........
........................
........................
........................

Generation = 53, Population = 64.
-.....***.......-.......
........*........-......
.......**...............
........................
............-...........
........................
.......**...............
**....*..*..............
*.*...*..****....*.....-
.***..*........*....*...
..**...**.....*.....*..-
...*...**......**.*...-.
..............*..*......
...**..........*.......-
..*****........*........
..*.........-...........
..**....................
...*...............**...
.....**............**...
.....***................
-.....**.......-........
........................
........................
........................

Generation = 54, Population = 67.
-......**.......-.......
......*..*.......-......
.......**...............
........................
............-...........
........................
.......**...............
**....*..*.*............
*..*.***.***...........-
......*.****............
.*..*.*.*.....*.*..*...-
..**...**.....****....-.
...**.........*..*......
..*...........***......-
..*..*..................
.*...*......-...........
..**....................
..***..............**...
....**.*...........**...
........................
-....*.*.......-........
........................
........................
........................

Generation = 55, Population = 60.
-......**.......-.......
......*..*.......-......
.......**...............
........................
............-...........
........................
.......**...............
**...*...*.*............
**...*......*..........-
....*......*............
..**.**...*...*.**.....-
..*..*.**....**..**...-.
....*........*...*......
..*.*.........***......-
.**............*........
.*.**.......-...........
.*......................
..*..*.............**...
....**.............**...
....**..................
-..............-........
........................
........................
........................

Generation = 56, Population = 73.
-......**.......-.......
......*..*.......-......
.......**...............
........................
............-...........
........................
........*...............
**....*.*...............
**..**....***..........-
.****.*....*............
..**.***.....******....-
..*..*.*.....***..*...-.
....**.......*...**.....
.**...........***......-
.*..*.........***.......
**.*........-...........
.*.**...................
....**.............**...
...*..*............**...
....**..................
-..............-........
........................
........................
........................

Generation = 57, Population = 74.
-......**.......-.......
......*..*.......-......
.......**...............
........................
............-...........
........................
.......*................
**...*.*.*.*............
....*.**..***..........-
*......*..**.*****......
.......*....**..***....-
..*....*....*......*..-.
.******......*...**.....
.*****.......*.........-
...*..........*.*.......
**.*........-..*........
**.*.*..................
..*..*.............**...
...*..*............**...
....**..................
-..............-........
........................
........................
........................

Generation = 58, Population = 70.
-......**.......-.......
......*..*.......-......
.......**...............
........................
............-...........
........................
......*.*...............
.....*.*...**...........
**...*.*.*...****......-
.......**.*...**..*.....
......***.........*....-
.**.**.*....*...*..*..-.
......*.....**....*.....
.*....*......**..*.....-
*.............**........
**.*........-..*........
*..*....................
.***.**............**...
...*..*............**...
....**..................
-..............-........
........................
........................
........................

Generation = 59, Population = 71.
-......**.......-.......
......*..*.......-......
.......**...............
........................
............-...........
........................
......**................
.....*.*....****........
.......*.*****..*......-
.............*..**......
.....*...*.....*.***...-
.....*..*...**...***..-.
.**...**....*.*..**.....
............*..*.......-
*.*..........*.**.......
***.........-.**........
*..*....................
.*.*.**............**...
...*..*............**...
....**..................
-..............-........
........................
........................
........................

Generation = 60, Population = 73.
-......**.......-.......
......*..*.......-......
.......**...............
........................
............-...........
........................
......**.....**.........
.......*..*...**........
......*.*.**....**.....-
........**.*.***........
............***....*...-
.....*.**...***.......-.
......**...**.*.**.*....
..*.........*..*.*.....-
*.*..........*..*.......
*.**........-.***.......
*..**...................
...*.**............**...
..**..*............**...
....**..................
-..............-........
........................
........................
........................

Generation = 61, Population = 75.
-......**.......-.......
......*..*.......-......
.......**...............
........................
............-...........
........................
......**.....***........
........****.****.......
........*..***..*......-
.......***.*...**.......
.......*.*.*...........-
.......**.........*...-.
......***..*..*.***.....
.*.........**.**.**....-
..*..........*...*......
*.*.*.......-.***.......
.*...*.........*........
.....**............**...
..**..*............**...
...***..................
-..............-........
........................
........................
........................

Generation = 62, Population = 78.
-......**.......-.......
......*..*.......-......
.......**...............
........................
............-...........
..............*.........
.......****.**..*.......
........****....*.......
.............*...*.....-
.......*.*.*...**.......
......*..*.............-
.........**.......*...-.
......*.*..****.*..*....
.......*...**.**.......-
..**........**...**.....
..**........-.***.......
.*..***.......***.......
..*.***............**...
..**..*............**...
..****..................
-...*..........-........
........................
........................
........................

Generation = 63, Population = 68.
-......**.......-.......
......*..*.......-......
.......**...............
........................
............-...........
........**...*..........
.......*....**.*........
.......*...*.*..**......
...........**..*.*.....-
........*.*.....*.......
.........*.............-
.......*******........-.
.......***....*.........
.......*.......****....-
..**.......**....*......
.*...*......1...........
.*....*.......*.*.......
.**....*.......*...**...
.*....*............**...
..*..*..................
-...**.........-........
........................
........................
........................

Generation = 64, Population = 75.
-......**.......-.......
......*..*.......-......
.......**...............
........................
............-...........
........*...***.........
.......*.....*..*.......
...........*.*.*.*......
..........***..*.*.....-
.........***....*.......
.......*....*..........-
.......*...***........-.
......*....*******......
.......*.......****....-
..*........**....**.....
.*.........***..........
**....*........*........
***...**.......*...**...
.*....*............**...
....***.................
-...**.........-........
........................
........................
........................

Generation = 65, Population = 61.
-......**.......-.......
......*..*.......-......
.......**...............
........................
............1*..........
............***.........
...............**.......
..........**.*.*.*......
.........*....**.*.....-
.........*......*.......
........*....*.........-
......**.......**.....-.
......**...*......*.....
.......................-
...........*.*....*.....
***........*.*..........
......**....*.*.........
..*..***...........**...
***................**...
....*.*.................
-...*.*........-........
........................
........................
........................

Generation = 66, Population = 56.
-......**.......-.......
......*..*.......-......
.......**...............
........................
............-.*.........
............*.**........
...........*...**.......
..........*......*......
.........*....**.*.....-
........**....***.......
.......**......**......-
......*.*.............-.
......**................
............*..........-
.*......................
.*.........*.**.........
..*..*.*....**..........
..*..*.*...........**...
.***...*...........**...
.*.*....................
-..............-........
........................
........................
........................

Generation = 67, Population = 58.
-......**.......-.......
......*..*.......-......
.......**...............
........................
............1***........
.............**.*.......
...........*..***.......
..........*...*..*......
........***...*..*.....-
.......*.*.......*......
..............*.*......-
......*.*.............-.
......**................
.......................-
............**..........
.**..........**.........
.**.........***.........
....*..**..........**...
.*.**.*............**...
.*.*....................
-..............-........
........................
........................
........................

Generation = 68, Population = 58.
-......**.......-.......
......*..*.......-......
.......**...............
.............**.........
............*..*........
................*.......
................**......
..........**.**..*......
........*.*.....***....-
.........**....***......
.......**..............-
......*...............-.
......**................
.......................-
............***.........
.**.....................
.***........*.*.........
.*..**.*.....*.....**...
...***.*...........**...
...**...................
-..............-........
........................
........................
........................

Generation = 69, Population = 55.
-......**.......-.......
......*..*.......-......
.......**...............
.............**.........
.............***........
...............***......
...............***......
.........***...*........
..............*...*....-
.......*..*....*..*.....
.......***......*......-
......*.*.............-.
......**................
.............*.........-
.............*..........
.*.*........*.*.........
*..**........*..........
.*...*.......*.....**...
..*................**...
...*.*..................
-..............-........
........................
........................
........................

Generation = 70, Population = 56.
-......**.......-.......
......*..*.......-......
.......**...............
.............*.*........
.............*..........
.................*......
..........*...*..*......
..........*...**.*......
.........*.*..**.......-
.......*.*.....*.*......
......*..*.............-
......*..*............-.
......**................
.......................-
............***.........
..***.......*.*.........
**.**.......***.........
.****..............**...
..*.*..............**...
........................
-..............-........
........................
........................
........................

Generation = 71, Population = 54.
-......**.......-.......
......*..*.......-......
.......**...............
..............*.........
..............*.........
........................
..............**.**.....
.........***.*..........
........**.............-
.........*....***.......
......**.**............-
.....**.*.............-.
......**................
.............*.........-
...*........*.*.........
.**.*......*...*........
*....*......*.*.........
*....*.......*.....**...
.**.*..............**...
........................
-..............-........
........................
........................
........................

Generation = 72, Population = 60.
-......**.......-.......
......*..*.......-......
.......**...............
........................
........................
..............**........
..........*...*.........
........***...*.........
........*.....**.......-
.......*.......*........
.....***.**....*.......-
.....*..**............-.
.....***................
.............*.........-
..**........***.........
.****......**.**........
*...**......***.........
*...**.......*.....**...
.*.................**...
........................
-..............-........
........................
........................
........................

Generation = 73, Population = 61.
-......**.......-.......
......*..*.......-......
.......**...............
........................
........................
..............**........
..........*..**.........
........*.*..**.........
.......**.....**.......-
.......*.*.....**.......
.....*.*.**............-
....*....**...........-.
.....****...............
......*.....***........-
.*..*......*...*........
.*...*.....*...*........
*.*........*...*........
**..**......***....**...
...................**...
........................
-..............-........
........................
........................
........................

Generation = 74, Population = 64.
-......**.......-.......
......*..*.......-......
.......**...............
........................
........................
.............***........
.........*..............
.......**...............
.......*.....*..*......-
.......*.**...***.......
......*................-
....*.....*...........-.
.....*****...*..........
......*.....***........-
.....*.....*.*.*........
***.......***.***.......
*.*.**.....*.*.*........
**..........***....**...
.............*.....**...
........................
-..............-........
........................
........................
........................

Generation = 75, Population = 60.
-......**.......-.......
......*..*.......-......
.......**...............
........................
..............*.........
..............*.........
........*.....*.........
.......**...............
......**.*....*.*......-
......***.....***.......
.........**....*.......-
........**............-.
.....*****..***.........
........*..............-
.*........*.....*.......
*.****....*.....*.......
..**......*.....*.......
**.................**...
............***....**...
........................
-..............-........
........................
........................
........................

Generation = 76, Population = 55.
-......**.......-.......
......*..*.......-......
.......**...............
........................
........................
.............***........
.......**...............
......*..*.....*........
.........*....*.*......-
......*...*...*.*.......
..........*...***......-
......*......**.......-.
......*......*..........
......*.*....*.........-
.****....*..............
....*....***...***......
*.......................
.**..........*.....**...
.............*.....**...
.............*..........
-..............-........
........................
........................
........................

Generation = 77, Population = 58.
-......**.......-.......
......*..*.......-......
.......**...............
........................
..............*.........
..............*.........
.......**......*........
.......*.*.....*........
.........**...*.*......-
.........**..**.**......
................*......-
.............*........-.
.....**.....**..........
..**.*.*...............-
..****..**......*.......
.**.*....**.....*.......
.*........*.....*.......
.*.................**...
............***....**...
........................
-..............-........
........................
........................
........................

Generation = 78, Population = 67.
-......**.......-.......
......*..*.......-......
.......**...............
........................
........................
..............**........
.......**.....**........
.......*.**...***.......
.............**.**.....-
.........**..**.**......
.............*****.....-
............**........-.
....***.....**..........
..*....**..............-
.....**.***.............
.*..**..*.*....***......
**.......**.............
.............*.....**...
.............*.....**...
.............*..........
-..............-........
........................
........................
........................

Generation = 79, Population = 55.
-......**.......-.......
......*..*.......-......
.......**...............
........................
........................
..............**........
.......***...*..........
.......*.*.......*......
........*..............-
............*.....*.....
.................*.....-
.....*.........**.....-.
.....***....**..........
....*...*..............-
....***...*.....*.......
**..*****..*....*.......
**.......**.....*.......
...................**...
............***....**...
........................
-..............-........
........................
........................
........................

Generation = 80, Population = 50.
-......**.......-.......
......*..*.......-......
.......**...............
........................
........................
........*.....*.........
.......*.*....*.........
.......*.*..............
........*..............-
........................
................**.....-
.....*..........*.....-.
....****................
....*..................-
...*....**..............
**..*..**..*...***......
**...******.............
.............*.....**...
.............*.....**...
.............*..........
-..............-........
........................
........................
........................

Generation = 81, Population = 55.
-......**.......-.......
......*..*.......-......
.......**...............
........................
........................
........*...............
.......*.*..............
.......*.*..............
........*..............-
........................
................**.....-
....**..........**....-.
....*.*.................
...**.***..............-
...**..***......*.......
***.**..........*.......
**...**..**.....*.......
......****.........**...
............***....**...
........................
-..............-........
........................
........................
........................

Generation = 82, Population = 50.
-......**.......-.......
......*..*.......-......
.......**...............
........................
........................
........*...............
.......*.*..............
.......*.*..............
........*..............-
........................
................**.....-
....**..........**....-.
......*.................
......*..*.............-
.*.......*..............
*.*....*..*....***......
*.*.*....**.............
.....******..*.....**...
.......**....*.....**...
.............*..........
-..............-........
........................
........................
........................

Generation = 83, Population = 43.
-......**.......-.......
......*..*.......-......
.......**...............
........................
........................
........*...............
.......*.*..............
.......*.*..............
........*..............-
........................
................**.....-
.....*..........**....-.
......*.................
.......................-
.*......***.....*.......
*.**....*.*.....*.......
...*.*.....*....*.......
.....**...*........**...
............***....**...
........................
-..............-........
........................
........................
........................

Generation = 84, Population = 50.
-......**.......-.......
......*..*.......-......
.......**...............
........................
........................
........*...............
.......*.*..............
.......*.*..............
........*..............-
........................
................**.....-
................**....-.
........................
.........*.............-
.**.....*.*.............
.****...*.**...***......
..**.**..***............
....***....***.....**...
.............*.....**...
.............*..........
-..............-........
........................
........................
........................

Generation = 85, Population = 44.
-......**.......-.......
......*..*.......-......
.......**...............
........................
........................
........*...............
.......*.*..............
.......*.*..............
........*..............-
........................
................**.....-
................**....-.
........................
.........*.............-
.*......*.**....*.......
....**.**.......*.......
.*....**.*......*.......
...**.*....*.*.....**...
.....*.......**....**...
........................
-..............-........
........................
........................
........................

Generation = 86, Population = 42.
-......**.......-.......
......*..*.......-......
.......**...............
........................
........................
........*...............
.......*.*..............
.......*.*..............
........*..............-
........................
................**.....-
................**....-.
........................
.........**............-
.......**.*.............
.....*....*....***......
...*....................
....*.**....***....**...
....**......***....**...
........................
-..............-........
........................
........................
........................

Generation = 87, Population = 47.
-......**.......-.......
......*..*.......-......
.......**...............
........................
........................
........*...............
.......*.*..............
.......*.*..............
........*..............-
........................
................**.....-
................**....-.
........................
........***............-
........*.**....*.......
.........*......*.......
....***......****.......
...**.*.....*.*....**...
....***.....*.*....**...
.............*..........
-..............-........
........................
........................
........................

Generation = 88, Population = 48.
-......**.......-.......
......*..*.......-......
.......**...............
........................
........................
........*...............
.......*.*..............
.......*.*..............
........*..............-
........................
................**.....-
................**....-.
.........*..............
........*.**...........-
........*..*............
.....*...**...*.**......
...**.*......**.*.......
...*...*....*......**...
...**.*.....*.*....**...
.....*.......*..........
-..............-........
........................
........................
........................

Generation = 89, Population = 57.
-......**.......-.......
......*..*.......-......
.......**...............
........................
........................
........*...............
.......*.*..............
.......*.*..............
........*..............-
........................
................**.....-
................**....-.
.........**.............
........*.**...........-
........*..*............
....**...**..**.**......
...****......**.**......
..*...**....*.**...**...
...****.....*......**...
....**.......*..........
-..............-........
........................
........................
........................

Generation = 90, Population = 55.
-......**.......-.......
......*..*.......-......
.......**...............
........................
........................
........*...............
.......*.*..............
.......*.*..............
........*..............-
........................
................**.....-
................**....-.
.........***............
........*..*...........-
........*..**...........
...*..*..**.***.**......
...*...*....*....**.....
..*....*....*.***.***...
...*...*....*.*....**...
...*..*.................
-..............-........
........................
........................
........................

Generation = 91, Population = 54.
-......**.......-.......
......*..*.......-......
.......**...............
........................
........................
........*...............
.......*.*..............
.......*.*..............
........*..............-
........................
................**.....-
..........*.....**....-.
.........***............
........*..............-
.......**...............
.......****.....***.....
..**..***...*...........
..**..***..**.***...*...
..**..**......*...*.*...
........................
-..............-........
........................
........................
........................

Generation = 92, Population = 47.
-......**.......-.......
......*..*.......-......
.......**...............
........................
........................
........*...............
.......*.*..............
.......*.*..............
........*..............-
........................
................**.....-
.........***....**....-.
.........***............
.......**.*............-
.................*......
.................*......
..**......*.**..........
.*..**.....**.**...*....
..**..*.*....**....*....
........................
-..............-........
........................
........................
........................

Generation = 93, Population = 41.
-......**.......-.......
......*..*.......-......
.......**...............
........................
........................
........*...............
.......*.*..............
.......*.*..............
........*..............-
........................
..........*.....**.....-
.........*.*....**....-.
........................
........*.**...........-
........................
........................
..***.......***.........
.*..**.....*...*........
..****......****........
........................
-..............-........
........................
........................
........................

Generation = 94, Population = 43.
-......**.......-.......
......*..*.......-......
.......**...............
........................
........................
........*...............
.......*.*..............
.......*.*..............
........*..............-
........................
..........*.....**.....-
..........*.....**....-.
.........*.*............
.......................-
........................
...*.........*..........
..****......***.........
.*.........*...*........
..**.*......****........
...**........**.........
-..............-........
........................
........................
........................

Generation = 95, Population = 44.
-......**.......-.......
......*..*.......-......
.......**...............
........................
........................
........*...............
.......*.*..............
.......*.*..............
........*..............-
........................
................**.....-
.........***....**....-.
..........*.............
.......................-
........................
..**........***.........
..***.......***.........
.*...*.....*...*........
..**........*..*........
..***.......*..*........
-..............-........
........................
........................
........................

Generation = 96, Population = 45.
-......**.......-.......
......*..*.......-......
.......**...............
........................
........................
........*...............
.......*.*..............
.......*.*..............
........*..............-
........................
..........*.....**.....-
.........***....**....-.
.........***............
.......................-
.............*..........
..*.*.......*.*.........
.*..*......*...*........
.*.........*...*........
.*.........**.***.......
..*.*...................
-..*...........1........
........................
........................
........................

Generation = 97, Population = 51.
-......**.......-.......
......*..*.......-......
.......**...............
........................
........................
........*...............
.......*.*..............
.......*.*..............
........*..............-
........................
.........***....**.....-
................**....-.
.........*.*............
..........*............-
.............*..........
...*........***.........
.***.......**.**........
***.......**............
.**........**.***.......
..**..........*.*.......
-..*...........-........
........................
........................
........................

Generation = 98, Population = 51.
-......**.......-.......
......*..*.......-......
.......**...............
........................
........................
........*...............
.......*.*..............
.......*.*..............
........*..............-
.........**.............
..........*.....**.....-
.........*.*....**....-.
..........*.............
..........*............-
............***.........
...*.......*...*........
*..*......*...**........
*.........*.....*.......
*.........*****.*.......
.*.*.........**.*.......
-.**...........-........
........................
........................
........................

Generation = 99, Population = 59.
-......**.......-.......
......*..*.......-......
.......**...............
........................
........................
........*...............
.......*.*..............
.......*.*..............
........*.*............-
.........**.............
...........*....**.....-
.........*.*....**....-.
.........***............
...........*.*.........-
...........****.........
...........**..*........
..........**..***.......
**.......**.*...*.......
**........***.*.**......
.*.*.......*..*.........
-.**...........-........
........................
........................
........................

Generation = 100, Population = 56.
-......**.......-.......
......*..*.......-......
.......**...............
........................
........................
........*...............
.......*.*..............
.......*.**.............
........*.*............-
.........***............
.........*.*....**.....-
.........*.**...**....-.
.........*.*............
.............**........-
..........*...*.........
................*.......
.........*...**.*.......
**.......*..*.*.........
.........*..*...**......
**.*......****.*........
-.**...........-........
........................
........................
........................

