*** Life<Cell> 10x10 ***
Generation = 0, Population = 6.
----------
-0-----00-
----------
----------
----------
----------
----------
----------
-00-----0-
----------

Generation = 1, Population = 24.
-0-----00-
0-0---0110
-0-----00-
----------
----------
----------
----------
-00-----0-
0110---0-0
-00-----0-

Generation = 2, Population = 14.
----------
---0-01--1
----------
-0-----00-
----------
----------
-00-----0-
----------
1--10-0---
----------

Generation = 3, Population = 50.
---0-00--0
--0--1*11-
-0-0-00000
0-0---0110
-0-----00-
-00-----0-
0110---0-0
00000-0-0-
-11*1--0--
0--00-0---

Generation = 4, Population = 16.
----------
---00*.*-1
----------
----------
-10-----1-
-1-----01-
----------
----------
1-*.*00---
----------

Generation = 5, Population = 40.
---000-0-0
--01-...--
---000-0-0
-00-----1-
0-10----*0
0*----01-0
-1-----00-
0-0-000---
--...-10--
0-0-000---

Generation = 6, Population = 38.
-----1----
-01*0...--
-00--1--0-
-1-000--*0
1--10-0-.-
-.-0-01--1
0*--000-1-
-0--1--00-
--...0*10-
----1-----

Generation = 7, Population = 58.
-000--0---
0-**1*..1-
01-00*001-
-*0-1--1*1
--1*--10*-
-*01--*1--
1*1--1-0*-
-100*00-10
-1..*1**-0
---0--000-

Generation = 8, Population = 34.
-11----00-
1-..*...*1
-----.-1*-
-.--*-0*.*
-1*.-0--.-
-.--0-.*1-
*.*0-*--.-
-*1-.-----
1*...*..-1
-00----11-

Generation = 9, Population = 40.
-**00-01--
--.......*
0----*--.0
-.00.01*..
1*.*0---.0
0.---0*.*1
..*10.00.-
0.--*----0
*.......--
--10-00**-

Generation = 10, Population = 62.
0.*-1-1*00
10*****.*.
-1000*-1*1
-.1-.--.*.
-*.*10-0.1
1.0-01*.*-
.*.--.-1.-
1*1-*0001-
.*.*****01
00*1-1-*.0

Generation = 11, Population = 36.
1.*0*1-.11
-1........
---11.0*.*
-.*0.--...
-*..*-1-.-
-.-1-*..*-
...--.0*.-
*.*0.11---
........1-
11.-1*0*.1

Generation = 12, Population = 38.
-**-**1.**
--....**.*
-1--*.1...
-.*-.--*..
1...*0-0.-
-.0-0*...1
..*--.-*.-
...1.*--1-
*.**....--
**.1**-**-

Generation = 13, Population = 48.
1..-.*-.**
--***....*
0--1.**.*.
0*.0*0-*..
-*..*--1*1
1*1--*..*-
..*-0*0.*0
.*.**.1--0
*....***--
**.-*.-..1

Generation = 14, Population = 44.
-..0*.1.**
-1**..**.*
1---..***.
-*.-.-1..*
1....01-.*
*.-10....1
*..1-.-.*-
.***..---1
*.**..**1-
**.1.*0..-

Generation = 15, Population = 50.
-..-***.**
-****....*
-101.*...*
0*.-.--..*
**..*1-1**
**1-1*..**
*..--.-.*0
*...*.101-
*....****-
**.***-..-

Generation = 16, Population = 36.
-.*-**..**
1*....*..*
-*1-....**
-..0.--..*
...**--*..
..*--**...
*..--.0..-
**....-1*-
*..*....*1
**..**-*.-

Generation = 17, Population = 38.
1*.-.*..**
*..*.*.*..
-**-....**
-..1*--..*
..***--...
...--***..
*..--*1..-
**....-**-
..*.*.*..*
**..*.-.*1

Generation = 18, Population = 42.
-*.0*.*.*.
*...*.**..
-**1....**
-*.-*0-.**
..*..-1...
...1-..*..
**.-0*-.*-
**....1**-
..**.*...*
.*.*.*0.*-

Generation = 19, Population = 48.
-..1*.*...
*...*.*..*
-***..*..*
0*.-*1-***
..***--**.
.**--***..
***-1*-.*0
*..*..***-
*..*.*...*
...*.*1..-

Generation = 20, Population = 40.
1..**.....
.*..*.**..
1.**..*..*
1..1.*1..*
*....1-..*
*..-1....*
*..1*.1..1
*..*..**.1
..**.*..*.
.....**..1

Generation = 21, Population = 44.
-..***....
**..*.**..
*.**....*.
-.**.*-.**
**...*-.**
**.-*...**
**.-*.**.-
.*....**.*
..**.*..**
....***..-

Generation = 22, Population = 44.
1..****...
**....**..
*....**.**
-..*..1*..
*..*.*1*..
..*1*.*..*
..*1..*..-
**.**....*
..**....**
...****..1

Generation = 23, Population = 30.
**..****..
**......*.
**...*..*.
-.....*...
......-.*.
.*.-......
...*.....-
.*..*...**
.*......**
..****..**

Generation = 24, Population = 28.
**...***..
..*.*...*.
**.....*..
1......*..
......1...
...1......
..*......1
..*.....**
.*...*.*..
..***...**

Generation = 25, Population = 30.
.*...***..
..*..*..*.
**.....**.
**....**..
......-...
...-......
..**....**
.**.....**
.*..*..*..
..***...*.

Generation = 26, Population = 32.
.....***..
*.*..*..*.
*.*.....*.
**....***.
......1...
...1......
.***....**
.*.....*.*
.*..*..*.*
..***.....

Generation = 27, Population = 30.
.....***..
.....*..*.
*.*...*.**
**....*.*.
......*...
...*......
.*.*....**
**.*...*.*
.*..*.....
..***.....

Generation = 28, Population = 36.
.....***..
.....*..**
*....**.**
**...**.**
.......*..
..*.......
**.**...**
**.**....*
**..*.....
..***.....

Generation = 29, Population = 34.
.....****.
....*....*
**..*.....
**...*...*
.*....***.
.***....*.
*...*...**
.....*..**
*....*....
.****.....

Generation = 30, Population = 42.
.....****.
....*.***.
**..**....
..*..****.
......****
****......
.****..*..
....**..**
.***.*....
.****.....

Generation = 31, Population = 26.
.....*..*.
....*...*.
.*.**.....
.*..*....*
...*.*...*
*...*.*...
*....*..*.
.....**.*.
.*...*....
.*..*.....

Generation = 32, Population = 20.
..........
...***....
..****....
.....*....
...*.*....
....*.*...
....*.....
....****..
....***...
..........

Generation = 33, Population = 20.
....*.....
..*..*....
..*...*...
..*..**...
.....**...
...**.....
...**..*..
...*...*..
....*..*..
.....*....

Generation = 34, Population = 18.
..........
...*.*....
.***..*...
.......*..
...*..*...
...*..*...
..*.......
...*..***.
....*.*...
..........

Generation = 35, Population = 22.
..........
...**.....
..***.*...
...*..**..
......**..
..**......
..**..*...
...*.***..
.....**...
..........

Generation = 36, Population = 26.
..........
..*.**....
..*...**..
..***.....
..**..**..
..**..**..
.....***..
..**...*..
....**.*..
..........

Generation = 37, Population = 26.
..........
...*.**...
.**...*...
.*..**....
.*...***..
..***...*.
....**..*.
...*...**.
...**.*...
..........

Generation = 38, Population = 28.
..........
..*..**...
.***..*...
**..*..*..
.*....**..
..**....*.
..*..*..**
...*..***.
...**..*..
..........

Generation = 39, Population = 40.
..........
.***.**...
*..**.**..
*..*.*.*..
**.*..***.
.***..*.**
..*.*.*..*
..**.**..*
...**.***.
..........

Generation = 40, Population = 32.
..*.......
.***.***..
*......*..
*..*.*....
*..*.*...*
*...*.*..*
....*.*..*
..*......*
..***.***.
.......*..

Generation = 41, Population = 42.
.***..*...
.***..**..
*..*.*.*..
**....*...
**.*.**...
...**.*.**
...*....**
..*.*.*..*
..**..***.
...*..***.

Generation = 42, Population = 34.
.*.*..**..
*....*.*..
*..***.*..
.......*..
**.*..*...
...*..*.**
..*.......
..*.***..*
..*.*....*
..**..*.*.

Generation = 43, Population = 44.
......**..
****.*.**.
....**.**.
****.*.*..
..*...*.*.
.*.*...*..
..*.*.****
.**.**....
.**.*.****
..**......

Generation = 44, Population = 36.
.**...***.
.***.*....
.....*....
.***.*....
*...*.*.*.
.*.*.*...*
....*.***.
....*.....
....*.***.
.***...**.

Generation = 45, Population = 36.
.*.*..**..
.*.***.*..
.....**...
.***.**...
*.....*...
...*.....*
...**.***.
...**.....
..*.***.*.
..**..*.*.

Generation = 46, Population = 34.
...*.***..
...*...*..
.*.....*..
.**.*..*..
.*.****...
...****.*.
..*..*.**.
..*.....*.
..*...*...
..***.*...

Generation = 47, Population = 34.
....*.**..
..*.*..**.
.*.*..***.
**..*..*..
.*........
........*.
..*..*..**
.***..*.*.
.**..*.*..
..**.*....

Generation = 48, Population = 40.
...*.****.
..*.*.....
**.****...
**....***.
**........
........**
.***....**
...****.**
.....*.*..
.****.*...

Generation = 49, Population = 34.
...*****..
.**.......
*..**.*...
....*.**..
**.......*
*.......**
..**.*....
...*.**..*
.......**.
..*****...

Generation = 50, Population = 48.
..*****...
.**....*..
.****.**..
**.**.**..
**.....*.*
*.*.....**
..**.**.**
..**.****.
..*....**.
...*****..

Generation = 51, Population = 28.
.******...
.......*..
....*...*.
....*.....
...*..**.*
*.**..*...
.....*....
.*...*....
..*.......
...******.

Generation = 52, Population = 38.
..*****...
..*...**..
..........
...***.**.
..******..
..******..
.**.***...
..........
..**...*..
...*****..

Generation = 53, Population = 34.
..******..
..*.*.**..
...***..*.
..*....**.
..........
..........
.**....*..
.*..***...
..**.*.*..
..******..

Generation = 54, Population = 26.
..*.*..*..
..*.....*.
..*.**..*.
...**..**.
..........
..........
.**..**...
.*..**.*..
.*.....*..
..*..*.*..

Generation = 55, Population = 34.
...*......
.**.**.**.
..*.**..**
...***.**.
..........
..........
.**.***...
**..**.*..
.**.**.**.
......*...

Generation = 56, Population = 40.
..***.....
.**..*****
.**......*
...*.*****
....*.....
.....*....
*****.*...
*......**.
*****..**.
.....***..

Generation = 57, Population = 56.
.********.
....******
.*.**.....
..********
....*..**.
.**..*....
********..
.....**.*.
******....
.********.

Generation = 58, Population = 20.
..**.....*
.*.......*
..........
..*...*..*
.*.......*
*.......*.
*..*...*..
..........
*.......*.
*.....**..

Generation = 59, Population = 10.
..*.......
..*.......
..........
..........
.*......**
**......*.
..........
..........
.......*..
.......*..

Generation = 60, Population = 8.
..........
..........
..........
..........
**......**
**......**
..........
..........
..........
..........

Generation = 61, Population = 8.
..........
..........
..........
..........
**......**
**......**
..........
..........
..........
..........

