*** Life<FredkinCell> 8x8 ***

Generation = 0, Population = 6.
0-------
--------
--------
--0--0--
--0--0--
--------
--------
-------0

Generation = 1, Population = 20.
-0------
0-------
--0--0--
-010010-
-010010-
--0--0--
-------0
------0-

Generation = 2, Population = 20.
--0-----
--0--0--
0-1--1--
0--11--0
0--11--0
--1--1-0
--0--0--
-----0--

Generation = 3, Population = 36.
-010-0--
00-0010-
1-2--200
-0----01
10----0-
002--2-1
-0100-00
--0-010-

Generation = 4, Population = 12.
----01--
--------
2-------
01----1-
-1----10
-------2
--------
--10----

Generation = 5, Population = 24.
---0120-
0---01--
3-----0-
--1--12-
-21--1--
-0-----3
--10---0
-0210---

Generation = 6, Population = 44.
0-112310
10----0-
402-0210
0-211--1
1--112-0
0120-204
-0----01
013211-0

Generation = 7, Population = 36.
102---21
2-00-1-0
51-0--2-
-1-221--
--122-1-
-2--0-15
0-1-00-2
12---201

Generation = 8, Population = 20.
------3-
-------1
--2--2--
-223322-
-223322-
--2--2--
1-------
-3------

Generation = 9, Population = 20.
-----3--
--0--1--
--3--3-0
0--44--1
1--44--0
0-3--3--
--1--0--
--3-----

Generation = 10, Population = 36.
--2-243-
-0100-01
514--4-1
12----2-
-2----21
1-4--415
10-0010-
-342-2--

Generation = 11, Population = 12.
--31----
--------
-------2
-3----31
13----3-
2-------
--------
----13--

Generation = 12, Population = 24.
-0422---
--10---1
-1-----3
-42--2--
--2--24-
3-----1-
1---01--
---2240-

Generation = 13, Population = 44.
115334-1
-0----02
5240-424
1--443-1
1-344--1
424-0425
20----0-
1-433511

Generation = 14, Population = 36.
22---532
2-1-01-3
-3--0-35
--255-3-
-3-552--
53-0--3-
3-10-1-2
235---22

Generation = 15, Population = 20.
-3------
3-------
--4--4--
-436634-
-436634-
--4--4--
-------3
------3-

Generation = 16, Population = 20.
--5-----
--1--1--
5-5--5--
1--77--1
1--77--1
--5--5-5
--1--1--
-----5--

Generation = 17, Population = 36.
-363-5--
30-0020-
6-6--635
-4----42
24----4-
536--6-6
-0200-03
--5-363-

Generation = 18, Population = 12.
----36--
--------
7-------
15----5-
-5----51
-------7
--------
--63----

Generation = 19, Population = 24.
---3473-
3---02--
8-----3-
--3--36-
-63--3--
-3-----8
--20---3
-3743---

Generation = 20, Population = 44.
2-645842
40----0-
936-0645
1-477--2
2--774-1
5460-639
-0----04
248546-2

Generation = 21, Population = 36.
337---53
5-10-2-3
+4-0--5-
-5-883--
--388-5-
-5--0-4+
3-2-01-5
35---733

Generation = 22, Population = 20.
------6-
-------4
--6--6--
-649946-
-649946-
--6--6--
4-------
-6------

Generation = 23, Population = 20.
-----8--
--1--2--
--7--7-5
1--++--2
2--++--1
5-7--7--
--2--1--
--8-----

Generation = 24, Population = 36.
--7-596-
-0200-04
+48--8-6
26----6-
-6----62
6-8--84+
40-0020-
-695-7--

Generation = 25, Population = 12.
--84----
--------
-------7
-7----72
27----7-
7-------
--------
----48--

Generation = 26, Population = 24.
-3955---
--20---4
-4-----8
-84--4--
--4--48-
8-----4-
4---02--
---5593-

Generation = 27, Population = 44.
34+669-3
-0----05
+580-859
2--++5-2
2-5++--2
958-085+
50----0-
3-966+43

Generation = 28, Population = 36.
45---+64
5-2-02-6
-6--0-6+
--4++-7-
-7-++4--
+6-0--6-
6-20-2-5
46+---54

Generation = 29, Population = 20.
-6------
6-------
--8--8--
-85++58-
-85++58-
--8--8--
-------6
------6-

Generation = 30, Population = 20.
--+-----
--2--2--
+-9--9--
2--++--2
2--++--2
--9--9-+
--2--2--
-----+--

Generation = 31, Population = 36.
-6+6-+--
60-0030-
+-+--+6+
-8----83
38----8-
+6+--+-+
-0300-06
--+-6+6-

Generation = 32, Population = 12.
----6+--
--------
+-------
29----9-
-9----92
-------+
--------
--+6----

Generation = 33, Population = 24.
---67+6-
6---03--
+-----6-
--5--5+-
-+5--5--
-6-----+
--30---6
-6+76---

Generation = 34, Population = 44.
4-+78+74
70----0-
+6+-0+7+
2-6++--3
3--++6-2
+7+0-+6+
-0----07
47+87+-4

Generation = 35, Population = 36.
56+---85
8-20-3-6
+7-0--8-
-9-++5--
--5++-9-
-8--0-7+
6-3-02-8
58---+65

Generation = 36, Population = 20.
------9-
-------7
--+--+--
-+6++6+-
-+6++6+-
--+--+--
7-------
-9------

Generation = 37, Population = 20.
-----+--
--2--3--
--+--+-+
2--++--3
3--++--2
+-+--+--
--3--2--
--+-----

Generation = 38, Population = 36.
--+-8+9-
-0300-07
+7+--+-+
3+----+-
-+----+3
+-+--+7+
70-0030-
-9+8-+--

Generation = 39, Population = 12.
--+7----
--------
-------+
-+----+3
3+----+-
+-------
--------
----7+--

Generation = 40, Population = 24.
-6+88---
--30---7
-7-----+
-+6--6--
--6--6+-
+-----7-
7---03--
---88+6-

Generation = 41, Population = 44.
57+99+-5
-0----08
+8+0-+8+
3--++7-3
3-7++--3
+8+-0+8+
80----0-
5-+99+75

Generation = 42, Population = 36.
68---+96
8-3-03-9
-9--0-9+
--6++-+-
-+-++6--
+9-0--9-
9-30-3-8
69+---86

Generation = 43, Population = 20.
-9------
9-------
--+--+--
-+7++7+-
-+7++7+-
--+--+--
-------9
------9-

Generation = 44, Population = 20.
--+-----
--3--3--
+-+--+--
3--++--3
3--++--3
--+--+-+
--3--3--
-----+--

Generation = 45, Population = 36.
-9+9-+--
90-0040-
+-+--+9+
-+----+4
4+----+-
+9+--+-+
-0400-09
--+-9+9-

Generation = 46, Population = 12.
----9+--
--------
+-------
3+----+-
-+----+3
-------+
--------
--+9----

Generation = 47, Population = 24.
---9++9-
9---04--
+-----9-
--7--7+-
-+7--7--
-9-----+
--40---9
-9++9---

Generation = 48, Population = 44.
6-+++++6
+0----0-
+9+-0+++
3-8++--4
4--++8-3
+++0-+9+
-0----0+
6+++++-6

Generation = 49, Population = 36.
79+---+7
+-30-4-9
++-0--+-
-+-++7--
--7++-+-
-+--0-++
9-4-03-+
7+---+97

Generation = 50, Population = 20.
------+-
-------+
--+--+--
-+8++8+-
-+8++8+-
--+--+--
+-------
-+------

Generation = 51, Population = 20.
-----+--
--3--4--
--+--+-+
3--++--4
4--++--3
+-+--+--
--4--3--
--+-----

Generation = 52, Population = 36.
--+-+++-
-0400-0+
+++--+-+
4+----+-
-+----+4
+-+--+++
+0-0040-
-+++-+--

Generation = 53, Population = 12.
--++----
--------
-------+
-+----+4
4+----+-
+-------
--------
----++--

Generation = 54, Population = 24.
-9+++---
--40---+
-+-----+
-+8--8--
--8--8+-
+-----+-
+---04--
---+++9-

Generation = 55, Population = 44.
7+++++-7
-0----0+
+++0-+++
4--++9-4
4-9++--4
+++-0+++
+0----0-
7-+++++7

Generation = 56, Population = 36.
8+---++8
+-4-04-+
-+--0-++
--8++-+-
-+-++8--
++-0--+-
+-40-4-+
8++---+8

Generation = 57, Population = 20.
-+------
+-------
--+--+--
-+9++9+-
-+9++9+-
--+--+--
-------+
------+-

Generation = 58, Population = 20.
--+-----
--4--4--
+-+--+--
4--++--4
4--++--4
--+--+-+
--4--4--
-----+--

Generation = 59, Population = 36.
-+++-+--
+0-0050-
+-+--+++
-+----+5
5+----+-
+++--+-+
-0500-0+
--+-+++-

Generation = 60, Population = 12.
----++--
--------
+-------
4+----+-
-+----+4
-------+
--------
--++----

Generation = 61, Population = 24.
---++++-
+---05--
+-----+-
--9--9+-
-+9--9--
-+-----+
--50---+
-++++---

Generation = 62, Population = 44.
8-+++++8
+0----0-
+++-0+++
4-+++--5
5--+++-4
+++0-+++
-0----0+
8+++++-8

Generation = 63, Population = 36.
9++---+9
+-40-5-+
++-0--+-
-+-++9--
--9++-+-
-+--0-++
+-5-04-+
9+---++9

Generation = 64, Population = 20.
------+-
-------+
--+--+--
-++++++-
-++++++-
--+--+--
+-------
-+------

Generation = 65, Population = 20.
-----+--
--4--5--
--+--+-+
4--++--5
5--++--4
+-+--+--
--5--4--
--+-----

Generation = 66, Population = 36.
--+-+++-
-0500-0+
+++--+-+
5+----+-
-+----+5
+-+--+++
+0-0050-
-+++-+--

Generation = 67, Population = 12.
--++----
--------
-------+
-+----+5
5+----+-
+-------
--------
----++--

Generation = 68, Population = 24.
-++++---
--50---+
-+-----+
-++--+--
--+--++-
+-----+-
+---05--
---++++-

Generation = 69, Population = 44.
9+++++-9
-0----0+
+++0-+++
5--+++-5
5-+++--5
+++-0+++
+0----0-
9-+++++9

Generation = 70, Population = 36.
++---+++
+-5-05-+
-+--0-++
--+++-+-
-+-+++--
++-0--+-
+-50-5-+
+++---++

Generation = 71, Population = 20.
-+------
+-------
--+--+--
-++++++-
-++++++-
--+--+--
-------+
------+-

Generation = 72, Population = 20.
--+-----
--5--5--
+-+--+--
5--++--5
5--++--5
--+--+-+
--5--5--
-----+--

Generation = 73, Population = 36.
-+++-+--
+0-0060-
+-+--+++
-+----+6
6+----+-
+++--+-+
-0600-0+
--+-+++-

Generation = 74, Population = 12.
----++--
--------
+-------
5+----+-
-+----+5
-------+
--------
--++----

Generation = 75, Population = 24.
---++++-
+---06--
+-----+-
--+--++-
-++--+--
-+-----+
--60---+
-++++---

Generation = 76, Population = 44.
+-++++++
+0----0-
+++-0+++
5-+++--6
6--+++-5
+++0-+++
-0----0+
++++++-+

Generation = 77, Population = 36.
+++---++
+-50-6-+
++-0--+-
-+-+++--
--+++-+-
-+--0-++
+-6-05-+
++---+++

Generation = 78, Population = 20.
------+-
-------+
--+--+--
-++++++-
-++++++-
--+--+--
+-------
-+------

Generation = 79, Population = 20.
-----+--
--5--6--
--+--+-+
5--++--6
6--++--5
+-+--+--
--6--5--
--+-----

Generation = 80, Population = 36.
--+-+++-
-0600-0+
+++--+-+
6+----+-
-+----+6
+-+--+++
+0-0060-
-+++-+--

Generation = 81, Population = 12.
--++----
--------
-------+
-+----+6
6+----+-
+-------
--------
----++--

Generation = 82, Population = 24.
-++++---
--60---+
-+-----+
-++--+--
--+--++-
+-----+-
+---06--
---++++-

Generation = 83, Population = 44.
++++++-+
-0----0+
+++0-+++
6--+++-6
6-+++--6
+++-0+++
+0----0-
+-++++++

Generation = 84, Population = 36.
++---+++
+-6-06-+
-+--0-++
--+++-+-
-+-+++--
++-0--+-
+-60-6-+
+++---++

Generation = 85, Population = 20.
-+------
+-------
--+--+--
-++++++-
-++++++-
--+--+--
-------+
------+-

Generation = 86, Population = 20.
--+-----
--6--6--
+-+--+--
6--++--6
6--++--6
--+--+-+
--6--6--
-----+--

Generation = 87, Population = 36.
-+++-+--
+0-0070-
+-+--+++
-+----+7
7+----+-
+++--+-+
-0700-0+
--+-+++-

Generation = 88, Population = 12.
----++--
--------
+-------
6+----+-
-+----+6
-------+
--------
--++----

Generation = 89, Population = 24.
---++++-
+---07--
+-----+-
--+--++-
-++--+--
-+-----+
--70---+
-++++---

Generation = 90, Population = 44.
+-++++++
+0----0-
+++-0+++
6-+++--7
7--+++-6
+++0-+++
-0----0+
++++++-+

Generation = 91, Population = 36.
+++---++
+-60-7-+
++-0--+-
-+-+++--
--+++-+-
-+--0-++
+-7-06-+
++---+++

Generation = 92, Population = 20.
------+-
-------+
--+--+--
-++++++-
-++++++-
--+--+--
+-------
-+------

Generation = 93, Population = 20.
-----+--
--6--7--
--+--+-+
6--++--7
7--++--6
+-+--+--
--7--6--
--+-----

Generation = 94, Population = 36.
--+-+++-
-0700-0+
+++--+-+
7+----+-
-+----+7
+-+--+++
+0-0070-
-+++-+--

Generation = 95, Population = 12.
--++----
--------
-------+
-+----+7
7+----+-
+-------
--------
----++--

Generation = 96, Population = 24.
-++++---
--70---+
-+-----+
-++--+--
--+--++-
+-----+-
+---07--
---++++-

Generation = 97, Population = 44.
++++++-+
-0----0+
+++0-+++
7--+++-7
7-+++--7
+++-0+++
+0----0-
+-++++++

Generation = 98, Population = 36.
++---+++
+-7-07-+
-+--0-++
--+++-+-
-+-+++--
++-0--+-
+-70-7-+
+++---++

Generation = 99, Population = 20.
-+------
+-------
--+--+--
-++++++-
-++++++-
--+--+--
-------+
------+-

Generation = 100, Population = 20.
--+-----
--7--7--
+-+--+--
7--++--7
7--++--7
--+--+-+
--7--7--
-----+--

