*** Life<Cell> 16x16 ***
Generation = 0, Population = 9.
----------------
----------------
-------0--------
------*-*-------
----------------
----------------
----------------
----------------
----------------
----------------
---0-------0----
--*-*-----*-*---
----------------
----------------
----------------
----------------

Generation = 1, Population = 18.
----------------
-------0--------
----------------
-----0.0.0------
------0-0-------
----------------
----------------
----------------
----------------
---0-------0----
----------------
-0.0.0---0.0.0--
--0-0-----0-0---
----------------
----------------
----------------

Generation = 2, Population = 36.
-------0--------
------0-0-------
-----0---0------
----0-*-*-0-----
-------0--------
------0-0-------
----------------
----------------
---0-------0----
--0-0-----0-0---
-0---0---0---0--
0-*-*-0-0-*-*-0-
---0-------0----
--0-0-----0-0---
----------------
----------------

Generation = 3, Population = 56.
----------------
-------0--------
------0-0-------
---0-0*0*0-0----
----0-0-0-0-----
-----0-0-0------
------0-0-------
---0-------0----
----------------
---0-------0----
--0-0-----0-0---
-0*0*0---0*0*0-0
0-0-0-0-0-0-0-0-
-0-0-0---0-0-0--
--0-0-----0-0---
----------------

Generation = 4, Population = 42.
-------0--------
----------------
---0--1-1--0----
--0-01.-.10-0---
------1-1-------
----------------
---0---0---0----
--0-0-0-0-0-0---
----------------
----------------
--1-1-----1-1--0
-1.-.1---1.-.10-
--1-1-----1-1---
----------------
---0-------0----
--0-0-----0-0---

Generation = 5, Population = 64.
------0-0-------
---0--000--0----
----------------
-0-01**-**10-0--
--0-0-----0-0---
---0--000--0----
----------------
-0-0---0---0-0--
--0-0-0-0-0-0---
--0-0-----0-0--0
----------------
0-*-*-0-0-*-**1-
--------------0-
--000-----000---
----------------
-0-0-0---0-0-0--

Generation = 6, Population = 100.
---0-01010-0----
--0-00---00-0---
-0--00-0-00--0--
0-01**.-.**10-0-
----1--0--1-----
-----01-10------
-0----0-0----0--
0-0---------0-0-
--101--0--101--0
-01-100-001-100-
0-----0-0----000
--.-.-----.-.*-0
0--0--0-0--0--10
-01-10---01-100-
-00-00---00-00--
0-----0-0-----0-

Generation = 7, Population = 72.
----0-----0-----
---0-1---1-0----
--0-11---11-0---
-01-...-...-10-0
0-0-*0---0*-0-0-
-0---1-0-1---0--
------1-1-------
-01-0-000-0-10--
0-*---------*-0-
-1-0---0---0-1-0
--1-1-1-1-1--11-
--.0.-----.0**--
-------------0--
---0-------0-1--
--------------0-
--0-0-----0-0--0

Generation = 8, Population = 67.
----------------
-----*0-0*------
--10*-1-1-*01--0
-1*1...-...1*10-
--1-*-101-*-1---
-----*1-1*------
--0-0-*-*-0-0---
-1-----------1--
--.-1-0-0-1-.---
------------1*--
-------0---0-**-
--.-.-0-0-.1..--
--------------1-
--1-1-----1--*--
--000-----000---
-0---0---0---0--

Generation = 9, Population = 91.
-----01-10------
--00-*---*-00--0
---1*1*-*1*1----
0*.-..*0*..-.-1-
--*0*0---0*0*-0-
----0.*0*.0-----
-----0*-*0------
0-------------0-
-0.0-------0*---
----1-000-1-**--
----------111**0
--.-.1-0-1.***--
--1-1-0-0-10---0
-0*0*0---0*--*--
------------10--
0--0--0-0--0--0-

Generation = 10, Population = 113.
--000-*-*-000--0
-01-0.0-0.0-100-
00--.*.0.*.---00
1*.-...-...-*1*0
0-*-*11-11*-.-10
--0-1..-..1-0-0-
0----1*0*1----0-
---0-00-00-011-0
--.---000--1*-0-
-1----1-1-*-..-0
----101-1--*-..1
--.-.-0-0-....--
--*0*--0------1-
01*-*1---1*--*00
000-000-000-*---
-00-00---00----0

Generation = 11, Population = 99.
------.-.-------
---01.101.10---0
-1--.**-**.--01-
*.*-*..0..*1.-.1
10*-*-*-*-*0*-*-
-01-*..0..*-----
-000--.-.--0--1-
0-1---1-1---**--
-0.0--1-1---.0-0
0-1-1--0--*0*.-1
-0-0*-*--0-.1..*
--.0.-1011....10
0-*-*----01---*-
-*.0.--0--*0-*11
--1-1-1-1-1-.-0-
-----------00-0-

Generation = 12, Population = 104.
---00-.0.-00---0
-011*.---.*110--
---1...-...-11*0
*.*-*..-...-.1.-
-1.-*-*-*-.1*-.-
-1*0**.-.**00---
---1--.0.------0
--*0-0*-*0--**-0
0-.--0*0*011.1-1
----*01---*-**0-
--1-*-*0-1-.**.*
01.1.1---*...*--
-0*-*00-------.0
-*.-*-----.1-*-*
---0---0--*0.---
--0-0-0-0--11-10

Generation = 13, Population = 111.
-0---0.-.0---00-
01--..-0-.***---
011*...-...---.1
.**1**.-...1.*.1
-*.-.1.-.-.-.-.-
0-.1.**0***1-0-0
-00---.-.-00-011
01*---.-.---**--
-0.0-1.-.1**.-0*
0-10*1*010.0..11
0--0.-.1-*-*....
1-.-.*101...**1-
-1.0.110-0-0--.1
0*.-*-00--**-.-.
-0--1----0*1.00-
-0-0---0-0--*-*1

Generation = 14, Population = 114.
-10-0-.0.--0-110
-*-1..1-1.***-00
--*....0..*-11**
...*.*.-...-..**
-*.-.-.0*1.-.-.-
-1.-***-**.--101
0----1*0*---01--
1-.--0.-.0-0..0-
01.11*.0.-.*.--*
11*-.*.1-1.-*.--
-0-1.-.--*-*...*
*-*-.**-**.****-
0**-.--10-11-0*-
1*.-*1--01..1.1.
--1-*01-1-.-.1--
01----0--1--*0**

Generation = 15, Population = 98.
0-10-0.-.--10**-
0*--..---**..-11
--***.*-.**1--..
..*...*-.*.-...*
1.*0.-.1.-.-.0.-
-*.1*..-...----*
1----*.-.1--1-11
--.0--.-.--1.*--
1-.*-*.1.-.**--.
--.0.*.*-*.0*.--
01--*-.1-*-*..*.
*-.-..*0.......-
1.*0*--*1-*---.1
-..0*---1***-.*.
-0--*1--*0.-.*00
1*--0-10--01*1*.

Generation = 16, Population = 111.
11*1--.-.0-*-**-
-.1-.*1-1*...--*
0-**.*.0*..*1-**
....***-**.1....
-..-*-.-.1.-.-*-
0*.-*..0...-01-*
-----..-.-0--1*-
--.10-*0.00*.*-0
-1**-..**1...--.
-1*1.*.*-..1.*1-
-*1-*-.--.-**...
*-*1***1.**....0
***1*1-.-0*---.-
1*.-.---*..*1*..
-11-.*--.-.-..-1
**0010*1--1-**.*

Generation = 17, Population = 114.
*-**00.-*1-.-.*-
-.-1.**0-*.*.01*
--**...1...**-**
......*0.*.*****
1..0*-*1.**1*-*-
1..1...-...11--*
10-1-**-*-1--*.1
-1.-1-*-.-1***0-
1-..-*...-.*.-0.
1*.-..**-.**.**1
-.*-.0.--.-****.
*-.*..****.....-
...*.--*--.-10.1
-..0.--0.***-...
0*--.*-0.-.1..0*
*.1--1**01--..*.

Generation = 18, Population = 103.
.-**--.-*-0.-**-
0*1-.*.-1*.*.1-.
-1****.-.....-..
..*.**.1.*......
*..-*-*-.*.-.0.0
-..-...0*..----*
---*0**-.-*01..*
1**---*0.0-...--
*1..-*.*.-...1-.
-*.-.**.1.*....*
-.*-.-.-1*-*...*
.1***.***..*...0
..***--.--.-*1.-
1.*1*10-..**-*.*
-*-0**1-.-.*..-*
*.-01-.*-*11..**

Generation = 19, Population = 107.
.-**00.0*1-.0**0
1.*1.*.0-**.**-.
--.....1.**..1..
..*....-*.......
...0*1*1.*.-.-*1
1..1...1***1110*
10-*-*.0.-*-*...
-.*-10.-*--**.-0
.*..1*...1...-0.
-**-.**.*.*...*.
-..-*0.-*.1*..**
.*..**.*****..*1
.....--.1-*1.-.-
-..-.*-0..**1*..
0*11..--.0....-*
..1---*.-.--..**

Generation = 20, Population = 108.
.1*.--.-.--*-.*1
-**-.*.-1.....-.
0-**..**..****..
...***.1..*...*.
..*-*-*-...1*-.-
**.-...*...-*-1*
-10*0*.1.-.-...*
1.*1-1.-*--***--
.*..-..**-**.11*
1**1..***.**.**.
-**1.1.-..*..*..
....****....*.*-
....*--.*0.*.1*1
1**1..--*...-...
1***..10.-****-*
..*--1..-.--..**

Generation = 21, Population = 105.
.-*.-0.-.-0.0..*
-..-..*--.*..*1.
-1.....*******..
.*.....*..*.....
.**0*1*1...**0*1
*..1...*...-*-**
1-1.-*.**-.0...*
-..-1*.0*0-*.*--
....-....-...***
*..-*.*.*......*
-..-.*.-***.....
..*...*******..-
.**.*-1.*1..****
-..-*.0-*...1..*
-...*.*1.0.***0*
..*-1-*.-.11****

Generation = 22, Population = 86.
.1..0-.-.11*-**.
-..-..*-1.....*.
0*....***...***.
**.***..........
**.1*-.**..**-.-
*..*.......1.1..
*--*-*...-*1.*.*
1..1**.-.1-..*--
....-.*..1..**.*
...1.*.**......*
0..-.*.-........
.***..*.....*.*1
.**..--..-....**
-..1*.-0..*.-...
-...*.***-....1.
...-*-**-.**...*

Generation = 23, Population = 87.
.-..-0.-.*-.-**.
1*.-.**0*.**...*
-**.*.*.*....**.
...*.*.....*....
...*.-.....**-.-
*..*.......-.**.
*11*0*...-*-.*..
*..-.**-.*-*.*0-
...*1.**.*..**..
...-**.**.....*.
-*.-.*.1......**
*..*.........**-
.*..*-1..-...***
-.****-1*...-.**
-...*...*0**..-.
...0.-*.-.......

Generation = 24, Population = 88.
.1..01.0**-.0.*.
***-*..-*.*.*..*
-****...*****.*.
...*.*.....*.*..
..**.1.....**-.-
*..........1.**.
*--*-**..-*-....
*..-...-**1*..10
...*-....**.*...
...-..........**
-..1.*.**......*
***.***........1
.*...1-*.-......
-.*...0**.*.-*.*
-.*...*.*-*...1.
...-.1..0**.....

Generation = 25, Population = 89.
****-*.1**-*1*..
*..1...-....*.**
-....*..*.....*.
.*...*...*...*..
..**.*....**.0*-
.***.**...**.*..
*11.-....-.1**.*
...-*..0*.-...*1
....1...*....*..
...-*...**....**
0**-.*.*.......*
****....*......*
*..***-.*-....*.
-**..*-.*...1.*.
-....**..0**..-.
...-.-.*-.*.....

Generation = 26, Population = 106.
****-..**.-****.
*..*..*0.*.**.**
0...*.........**
..*..**..**.**..
...*.*...*.*.1*1
*....**.........
**-.0***.-*-.*.*
.*.1...1*.-....-
...*-*.......*..
.*.1**.***....**
-..-*..*.*.....*
.....****.....**
*....*1**1...***
-***..-**.**-*..
-....****1**..1.
...-.1*.0***....

Generation = 27, Population = 94.
****0.***.1*..**
*..**.*-..**....
1*.**..***.....*
...*.**..****...
.........*.*.-**
**.....*..*.**.*
**1.1...*1.1....
**.*...-*.1...*1
...*1*...*....*.
..*-.*.*.*....**
-..-.....*......
....*........*..
.**.***..**.**.*
-**.*.0....*-*.*
-.*.**...*....-.
...-.-..-..*....

Generation = 28, Population = 91.
***.-.**.*-*....
......*0...*..**
-*.....**...*...
..**.***...**.**
......*.**...-**
*.*.........**.*
..**-..***.-**.*
*....*.1*.-...**
.*.*-**..**..*..
...-.**..**...**
-..-....*.....*.
...**....**.***.
.**.*.*...**.*..
1.....1..*.*1*..
-**.**....*.*.-.
...-.1..-.......

Generation = 29, Population = 91.
.*..-.***.-.....
*.*....1..***...
1.*..*..*...*...
..*..*...*.**.**
.***.**.*..*.-..
.***........*..*
..**1.**.*.1*..*
.*.*.*.-..1.*..*
....-.....*..*..
...1*****.*..***
-..1**..*..*....
..****...**.*.*.
.**.*...........
-...*.*..*..**..
-*..***...*.**-.
...-**..-.......

Generation = 30, Population = 101.
.*..-.***.1*....
*.*....*.*.**...
*.**..*.**......
.....*.*******..
.....**...**.-**
........*.*.*...
....***...******
...*.**1.**.***.
..**1..*..*.**.*
...-..***.*****.
-..*....*..**..*
.*.......***....
.**......****...
-**.*.*....***..
1..*..*....***1.
...0*.*.-.......

Generation = 31, Population = 62.
.*..-.*******...
*.**.......**...
..**..*......*..
....**......***.
.....**......-*.
....*..*........
....*...*......*
..*....-**......
..***..........*
..*-*.*.*.*....*
-.......*.....*.
.*......*.......
*..*.....*...*..
-....*........*.
-*....**...*..*.
...-**..-...**..

Generation = 32, Population = 66.
.**.-..****.*...
...*..*.**...*..
.**..*.....*..*.
...**.......*.*.
......*......-*.
....*.**........
...*...***......
..*.*..1**......
.**.**.**.......
..*1**.*.*....**
-.......*.......
........**......
................
1.....*......**.
1...*.*.....*.*.
...0.**.-...**..

Generation = 33, Population = 60.
..*.-..*..*.....
...*..*....***..
..*..*......*.*.
..****........**
...**.**.....1..
.....**.........
...***...*......
.**.**.*........
.*..............
.**-.*.*.*......
-..**..*........
........**......
................
*....*.......**.
*...*.**....*.*.
...-***.-...**..

Generation = 34, Population = 59.
....-......**...
..**..*....***..
..*..**....**.**
..*...........**
..*....*.....-*.
.......*........
..**............
.**..**.........
*..***..*.......
.**-*.*.*.......
-.***.**.*......
........*.......
................
.....**......**.
....*..*....*.*.
...0*.**-...**..

Generation = 35, Population = 60.
....-......*.*..
..**.**...*...*.
.**..**....*...*
.***..*.........
.............1**
..**............
.***..*.........
.*...**.........
*...............
.*.-..*.**......
-**.*.*..*......
...*...**.......
................
.....**......**.
...**..*....*.*.
...1****0...**..

Generation = 36, Population = 71.
....-...........
.******...***.*.
.......*........
.*.*.**........*
.*...........**.
.*.*..........*.
.*.****.........
**...**.........
**...***........
***-.*.***......
0***.**..*......
..**...**.......
......**........
....***......**.
...*....*...*.*.
...-.***1...**..

Generation = 37, Population = 56.
..**0*.....*....
..*****....*....
.*.....*...*....
..*...*.......*.
**..*........***
**.*.*.......**.
.*.*..*.........
................
....*...........
...-.....*......
-....*...*......
...***..*.......
...**...*.......
....***......**.
........*...*.*.
...1..**-...**..

Generation = 38, Population = 49.
..*.1.*.........
.*....*...***...
.*..*..*........
*.*..........***
*..***.........*
...*.*.......*.*
**..*...........
................
................
...-............
-....*..**......
...*.*..**......
......**........
...***.*.....**.
....*.......*.*.
...-...*-...**..

Generation = 39, Population = 56.
....-*.....*....
.***..**...*....
***........****.
*.*..*........**
.***.*.......*.*
****.*........*.
....*...........
................
................
...-............
-...*...**......
....**...*......
...*...*........
...***.*.....**.
...****.....*.*.
...-....1...**..

Generation = 40, Population = 54.
..*.1.*.........
*..*..*...**.*..
*.....*....*****
*...*..........*
.....**......*.*
*....*........*.
.****...........
................
................
...-............
-...**..**......
...***...*......
...*....*.......
..*....*.....**.
...*..**....*.*.
...1**..-...**..

Generation = 41, Population = 63.
...*-*..........
.*.*..**..**.*..
**...*....**.*.*
......*........*
....***........*
.***.**.......*.
.****...........
..**............
................
...-............
-..*.*..**......
...*.*...*......
..**....*.......
..**..***....**.
..**.***....*.*.
...-***.-...**..

Generation = 42, Population = 51.
..*.-.*.........
**...**...**..*.
***..*.*..**....
....*.*........*
..***..*......**
.*....*.........
.....*..........
.*..*...........
................
...1............
-.......**......
...*.....*......
......*.**......
.*...*..*....**.
..*.....*...*.*.
...-*..*-...**..

Generation = 43, Population = 49.
.*..-**.........
*....*.*..**....
*.*.*..*..**....
....*.**......**
..***.**......**
..*****.........
.....*..........
................
................
...-............
-.......**......
.......*..*.....
.......***......
........*....**.
.......**...*.*.
...1....-...**..

Generation = 44, Population = 45.
....1**.........
*...**.*..**....
.*.**..**.**....
.**.*...*.....**
..*...........**
..*....*........
...*.**.........
................
................
...-............
-.......**......
.......*..*.....
.......*.*......
.............**.
.......**...*.*.
...-....1...**..

Generation = 45, Population = 43.
....-.*.........
.......*****....
**....***.**....
.*..*..***....**
..*...........**
..**..*.........
......*.........
................
................
...-............
-.......**......
.......*..*.....
........*.......
.......*.....**.
.......**...*.*.
...-...**...**..

Generation = 46, Population = 40.
....-..****.....
...........*....
**....*....*....
***...*..**...**
.**....**.....**
..**............
................
................
................
...-............
-.......**......
.......*........
.......**.......
.......*.....**.
......*.....*.*.
...-...**...**..

Generation = 47, Population = 43.
....-...***.....
.......***.*....
*.*........*....
......*.***...**
*......***....**
.***............
................
................
................
...-............
-.......*.......
.......*.*......
......***.......
......***....**.
......*.*...*.*.
...-...*....**..

Generation = 48, Population = 34.
....-..*..*.....
.......*...*....
...........*....
.*........*...**
.**....*..*...**
.**.....*.......
..*.............
................
................
...-............
-.......*.......
......*..*......
.........*......
.....*...*...**.
......*.*...*.*.
...-...*....**..

Generation = 49, Population = 34.
....-...........
..........**....
..........**....
.**.......**..**
*........*....**
...*............
.**.............
................
................
...-............
-...............
........**......
........***.....
........**...**.
......***...*.*.
...-...*....**..

Generation = 50, Population = 33.
....-...........
..........**....
.........*..*...
.*.......*.*..**
.**.......*...**
.**.............
..*.............
................
................
...-............
-...............
........*.*.....
.......*..*.....
..........*..**.
......*..*..*.*.
...-..***...**..

Generation = 51, Population = 37.
....-...........
..........**....
.........*..*...
.**......*.*.***
*.........*...**
...*............
.**.............
................
................
...-............
-...............
.........*......
..........**....
.........***.**.
......*.**.**.*.
...-..***...**..

Generation = 52, Population = 34.
....-...........
..........**....
.........*..***.
.*.......*.***.*
.**.......*..*.*
.**.............
..*.............
................
................
...-............
-...............
..........*.....
...........**...
........*....**.
......*.......*.
...-..*.**.***..

Generation = 53, Population = 31.
....-...........
..........****..
.........*....*.
.**......*.*...*
*.........**.*..
...*............
.**.............
................
................
...-............
-...............
...........*....
...........***..
............***.
........**....*.
...-...*....**..

Generation = 54, Population = 31.
....-......**...
..........****..
.........*...**.
.*.......*.**.*.
.**.......***...
.**.............
..*.............
................
................
...-............
-...............
...........*....
...........*..*.
...........*..*.
........*.....*.
...-....*....*..

Generation = 55, Population = 26.
....-.....*..*..
..........*...*.
.........*....*.
.**......*....*.
*.........*.**..
...*.......*....
.**.............
................
................
...-............
-...............
................
..........***...
.............***
.............**.
...-............

Generation = 56, Population = 33.
....-...........
.........**..**.
.........**..***
.*.......**...*.
.**.......****..
.**........**...
..*.............
................
................
...-............
-...............
...........*....
...........****.
...........*...*
.............*.*
...-............

Generation = 57, Population = 27.
....-...........
.........**..*.*
........*..*...*
.**............*
*........*...*..
...*......*..*..
.**.............
................
................
...-............
-...............
...........*.*..
..........**.**.
...........*...*
..............*.
...-............

Generation = 58, Population = 27.
....-...........
.........**...*.
.........**....*
.*............*.
.**...........*.
.**.............
..*.............
................
................
...-............
-...............
..........**.**.
..........**.**.
..........****.*
................
...-............

Generation = 59, Population = 24.
....-...........
.........**.....
.........**...**
.**...........**
*...............
...*............
.**.............
................
................
...-............
-...............
..........**.**.
.........*.....*
..........*..*..
...........**...
...-............

Generation = 60, Population = 25.
....-...........
.........**.....
.........**...**
.*............**
.**.............
.**.............
..*.............
................
................
...-............
-...............
..........*...*.
.........*.***..
..........***...
...........**...
...-............

Generation = 61, Population = 22.
....-...........
.........**.....
.........**...**
.**...........**
*...............
...*............
.**.............
................
................
...-............
-...............
..........****..
.........*...*..
................
..........*.*...
...-............

Generation = 62, Population = 23.
....-...........
.........**.....
.........**...**
.*............**
.**.............
.**.............
..*.............
................
................
...-............
-..........**...
..........****..
..........**.*..
................
................
...-............

Generation = 63, Population = 19.
....-...........
.........**.....
.........**...**
.**...........**
*...............
...*............
.**.............
................
................
...-............
-.........*..*..
.............*..
..........*..*..
................
................
...-............

Generation = 64, Population = 17.
....-...........
.........**.....
.........**...**
.*............**
.**.............
.**.............
..*.............
................
................
...-............
-...............
............***.
................
................
................
...-............

Generation = 65, Population = 17.
....-...........
.........**.....
.........**...**
.**...........**
*...............
...*............
.**.............
................
................
...-............
-............*..
.............*..
.............*..
................
................
...-............

Generation = 66, Population = 17.
....-...........
.........**.....
.........**...**
.*............**
.**.............
.**.............
..*.............
................
................
...-............
-...............
............***.
................
................
................
...-............

