==6830== Memcheck, a memory error detector
==6830== Copyright (C) 2002-2011, and GNU GPL'd, by Julian Seward et al.
==6830== Using Valgrind-3.7.0 and LibVEX; rerun with -h for copyright info
==6830== Command: ./RunLife.app
==6830== 
*** zach ConwayBlinker - Life<ConwayCell> 10x10 ***

Generation = 0, Population = 3.
..........
..........
..........
..........
....*.....
....*.....
....*.....
..........
..........
..........

Generation = 1, Population = 3.
..........
..........
..........
..........
..........
...***....
..........
..........
..........
..........

Generation = 2, Population = 3.
..........
..........
..........
..........
....*.....
....*.....
....*.....
..........
..........
..........

Generation = 3, Population = 3.
..........
..........
..........
..........
..........
...***....
..........
..........
..........
..........

Generation = 4, Population = 3.
..........
..........
..........
..........
....*.....
....*.....
....*.....
..........
..........
..........

==6830== 
==6830== HEAP SUMMARY:
==6830==     in use at exit: 122,880 bytes in 6 blocks
==6830==   total heap usage: 449 allocs, 443 frees, 150,043 bytes allocated
==6830== 
==6830== LEAK SUMMARY:
==6830==    definitely lost: 0 bytes in 0 blocks
==6830==    indirectly lost: 0 bytes in 0 blocks
==6830==      possibly lost: 0 bytes in 0 blocks
==6830==    still reachable: 122,880 bytes in 6 blocks
==6830==         suppressed: 0 bytes in 0 blocks
==6830== Rerun with --leak-check=full to see details of leaked memory
==6830== 
==6830== For counts of detected and suppressed errors, rerun with: -v
==6830== ERROR SUMMARY: 0 errors from 0 contexts (suppressed: 4 from 4)
