==7582== Memcheck, a memory error detector
==7582== Copyright (C) 2002-2011, and GNU GPL'd, by Julian Seward et al.
==7582== Using Valgrind-3.7.0 and LibVEX; rerun with -h for copyright info
==7582== Command: ./RunLife.app
==7582== 
*** zach FredkinPentominoReplicatorCell - Life<Cell> 50x50 ***
Generation = 0, Population = 5.
--------------------------------------------------
--------------------------------------------------
--------------------------------------------------
--------------------------------------------------
--------------------------------------------------
--------------------------------------------------
--------------------------------------------------
--------------------------------------------------
--------------------------------------------------
--------------------------------------------------
--------------------------------------------------
--------------------------------------------------
--------------------------------------------------
--------------------------------------------------
--------------------------------------------------
--------------------------------------------------
--------------------------------------------------
--------------------------------------------------
--------------------------------------------------
--------------------------------------------------
--------------------------------------------------
----------------------00--------------------------
---------------------00---------------------------
----------------------0---------------------------
--------------------------------------------------
--------------------------------------------------
--------------------------------------------------
--------------------------------------------------
--------------------------------------------------
--------------------------------------------------
--------------------------------------------------
--------------------------------------------------
--------------------------------------------------
--------------------------------------------------
--------------------------------------------------
--------------------------------------------------
--------------------------------------------------
--------------------------------------------------
--------------------------------------------------
--------------------------------------------------
--------------------------------------------------
--------------------------------------------------
--------------------------------------------------
--------------------------------------------------
--------------------------------------------------
--------------------------------------------------
--------------------------------------------------
--------------------------------------------------
--------------------------------------------------
--------------------------------------------------

Generation = 2, Population = 20.
--------------------------------------------------
--------------------------------------------------
--------------------------------------------------
--------------------------------------------------
--------------------------------------------------
--------------------------------------------------
--------------------------------------------------
--------------------------------------------------
--------------------------------------------------
--------------------------------------------------
--------------------------------------------------
--------------------------------------------------
--------------------------------------------------
--------------------------------------------------
--------------------------------------------------
--------------------------------------------------
--------------------------------------------------
--------------------------------------------------
--------------------------------------------------
----------------------00--------------------------
---------------------01---------------------------
--------------------000-10------------------------
-------------------01--00-------------------------
--------------------0-*10-------------------------
---------------------01---------------------------
----------------------0---------------------------
--------------------------------------------------
--------------------------------------------------
--------------------------------------------------
--------------------------------------------------
--------------------------------------------------
--------------------------------------------------
--------------------------------------------------
--------------------------------------------------
--------------------------------------------------
--------------------------------------------------
--------------------------------------------------
--------------------------------------------------
--------------------------------------------------
--------------------------------------------------
--------------------------------------------------
--------------------------------------------------
--------------------------------------------------
--------------------------------------------------
--------------------------------------------------
--------------------------------------------------
--------------------------------------------------
--------------------------------------------------
--------------------------------------------------
--------------------------------------------------

Generation = 4, Population = 21.
--------------------------------------------------
--------------------------------------------------
--------------------------------------------------
--------------------------------------------------
--------------------------------------------------
--------------------------------------------------
--------------------------------------------------
--------------------------------------------------
--------------------------------------------------
--------------------------------------------------
--------------------------------------------------
--------------------------------------------------
--------------------------------------------------
--------------------------------------------------
--------------------------------------------------
--------------------------------------------------
--------------------------------------------------
----------------------00--------------------------
---------------------01---------------------------
----------------------0---------------------------
----------------------*---------------------------
------------------00------10----------------------
-----------------01-.----00-----------------------
------------------0---..--0-----------------------
----------------------.---------------------------
----------------------*1--------------------------
---------------------01---------------------------
----------------------0---------------------------
--------------------------------------------------
--------------------------------------------------
--------------------------------------------------
--------------------------------------------------
--------------------------------------------------
--------------------------------------------------
--------------------------------------------------
--------------------------------------------------
--------------------------------------------------
--------------------------------------------------
--------------------------------------------------
--------------------------------------------------
--------------------------------------------------
--------------------------------------------------
--------------------------------------------------
--------------------------------------------------
--------------------------------------------------
--------------------------------------------------
--------------------------------------------------
--------------------------------------------------
--------------------------------------------------
--------------------------------------------------

Generation = 6, Population = 77.
--------------------------------------------------
--------------------------------------------------
--------------------------------------------------
--------------------------------------------------
--------------------------------------------------
--------------------------------------------------
--------------------------------------------------
--------------------------------------------------
--------------------------------------------------
--------------------------------------------------
--------------------------------------------------
--------------------------------------------------
--------------------------------------------------
--------------------------------------------------
--------------------------------------------------
----------------------00--------------------------
---------------------01---------------------------
--------------------000-10------------------------
-------------------01-*00-------------------------
------------------000--*0-00----------------------
-----------------01-0-.1001-----------------------
----------------000-11--111-10--------------------
---------------01-.1*-10*--00---------------------
----------------0-*11-..0-*10---------------------
-----------------01---*1-01-----------------------
------------------0-0-..100-----------------------
-------------------01-.00-------------------------
--------------------0-*10-------------------------
---------------------01---------------------------
----------------------0---------------------------
--------------------------------------------------
--------------------------------------------------
--------------------------------------------------
--------------------------------------------------
--------------------------------------------------
--------------------------------------------------
--------------------------------------------------
--------------------------------------------------
--------------------------------------------------
--------------------------------------------------
--------------------------------------------------
--------------------------------------------------
--------------------------------------------------
--------------------------------------------------
--------------------------------------------------
--------------------------------------------------
--------------------------------------------------
--------------------------------------------------
--------------------------------------------------
--------------------------------------------------

Generation = 8, Population = 45.
--------------------------------------------------
--------------------------------------------------
--------------------------------------------------
--------------------------------------------------
--------------------------------------------------
--------------------------------------------------
--------------------------------------------------
--------------------------------------------------
--------------------------------------------------
--------------------------------------------------
--------------------------------------------------
--------------------------------------------------
--------------------------------------------------
----------------------00--------------------------
---------------------01---------------------------
----------------------0---------------------------
----------------------.---------------------------
----------------------*---------------------------
--------------------.*.---------------------------
--------------------*--.--------------------------
------------------.100*-0*.-----------------------
--------------00--0-..-**.----10------------------
-------------01-.1.-.*.-.1---00-------------------
--------------0---..--.**1..--0-------------------
------------------.0--.*-0.-----------------------
-------------------1*-..--------------------------
--------------------.-.0--------------------------
---------------------1..--------------------------
----------------------.---------------------------
----------------------*1--------------------------
---------------------01---------------------------
----------------------0---------------------------
--------------------------------------------------
--------------------------------------------------
--------------------------------------------------
--------------------------------------------------
--------------------------------------------------
--------------------------------------------------
--------------------------------------------------
--------------------------------------------------
--------------------------------------------------
--------------------------------------------------
--------------------------------------------------
--------------------------------------------------
--------------------------------------------------
--------------------------------------------------
--------------------------------------------------
--------------------------------------------------
--------------------------------------------------
--------------------------------------------------

Generation = 10, Population = 112.
--------------------------------------------------
--------------------------------------------------
--------------------------------------------------
--------------------------------------------------
--------------------------------------------------
--------------------------------------------------
--------------------------------------------------
--------------------------------------------------
--------------------------------------------------
--------------------------------------------------
--------------------------------------------------
----------------------00--------------------------
---------------------01---------------------------
--------------------000-10------------------------
-------------------01-.00-------------------------
--------------------0--*0-------------------------
----------------------*---------------------------
---------------------1.-1-------------------------
--------------------.*.110------------------------
--------------00---1.--.*-0---00------------------
-------------01---..*0.-0*.--01-------------------
------------000-11-1.*0*.*1-111-10----------------
-----------01-.1.1.-.*.0.*--*--00-----------------
------------0-*1--..11.....*0-*10-----------------
-------------01--1*---.*-*.--01-------------------
--------------0--0--.-**1*0---0-------------------
-------------------*.-.0--------------------------
--------------------*1.*0-------------------------
---------------------*.---------------------------
--------------------00..10------------------------
-------------------01-.00-------------------------
--------------------0-*10-------------------------
---------------------01---------------------------
----------------------0---------------------------
--------------------------------------------------
--------------------------------------------------
--------------------------------------------------
--------------------------------------------------
--------------------------------------------------
--------------------------------------------------
--------------------------------------------------
--------------------------------------------------
--------------------------------------------------
--------------------------------------------------
--------------------------------------------------
--------------------------------------------------
--------------------------------------------------
--------------------------------------------------
--------------------------------------------------
--------------------------------------------------

Generation = 12, Population = 149.
--------------------------------------------------
--------------------------------------------------
--------------------------------------------------
--------------------------------------------------
--------------------------------------------------
--------------------------------------------------
--------------------------------------------------
--------------------------------------------------
--------------------------------------------------
----------------------00--------------------------
---------------------01---------------------------
----------------------0---------------------------
----------------------*---------------------------
------------------00--0---10----------------------
-----------------01-.1*--00-----------------------
------------------0-*1-.--0-----------------------
-------------------0--*000------------------------
--------------00----1..-*-----00------------------
-------------01----1*.**1-00-01-------------------
--------------0--011*-0..00-0-0-------------------
--------------*-1-**.-.1-..0--*-------------------
----------00--0-.1--..0.*..11*----10--------------
---------01-.1.*..**...***10*1---00---------------
----------0---.-*0...-**...*-1..--0---------------
--------------.0-1.*1-.*-..---.-------------------
--------------*-1--*.1..1.*-0-*1------------------
-------------01---1..-.------01-------------------
--------------0--000*-***1----0-------------------
-------------------01*.-0-------------------------
------------------00-0**1-10----------------------
-----------------01-*-.0-00-----------------------
------------------0---.*--0-----------------------
----------------------.---------------------------
----------------------*1--------------------------
---------------------01---------------------------
----------------------0---------------------------
--------------------------------------------------
--------------------------------------------------
--------------------------------------------------
--------------------------------------------------
--------------------------------------------------
--------------------------------------------------
--------------------------------------------------
--------------------------------------------------
--------------------------------------------------
--------------------------------------------------
--------------------------------------------------
--------------------------------------------------
--------------------------------------------------
--------------------------------------------------

Generation = 14, Population = 272.
--------------------------------------------------
--------------------------------------------------
--------------------------------------------------
--------------------------------------------------
--------------------------------------------------
--------------------------------------------------
--------------------------------------------------
----------------------00--------------------------
---------------------01---------------------------
--------------------000-10------------------------
-------------------01-*00-------------------------
------------------000-0*0-00----------------------
-----------------01-01.1001-----------------------
----------------000-1-0--11-10--------------------
---------------01-.1.1*1**-00---------------------
--------------000---*--.1-*10-00------------------
-------------01---00--*0--0--01-------------------
------------000-1-01*.*-.11--00-10----------------
-----------01-*0-1-1.***1*0--*.00-----------------
----------000-0---*1.0-**-0-01-*0-00--------------
---------01-01*-10**.-.10..--0*-001---------------
--------000-11-1.-11..0....*..-1111-10------------
-------01-.1.-..**.*.*....1-..*-*--00-------------
--------0-*1-1.-*0*.*-*.*..*1...0-*10-------------
---------01--1.-0.**.-*.0.*-1-.--01---------------
----------0-0-.--1-*.1.*-.*0-1..100---------------
-----------01-.--0...-.-1--00-.00-----------------
------------0-*11*--.-....1---*10-----------------
-------------01---1***.1-0---01-------------------
--------------0-0-----..-*--100-------------------
---------------01-.**1.0-*-00---------------------
----------------0-*1-0.*10*10---------------------
-----------------01-01*--01-----------------------
------------------0-0-..100-----------------------
-------------------01-.00-------------------------
--------------------0-*10-------------------------
---------------------01---------------------------
----------------------0---------------------------
--------------------------------------------------
--------------------------------------------------
--------------------------------------------------
--------------------------------------------------
--------------------------------------------------
--------------------------------------------------
--------------------------------------------------
--------------------------------------------------
--------------------------------------------------
--------------------------------------------------
--------------------------------------------------
--------------------------------------------------

Generation = 16, Population = 182.
--------------------------------------------------
--------------------------------------------------
--------------------------------------------------
--------------------------------------------------
--------------------------------------------------
----------------------00--------------------------
---------------------01---------------------------
----------------------0---------------------------
----------------------.---------------------------
----------------------*---------------------------
--------------------.*.---------------------------
---------------------10.*-------------------------
------------------.--..-*-.-----------------------
--------------------.---*.1-----------------------
----------------*-.1..*-..-0----------------------
----------------0-*-.1-.*1..0---------------------
--------------.00-----*--10-00.-------------------
--------------*-110-.*.**1*1-*0-------------------
------------.*.--1-1..***.*-0..-*-----------------
-------------1011*..*-*.*---**1.*-----------------
----------.-*..1.0...1.10*.---.---.---------------
------00--0---*1.--.**-**.**.*-*1.----10----------
-----01-.1..*-.*..*....*..-1*..-.1---00-----------
------0---.11*.-.-..**...**.1****1..--0-----------
----------.--*.-*....-..*.*-.-*01-.---------------
-----------1-0.--*-**1*.-.*0--.*------------------
------------.-.-0-...*.01---*1.0------------------
--------------.-1.1-.-..*.-010.*------------------
--------------.-00...*.-0---0-*-------------------
---------------1*1100-.*-.-1----------------------
----------------.-.*.-.--.*0----------------------
-----------------1.--0..10..----------------------
------------------.--**01*.-----------------------
-------------------1-0..1*------------------------
--------------------.*.0--------------------------
---------------------1..--------------------------
----------------------.---------------------------
----------------------*1--------------------------
---------------------01---------------------------
----------------------0---------------------------
--------------------------------------------------
--------------------------------------------------
--------------------------------------------------
--------------------------------------------------
--------------------------------------------------
--------------------------------------------------
--------------------------------------------------
--------------------------------------------------
--------------------------------------------------
--------------------------------------------------

Generation = 18, Population = 273.
--------------------------------------------------
--------------------------------------------------
--------------------------------------------------
----------------------00--------------------------
---------------------01---------------------------
--------------------000-10------------------------
-------------------01-.00-------------------------
--------------------0--*0-------------------------
----------------------*---------------------------
---------------------1.---------------------------
--------------------.*.1--------------------------
-------------------1-1*..10-----------------------
----------------0-.01*.*.**-----------------------
------------------0-.1**.*1-----------------------
--------------0-*-.1...*.*--1---------------------
----------------00.-.--..-..-00-------------------
--------------*-*-0-0-.1-*-1-0*-0-----------------
--------------.*-.-1***.**..-*-**-----------------
------------...*1-1-*....*.--..-.10---------------
------00---1-10*1****-...1*-...*.10---00----------
-----01---.1*..-.-.*..*--*.---.1-1.--01-----------
----000-11-*1***.-****0..*..*.-.**1-111-10--------
---01-.1.-*..1....***...*.--...-.**-*--00---------
----0-*1--**...**-.....*****1....1..0-*10---------
-----01--1*0-..-....*-**...-*-.---.--01-----------
------0--0--1-.0-*-....*-*.-0-..1-----0-----------
------------**.--0**...-1--1.1.-*0----------------
-----------0-0**1*-*.-*...**-0**-0----------------
--------------*0--*.**.1--01--*-0-----------------
-------------0**..----.*-.-.1-10------------------
---------------*.1...***-**0-00-------------------
------------------.***..10**0---------------------
------------------.-1*.--**0----------------------
-------------------10-..1*-0----------------------
--------------------.**-11------------------------
--------------------*..*-0------------------------
----------------------.---------------------------
--------------------00..10------------------------
-------------------01-.00-------------------------
--------------------0-*10-------------------------
---------------------01---------------------------
----------------------0---------------------------
--------------------------------------------------
--------------------------------------------------
--------------------------------------------------
--------------------------------------------------
--------------------------------------------------
--------------------------------------------------
--------------------------------------------------
--------------------------------------------------

Generation = 20, Population = 332.
--------------------------------------------------
----------------------00--------------------------
---------------------01---------------------------
----------------------0---------------------------
----------------------*---------------------------
------------------00--0---10----------------------
-----------------01-.1*--00-----------------------
------------------0-*1-*0-0-----------------------
-------------------0--*0--------------------------
---------------------..-110-----------------------
----------------0--1...1*-1-----------------------
-----------------0-.-*.*.1-*0---------------------
----------------0-.01..**.*-----------------------
-----------------*--.-**..1**10-------------------
------------0---.-.1....*.11-0--0-----------------
--------------0--*.-*-1*.1*.-0--------------------
------------0-.-.--1*-*1**---*.1-1----------------
------00---0--*.*.-.****.*..1.*..1----00----------
-----01----1.*.*1**-****...11.*-*1-1001-----------
------0--01.-.0.*.*..**...**...**.-*0-0-----------
------*-1-.....-**...***-..--0..*-.0--*-----------
--00--0-..1***...-....0.....*.-...---*----10------
-01-.1.*.1.***..*.*...*...-**..-..*-.----00-------
--0---.-*0......***...**.*..1*..*****-..--0-------
------.0--.--..-..*.*-..***-**.0--.0--.-----------
------*-1-11.1.-1.-...***..-*1..*-0---*1----------
-----01--1--...-1*.....-100.*..-.-10-01-----------
------0----0--..-.1..-**.**.-0..0*-0--0-----------
-------------**-10*.**..**0--0*0-00---------------
------------1*.****1*0..-.1.1-**0-----------------
-------------1-**-***...*..--*00------------------
-------------0011-**..*..0..-0-0------------------
---------------0-1.1.*.0****0-0-------------------
-----------------0*.0-..-.--10--------------------
--------------------...11.------------------------
------------------01....1*------------------------
-------------------00-.1-0------------------------
------------------00-*.*-*10----------------------
-----------------01-.1.0-00-----------------------
------------------0---.*--0-----------------------
----------------------.---------------------------
----------------------*1--------------------------
---------------------01---------------------------
----------------------0---------------------------
--------------------------------------------------
--------------------------------------------------
--------------------------------------------------
--------------------------------------------------
--------------------------------------------------
--------------------------------------------------

Generation = 22, Population = 484.
---------------------01---------------------------
--------------------000-10------------------------
-------------------01-*00-------------------------
------------------000-0*0-00----------------------
-----------------01-01.1001-----------------------
----------------000-1--*111-10--------------------
---------------01-.1.-.0---00---------------------
----------------0---.11*--*10---------------------
----------------0-0000*0--------------------------
-----------------00--***-1------------------------
--------------0-001-..*-.0*-1---------------------
---------------0-01.-*...--.*---------------------
------------0-0-01.*..*...*101--0-----------------
--------------00-.-1.-*..**...*11-----------------
----------0-0-1-.1*-..*..**1*-0--10---------------
------00---00-0**..1.1-..-.*-01*-1----00----------
-----01---0001.1.1-..-.-..0-0..1-.--001-----------
----000-101--1*...-......****.**.----00-10--------
---01-*0-1-.**..1.*-.......-1..1.---*0*00---------
--000-0---*.-.-.*.**...*******...*-*---*0-00------
-01-01*-1-.*****........1..---.***.*--*-001-------
000-11-1***..*...-*...0*......1.*.-*-.11111-10----
1-.1.-.....***.**.*..*.*..*....-..*0.-10*--00-----
0-*1-1.-.0..*..**.*....*.*.....**....-*.0-*10-----
-01--1.01*.--..-*.****....*-.*.0--.*-1.1-01-------
--0-0-.-1-..*-.-..**......*-.1.**-*-0-..100-------
---01-.10---**.-1*.*..**--0.***-*01--*.00---------
----0-*--110--.*1**..1*..***--.*-*-*10*10---------
-----01--0-1-..---.*..****--10.0-0*-001-----------
------0---0-*..**.*..-..1..*1-.*--10--0-----------
-----------0-1-..**......*.--.*-0-0---------------
-----------0--01--..**...-.*--0-10----------------
----------------1..*...-*..*0--00-----------------
-------------00---.*0-..1.1--*0-------------------
---------------0-1-**...-*001-0-------------------
----------------0---***.-*1-00--------------------
--------------------*1**1-01----------------------
----------------00--1..*-***10--------------------
---------------01-*1...010-00---------------------
----------------0-*11-**--*10---------------------
-----------------01---.--01-----------------------
------------------0-0-..100-----------------------
-------------------01-.00-------------------------
--------------------0-*10-------------------------
---------------------01---------------------------
----------------------0---------------------------
--------------------------------------------------
--------------------------------------------------
--------------------------------------------------
--------------------------------------------------

Generation = 24, Population = 398.
---------------------0----------------------------
-----------------------*--------------------------
--------------------.*.---------------------------
---------------------10.--------------------------
------------------.--..*-*.-----------------------
--------------00----.--*..----10------------------
-------------01-*-.1***-1*---00-------------------
--------------0-0--0.-*.--..--0-------------------
---------------1*-0---.*1-11----------------------
-----------------0*--..*1.0-----------------------
---------------1-0.-.*.1*-*-*10-0-----------------
-------------01-0-1.*.****0..--01-----------------
---------------0--......***-**-0-1----------------
------00---0-1*--*-..*.***....*-1-1---00----------
-----01-0--1-0-1*.**...**.*.*--10--1-01-----------
------0--0--*10.**.1.-1.*-..1-.*0*-01-0-----------
------.----**1.*.-1..-.-*.--*..1**01-*.-----------
------**.--11.....**.....*..***..---1-*-----------
----.*.--.1........-.......*1....-0-.*.-----------
-----101-1..-.-........**........*-*-1-.*---------
--.-*..-.-.****....*..*....*11...*..1-.0--.-------
0-0----..**......-....-.**.***1...-.*...1.----10--
1-..*-.......*.**.**..........*-...0.-.-.1---00---
*-.11..-.-.*.**.*.*.*...*..*..*......-..*1..--0---
--.--..-.*.0-..0.*..*.*....-...-*-..-1.100.-------
---1--.1-1.**-.0...*.......-.1..*-.---..----------
----.-.*01--***0-..*...**-0.**.0.*--1*.-----------
------.00110-1*.*..........**1*.*.-.*-**----------
------.1-*-.-..11-...**...-*1-*-0-.0-*.-----------
------*--0-0*...*....0...**.--.*--**0-*1----------
-----01-----110*...........-*..-*1---01-----------
------0--01--0*.--......*-..----.-----0-----------
-----------1-1011..*.**-....-0--00----------------
------------1-*--1..01*.*..*-.-0-0----------------
-------------1-01--.....1*-01-*1------------------
-------------0--00-1....1*.0---0------------------
----------------01--*....-*-100-------------------
--------------00--0-***.1....-10------------------
-------------01-.*.1.*.*101--00-------------------
--------------0--1.**0.*--..--0-------------------
------------------.0-1.-00.-----------------------
-------------------1*-.*1-------------------------
--------------------.-.---------------------------
---------------------1..--------------------------
----------------------.---------------------------
----------------------*1--------------------------
---------------------01---------------------------
----------------------0---------------------------
--------------------------------------------------
--------------------------------------------------

Generation = 26, Population = 591.
-------------------0---1--------------------------
--------------------0-*.-1------------------------
--------------------.*.--0------------------------
--------------00---1-1-*1-0---00------------------
-------------01-0-.0-..*0..--01-------------------
------------000--10*.-0..*--111-10----------------
-----------01-.-.-.1...1..*-*--00-----------------
------------0--1--1-*-..-1*.--*10-----------------
---------------*.1-0-0.*10-*-0--0-----------------
-------------0-0-0.10.****0---101-----------------
-------------1-1*-.1**.**1*0.---*10---------------
------00----1**0--1.**...**..0--10----00----------
-----01-0--1--*-1-*..*.....-.*1*-1---01-----------
----000-00-*--**-.0.**......*..1*110000-10--------
---01-.1001.*0-**.****.......101*--.1-.00---------
----0-**0-1-*1-.*.**.-1*.-.*--*.0.1*.0**0---------
-----0.--1-*.1**.-*.*0.*.*-**..1**011..0----------
------**.1111....***...*.****..***0---.*----------
----..*1-.-*..*...**........1.**.-01...1----------
0--1---*-1*.*.1.........**...*...*1.1.-.*-0---00--
10.1*.*1*0...............*..*1...*...-.0--.--01---
*-0*--1*.**....**1**..-.*....*-*..-.*...1*1-111-10
-*.***......**.**....*...*.*..*-...0*1.1**--*--00-
*1**1*.1****.*.*.....*...*.*...*.....-**..**0-*10-
--*-1..-..*00.*-.*....*....-**.-.-..1-..-0*--01---
00-1*0*.*-*.*1.0.**.**.....-****.1.-10..-*0---0---
----.1*.**--...-1..*..**.-0.*..0..--1..110--------
---0-0.**-1---*.**...***.....*....-..-*.-0--------
-----1..1.-.1.*..*........-.1-.1-1.*-..0----------
----0-.--*0*.....*...-*...*.-1..*-..*-**10--------
---01-.-001--*-**........*.-*..-**110*.00---------
----0-*1-**1-*..*1......****-*--*100--*10---------
-----01--1-1----**....**....*--1*010-01-----------
------0--0--11.---..-...***.-.---*-0--0-----------
-------------.1---0.*.***.-*.-..------------------
-----------01-10----**.*-*.*--1-------------------
----------------01--...**-.-.00-0-----------------
------------0-0-0*-1*...*....*.*10----------------
-----------01-.-...*..*.*-.****00-----------------
------------0-*-*....*.*-0*.0-*10-----------------
-------------01--*.0-*.-0-.--01-------------------
--------------0----1.0.*-1----0-------------------
-------------------*.**-*0------------------------
--------------------*1..0-------------------------
---------------------*.---------------------------
--------------------00..10------------------------
-------------------01-.00-------------------------
--------------------0-*10-------------------------
---------------------01---------------------------
----------------------0---------------------------

Generation = 28, Population = 635.
-----------------0-0-011--------------------------
--------------00--000-*.-.10--00------------------
-------------01-0--1.*.*1--0-01-------------------
--------------0-001*1*-.-1--0-0-------------------
--------------.100.0*.*.-..---*-------------------
----------00-----.-..*0..*1-1*----10--------------
---------01-.-.*.*....*-***0*1*-*00---------------
----------0-*1-.1011*-.*11*.1-..*-0---------------
-----------01-1...----.***-*-01--1----------------
------00---0--001-.*0.....0-0-.0*-1---00----------
-----01-0-----1*.-.1.....-*-.--0*.*1001-----------
------0---0-...-1-*........*.*--1*----0-----------
------.----.--.---*........-..1.--0---*-----------
--00--0--0-*0-.*1*0........*...**.1---0---10------
-01-.1.1--1.*--.**...*..***.**-**1-..*.--00-------
--0---..-0*1.*1.**..*-.*.*.*--.*-.-*.-*.--0-------
----00*00.-**-*..-..*-....-*...1..-....000--------
0--0--.*.111..**.**.***.***....*.*---1***10---00--
10-1..*.-.*.***.*.*.....**.....*.-*.*...10---01---
-01.---.11.**.**........**..*.*...1.-.0*.-0-0-0---
**...*.-**.***..***.........*****..*.0*---*---*---
*1-.*--..*******.-*...-...**..-.**-...*.1.*11*---*
-......*..*..*.*...*.*.**..**..1..**...1..*0.1---0
**..-.***...*.*.***.*.**....***.*.**.-**....01..--
0-.0-*.*...--*.*.*.....*...-*.*-*1*..1*.-0.00-.---
---.*-***-*.*..-.....*.**.***....-*-.*..1.0-0-*1--
--01***.*.1-...-*....*.*.--....-.*1-...*-*-0-01---
0-----.**-1*-*.....**..*........**-..-..0-10--0---
----0****.0.1..*....**....-.1-.1*-..0*.-----------
--00*0.--.-....*.**..**....*-1.*.-**.1...-10------
-01-.-.---**-.1**......**..0...**.****.--00-------
--0---..1..-0.*..1.....*.***-.-1.-0-01..--0-------
------.--1-*-1-*.*....**.....0-**-.*0-.-----------
------*-1*--***--*.*-**...*.-*-*-*1-10*1----------
-----01--1-10.*---0...*...0..-*.-101-01-----------
------0---1-*1----*-...*1.*.1-**---0--0-----------
-----------10--0-1--..**.-.**0----0---------------
----------00*----.01....**..*..*1*10--------------
---------01-.-*1*..*.**..-.*...--00---------------
----------0---.-*....*.*0-..--**--0---------------
--------------.-0..*-..--*.0-*.-------------------
--------------*--1*1*0.*-.10--*1------------------
-------------01----*...-.-10-01-------------------
--------------0---00**.**-0---0-------------------
-------------------0-..0-1------------------------
------------------00-0**1-10----------------------
-----------------01-*-.0-00-----------------------
------------------0---.*--0-----------------------
----------------------.---------------------------
-----------------------1--------------------------

Generation = 30, Population = 813.
-------------0111---1-**---1-01-------------------
------------000-00-0*-..-.*-1-0-10----------------
-----------01-.--011...**10*1*.00-----------------
----------000----*-...-*--1--1-*0-00--------------
---------01---*.*0.-..*.-**---.--01---------------
--------000------*0**.-.**--1.-1*11-10------------
-------01-.-.-**...**..*...0..*-*-*00-------------
------000---..1**--1**..--..*1..*-*10-00----------
-----01-0----1....--00**..1*--*-11--001-----------
----000-0----**-**..-...*.-1--.-.1*--00-10--------
---01-.10-11-*-**-.......**1*-*0...--0*00---------
--000--*-1--...0-1.........**.0--*111-0*0-00------
-01---.01-1.1-*1-1**......*-**-.-1*101.1001-------
000-1101*-1.0-.**.0.....***..*...*.-11*--11-10----
1-.1.1.--*.*.--..*......*.....-..*1*.*.--*-00-----
--*--0*.0*.-..1..*.*.1.*.*.*1-*.0.-..1..-1-10-00--
1---*0*-*.1..-...1*.*1**.*-***.1..0..*.-*0-0-01---
*-1-0-....*1....*......**....*..*.101**..1*1000-10
--1..*.*1*......*....***.....**..1******10--0-.00-
*-**1*-.--......*.......****..*.....-.0**0-101-*00
*.*....*........*.......*.*.....*....*.---*--0.-0-
.--..-1*........*-....-.*.*...-..*1*.**.-..*-*1-*.
-......*.........*...**..*...**1..**.....**-.-----
**..1*****.**.*.**...........**....**0.*....0-*.-1
--.0*...**.--***.....**....0*.*-*-.**-**10.--1.--0
-1*.*1...-.*...1.*.....**.****..***1..*.1.00*1..10
-1*1......1-*..1*.....***11*...-**11....1.-*-*.00-
0--1--...1..**.*...............*..0..1*.-**010*10-
-01--..**.**1....******...-.11.-.-**-**1--00-01---
-0--.0.1-.-......***.***....*1.**1*.*-*.*1-*100---
1-*1**.--1..-.1..**..*.*.*.-.*.**..*.*.-*--00-----
0-*1-0..1..-0.*.***...*.....-.-1.**-*-**0-*10-----
-01---.0-.0*-.-..**...*.**...--..0.*--.1-01-------
--0-0-*0..11.*.01*..1*.**..*-.-.-*1-1*.*100-------
---01-.-0.1.***----*.**..*0*.-..-1*110.00---------
----0-*-00-1..-*10.*.****.*****.---*--*10---------
-----01--0-1*-1-0-1-.*.*.-...---*0-1001-----------
------0-000*.1---.*-...**.*..**.1*1-100-----------
-------01-.1.**1...*.....-*..**010*00-------------
--------0-*110.-...*.*.**-*.--**--*10-------------
---------01---*--.*.-*.00..*0*.0-01---------------
----------0-0-.10*.1**..-.1--1.*100---------------
-----------01-.1-1-...*-.-.---.00-----------------
------------0-*---*0...*.1*---*10-----------------
-------------01---100**0-----01-------------------
--------------0-00---*..*-1-100-------------------
---------------01-.*.-.0*--00---------------------
----------------0-*1-0..10*10---------------------
-----------------01-0-.--01-----------------------
------------------0--0---00-----------------------

Generation = 32, Population = 646.
--------------*---01*-.*10-1-*1-------------------
--------------0-0---*-*.-*.0*0*-------------------
------------*1.01--1*....--.*..0------------------
--------------*11*-...1*1--10.0*------------------
----------*-1-.**-*-**..-.*--1.---.---------------
----------0-----0*0.**-..*-11.1....---------------
--------.1*1*-**.....*.....-...-.-.*--------------
--------*-1-..-.*-*1...*-1*.***.*-..*-------------
------.10----..*..----....*.-1.01-10-*.-----------
------0*-11*1..*.**.*...*.*--0*-*1*---*-----------
----*1.10-..-.*..-*..***.**-.1.*...-00.-----------
----0-*.-111...--**......*....*0*..*1--.*---------
--*0--.*--...-..--.*.......-.*1.*..*0-.1--.-------
--0***-*.-..--...***.....*....*....-1-.-1.--------
*1*1.-.-1*.*.--..*.**.**.*....-.**-**..0***-------
01*0-*..-*.-*.1....*.*.....*1-..0.-*.1..--1*0-----
*-01.-*-.*..*-.**1*..**.*.-.*..1*.*.*..1**1000.---
*0*1-*.*..........*.*.....****....*-...*...*--0---
1-1*....-..*.........*.*.**.*...........*-0--**-*1
.-**-.1.--*...*...*...*.*.**...*....-*-*.--.*--.-*
.**.*....*................**.*.........1*1.1-0.--0
.1***-.**........1....*.......**...*.***-*..1**1..
-...*...**.....*.*.....***.....*.*..**...**0.*-0--
....-....**..***.**...........***....**.*...0-.*-*
*1.*.**.*..10.*.**....*....0...-.1...-.**-.*-..-00
*1.......-.....1.....*.*................-.*-.*.*--
01*1*....*--...**.****...-*.*..-..--*.**..1*-.*0--
011**0..*-.....*.***...*****......-.*1**-*.0-0**--
-0.00**....*-*.....*...*..1*11.1.-..-...0-0-0-.---
--1-.*..0.*.....**..........***..-...-..***..-----
.*.*...11-..**......**...*.0**.**....*.-*---------
-1.---.*1**1-...*..*.....*..1**....1***.0-..------
--.01-.-0.0.0*1....*..*****..-0**0..-*.-00.-------
---1*-.0*.*1**.*-...*....****.-.1.-11*****--------
----.*.-*.*.**.*-1*.......-..1.*-1.*.0.-----------
------.--0*..*-..-.......*.****.-00.1-..----------
------.110-*.1----.1***..-..*-01*---*-.-----------
-------1---.**--1..-..***..*..*...1-.-------------
--------.1*1........***..-.*.***.-.---------------
----------..1-*1.....****1..*-**01..--------------
----------.00-*0*...-*.--.**0**01-.---------------
-----------1*1.-0..*...**.-10*...*----------------
------------.-..-*0..*.0.-*-0*.-------------------
--------------.0-0.0**.*...-00..------------------
--------------.11-1--.*00*0---*-------------------
---------------1--0-0*.**---1---------------------
----------------.1*.*-*-.-------------------------
------------------.1--.*-*..----------------------
------------------.-0-*0--.-----------------------
--------------------0-----------------------------

Generation = 34, Population = 689.
--------------.-*1-1***.100.1.1-0-----------------
--------------**-1--.1.*1**0*-*-1-----------------
------------***-*1-.***..*0....--0----------------
--------------*-1*-.*.*..*1*-.*.-0----------------
--------0-.-11**.1.-.*..1..---.1--.0--------------
----------------0.0...*...-..*-....-1-------------
--------***-.-..*....****..-..*0.0**1-------------
------01*1*-..-.*1.*.*.*1...***..1*.*-------------
----00.10----.....-*1-*.*...--.*.--*-..0----------
----11**-*-...*....*....*..*--*0*-*0--.*----------
---1...1*1..1*...*.........-.**..*.10*.-----------
--11*-..0.1*...0-..****.******.***.**0-.*-0-------
-1*---.*--...-..1-.*...**..-.*....*.--*-*-.-------
1-*.**-..-..--....*....*.*.........-1-.-..*11-----
...*.1.1..*..--.*.*.....*...*.-...1*.*.-..*--0----
-..-1**.0.*1**1*.**.*.....**--..-.1**-*.0-..-0----
*-**.**-....**.**-*..**.*.***.*.****.**1*.*-*-.000
*-.*1.*........**.*.....*.....*.***-.*......-**-**
*-*.....-.........**.*................*..-00-..0.1
.1..1*1*1-...........*....***.......*.-..1**.--.0*
....**.***.................*..***...**.*.-*-0*.11-
.-...-.*.*......**....*.......***...**.**...***-..
-......**.*.*....**...*.............*....***.**0*-
.*..-**.*....*..*.*...*.*.....**....*......*-1..-.
.1..***.**..-.*..*....**...0..*-*-..*-...-.*-*.--0
***.*....*...*********..............*...*..-.*..--
--*.***...-1.*....*.**.**1.....-..1***....1.1..*--
0-***-**.1....***.......*.........-..-*.1..***..-0
0*.--.**.**.-.*.......***.-..-.-.-..-.*.-0-*--*---
0---**..-**.*......**......*.....1...-.......-00--
.*..**.-*-.........**.*....*....*...**.**-*-------
*..1--**1..*-.*.*.**.***....-....*.**.*.--..------
--*0--**-*-.0**.*....*.**...*10***..-..---.-------
--*-*0*-**.1..*******...*.****1...*11.**..10------
---**.*0......**-.........*..*.*1.**.-*-----------
---0--.1-0...*-**-....*.*..***..---**0*.00--------
-----1.-10-**1-0--....*..-*****-.0-*.-.-----------
-----0**0--.**---..*....*..**..***1**1------------
-------*.*.**...*........-.*.....**1--------------
-------011..*0.-*...**..*..*.-..***.--------------
---------1.0--.**..*-**--.*.-..*-1*---------------
---------0--...1*.*.*.*.*.--0.**..-0--------------
-----------**-..0.-..**0.1.-***-------------------
-----------010.-1*.***..*..1-0**-0----------------
-------------1...1*-0..0*.-100.-0-----------------
-------------0-.----0***.1--1*1-------------------
---------------*.**.*-*-*-----0-------------------
---------------01-*---..-*..0---------------------
-----------------1*--1.-1*.-----------------------
------------------11*-**-0------------------------

Generation = 36, Population = 687.
------------0-.1.1-***..--0..*.--10---------------
--------------.*1---.1...*.0*-.1*10---------------
--------0-0-**.1***.**..*.*..*.-1-----------------
--------------.*1.-.*...*...-.**--1*0-------------
------0-01.1.-..***0.*..-..-0**11-.-00------------
------000------1*.-**...*.1***-....*.-0-----------
----001-*..-.1*...*.*..**..0..*-*0...100----------
-------*...-..-**.....*......**.*1.**--*----------
--0--0.*-11--.....*..-*..*..--*..-**0..--0--------
----1...0*-..**..*.......*..1-.**-.*0-..-10-------
--0*.*.-.1....*..*........*1.......*-..*----------
-01*.-..-.*....--.......*****.**...**0-*.00*------
0*.00-..1-.*.-..1*...*.*...**.*...*.--.1*-.1-0----
1-****1..0..11***...*....*.**.....*0-1.-*..1*-0---
.....1.-.***.--*..*...**...*..-..*-....-...-----00
-****...0**1.*1**.**...*....*-..1*...1..-*.*0*1*11
*-*.**.-.......****....*.**..*.**......1...-.*.---
*-.*...*.......**......**..*.*..**.1**..****1..-..
*1**....-......****...*.........*.....*..-00-.*0.1
.1**-.-.11........*.*.........***...**-...***--.0.
....*............*........*...*.*..**.**.-**0.*.11
.-...-...........**........**.*.****...*.......**.
-...............*.**.**.......*.*.*..*.*****...-.-
....1............*.**.........*..........*.*01**-*
.-.*......*.1*****....**...-..*-*-**.-...-..1*.0*-
...*.*....*.***.......................*....-....11
-1**.**...*-....*....****......-..*..*.*..1.*...--
--*.*1...**....*.....*...*.......*-..1.*-.*.*.*.10
-..-1**.*..*-..*....****..-..-.-.-**1...---.01.-0-
*-11*..*-*...*.......**.*.......*-.*.-...****---1-
...*...-*1.*........****.....*..*........1*-1-1---
...*1-..-...0.....*...*.**..*...........10..--00--
1-.---..0.1.-*..............*.****..-..*--*1------
--*1.-.-*..1**...*..*.**..*...1...*.**.....-10----
-0-*...0....*****...*.**..*....*.**.*1.1-1--------
-01-11.*-*.*.**.***......*....*.11-..0*.----------
----1*.*---.**-*11......*-*...*1.--..-.0----------
----10*.0*-**.1**........*.*..*****..*-000--------
-------.**....*..*..*....0**..**...-11------------
--------1*..***1...**.**.*...-*.*...-0------------
----------*---*...**0.*10...-**.-1.-0-------------
--------1*-1**.-..***.*..*-*-*...*---0------------
-----------.*-..-.-.*..-.-.-...---0---------------
----------1-*0.--*.*....**.*0*.*10----------------
------------0-*..-**-..-..*1*-.---0---------------
------------1**.010--.**.1*11*--10----------------
---------------.***..*.*.-------------------------
--------------1-.0.**-..-...-1--------------------
----------------0..0-1.-...---0-------------------
---------------0-0-1.-*.1*-00---------------------

Generation = 38, Population = 732.
--------0----1*..11***..-10*...111010-------------
------------0*..1*--.1*..*.*.*....----------------
---------0-0...***.***..*......-.1-110------------
------100-----**..1*.*..**..1**.1*..-0------------
-----1-10*.-.-..*..0..*.-..-0..*.-.--*------------
----10*0*-0--*0**.1*.*.*...*..*....*.*-00---------
---1*01-**.1**...*.*.......*..*-*-..**-01---------
----10-..**0.*1..*......*.***.*..1...--.--0-------
0-0---..-1*11*......***.....--..*1..**.----0------
-0-01**.-.-**....**.........1*.**-.*0-..-1*-0-----
--0..**1..*..****.*.....*.*1**..*.*.-...*----0----
-0...-..-......0**......**......*.*..-0**--*110---
0..-00.*-0..*-**-*.....*.*...*.**...*-.1*1.--0-000
.-*..***.**.*1**........**....**...*1-.1...1*--1-1
*....**1**...0*...........*...-...-*...-.*.0--0--0
-**..*..*..1..1....*.........-.*1**..1..-...0.-*.-
*-*....***........**...........*.***...-.*.-*..**1
.0.....*....................*......*....***....*.*
**......**........**..**.*....*.**.......1*-1..-*1
*-**1.-.**.......*..*........**...***.1..*...-0.-.
.................*.**........**.**..*..*.-*.-**...
.-...-..........***.*........**..*...*...*.*****..
-..............*...*..........*...***.*.*.**.*.-.*
....-.........*...***........***.***.....*.****.1*
.-..*.......1********......-...-.1...-...***1..-.1
..*.***..**.**...**..*..*.........*...*...*-**..-.
***.*..**..-.***.....****......-...***.*...*.*.*1-
-1**.*...*......*....*...........*-..**.-*.**..*--
*..0*.......**.*.......**.-..-.-.1...*..-11.-*.---
.-**.**.-*..*..........***.......*..*1..**.*.--*.1
..*..**-*1*.*..........***.......*.*....*****0.---
..****..-.*.0*........*.*.*..**..*.......-..-----0
-**0*-..-.-.*........*..****....******..-0*.-11---
1-*1.-.-...**..............***....*.**....*1.-----
1*0*..*-.***.....***.......*.....*...**11-1-------
1-.---.*0........**...*....*.**..1-*.-*.-*--00----
-11-.*.*10-**.-.-1.......0*****-.--**1**----------
-0-1--.*0.-**.-....**...*..*.**...*...---*10------
----11-*...**.......**..**.........*..1-----------
----00--1***..*....*..**...*.-.**.*.----00--------
----------.--*......-**.*.*.1..*1**-010-----------
------01..-..*.1....*.*...1.-....*0--0-0----------
-----------..-*.0**.**.1*-.-...--10---------------
---------11-*-.-*.......*...*...-*10-0------------
----------1---*..-..-**1.**1.*.-0-0-0-------------
-----------1-.*.-**--.........*1.*00--------------
------------1--.**.**....*-1*-1---0---------------
-------------11-****.-**1*..-1-000----------------
--------------1--*.0*-.-...-1---0-----------------
-------------01---1**0....0-*-1-------------------

Generation = 40, Population = 727.
------0-010-0-...11.*.*.*-0**...1-01*-0-----------
------001-00-.*.1.--........**.***---1------------
-----0------........*.....***.*1..-*1-10----------
------.*----01*.....**......-*......0---0---------
----0.1*0..1.-..*.*0*...-*.-*....-.1-.1-1---------
--00-0.-*---0.-**.**..*....**.*.*..*..-0-1--------
00-*.-11...1..****........*...*1.0..**1--110------
-01---1*...-.*.......*.....**.....*..--.110-------
---0-0.*--*-.**......**....*-*.*.-..*..--*--------
--0*1.**1**....**..**.......1....1..01..-..--0----
0--**.**..*****............-....*.*.-*...011-*--00
--..*0**1......-*.*....********.*.**.-***--.-1*-11
0.**-0..-*...-**-*.....*..**.*...***.*.*.**------0
.*..*...**...*..**......*.*...*....*1*.*.*.-.1-.--
..**.........-*.........***...*...-*..****.*---11*
*.*..*.**.*-......**.........-**1.*.*1..1...*.1..1
*0**..***.........**..........***..**..1*..-.*.**-
****...*.......................*..**....*.....***.
*...*..*.*........***.........***....*...**1-.*1*1
*-..*.-.**........*..*.........*..*...-*...*.1**-.
.*.**...........**.*............*........-.*0.*.*.
.-...-.........***..**.........*................*.
-..............***............*.....*.........*1.*
...**........................*....****..**...**...
.-..*..**.*.1..............-.*.1.....1..**....*-..
....***..*.*.*...*...*.**......**....**.*..-*...-.
.*...*....*1******..**.**......-.*....**.**..*...1
*1....*.**......**..**............-.....**..**.*--
.**-.**.**..**.......***..1..-.1*1**....-**.-**-0-
.-*...**1.*.*........**........*..**.1...****-1*.1
.**...*-....*........***........**.........***.---
.......**.*.-*........*........***.....**-..--1---
1..0.-..1**.**.........**......*........*-*.1..10-
.0**.-.-....*.....*.....***.....**.....*.....*---0
*.**...1.**.**...*.*......*....***..*..-.*.--10---
*1.*--..0....*..*..**.....*...**.*-*.-*.1.----10--
-1.-....1*0***-.-*.*.....-....*-**1**1*.-01-------
1*-1--..0*1*.*1...**.****..*.**.....*.-11.1*------
-1-0---*...*.**......****...******..*.1110--------
-00---1-.....**.........*....-....*.--0--*--------
----11-11*.1-**.....1.......1..****--.-01---------
-------...-..**1**.*..*....**..*..-10--01---------
--------0-1..1*.0*....****.-...1**-0000-----------
------0-1.1-**.-.**.............1*-*1-------------
--------0-.-1*.*.**.-.*.......*-0---0-0-----------
----------0--*..-**-*.............--0-------------
---------------....**..*..1..-.--1*---------------
------------0.10....*-..1...111*------------------
---------------10..-*1.1.*.-*-1-------------------
-----------01--100...-***.-1.--1-0----------------

==7582== 
==7582== HEAP SUMMARY:
==7582==     in use at exit: 122,880 bytes in 6 blocks
==7582==   total heap usage: 18,376 allocs, 18,370 frees, 621,443 bytes allocated
==7582== 
==7582== LEAK SUMMARY:
==7582==    definitely lost: 0 bytes in 0 blocks
==7582==    indirectly lost: 0 bytes in 0 blocks
==7582==      possibly lost: 0 bytes in 0 blocks
==7582==    still reachable: 122,880 bytes in 6 blocks
==7582==         suppressed: 0 bytes in 0 blocks
==7582== Rerun with --leak-check=full to see details of leaked memory
==7582== 
==7582== For counts of detected and suppressed errors, rerun with: -v
==7582== ERROR SUMMARY: 0 errors from 0 contexts (suppressed: 4 from 4)
