==8420== Memcheck, a memory error detector
==8420== Copyright (C) 2002-2011, and GNU GPL'd, by Julian Seward et al.
==8420== Using Valgrind-3.7.0 and LibVEX; rerun with -h for copyright info
==8420== Command: ./RunLife.app
==8420== 
*** zach ConwayPentomino - Life<ConwayCell> 20x20 ***

Generation = 0, Population = 5.
..................................................
..................................................
..................................................
..................................................
..................................................
..................................................
..................................................
..................................................
..................................................
..................................................
..................................................
..................................................
..................................................
..................................................
..................................................
..................................................
..................................................
..................................................
..................................................
..................................................
..................................................
......................**..........................
.....................**...........................
......................*...........................
..................................................
..................................................
..................................................
..................................................
..................................................
..................................................
..................................................
..................................................
..................................................
..................................................
..................................................
..................................................
..................................................
..................................................
..................................................
..................................................
..................................................
..................................................
..................................................
..................................................
..................................................
..................................................
..................................................
..................................................
..................................................
..................................................

Generation = 50, Population = 64.
..................................................
..................................................
..................................................
..................................................
..................................................
..................................................
..................................................
..................................................
..................................................
..................................................
..................................................
..................................................
..................................................
........................*.........................
.......................***........................
......................*****.......................
.....................**...**......................
....................***...***.....................
.....................**...**......................
.....................******.......................
***..........**....**.****........................
**.**........**.......***.........................
**.**............*.....*..........................
..**.............*.....*..........................
.................*.....*..........................
..................................................
...................***............................
..................................................
..................................................
..................................................
..................................................
..................................................
..................................................
..................................................
..................................................
..................................................
..................................................
..................................................
..................................................
..................................................
..................................................
..................................................
..................................................
..................................................
..................................................
..................................................
..................................................
..................................................
..................................................
..................................................

Generation = 100, Population = 70.
..................................................
..................................................
..................................................
..................................................
..................................................
..................................................
..................................................
..................................................
..................................................
..................................................
..............................**..................
.............................*..*.................
.....................**......*..*.................
.....................**.......**..................
..................................................
.................**...........**.*................
.................**...........**.**...............
..................................................
...............................***.**.............
.....................***.......**..**.............
.............**.....*.*.**....*****...............
.............**.....*...*.*..*.**.................
.................*..*.*...*..*.*..................
.................*...**.*.*...*...................
.................*.....***........................
..................................................
..................................................
..................................................
..................................................
..................................................
..................................................
..................................................
..................................................
..................................................
..................................................
..................................................
..................................................
..................................................
..................................................
..................................................
..................................................
..................................................
..................................................
..................................................
..................................................
..................................................
..................................................
..................................................
..................................................
..................................................

Generation = 150, Population = 103.
..................................................
..................................................
..................................................
..................................................
..................................................
..................................................
..................................................
..................................................
..................................................
..................................................
..........................**.........**...........
.........................*.....*....*.............
.....................**...*.*...*.................
.....................**....*....*.................
..................................................
...............................****...............
..................**...........**.**..............
..................**.............*.*..............
..................................................
................................**................
............*.....*...............................
..........**.....*.*..............................
.........*..........*.......**....................
........*...*...***.**.*...*.**...................
......****..*..*..**..**...*..**..................
......*....*.....**...**..*....**.................
.......****.*....*.....****.*..**.................
........*.*..............*...***..................
..........................*...**..................
.............................*....................
..................................................
..................................................
..................................................
.........................................*........
..........................................**......
.........................................**.......
..................................................
..................................................
..................................................
..................................................
..................................................
..................................................
..................................................
..................................................
..................................................
..................................................
..................................................
..................................................
..................................................
..................................................

Generation = 200, Population = 95.
..................................................
..................................................
..................................................
..................................................
..................................................
..................................................
..................................................
..................................................
..................................................
..................................................
..................................................
..................................................
.......................*..............*......**...
......................*.*............*.*...*.**...
......................**.............*.*..*****...
......................................*.......*.*.
...........**.................................*..*
..........*..*.................................**.
...........**.....................................
.......**.........................***.............
.......*.*.................*.........*............
.......*.................**.*...*.....*......***..
.........................*..*...*......*....*...*.
...................................**..*....*...*.
..............*.........**.............*....*...*.
.............*.*..............*......**......***..
.............*.*..............*...................
..............*................*..***.............
..................................................
..................................................
..................................................
.........*........................................
.........*........................................
..................................................
..................................................
..................................................
.............................*....................
..............................*...................
............................***...................
..................................................
..................................................
................................................**
................................................**
..................................................
..................................................
..................................................
..................................................
..................................................
..................................................
..................................................

Generation = 250, Population = 106.
..................................................
..................................................
..................................................
..................................................
..................................................
..................................................
..................................................
..................................................
..................................................
..................................................
..................................................
..................................................
**.....................*..........................
**....................*.*.........................
......................**..........................
...............................*...*..............
...........**..................*...*.........*....
..........*..*.................*...*.........*....
...........**............................*........
........................................*..**.....
.................................*................
.............................*....**.....*........
...........................*..............***.*...
...........................*....**...*....***.....
..............*...........*....***......**...**...
.............*.*...........*.....*.**...*..**.....
.............*.*...........*.....*...**.*....*....
..............*.................*.....**...**.*.*.
...............................*......*.....*****.
..............................................***.
........................................*.........
.......................................*.*........
............................................*.*...
...........................................*...*..
............................................*.*...
.............................................*....
..................................................
..................................................
..................................................
..................................................
..................................................
................................................**
................................................**
..................................................
..................................................
..................................................
..................................................
..................................................
........................................**........
........................................**........

Generation = 300, Population = 66.
..................................................
..................................................
..................................................
..................................................
..................................................
..................................................
..................................................
..................................................
..................................................
..................................................
..................................................
..................................................
**.....................*..........................
**....................*.*.........................
......................**..........................
...............................*...*..............
...........**..................*...*..............
..........*..*.................*...*..............
...........**.....................................
..................................................
..................................................
..................................................
...........................*......................
..........................*.*.....................
..............*..........*..*.....................
.............*.*..........**......................
.............*.*..................................
..............*...................................
.........................................**.......
.........................................***......
.........................................*.*......
..................................................
..................................................
..................................................
..........................................*.*..**.
...............................................**.
..........................................**......
.......................................***........
.......................................*..*.......
......................................**.*........
........................................*.........
..................................................
........................................*.*.......
..................................................
........................................*.*.......
..................................................
..................................................
..................................................
........................................**........
........................................**........

Generation = 350, Population = 58.
..................................................
..................................................
..................................................
..................................................
..................................................
..................................................
..................................................
..................................................
..................................................
..................................................
..................................................
..................................................
**.....................*..........................
**....................*.*.........................
......................**..........................
...............................*...*..............
...........**..................*...*..............
..........*..*.................*...*..............
...........**.....................................
..................................................
..................................................
..................................................
...........................*......................
..........................*.*.....................
..............*..........*..*.....................
.............*.*..........**......................
.............*.*.........................***......
..............*...................................
.......................................*.....*....
.......................................*.....*....
.......................................*.....*....
..................................................
.........................................***......
..................................................
...............................................**.
...............................................**.
..................................................
..................................................
.........................................**.......
.........................................**.......
..................................................
..................................................
..................................................
..................................................
..................................................
..................................................
..................................................
..................................................
........................................**........
........................................**........

Generation = 400, Population = 58.
..................................................
..................................................
..................................................
..................................................
..................................................
..................................................
..................................................
..................................................
..................................................
..................................................
..................................................
..................................................
**.....................*..........................
**....................*.*.........................
......................**..........................
...............................*...*..............
...........**..................*...*..............
..........*..*.................*...*..............
...........**.....................................
..................................................
..................................................
..................................................
...........................*......................
..........................*.*.....................
..............*..........*..*.....................
.............*.*..........**......................
.............*.*.........................***......
..............*...................................
.......................................*.....*....
.......................................*.....*....
.......................................*.....*....
..................................................
.........................................***......
..................................................
...............................................**.
...............................................**.
..................................................
..................................................
.........................................**.......
.........................................**.......
..................................................
..................................................
..................................................
..................................................
..................................................
..................................................
..................................................
..................................................
........................................**........
........................................**........

Generation = 450, Population = 58.
..................................................
..................................................
..................................................
..................................................
..................................................
..................................................
..................................................
..................................................
..................................................
..................................................
..................................................
..................................................
**.....................*..........................
**....................*.*.........................
......................**..........................
...............................*...*..............
...........**..................*...*..............
..........*..*.................*...*..............
...........**.....................................
..................................................
..................................................
..................................................
...........................*......................
..........................*.*.....................
..............*..........*..*.....................
.............*.*..........**......................
.............*.*.........................***......
..............*...................................
.......................................*.....*....
.......................................*.....*....
.......................................*.....*....
..................................................
.........................................***......
..................................................
...............................................**.
...............................................**.
..................................................
..................................................
.........................................**.......
.........................................**.......
..................................................
..................................................
..................................................
..................................................
..................................................
..................................................
..................................................
..................................................
........................................**........
........................................**........

Generation = 500, Population = 58.
..................................................
..................................................
..................................................
..................................................
..................................................
..................................................
..................................................
..................................................
..................................................
..................................................
..................................................
..................................................
**.....................*..........................
**....................*.*.........................
......................**..........................
...............................*...*..............
...........**..................*...*..............
..........*..*.................*...*..............
...........**.....................................
..................................................
..................................................
..................................................
...........................*......................
..........................*.*.....................
..............*..........*..*.....................
.............*.*..........**......................
.............*.*.........................***......
..............*...................................
.......................................*.....*....
.......................................*.....*....
.......................................*.....*....
..................................................
.........................................***......
..................................................
...............................................**.
...............................................**.
..................................................
..................................................
.........................................**.......
.........................................**.......
..................................................
..................................................
..................................................
..................................................
..................................................
..................................................
..................................................
..................................................
........................................**........
........................................**........

Generation = 550, Population = 58.
..................................................
..................................................
..................................................
..................................................
..................................................
..................................................
..................................................
..................................................
..................................................
..................................................
..................................................
..................................................
**.....................*..........................
**....................*.*.........................
......................**..........................
...............................*...*..............
...........**..................*...*..............
..........*..*.................*...*..............
...........**.....................................
..................................................
..................................................
..................................................
...........................*......................
..........................*.*.....................
..............*..........*..*.....................
.............*.*..........**......................
.............*.*.........................***......
..............*...................................
.......................................*.....*....
.......................................*.....*....
.......................................*.....*....
..................................................
.........................................***......
..................................................
...............................................**.
...............................................**.
..................................................
..................................................
.........................................**.......
.........................................**.......
..................................................
..................................................
..................................................
..................................................
..................................................
..................................................
..................................................
..................................................
........................................**........
........................................**........

Generation = 600, Population = 58.
..................................................
..................................................
..................................................
..................................................
..................................................
..................................................
..................................................
..................................................
..................................................
..................................................
..................................................
..................................................
**.....................*..........................
**....................*.*.........................
......................**..........................
...............................*...*..............
...........**..................*...*..............
..........*..*.................*...*..............
...........**.....................................
..................................................
..................................................
..................................................
...........................*......................
..........................*.*.....................
..............*..........*..*.....................
.............*.*..........**......................
.............*.*.........................***......
..............*...................................
.......................................*.....*....
.......................................*.....*....
.......................................*.....*....
..................................................
.........................................***......
..................................................
...............................................**.
...............................................**.
..................................................
..................................................
.........................................**.......
.........................................**.......
..................................................
..................................................
..................................................
..................................................
..................................................
..................................................
..................................................
..................................................
........................................**........
........................................**........

Generation = 650, Population = 58.
..................................................
..................................................
..................................................
..................................................
..................................................
..................................................
..................................................
..................................................
..................................................
..................................................
..................................................
..................................................
**.....................*..........................
**....................*.*.........................
......................**..........................
...............................*...*..............
...........**..................*...*..............
..........*..*.................*...*..............
...........**.....................................
..................................................
..................................................
..................................................
...........................*......................
..........................*.*.....................
..............*..........*..*.....................
.............*.*..........**......................
.............*.*.........................***......
..............*...................................
.......................................*.....*....
.......................................*.....*....
.......................................*.....*....
..................................................
.........................................***......
..................................................
...............................................**.
...............................................**.
..................................................
..................................................
.........................................**.......
.........................................**.......
..................................................
..................................................
..................................................
..................................................
..................................................
..................................................
..................................................
..................................................
........................................**........
........................................**........

Generation = 700, Population = 58.
..................................................
..................................................
..................................................
..................................................
..................................................
..................................................
..................................................
..................................................
..................................................
..................................................
..................................................
..................................................
**.....................*..........................
**....................*.*.........................
......................**..........................
...............................*...*..............
...........**..................*...*..............
..........*..*.................*...*..............
...........**.....................................
..................................................
..................................................
..................................................
...........................*......................
..........................*.*.....................
..............*..........*..*.....................
.............*.*..........**......................
.............*.*.........................***......
..............*...................................
.......................................*.....*....
.......................................*.....*....
.......................................*.....*....
..................................................
.........................................***......
..................................................
...............................................**.
...............................................**.
..................................................
..................................................
.........................................**.......
.........................................**.......
..................................................
..................................................
..................................................
..................................................
..................................................
..................................................
..................................................
..................................................
........................................**........
........................................**........

Generation = 750, Population = 58.
..................................................
..................................................
..................................................
..................................................
..................................................
..................................................
..................................................
..................................................
..................................................
..................................................
..................................................
..................................................
**.....................*..........................
**....................*.*.........................
......................**..........................
...............................*...*..............
...........**..................*...*..............
..........*..*.................*...*..............
...........**.....................................
..................................................
..................................................
..................................................
...........................*......................
..........................*.*.....................
..............*..........*..*.....................
.............*.*..........**......................
.............*.*.........................***......
..............*...................................
.......................................*.....*....
.......................................*.....*....
.......................................*.....*....
..................................................
.........................................***......
..................................................
...............................................**.
...............................................**.
..................................................
..................................................
.........................................**.......
.........................................**.......
..................................................
..................................................
..................................................
..................................................
..................................................
..................................................
..................................................
..................................................
........................................**........
........................................**........

Generation = 800, Population = 58.
..................................................
..................................................
..................................................
..................................................
..................................................
..................................................
..................................................
..................................................
..................................................
..................................................
..................................................
..................................................
**.....................*..........................
**....................*.*.........................
......................**..........................
...............................*...*..............
...........**..................*...*..............
..........*..*.................*...*..............
...........**.....................................
..................................................
..................................................
..................................................
...........................*......................
..........................*.*.....................
..............*..........*..*.....................
.............*.*..........**......................
.............*.*.........................***......
..............*...................................
.......................................*.....*....
.......................................*.....*....
.......................................*.....*....
..................................................
.........................................***......
..................................................
...............................................**.
...............................................**.
..................................................
..................................................
.........................................**.......
.........................................**.......
..................................................
..................................................
..................................................
..................................................
..................................................
..................................................
..................................................
..................................................
........................................**........
........................................**........

Generation = 850, Population = 58.
..................................................
..................................................
..................................................
..................................................
..................................................
..................................................
..................................................
..................................................
..................................................
..................................................
..................................................
..................................................
**.....................*..........................
**....................*.*.........................
......................**..........................
...............................*...*..............
...........**..................*...*..............
..........*..*.................*...*..............
...........**.....................................
..................................................
..................................................
..................................................
...........................*......................
..........................*.*.....................
..............*..........*..*.....................
.............*.*..........**......................
.............*.*.........................***......
..............*...................................
.......................................*.....*....
.......................................*.....*....
.......................................*.....*....
..................................................
.........................................***......
..................................................
...............................................**.
...............................................**.
..................................................
..................................................
.........................................**.......
.........................................**.......
..................................................
..................................................
..................................................
..................................................
..................................................
..................................................
..................................................
..................................................
........................................**........
........................................**........

Generation = 900, Population = 58.
..................................................
..................................................
..................................................
..................................................
..................................................
..................................................
..................................................
..................................................
..................................................
..................................................
..................................................
..................................................
**.....................*..........................
**....................*.*.........................
......................**..........................
...............................*...*..............
...........**..................*...*..............
..........*..*.................*...*..............
...........**.....................................
..................................................
..................................................
..................................................
...........................*......................
..........................*.*.....................
..............*..........*..*.....................
.............*.*..........**......................
.............*.*.........................***......
..............*...................................
.......................................*.....*....
.......................................*.....*....
.......................................*.....*....
..................................................
.........................................***......
..................................................
...............................................**.
...............................................**.
..................................................
..................................................
.........................................**.......
.........................................**.......
..................................................
..................................................
..................................................
..................................................
..................................................
..................................................
..................................................
..................................................
........................................**........
........................................**........

Generation = 950, Population = 58.
..................................................
..................................................
..................................................
..................................................
..................................................
..................................................
..................................................
..................................................
..................................................
..................................................
..................................................
..................................................
**.....................*..........................
**....................*.*.........................
......................**..........................
...............................*...*..............
...........**..................*...*..............
..........*..*.................*...*..............
...........**.....................................
..................................................
..................................................
..................................................
...........................*......................
..........................*.*.....................
..............*..........*..*.....................
.............*.*..........**......................
.............*.*.........................***......
..............*...................................
.......................................*.....*....
.......................................*.....*....
.......................................*.....*....
..................................................
.........................................***......
..................................................
...............................................**.
...............................................**.
..................................................
..................................................
.........................................**.......
.........................................**.......
..................................................
..................................................
..................................................
..................................................
..................................................
..................................................
..................................................
..................................................
........................................**........
........................................**........

Generation = 1000, Population = 58.
..................................................
..................................................
..................................................
..................................................
..................................................
..................................................
..................................................
..................................................
..................................................
..................................................
..................................................
..................................................
**.....................*..........................
**....................*.*.........................
......................**..........................
...............................*...*..............
...........**..................*...*..............
..........*..*.................*...*..............
...........**.....................................
..................................................
..................................................
..................................................
...........................*......................
..........................*.*.....................
..............*..........*..*.....................
.............*.*..........**......................
.............*.*.........................***......
..............*...................................
.......................................*.....*....
.......................................*.....*....
.......................................*.....*....
..................................................
.........................................***......
..................................................
...............................................**.
...............................................**.
..................................................
..................................................
.........................................**.......
.........................................**.......
..................................................
..................................................
..................................................
..................................................
..................................................
..................................................
..................................................
..................................................
........................................**........
........................................**........

Generation = 1050, Population = 58.
..................................................
..................................................
..................................................
..................................................
..................................................
..................................................
..................................................
..................................................
..................................................
..................................................
..................................................
..................................................
**.....................*..........................
**....................*.*.........................
......................**..........................
...............................*...*..............
...........**..................*...*..............
..........*..*.................*...*..............
...........**.....................................
..................................................
..................................................
..................................................
...........................*......................
..........................*.*.....................
..............*..........*..*.....................
.............*.*..........**......................
.............*.*.........................***......
..............*...................................
.......................................*.....*....
.......................................*.....*....
.......................................*.....*....
..................................................
.........................................***......
..................................................
...............................................**.
...............................................**.
..................................................
..................................................
.........................................**.......
.........................................**.......
..................................................
..................................................
..................................................
..................................................
..................................................
..................................................
..................................................
..................................................
........................................**........
........................................**........

Generation = 1100, Population = 58.
..................................................
..................................................
..................................................
..................................................
..................................................
..................................................
..................................................
..................................................
..................................................
..................................................
..................................................
..................................................
**.....................*..........................
**....................*.*.........................
......................**..........................
...............................*...*..............
...........**..................*...*..............
..........*..*.................*...*..............
...........**.....................................
..................................................
..................................................
..................................................
...........................*......................
..........................*.*.....................
..............*..........*..*.....................
.............*.*..........**......................
.............*.*.........................***......
..............*...................................
.......................................*.....*....
.......................................*.....*....
.......................................*.....*....
..................................................
.........................................***......
..................................................
...............................................**.
...............................................**.
..................................................
..................................................
.........................................**.......
.........................................**.......
..................................................
..................................................
..................................................
..................................................
..................................................
..................................................
..................................................
..................................................
........................................**........
........................................**........

==8420== 
==8420== HEAP SUMMARY:
==8420==     in use at exit: 122,880 bytes in 6 blocks
==8420==   total heap usage: 8,549 allocs, 8,543 frees, 529,411 bytes allocated
==8420== 
==8420== LEAK SUMMARY:
==8420==    definitely lost: 0 bytes in 0 blocks
==8420==    indirectly lost: 0 bytes in 0 blocks
==8420==      possibly lost: 0 bytes in 0 blocks
==8420==    still reachable: 122,880 bytes in 6 blocks
==8420==         suppressed: 0 bytes in 0 blocks
==8420== Rerun with --leak-check=full to see details of leaked memory
==8420== 
==8420== For counts of detected and suppressed errors, rerun with: -v
==8420== ERROR SUMMARY: 0 errors from 0 contexts (suppressed: 4 from 4)
