==7027== Memcheck, a memory error detector
==7027== Copyright (C) 2002-2011, and GNU GPL'd, by Julian Seward et al.
==7027== Using Valgrind-3.7.0 and LibVEX; rerun with -h for copyright info
==7027== Command: ./RunLife.app
==7027== 
*** zach FredkinFireworks - Life<FredkinCell> 20x20 ***

Generation = 0, Population = 9.
--------------------
--------------------
--------------------
--------------------
--------------------
--------------------
--------------------
--------------------
--------000---------
--------000---------
--------000---------
--------------------
--------------------
--------------------
--------------------
--------------------
--------------------
--------------------
--------------------
--------------------

Generation = 2, Population = 28.
--------------------
--------------------
--------------------
--------------------
--------------------
--------------------
--------000---------
--------111---------
------01-2-10-------
------012-210-------
------01-2-10-------
--------111---------
--------000---------
--------------------
--------------------
--------------------
--------------------
--------------------
--------------------
--------------------

Generation = 4, Population = 36.
--------------------
--------------------
--------------------
--------------------
--------000---------
--------111---------
--------020---------
--------------------
----010-----010-----
----012-----210-----
----010-----010-----
--------------------
--------020---------
--------111---------
--------000---------
--------------------
--------------------
--------------------
--------------------
--------------------

Generation = 6, Population = 96.
--------------------
--------------------
--------000---------
--------111---------
------01-2-10-------
------013-310-------
----00-1-4-1-00-----
----111-222-111-----
--01-3-2-3-2-3-10---
--012-423-324-210---
--01-3-2-3-2-3-10---
----111-222-111-----
----00-1-4-1-00-----
------013-310-------
------01-2-10-------
--------111---------
--------000---------
--------------------
--------------------
--------------------

Generation = 8, Population = 36.
--------000---------
--------111---------
--------020---------
--------------------
--------------------
--------------------
--------------------
--------------------
010-------------010-
012-------------210-
010-------------010-
--------------------
--------------------
--------------------
--------------------
--------------------
--------020---------
--------111---------
--------000---------
--------------------

Generation = 10, Population = 96.
------010-010-------
------013-310-------
------01-4-10-------
--------222---------
--------030---------
--------------------
000-------------000-
111-------------111-
03-20---------02-3-1
--423---------324-21
03-20---------02-3-1
111-------------111-
000-------------000-
--------------------
--------030---------
--------222---------
------01-4-10-------
------013-310-------
------01-2-10-------
--------111---------

Generation = 12, Population = 138.
----010-010-010-----
----012-323-210-----
----010-060-010-----
--------------------
000-----050-----000-
111-----525-----111-
020-----050-----020-
--------------------
030-050-----050---03
126-525-----525---43
030-050-----050---03
--------------------
020-----050-----020-
111-----525-----111-
000-----050-----000-
--------------------
----010-----010-----
----012-----210-----
----010-040-010-----
--------333---------

Generation = 14, Population = 208.
--010---------010---
--012---------210---
00-1-30-----03-1-00-
111-111-----111-111-
02-1-0-20-02-0-1-2-1
--310-027-720-013-31
--01-0-3-7-3-0-1-40-
----223-434-322-22-1
----07-4-4-4-7-30---
------734-437-73-2-5
----07-4-4-4-7-30---
----223-434-322-22-1
--01-0-3-7-3-0-1-40-
--310-027-720-013-31
02-1-0-2-7-2-0-1-2-1
111-111-333-111-111-
00-1-3-20-02-3-1-00-
--012-42-2-24-210---
--01-30-----03-10---
----11-1-5-1-11-----

==7027== 
==7027== HEAP SUMMARY:
==7027==     in use at exit: 122,880 bytes in 6 blocks
==7027==   total heap usage: 1,603 allocs, 1,597 frees, 203,029 bytes allocated
==7027== 
==7027== LEAK SUMMARY:
==7027==    definitely lost: 0 bytes in 0 blocks
==7027==    indirectly lost: 0 bytes in 0 blocks
==7027==      possibly lost: 0 bytes in 0 blocks
==7027==    still reachable: 122,880 bytes in 6 blocks
==7027==         suppressed: 0 bytes in 0 blocks
==7027== Rerun with --leak-check=full to see details of leaked memory
==7027== 
==7027== For counts of detected and suppressed errors, rerun with: -v
==7027== ERROR SUMMARY: 0 errors from 0 contexts (suppressed: 4 from 4)
