==6945== Memcheck, a memory error detector
==6945== Copyright (C) 2002-2011, and GNU GPL'd, by Julian Seward et al.
==6945== Using Valgrind-3.7.0 and LibVEX; rerun with -h for copyright info
==6945== Command: ./RunLife.app
==6945== 
*** zach ConwayTumbler - Life<ConwayCell> 20x20 ***

Generation = 0, Population = 22.
....................
....................
....................
....................
....................
....................
....................
.......**.**........
.......**.**........
........*.*.........
......*.*.*.*.......
......*.*.*.*.......
......**...**.......
....................
....................
....................
....................
....................
....................
....................

Generation = 2, Population = 18.
....................
....................
....................
....................
....................
....................
....................
....................
.......**.**........
....................
........*.*.........
.....**.*.*.**......
.....***...***......
....................
....................
....................
....................
....................
....................
....................

Generation = 4, Population = 18.
....................
....................
....................
....................
....................
....................
....................
....................
....................
.......**.**........
......**...**.......
.......**.**........
.....*.*...*.*......
......*.....*.......
....................
....................
....................
....................
....................
....................

Generation = 6, Population = 18.
....................
....................
....................
....................
....................
....................
....................
....................
.......*...*........
......**...**.......
......*.*.*.*.......
........*.*.........
.......**.**........
.......*...*........
....................
....................
....................
....................
....................
....................

Generation = 8, Population = 18.
....................
....................
....................
....................
....................
....................
....................
....................
......**...**.......
.....**.*.*.**......
........*.*.........
........*.*.........
....................
.......**.**........
....................
....................
....................
....................
....................
....................

Generation = 10, Population = 16.
....................
....................
....................
....................
....................
....................
....................
......*.....*.......
.....*.*...*.*......
.....*..*.*..*......
.......*...*........
.......**.**........
....................
....................
....................
....................
....................
....................
....................
....................

Generation = 12, Population = 16.
....................
....................
....................
....................
....................
....................
....................
......*.....*.......
.......**.**........
........*.*.........
......*.....*.......
......***.***.......
....................
....................
....................
....................
....................
....................
....................
....................

Generation = 14, Population = 22.
....................
....................
....................
....................
....................
....................
....................
.......**.**........
.......**.**........
........*.*.........
......*.*.*.*.......
......*.*.*.*.......
......**...**.......
....................
....................
....................
....................
....................
....................
....................

==6945== 
==6945== HEAP SUMMARY:
==6945==     in use at exit: 122,880 bytes in 6 blocks
==6945==   total heap usage: 1,603 allocs, 1,597 frees, 203,029 bytes allocated
==6945== 
==6945== LEAK SUMMARY:
==6945==    definitely lost: 0 bytes in 0 blocks
==6945==    indirectly lost: 0 bytes in 0 blocks
==6945==      possibly lost: 0 bytes in 0 blocks
==6945==    still reachable: 122,880 bytes in 6 blocks
==6945==         suppressed: 0 bytes in 0 blocks
==6945== Rerun with --leak-check=full to see details of leaked memory
==6945== 
==6945== For counts of detected and suppressed errors, rerun with: -v
==6945== ERROR SUMMARY: 0 errors from 0 contexts (suppressed: 4 from 4)
