==6565== Memcheck, a memory error detector
==6565== Copyright (C) 2002-2011, and GNU GPL'd, by Julian Seward et al.
==6565== Using Valgrind-3.7.0 and LibVEX; rerun with -h for copyright info
==6565== Command: ./RunLife.app
==6565== 
*** Life<Cell> 20x20 ***

Generation = 0, Population = 6.
--------------------
--------------------
--------------------
--------------------
--------------------
--------------------
--------------------
--------------------
--------------------
---------00---------
--------0000--------
--------------------
--------------------
--------------------
--------------------
--------------------
--------------------
--------------------
--------------------
--------------------

Generation = 1, Population = 12.
--------------------
--------------------
--------------------
--------------------
--------------------
--------------------
--------------------
--------------------
---------00---------
--------------------
-------011110-------
--------0000--------
--------------------
--------------------
--------------------
--------------------
--------------------
--------------------
--------------------
--------------------

Generation = 2, Population = 24.
--------------------
--------------------
--------------------
--------------------
--------------------
--------------------
--------------------
---------00---------
--------0110--------
-------00--00-------
------01****10------
---------11---------
--------0000--------
--------------------
--------------------
--------------------
--------------------
--------------------
--------------------
--------------------

Generation = 3, Population = 32.
--------------------
--------------------
--------------------
--------------------
--------------------
--------------------
---------00---------
--------------------
---------**---------
--------1001--------
-----01*....*10-----
------000**000------
-------011110-------
--------0000--------
--------------------
--------------------
--------------------
--------------------
--------------------
--------------------

Generation = 4, Population = 28.
--------------------
--------------------
--------------------
--------------------
--------------------
---------00---------
--------0110--------
--------------------
---------..---------
-----00-*11*-00-----
----01*......*10----
--------1..1--------
--------------------
---------11---------
--------0000--------
--------------------
--------------------
--------------------
--------------------
--------------------

Generation = 5, Population = 52.
--------------------
--------------------
--------------------
--------------------
---------00---------
--------------------
-------01**10-------
--------0000--------
-----00-0**0-00-----
--------.--.--------
---01**.*..*.**10---
----0000-..-0000----
--------1111--------
--------------------
-------011110-------
--------0000--------
--------------------
--------------------
--------------------
--------------------

==6565== 
==6565== HEAP SUMMARY:
==6565==     in use at exit: 122,880 bytes in 6 blocks
==6565==   total heap usage: 3,042 allocs, 3,036 frees, 214,693 bytes allocated
==6565== 
==6565== LEAK SUMMARY:
==6565==    definitely lost: 0 bytes in 0 blocks
==6565==    indirectly lost: 0 bytes in 0 blocks
==6565==      possibly lost: 0 bytes in 0 blocks
==6565==    still reachable: 122,880 bytes in 6 blocks
==6565==         suppressed: 0 bytes in 0 blocks
==6565== Rerun with --leak-check=full to see details of leaked memory
==6565== 
==6565== For counts of detected and suppressed errors, rerun with: -v
==6565== ERROR SUMMARY: 0 errors from 0 contexts (suppressed: 4 from 4)
