==7120== Memcheck, a memory error detector
==7120== Copyright (C) 2002-2011, and GNU GPL'd, by Julian Seward et al.
==7120== Using Valgrind-3.7.0 and LibVEX; rerun with -h for copyright info
==7120== Command: ./RunLife.app
==7120== 
*** zach FredkinFireworksCell - Life<Cell> 20x20 ***

Generation = 0, Population = 9.
--------------------
--------------------
--------------------
--------------------
--------------------
--------------------
--------------------
--------------------
--------000---------
--------000---------
--------000---------
--------------------
--------------------
--------------------
--------------------
--------------------
--------------------
--------------------
--------------------
--------------------

Generation = 2, Population = 28.
--------------------
--------------------
--------------------
--------------------
--------------------
--------------------
--------000---------
--------111---------
------01-*-10-------
------01*-*10-------
------01-*-10-------
--------111---------
--------000---------
--------------------
--------------------
--------------------
--------------------
--------------------
--------------------
--------------------

Generation = 4, Population = 40.
--------------------
--------------------
--------------------
--------------------
--------000---------
--------111---------
--------0*0---------
---------1----------
----010--.--010-----
----01*1.-.1*10-----
----010--.--010-----
---------1----------
--------0*0---------
--------111---------
--------000---------
--------------------
--------------------
--------------------
--------------------
--------------------

Generation = 6, Population = 84.
--------------------
--------------------
--------000---------
--------111---------
------01-*-10-------
------01.1.10-------
----00-1-*-1-00-----
----111-1.1-111-----
--01-.-1-.-1-.-10---
--01*1*..-..*1*10---
--01-.-1-.-1-.-10---
----111-1.1-111-----
----00-1-*-1-00-----
------01.1.10-------
------01-*-10-------
--------111---------
--------000---------
--------------------
--------------------
--------------------

Generation = 8, Population = 84.
--------000---------
--------111---------
--------0*0---------
--------111---------
---------.----------
------0*.1.*0-------
-----0-*-*-*-0------
-----**--*--**------
0101-.---.---.-1010-
01*1.1**.-.**1.1*10-
0101-.---.---.-1010-
-----**--*--**------
-----0-*-*-*-0------
------0*.1.*0-------
---------.----------
--------111---------
--------0*0---------
--------111---------
--------000---------
--------------------

Generation = 10, Population = 100.
------010-010-------
------01.1.10-------
------01-.-10-------
---------.----------
-----0--1.1--0------
----0--..*..--0-----
000----.0*0.----000-
111--..--*--..--111-
0.--1.0--.--0.1--.-1
-1...***.-.***...1*1
0.--1.0--.--0.1--.-1
111--..--*--..--111-
000----.0*0.----000-
----0--..*..--0-----
-----0--1.1--0------
---------.----------
------01-.-10-------
------01.1.10-------
------01-*-10-------
--------111---------

Generation = 12, Population = 162.
----010*---*010-----
----01-..1..-10-----
----0-01*.*10-0-----
----0-11-.-11-0-----
0000----1*1----0000-
11----1*****1----11-
0-01-1-.-*-.-1-10-0-
*.11-*.--*--.*-11*--
-.*-1*---.---*1-*.1*
-1..****.-.****.....
-.*-1*---.---*1-*.1*
*.11-*.--*--.*-11*--
0-01-1-.-*-.-1-10-0-
11----1*****1----11-
0000----1*1----0000-
----0-11-.-11-0-----
----0-01*.*10-0-----
----01-*...*-10-----
----010-1.1-010-----
--------*.*---------

Generation = 14, Population = 156.
--010*-.*-*.-*010---
--01*--..-..--*10---
00-1--0**.**0--1-00-
111----1*.*1----111-
0*-----*-.-*-----*-1
*-----.**.**.----1.1
--0--.-.-.-.-.--01*1
..*1**.--.--.**-1.*-
*.**-*---.---*-*.***
--.......-..........
*.**-*---.---*-*.***
..*1**.--.--.**-1.*-
--0--.-.-.-.-.--01*1
*-----.**.**.----1.1
0*-----*-.-*-----*-1
111-----*.*-----111-
00-1--01...10--1-00-
--01*11.*.*.11*10---
--01-.***.***.-10---
----111-*.*-111-----

==7120== 
==7120== HEAP SUMMARY:
==7120==     in use at exit: 122,880 bytes in 6 blocks
==7120==   total heap usage: 3,174 allocs, 3,168 frees, 216,805 bytes allocated
==7120== 
==7120== LEAK SUMMARY:
==7120==    definitely lost: 0 bytes in 0 blocks
==7120==    indirectly lost: 0 bytes in 0 blocks
==7120==      possibly lost: 0 bytes in 0 blocks
==7120==    still reachable: 122,880 bytes in 6 blocks
==7120==         suppressed: 0 bytes in 0 blocks
==7120== Rerun with --leak-check=full to see details of leaked memory
==7120== 
==7120== For counts of detected and suppressed errors, rerun with: -v
==7120== ERROR SUMMARY: 0 errors from 0 contexts (suppressed: 4 from 4)
