==6310== Memcheck, a memory error detector
==6310== Copyright (C) 2002-2011, and GNU GPL'd, by Julian Seward et al.
==6310== Using Valgrind-3.7.0 and LibVEX; rerun with -h for copyright info
==6310== Command: ./RunLife.app
==6310== 
*** Life<FredkinCell> 20x20 ***

Generation = 0, Population = 4.
--------------------
--------------------
--------------------
--------------------
--------------------
--------------------
--------------------
--------------------
--------------------
---------00---------
---------00---------
--------------------
--------------------
--------------------
--------------------
--------------------
--------------------
--------------------
--------------------
--------------------

Generation = 1, Population = 8.
--------------------
--------------------
--------------------
--------------------
--------------------
--------------------
--------------------
--------------------
---------00---------
--------0--0--------
--------0--0--------
---------00---------
--------------------
--------------------
--------------------
--------------------
--------------------
--------------------
--------------------
--------------------

Generation = 2, Population = 16.
--------------------
--------------------
--------------------
--------------------
--------------------
--------------------
--------------------
---------00---------
---------11---------
-------01--10-------
-------01--10-------
---------11---------
---------00---------
--------------------
--------------------
--------------------
--------------------
--------------------
--------------------
--------------------

==6310== 
==6310== HEAP SUMMARY:
==6310==     in use at exit: 122,880 bytes in 6 blocks
==6310==   total heap usage: 1,603 allocs, 1,597 frees, 203,029 bytes allocated
==6310== 
==6310== LEAK SUMMARY:
==6310==    definitely lost: 0 bytes in 0 blocks
==6310==    indirectly lost: 0 bytes in 0 blocks
==6310==      possibly lost: 0 bytes in 0 blocks
==6310==    still reachable: 122,880 bytes in 6 blocks
==6310==         suppressed: 0 bytes in 0 blocks
==6310== Rerun with --leak-check=full to see details of leaked memory
==6310== 
==6310== For counts of detected and suppressed errors, rerun with: -v
==6310== ERROR SUMMARY: 0 errors from 0 contexts (suppressed: 4 from 4)
