==7495== Memcheck, a memory error detector
==7495== Copyright (C) 2002-2011, and GNU GPL'd, by Julian Seward et al.
==7495== Using Valgrind-3.7.0 and LibVEX; rerun with -h for copyright info
==7495== Command: ./RunLife.app
==7495== 
*** zach FredkinPentominoReplicator - Life<FredkinCell> 50x50 ***

Generation = 0, Population = 5.
--------------------------------------------------
--------------------------------------------------
--------------------------------------------------
--------------------------------------------------
--------------------------------------------------
--------------------------------------------------
--------------------------------------------------
--------------------------------------------------
--------------------------------------------------
--------------------------------------------------
--------------------------------------------------
--------------------------------------------------
--------------------------------------------------
--------------------------------------------------
--------------------------------------------------
--------------------------------------------------
--------------------------------------------------
--------------------------------------------------
--------------------------------------------------
--------------------------------------------------
--------------------------------------------------
----------------------00--------------------------
---------------------00---------------------------
----------------------0---------------------------
--------------------------------------------------
--------------------------------------------------
--------------------------------------------------
--------------------------------------------------
--------------------------------------------------
--------------------------------------------------
--------------------------------------------------
--------------------------------------------------
--------------------------------------------------
--------------------------------------------------
--------------------------------------------------
--------------------------------------------------
--------------------------------------------------
--------------------------------------------------
--------------------------------------------------
--------------------------------------------------
--------------------------------------------------
--------------------------------------------------
--------------------------------------------------
--------------------------------------------------
--------------------------------------------------
--------------------------------------------------
--------------------------------------------------
--------------------------------------------------
--------------------------------------------------
--------------------------------------------------

Generation = 2, Population = 20.
--------------------------------------------------
--------------------------------------------------
--------------------------------------------------
--------------------------------------------------
--------------------------------------------------
--------------------------------------------------
--------------------------------------------------
--------------------------------------------------
--------------------------------------------------
--------------------------------------------------
--------------------------------------------------
--------------------------------------------------
--------------------------------------------------
--------------------------------------------------
--------------------------------------------------
--------------------------------------------------
--------------------------------------------------
--------------------------------------------------
--------------------------------------------------
----------------------00--------------------------
---------------------01---------------------------
--------------------000-10------------------------
-------------------01--00-------------------------
--------------------0-210-------------------------
---------------------01---------------------------
----------------------0---------------------------
--------------------------------------------------
--------------------------------------------------
--------------------------------------------------
--------------------------------------------------
--------------------------------------------------
--------------------------------------------------
--------------------------------------------------
--------------------------------------------------
--------------------------------------------------
--------------------------------------------------
--------------------------------------------------
--------------------------------------------------
--------------------------------------------------
--------------------------------------------------
--------------------------------------------------
--------------------------------------------------
--------------------------------------------------
--------------------------------------------------
--------------------------------------------------
--------------------------------------------------
--------------------------------------------------
--------------------------------------------------
--------------------------------------------------
--------------------------------------------------

Generation = 4, Population = 20.
--------------------------------------------------
--------------------------------------------------
--------------------------------------------------
--------------------------------------------------
--------------------------------------------------
--------------------------------------------------
--------------------------------------------------
--------------------------------------------------
--------------------------------------------------
--------------------------------------------------
--------------------------------------------------
--------------------------------------------------
--------------------------------------------------
--------------------------------------------------
--------------------------------------------------
--------------------------------------------------
--------------------------------------------------
----------------------00--------------------------
---------------------01---------------------------
----------------------0---------------------------
--------------------------------------------------
------------------00------10----------------------
-----------------01------00-----------------------
------------------0-------0-----------------------
--------------------------------------------------
----------------------21--------------------------
---------------------01---------------------------
----------------------0---------------------------
--------------------------------------------------
--------------------------------------------------
--------------------------------------------------
--------------------------------------------------
--------------------------------------------------
--------------------------------------------------
--------------------------------------------------
--------------------------------------------------
--------------------------------------------------
--------------------------------------------------
--------------------------------------------------
--------------------------------------------------
--------------------------------------------------
--------------------------------------------------
--------------------------------------------------
--------------------------------------------------
--------------------------------------------------
--------------------------------------------------
--------------------------------------------------
--------------------------------------------------
--------------------------------------------------
--------------------------------------------------

Generation = 6, Population = 80.
--------------------------------------------------
--------------------------------------------------
--------------------------------------------------
--------------------------------------------------
--------------------------------------------------
--------------------------------------------------
--------------------------------------------------
--------------------------------------------------
--------------------------------------------------
--------------------------------------------------
--------------------------------------------------
--------------------------------------------------
--------------------------------------------------
--------------------------------------------------
--------------------------------------------------
----------------------00--------------------------
---------------------01---------------------------
--------------------000-10------------------------
-------------------01--00-------------------------
------------------000-220-00----------------------
-----------------01--03--01-----------------------
----------------000-110-111-10--------------------
---------------01--12--02--00---------------------
----------------0-211-220-210---------------------
-----------------01--13--01-----------------------
------------------0-002-100-----------------------
-------------------01--00-------------------------
--------------------0-210-------------------------
---------------------01---------------------------
----------------------0---------------------------
--------------------------------------------------
--------------------------------------------------
--------------------------------------------------
--------------------------------------------------
--------------------------------------------------
--------------------------------------------------
--------------------------------------------------
--------------------------------------------------
--------------------------------------------------
--------------------------------------------------
--------------------------------------------------
--------------------------------------------------
--------------------------------------------------
--------------------------------------------------
--------------------------------------------------
--------------------------------------------------
--------------------------------------------------
--------------------------------------------------
--------------------------------------------------
--------------------------------------------------

Generation = 8, Population = 20.
--------------------------------------------------
--------------------------------------------------
--------------------------------------------------
--------------------------------------------------
--------------------------------------------------
--------------------------------------------------
--------------------------------------------------
--------------------------------------------------
--------------------------------------------------
--------------------------------------------------
--------------------------------------------------
--------------------------------------------------
--------------------------------------------------
----------------------00--------------------------
---------------------01---------------------------
----------------------0---------------------------
--------------------------------------------------
--------------------------------------------------
--------------------------------------------------
--------------------------------------------------
--------------------------------------------------
--------------00--------------10------------------
-------------01--------------00-------------------
--------------0---------------0-------------------
--------------------------------------------------
--------------------------------------------------
--------------------------------------------------
--------------------------------------------------
--------------------------------------------------
----------------------21--------------------------
---------------------01---------------------------
----------------------0---------------------------
--------------------------------------------------
--------------------------------------------------
--------------------------------------------------
--------------------------------------------------
--------------------------------------------------
--------------------------------------------------
--------------------------------------------------
--------------------------------------------------
--------------------------------------------------
--------------------------------------------------
--------------------------------------------------
--------------------------------------------------
--------------------------------------------------
--------------------------------------------------
--------------------------------------------------
--------------------------------------------------
--------------------------------------------------
--------------------------------------------------

Generation = 10, Population = 80.
--------------------------------------------------
--------------------------------------------------
--------------------------------------------------
--------------------------------------------------
--------------------------------------------------
--------------------------------------------------
--------------------------------------------------
--------------------------------------------------
--------------------------------------------------
--------------------------------------------------
--------------------------------------------------
----------------------00--------------------------
---------------------01---------------------------
--------------------000-10------------------------
-------------------01--00-------------------------
--------------------0-220-------------------------
---------------------03---------------------------
----------------------0---------------------------
--------------------------------------------------
--------------00--------------00------------------
-------------01--------------01-------------------
------------000-11----------111-10----------------
-----------01--12----------02--00-----------------
------------0-211-----------0-210-----------------
-------------01--------------01-------------------
--------------0---------------0-------------------
--------------------------------------------------
----------------------22--------------------------
---------------------13---------------------------
--------------------002-10------------------------
-------------------01--00-------------------------
--------------------0-210-------------------------
---------------------01---------------------------
----------------------0---------------------------
--------------------------------------------------
--------------------------------------------------
--------------------------------------------------
--------------------------------------------------
--------------------------------------------------
--------------------------------------------------
--------------------------------------------------
--------------------------------------------------
--------------------------------------------------
--------------------------------------------------
--------------------------------------------------
--------------------------------------------------
--------------------------------------------------
--------------------------------------------------
--------------------------------------------------
--------------------------------------------------

Generation = 12, Population = 80.
--------------------------------------------------
--------------------------------------------------
--------------------------------------------------
--------------------------------------------------
--------------------------------------------------
--------------------------------------------------
--------------------------------------------------
--------------------------------------------------
--------------------------------------------------
----------------------00--------------------------
---------------------01---------------------------
----------------------0---------------------------
--------------------------------------------------
------------------00------10----------------------
-----------------01------00-----------------------
------------------0-------0-----------------------
--------------------------------------------------
--------------00------22------00------------------
-------------01------13------01-------------------
--------------0-------2-------0-------------------
--------------------------------------------------
----------00------11------11------10--------------
---------01------12------12------00---------------
----------0-------2-------2-------0---------------
--------------------------------------------------
--------------21------22------21------------------
-------------01------13------01-------------------
--------------0-------2-------0-------------------
--------------------------------------------------
------------------00------10----------------------
-----------------01------00-----------------------
------------------0-------0-----------------------
--------------------------------------------------
----------------------21--------------------------
---------------------01---------------------------
----------------------0---------------------------
--------------------------------------------------
--------------------------------------------------
--------------------------------------------------
--------------------------------------------------
--------------------------------------------------
--------------------------------------------------
--------------------------------------------------
--------------------------------------------------
--------------------------------------------------
--------------------------------------------------
--------------------------------------------------
--------------------------------------------------
--------------------------------------------------
--------------------------------------------------

Generation = 14, Population = 320.
--------------------------------------------------
--------------------------------------------------
--------------------------------------------------
--------------------------------------------------
--------------------------------------------------
--------------------------------------------------
--------------------------------------------------
----------------------00--------------------------
---------------------01---------------------------
--------------------000-10------------------------
-------------------01--00-------------------------
------------------000-220-00----------------------
-----------------01--03--01-----------------------
----------------000-110-111-10--------------------
---------------01--12--02--00---------------------
--------------000-211-230-210-00------------------
-------------01--01--15--01--01-------------------
------------000-100-012-210-000-10----------------
-----------01--00--03--01--01--00-----------------
----------000-220-010-440-010-220-00--------------
---------01--03--03--05--03--03--01---------------
--------000-110-121-220-121-221-111-10------------
-------01--12--14--13--04--13--02--00-------------
--------0-211-221-431-230-431-220-210-------------
---------01--13--13--15--03--13--01---------------
----------0-002-101-012-210-002-100---------------
-----------01--00--13--01--01--00-----------------
------------0-210-001-440-000-210-----------------
-------------01--01--15--01--01-------------------
--------------0-000-112-111-100-------------------
---------------01--12--02--00---------------------
----------------0-211-220-210---------------------
-----------------01--13--01-----------------------
------------------0-002-100-----------------------
-------------------01--00-------------------------
--------------------0-210-------------------------
---------------------01---------------------------
----------------------0---------------------------
--------------------------------------------------
--------------------------------------------------
--------------------------------------------------
--------------------------------------------------
--------------------------------------------------
--------------------------------------------------
--------------------------------------------------
--------------------------------------------------
--------------------------------------------------
--------------------------------------------------
--------------------------------------------------
--------------------------------------------------

Generation = 16, Population = 20.
--------------------------------------------------
--------------------------------------------------
--------------------------------------------------
--------------------------------------------------
--------------------------------------------------
----------------------00--------------------------
---------------------01---------------------------
----------------------0---------------------------
--------------------------------------------------
--------------------------------------------------
--------------------------------------------------
--------------------------------------------------
--------------------------------------------------
--------------------------------------------------
--------------------------------------------------
--------------------------------------------------
--------------------------------------------------
--------------------------------------------------
--------------------------------------------------
--------------------------------------------------
--------------------------------------------------
------00------------------------------10----------
-----01------------------------------00-----------
------0-------------------------------0-----------
--------------------------------------------------
--------------------------------------------------
--------------------------------------------------
--------------------------------------------------
--------------------------------------------------
--------------------------------------------------
--------------------------------------------------
--------------------------------------------------
--------------------------------------------------
--------------------------------------------------
--------------------------------------------------
--------------------------------------------------
--------------------------------------------------
----------------------21--------------------------
---------------------01---------------------------
----------------------0---------------------------
--------------------------------------------------
--------------------------------------------------
--------------------------------------------------
--------------------------------------------------
--------------------------------------------------
--------------------------------------------------
--------------------------------------------------
--------------------------------------------------
--------------------------------------------------
--------------------------------------------------

Generation = 18, Population = 80.
--------------------------------------------------
--------------------------------------------------
--------------------------------------------------
----------------------00--------------------------
---------------------01---------------------------
--------------------000-10------------------------
-------------------01--00-------------------------
--------------------0-220-------------------------
---------------------03---------------------------
----------------------0---------------------------
--------------------------------------------------
--------------------------------------------------
--------------------------------------------------
--------------------------------------------------
--------------------------------------------------
--------------------------------------------------
--------------------------------------------------
--------------------------------------------------
--------------------------------------------------
------00------------------------------00----------
-----01------------------------------01-----------
----000-11--------------------------111-10--------
---01--12--------------------------02--00---------
----0-211---------------------------0-210---------
-----01------------------------------01-----------
------0-------------------------------0-----------
--------------------------------------------------
--------------------------------------------------
--------------------------------------------------
--------------------------------------------------
--------------------------------------------------
--------------------------------------------------
--------------------------------------------------
--------------------------------------------------
--------------------------------------------------
----------------------22--------------------------
---------------------13---------------------------
--------------------002-10------------------------
-------------------01--00-------------------------
--------------------0-210-------------------------
---------------------01---------------------------
----------------------0---------------------------
--------------------------------------------------
--------------------------------------------------
--------------------------------------------------
--------------------------------------------------
--------------------------------------------------
--------------------------------------------------
--------------------------------------------------
--------------------------------------------------

Generation = 20, Population = 80.
--------------------------------------------------
----------------------00--------------------------
---------------------01---------------------------
----------------------0---------------------------
--------------------------------------------------
------------------00------10----------------------
-----------------01------00-----------------------
------------------0-------0-----------------------
--------------------------------------------------
----------------------22--------------------------
---------------------13---------------------------
----------------------2---------------------------
--------------------------------------------------
--------------------------------------------------
--------------------------------------------------
--------------------------------------------------
--------------------------------------------------
------00------------------------------00----------
-----01------------------------------01-----------
------0-------------------------------0-----------
--------------------------------------------------
--00------11----------------------11------10------
-01------12----------------------12------00-------
--0-------2-----------------------2-------0-------
--------------------------------------------------
------21------------------------------21----------
-----01------------------------------01-----------
------0-------------------------------0-----------
--------------------------------------------------
--------------------------------------------------
--------------------------------------------------
--------------------------------------------------
--------------------------------------------------
----------------------22--------------------------
---------------------13---------------------------
----------------------2---------------------------
--------------------------------------------------
------------------00------10----------------------
-----------------01------00-----------------------
------------------0-------0-----------------------
--------------------------------------------------
----------------------21--------------------------
---------------------01---------------------------
----------------------0---------------------------
--------------------------------------------------
--------------------------------------------------
--------------------------------------------------
--------------------------------------------------
--------------------------------------------------
--------------------------------------------------

==7495== 
==7495== HEAP SUMMARY:
==7495==     in use at exit: 122,880 bytes in 6 blocks
==7495==   total heap usage: 8,549 allocs, 8,543 frees, 529,411 bytes allocated
==7495== 
==7495== LEAK SUMMARY:
==7495==    definitely lost: 0 bytes in 0 blocks
==7495==    indirectly lost: 0 bytes in 0 blocks
==7495==      possibly lost: 0 bytes in 0 blocks
==7495==    still reachable: 122,880 bytes in 6 blocks
==7495==         suppressed: 0 bytes in 0 blocks
==7495== Rerun with --leak-check=full to see details of leaked memory
==7495== 
==7495== For counts of detected and suppressed errors, rerun with: -v
==7495== ERROR SUMMARY: 0 errors from 0 contexts (suppressed: 4 from 4)
