==6691== Memcheck, a memory error detector
==6691== Copyright (C) 2002-2011, and GNU GPL'd, by Julian Seward et al.
==6691== Using Valgrind-3.7.0 and LibVEX; rerun with -h for copyright info
==6691== Command: ./RunLife.app
==6691== 
*** zach ConwayGlider - Life<ConwayCell> 20x20 ***

Generation = 0, Population = 5.
....................
..*.................
...*................
.***................
....................
....................
....................
....................
....................
....................
....................
....................
....................
....................
....................
....................
....................
....................
....................
....................

Generation = 1, Population = 5.
....................
....................
.*.*................
..**................
..*.................
....................
....................
....................
....................
....................
....................
....................
....................
....................
....................
....................
....................
....................
....................
....................

Generation = 2, Population = 5.
....................
....................
...*................
.*.*................
..**................
....................
....................
....................
....................
....................
....................
....................
....................
....................
....................
....................
....................
....................
....................
....................

Generation = 3, Population = 5.
....................
....................
..*.................
...**...............
..**................
....................
....................
....................
....................
....................
....................
....................
....................
....................
....................
....................
....................
....................
....................
....................

Generation = 4, Population = 5.
....................
....................
...*................
....*...............
..***...............
....................
....................
....................
....................
....................
....................
....................
....................
....................
....................
....................
....................
....................
....................
....................

Generation = 5, Population = 5.
....................
....................
....................
..*.*...............
...**...............
...*................
....................
....................
....................
....................
....................
....................
....................
....................
....................
....................
....................
....................
....................
....................

Generation = 6, Population = 5.
....................
....................
....................
....*...............
..*.*...............
...**...............
....................
....................
....................
....................
....................
....................
....................
....................
....................
....................
....................
....................
....................
....................

Generation = 7, Population = 5.
....................
....................
....................
...*................
....**..............
...**...............
....................
....................
....................
....................
....................
....................
....................
....................
....................
....................
....................
....................
....................
....................

Generation = 8, Population = 5.
....................
....................
....................
....*...............
.....*..............
...***..............
....................
....................
....................
....................
....................
....................
....................
....................
....................
....................
....................
....................
....................
....................

Generation = 9, Population = 5.
....................
....................
....................
....................
...*.*..............
....**..............
....*...............
....................
....................
....................
....................
....................
....................
....................
....................
....................
....................
....................
....................
....................

Generation = 10, Population = 5.
....................
....................
....................
....................
.....*..............
...*.*..............
....**..............
....................
....................
....................
....................
....................
....................
....................
....................
....................
....................
....................
....................
....................

Generation = 11, Population = 5.
....................
....................
....................
....................
....*...............
.....**.............
....**..............
....................
....................
....................
....................
....................
....................
....................
....................
....................
....................
....................
....................
....................

Generation = 12, Population = 5.
....................
....................
....................
....................
.....*..............
......*.............
....***.............
....................
....................
....................
....................
....................
....................
....................
....................
....................
....................
....................
....................
....................

Generation = 13, Population = 5.
....................
....................
....................
....................
....................
....*.*.............
.....**.............
.....*..............
....................
....................
....................
....................
....................
....................
....................
....................
....................
....................
....................
....................

Generation = 14, Population = 5.
....................
....................
....................
....................
....................
......*.............
....*.*.............
.....**.............
....................
....................
....................
....................
....................
....................
....................
....................
....................
....................
....................
....................

Generation = 15, Population = 5.
....................
....................
....................
....................
....................
.....*..............
......**............
.....**.............
....................
....................
....................
....................
....................
....................
....................
....................
....................
....................
....................
....................

Generation = 16, Population = 5.
....................
....................
....................
....................
....................
......*.............
.......*............
.....***............
....................
....................
....................
....................
....................
....................
....................
....................
....................
....................
....................
....................

==6691== 
==6691== HEAP SUMMARY:
==6691==     in use at exit: 122,880 bytes in 6 blocks
==6691==   total heap usage: 1,603 allocs, 1,597 frees, 203,029 bytes allocated
==6691== 
==6691== LEAK SUMMARY:
==6691==    definitely lost: 0 bytes in 0 blocks
==6691==    indirectly lost: 0 bytes in 0 blocks
==6691==      possibly lost: 0 bytes in 0 blocks
==6691==    still reachable: 122,880 bytes in 6 blocks
==6691==         suppressed: 0 bytes in 0 blocks
==6691== Rerun with --leak-check=full to see details of leaked memory
==6691== 
==6691== For counts of detected and suppressed errors, rerun with: -v
==6691== ERROR SUMMARY: 0 errors from 0 contexts (suppressed: 4 from 4)
